Arya

Level 1 of the Dungeon
(0, 0, D:1)
  a club
(-29, 1, D:1)
  a meat ration
(11, 10, D:1)
  a club
(-33, 11, D:1)
  a hunting sling
(12, 12, D:1)
  7 bolts
(19, 12, D:1)
  a dagger
(-6, 33, D:1)
  a glowing leather armour
(-22, 35, D:1)
  a dagger
(-35, 39, D:1)
  a spear
(-36, 40, D:1)
  a short sword
(-14, 52, D:1)
  a leather armour
(9, 55, D:1)
  15 stones
(18, 56, D:1)
  a club

Level 2 of the Dungeon
(0, 0, D:2)
  19 stones
(-32, 6, D:2)
  a short sword
  5 stones
(-25, 6, D:2)
  a dagger
(-30, 7, D:2)
  a dagger
(-18, 13, D:2)
  24 arrows
(2, 13, D:2)
  a short sword
(-5, 18, D:2)
  a short sword
(-12, 28, D:2)
  a chain mail
(-8, 28, D:2)
  a club
(-5, 30, D:2)
  21 bolts
(-2, 34, D:2)
  a club
(-24, 37, D:2)
  a robe
(18, 39, D:2)
  a war axe
(-26, 50, D:2)
  a meat ration
(-23, 50, D:2)
  a dagger
(21, 53, D:2)
  a troll hide

Level 3 of the Dungeon
(0, 0, D:3)
  a chain mail
(-13, 3, D:3)
  a hand axe
(-6, 5, D:3)
  an uncursed club
  an uncursed glowing hunting sling
  15 stones
(-7, 7, D:3)
  a club
  4 tomahawks
  a chain mail
(-7, 12, D:3)
  a whip
(-14, 28, D:3)
  a runed trident
  a ring mail
(-14, 29, D:3)
  a falchion
(2, 29, D:3)
  16 arrows
(-1, 33, D:3)
  17 poisoned needles
(-5, 35, D:3)
  22 stones
(-4, 36, D:3)
  a beef jerky
  a leather armour
(-3, 39, D:3)
  18 poisoned needles
(12, 49, D:3)
  23 stones
(22, 51, D:3)
  a club
  5 stones
(-14, 53, D:3)
  19 poisoned needles

Level 4 of the Dungeon
(0, 0, D:4)
  a hunting sling
(5, 2, D:4)
  a curare-tipped needle
(7, 2, D:4)
  4 curare-tipped needles
  an uncursed short sword
  a blowgun
(26, 10, D:4)
  a robe
  a dagger
(12, 13, D:4)
  8 stones
(23, 13, D:4)
  a giant spiked club
(0, 15, D:4)
  a chain mail
(-1, 16, D:4)
  a club
(11, 16, D:4)
  a hunting sling
  22 stones
(-14, 22, D:4)
  a meat ration
(9, 31, D:4)
  a long sword
(7, 37, D:4)
  a war axe

Level 5 of the Dungeon
(0, 0, D:5)
  a club
(-19, 7, D:5)
  a dagger
(4, 17, D:5)
  a flail
  a ring mail
(-39, 18, D:5)
  a quarterstaff
(-39, 22, D:5)
  2 poisoned needles
(-38, 23, D:5)
  a club
  a glowing scale mail
(-37, 23, D:5)
  a runed falchion
  a whip
  a hand axe
  a blowgun
  13 poisoned needles
(30, 23, D:5)
  a dagger
(5, 24, D:5)
  a spear
(0, 27, D:5)
  a dagger
  a chain mail
(1, 27, D:5)
  a dagger
  a robe
  a leather armour
(-11, 29, D:5)
  4 bolts
(-7, 35, D:5)
  3 bolts
(6, 37, D:5)
  a giant spiked club
  a giant club

Level 6 of the Dungeon
[Shop] Saam's Gadget Shop
  a wand of draining (7) (unknown) (143 gold)
  a plain deck of summonings (182 gold)
  a plain deck of summonings (182 gold)
  a box of beasts (260 gold)
  a phial of floods (520 gold)
  a box of beasts (260 gold)
  a lantern of shadows (260 gold)
  a sack of spiders (260 gold)
  a wand of lightning (5) (117 gold)
  a wand of magic darts (3) (unknown) (19 gold)
(0, 0, D:6)
  a club
  a leather armour
(1, 0, D:6)
  2 throwing nets
  a spear
(2, 0, D:6)
  a spear
(36, 5, D:6)
  a spear
  a scale mail
  a shield
(34, 6, D:6)
  a halberd
(36, 10, D:6)
  a halberd
(18, 11, D:6)
  16 stones
(-5, 17, D:6)
  a long sword
(40, 17, D:6)
  5 needles of confusion
(14, 21, D:6)
  a dagger
(28, 26, D:6)
  22 stones
(47, 30, D:6)
  12 arrows
(58, 32, D:6)
  a spear
(59, 32, D:6)
  a halberd
(46, 40, D:6)
  a whip
(48, 40, D:6)
  a club
(66, 45, D:6)
  a long sword

Level 7 of the Dungeon
(0, 0, D:7)
  a pitted leather armour
(-6, 4, D:7)
  17 stones
  a hunting sling
  a club
(0, 4, D:7)
  23 bolts
(3, 5, D:7)
  a lajatang
(13, 5, D:7)
  a club
  2 throwing nets
  a halberd
(14, 5, D:7)
  a club
  a robe
(21, 5, D:7)
  8 javelins
(26, 16, D:7)
  14 stones
(-2, 23, D:7)
  28 stones
(-5, 27, D:7)
  a ring mail
(8, 29, D:7)
  6 poisoned needles
(29, 29, D:7)
  13 bolts of penetration
(31, 30, D:7)
  a club
(44, 37, D:7)
  a pair of boots
(17, 38, D:7)
  13 poisoned needles
(42, 39, D:7)
  a club

Level 8 of the Dungeon
[Shop] Ynudubb's Armour Emporium
  a +0 robe of the Archmagi (332 gold)
  the +0 pair of boots of Lugonu's Benevolence {Dex-3 Int+1} (87 gold)
    It affects your intelligence (+1).
    It affects your dexterity (-3).
  a +0 leather armour (24 gold)
  a +0 pair of boots (54 gold)
  a +1 cloak of magic resistance (198 gold)
  a +0 cloak (54 gold)
  a +0 scale mail (48 gold)
  a +2 chain mail of fire resistance (258 gold)
  a +0 scale mail (48 gold)
  the +4 chain mail "Tweodoec" {Str+4 Int+4} (579 gold)
    It affects your strength (+4).
    It affects your intelligence (+4).
(0, 0, D:8)
  a large shield
(23, 10, D:8)
  18 stones
(-4, 16, D:8)
  a long smoking staff
(-24, 21, D:8)
  a robe
  a giant club
(-25, 29, D:8)
  a robe
(10, 29, D:8)
  a robe
  a glowing whip
(-1, 30, D:8)
  a shortbow
  16 arrows
(15, 34, D:8)
  3 stones
  a whip
(15, 35, D:8)
  a club
(1, 40, D:8)
  a hand crossbow
(20, 41, D:8)
  a short sword
(21, 41, D:8)
  a hand axe
(21, 42, D:8)
  a whip
(22, 42, D:8)
  a club
(3, 43, D:8)
  a throwing net
(16, 53, D:8)
  16 stones
(-3, 58, D:8)
  16 arrows

Level 9 of the Dungeon
(0, 0, D:9)
  a leather armour
(1, 5, D:9)
  29 stones
(20, 5, D:9)
  a runed spear
(37, 6, D:9)
  a spear
(37, 7, D:9)
  a trident of flaming
  a scale mail
(14, 8, D:9)
  a mace
(37, 8, D:9)
  a spear
(-8, 13, D:9)
  a giant spiked club
(15, 18, D:9)
  a club
(24, 22, D:9)
  23 stones
(21, 26, D:9)
  a hunting sling
(23, 27, D:9)
  a mace
(45, 28, D:9)
  a short sword
(23, 32, D:9)
  10 arrows
(15, 33, D:9)
  a whip
(16, 33, D:9)
  a spear
(6, 36, D:9)
  a dagger
  a robe
(3, 37, D:9)
  a leather armour
(5, 37, D:9)
  a short sword
  a leather armour
(4, 38, D:9)
  a hand axe
  a ring mail
  a hand crossbow
(6, 40, D:9)
  a dagger
  a robe
(31, 42, D:9)
  a hunting sling
(41, 46, D:9)
  a giant club
(48, 46, D:9)
  a flail
(3, 54, D:9)
  21 arrows

Level 10 of the Dungeon
(0, 0, D:10)
  a thin jewelled staff
(-18, 1, D:10)
  an uncursed shortbow of flaming
  11 arrows
(-17, 2, D:10)
  3 arrows
(-18, 4, D:10)
  an arrow
(-17, 4, D:10)
  an arrow
  a club
  a scale mail
(-17, 5, D:10)
  an arrow
(-30, 9, D:10)
  15 stones
(-21, 9, D:10)
  a flail
(-6, 12, D:10)
  a scale mail
(14, 12, D:10)
  10 arrows of frost
(14, 21, D:10)
  a meat ration
(-10, 23, D:10)
  a dagger
(-17, 24, D:10)
  a mace
(6, 37, D:10)
  a club
(-28, 43, D:10)
  a giant club
(-27, 43, D:10)
  a club
(-5, 45, D:10)
  a giant spiked club
(-37, 46, D:10)
  a hunting sling
(2, 46, D:10)
  a robe

Level 11 of the Dungeon
[Shop] Zuaruawn's Assorted Antiques
  a warped ring mail (333 gold)
  a robe (25 gold)
  a plain deck of cards (518 gold)
  a runed chain mail (166 gold)
  a potion of poison (33 gold)
  a ring of loudness (185 gold)
  a scroll of blinking (277 gold)
  a plain deck of cards (518 gold)
  a scroll labeled ZIR FROGIYMOTOOPS (37 gold)
  a broad axe (148 gold)
  a scroll labeled ZIR FROGIYMOTOOPS (37 gold)
  a glowing quarterstaff (148 gold)
(0, 0, D:11)
  a dagger
  a robe
(34, 6, D:11)
  a ring of fire
(2, 7, D:11)
  14 stones
(37, 11, D:11)
  a robe
(22, 12, D:11)
  23 stones
(39, 17, D:11)
  3 large rocks
(37, 19, D:11)
  a dagger
  a leather armour
(44, 22, D:11)
  a mace
(17, 25, D:11)
  a halberd
  a robe
(29, 26, D:11)
  a +0 dagger of venom
  a ring mail
(22, 27, D:11)
  a hand axe
  a ring mail
(4, 28, D:11)
  a beef jerky
(18, 28, D:11)
  a dagger
(8, 30, D:11)
  a club
(4, 31, D:11)
  an ancient leather armour
(42, 31, D:11)
  a +1 short sword of venom
(14, 32, D:11)
  a battleaxe
  a chain mail
(0, 39, D:11)
  a hand axe
(2, 39, D:11)
  a short sword
  a ring mail
(7, 40, D:11)
  a club
(5, 44, D:11)
  a short sword
(-6, 48, D:11)
  17 arrows
(7, 49, D:11)
  a glowing mace
  a robe
(10, 49, D:11)
  a club
  a leather armour
(-2, 50, D:11)
  a long sword
  a robe
(8, 50, D:11)
  a runed hand axe
  a robe
(9, 51, D:11)
  a long sword
  a robe
(3, 52, D:11)
  4 bolts of frost
(12, 58, D:11)
  a meat ration

Level 1 of the Lair of Beasts
(43, 4, Lair:1)
  10 stones
(36, 8, Lair:1)
  a ring of fire
  a +1 dagger
(30, 12, Lair:1)
  a buckler
(4, 26, Lair:1)
  13 stones
(5, 33, Lair:1)
  26 sling bullets
(-7, 35, Lair:1)
  a morningstar
(33, 38, Lair:1)
  a -3 ring of evasion

Level 2 of the Lair of Beasts
(0, 0, Lair:2)
  a royal jelly
(-2, 4, Lair:2)
  a scroll of remove curse
(-4, 5, Lair:2)
  a hunting sling
(26, 23, Lair:2)
  a shiny chain mail
(49, 25, Lair:2)
  a shortbow
(56, 25, Lair:2)
  a ring of sustain abilities
(29, 28, Lair:2)
  a leather armour
(17, 29, Lair:2)
  a ring of fire
(4, 36, Lair:2)
  a giant spiked club
(18, 39, Lair:2)
  a helmet
(27, 40, Lair:2)
  18 stones

Level 3 of the Lair of Beasts
(17, 1, Lair:3)
  a plate armour
(21, 1, Lair:3)
  a hand axe
(-9, 3, Lair:3)
  a leather armour
(6, 10, Lair:3)
  17 stones
(33, 10, Lair:3)
  2 potions of poison
(-11, 12, Lair:3)
  a greatsling
(16, 23, Lair:3)
  a +0 animal skin
(28, 26, Lair:3)
  a plate armour

Level 4 of the Lair of Beasts
(0, 0, Lair:4)
  a faintly glowing cutlass
(27, 0, Lair:4)
  a +2 quarterstaff of draining
  a +1 quarterstaff of protection
(28, 19, Lair:4)
  a wand of fireball {empty}
(-24, 28, Lair:4)
  a chain mail
(25, 33, Lair:4)
  a ring mail
(-15, 48, Lair:4)
  23 stones

Level 5 of the Lair of Beasts
(0, 0, Lair:5)
  a robe
(-8, 1, Lair:5)
  a beef jerky
(-12, 7, Lair:5)
  a robe
(-6, 21, Lair:5)
  2 poisoned needles
(33, 22, Lair:5)
  a scroll of random uselessness
(-11, 25, Lair:5)
  a scroll of immolation
(31, 27, Lair:5)
  a short sword
(6, 38, Lair:5)
  a scroll of immolation

Level 6 of the Lair of Beasts
(33, 0, Lair:6)
  21 bolts
(53, 3, Lair:6)
  13 stones
(24, 5, Lair:6)
  13 stones
(25, 7, Lair:6)
  an uncursed ring of fire
  Sif Muna's Incunabulum of the Exiled Blessings
    Spells                             Type                      Level
    Tukima's Dance                     Hexes                        3
    Inner Flame                        Hexes/Fire                   3
    Fulminant Prism                    Conjuration/Hexes            4
    Summon Mana Viper                  Hexes/Summoning              5
  a glowing hunting sling {god gift}
(24, 19, Lair:6)
  a cutlass
(4, 25, Lair:6)
  a falchion
(51, 29, Lair:6)
  a whip
(51, 31, Lair:6)
  19 steel sling bullets
(34, 32, Lair:6)
  a cloak
(42, 32, Lair:6)
  a leather armour
(45, 34, Lair:6)
  a glowing helmet

Level 7 of the Lair of Beasts
(0, 0, Lair:7)
  a scroll of recharging
(7, 7, Lair:7)
  a chain mail
(-9, 9, Lair:7)
  9 stones
(11, 9, Lair:7)
  19 sling bullets
(13, 28, Lair:7)
  22 sling bullets
(4, 31, Lair:7)
  a plate armour
(9, 32, Lair:7)
  10 bolts

Level 1 of the Spider Nest
(0, 0, Spider:1)
  a potion of invisibility
(-9, 5, Spider:1)
  23 arrows
(-13, 10, Spider:1)
  17 stones
(-11, 13, Spider:1)
  a scale mail

