Asterion

Level 1 of the Dungeon
(0, 0, D:1)
  25 arrows
(34, 3, D:1)
  19 stones
(8, 4, D:1)
  20 stones
(-24, 5, D:1)
  a club
(-8, 11, D:1)
  25 stones
(-20, 15, D:1)
  an uncursed ring of fire
(39, 18, D:1)
  a buckler
(-10, 24, D:1)
  a robe
(-14, 34, D:1)
  a helmet
(8, 37, D:1)
  a throwing net
(4, 44, D:1)
  a hand axe
(14, 47, D:1)
  13 stones

Level 2 of the Dungeon
(0, 0, D:2)
  a ring of fire
  a falchion
(2, 19, D:2)
  a robe
(12, 19, D:2)
  8 javelins
(4, 21, D:2)
  a glowing trident
(-7, 30, D:2)
  a dagger

Level 3 of the Dungeon
(0, 0, D:3)
  a dagger
  a leather armour
  a short sword
(-1, 2, D:3)
  a club
  a hand axe
  a ring mail
  a falchion
(9, 2, D:3)
  25 stones
(6, 12, D:3)
  a club
(14, 17, D:3)
  21 stones
(-5, 19, D:3)
  a ring of protection from magic
(-29, 20, D:3)
  a +0 animal skin
(18, 23, D:3)
  a stone
(18, 26, D:3)
  a stone
(18, 28, D:3)
  a whip
  3 stones
(-19, 37, D:3)
  10 poisoned needles
(-18, 37, D:3)
  a flail
  a robe
(-9, 37, D:3)
  a +0 ring mail
(-19, 38, D:3)
  a trident
  2 tomahawks
(-20, 40, D:3)
  a flail
  a mace

Level 4 of the Dungeon
(0, 0, D:4)
  a giant club
(34, 9, D:4)
  an uncursed ring of protection from fire
  an uncursed ring of loudness
(4, 10, D:4)
  13 stones
(-1, 15, D:4)
  19 stones
(-8, 22, D:4)
  11 poisoned needles
(47, 22, D:4)
  a +0 chain mail
(18, 43, D:4)
  26 arrows

Level 5 of the Dungeon
[Shop] Deeckos's Assorted Antiques
  a scythe (69 gold)
  a broad axe (92 gold)
  a plate armour (529 gold)
  a scroll of identify (46 gold)
  a scroll of identify (46 gold)
  a scroll of fog (23 gold)
  a scroll of enchant armour (23 gold)
  a ring mail (92 gold)
  a glowing plate armour (529 gold)
(0, 0, D:5)
  a spear
(10, 1, D:5)
  21 stones
(8, 14, D:5)
  15 arrows
(27, 28, D:5)
  8 bolts
(28, 28, D:5)
  a flail
  a leather armour
  a flail
  a leather armour
(27, 29, D:5)
  a trident
(23, 33, D:5)
  5 bolts of frost
(16, 39, D:5)
  a great sword

Level 6 of the Dungeon
(0, 0, D:6)
  a trident
  2 tomahawks
(0, 1, D:6)
  a flail
  a falchion
  a dagger
  a robe
(2, 3, D:6)
  an enchanted hand axe
  a leather armour
  a dagger
  a robe
(-16, 4, D:6)
  a shortbow
(6, 6, D:6)
  a dagger
(-27, 15, D:6)
  a giant club
(-41, 26, D:6)
  31 bolts
(-19, 26, D:6)
  16 arrows
  an uncursed shortbow
(-21, 28, D:6)
  a mace
(-19, 28, D:6)
  an arrow
(-34, 33, D:6)
  a glowing war axe
(-32, 33, D:6)
  a hunting sling
(-30, 33, D:6)
  a quarterstaff
(-28, 34, D:6)
  a crude short sword
(-29, 44, D:6)
  a +0 mace

Level 7 of the Dungeon
[Shop] Pularud Jank's Gadget Boutique
  a sack of spiders (260 gold)
  a wand of digging (7) (unknown) (286 gold)
  a box of beasts (260 gold)
  a +0 iron rod (12/12) (1105 gold)
  a +0 rod of ignition (13/13) (1170 gold)
  a phantom mirror (390 gold)
  a plain deck of changes (182 gold)
  a sack of spiders (260 gold)
  a wand of invisibility (6) (unknown) (130 gold)
  a stone of tremors (520 gold)
  a +4 rod of inaccuracy (9/9) (1170 gold)
  a wand of paralysis (6) (104 gold)
(0, 0, D:7)
  a trident
(-58, 1, D:7)
  a +0 cloak
(-28, 11, D:7)
  a sling bullet
(-27, 11, D:7)
  a sling bullet
(-48, 12, D:7)
  14 sling bullets
(-47, 12, D:7)
  13 arrows
(-28, 12, D:7)
  a scroll of noise
(-26, 12, D:7)
  2 sling bullets
(-9, 12, D:7)
  a chain mail
(-23, 13, D:7)
  a sling bullet
(-21, 14, D:7)
  a leather armour
  7 sling bullets
  an uncursed antimagic quarterstaff
  an uncursed hunting sling
(-46, 16, D:7)
  a throwing net
  a short sword
  a tomahawk
(-45, 16, D:7)
  a dagger
  a dagger
  12 stones
(-45, 17, D:7)
  a tomahawk
(-45, 18, D:7)
  a giant club
(-43, 18, D:7)
  an enchanted war axe
  a leather armour
(-39, 20, D:7)
  a stone
(-1, 21, D:7)
  a short sword of protection
(2, 29, D:7)
  an uncursed short sword
  an uncursed blowgun
  11 poisoned needles
(3, 29, D:7)
  a short sword
  an uncursed short sword
  an uncursed blowgun
  a curare-tipped needle
(4, 29, D:7)
  a short sword
  16 stones
  a scale mail
(5, 29, D:7)
  4 stones
  a short sword of venom
(4, 30, D:7)
  a dagger of venom
  5 stones
  a blowgun
  a dagger
  a blowgun
  a dagger
  a blowgun
  29 poisoned needles
  a club
  a club
  a dagger
(5, 30, D:7)
  a poisoned needle
(5, 31, D:7)
  a glowing dagger {god gift}
  a curare-tipped needle
  a stone
  a short sword
  a dagger
(-8, 37, D:7)
  15 stones
(4, 46, D:7)
  a dagger
  a robe
  a short sword

Level 8 of the Dungeon
(0, 0, D:8)
  a giant club
  a giant spiked club
(1, 7, D:8)
  17 poisoned needles
(-6, 9, D:8)
  an enchanted mace
  a scale mail
(-6, 10, D:8)
  a runed rapier {god gift}
(-4, 14, D:8)
  a dagger
  a flail
(6, 14, D:8)
  a plate armour
(-4, 15, D:8)
  a dagger
  a robe
(1, 17, D:8)
  a mace
  a leather armour
  a dagger
  a robe
(11, 17, D:8)
  a robe
(1, 18, D:8)
  a mace
(3, 18, D:8)
  a club
(8, 23, D:8)
  a mace
(-6, 24, D:8)
  a giant club
(10, 24, D:8)
  a scroll of noise
(10, 34, D:8)
  20 bolts
(18, 40, D:8)
  a chain mail
(6, 41, D:8)
  a giant spiked club

Level 9 of the Dungeon
[Shop] Hunir's Jewellery Shop
  an uncursed ring of protection from fire (375 gold)
  an uncursed ring of wizardry (unknown) (450 gold)
  an uncursed ring of positive energy (unknown) (300 gold)
  a cursed ring of loudness (67 gold)
  a cursed ring of teleportation (unknown) (217 gold)
  an uncursed ring of protection from cold (375 gold)
  a cursed ring of teleportation (unknown) (217 gold)
  an uncursed amulet of regeneration (unknown) (450 gold)
  an uncursed amulet of clarity (unknown) (300 gold)
  an uncursed amulet of regeneration (unknown) (450 gold)
  an uncursed ring of see invisible (unknown) (225 gold)
  a cursed -6 ring of protection (unknown) (30 gold)
  an uncursed ring of protection from magic (375 gold)
(0, 0, D:9)
  17 bolts
(-2, 2, D:9)
  a cloak
  a dagger of draining
(19, 11, D:9)
  a club
  a dagger
(20, 11, D:9)
  a potion of degeneration
  a -5 ring of dexterity
  a dire flail
  a plate armour
  a hand axe
  a leather armour
(25, 15, D:9)
  a giant club
(40, 18, D:9)
  a tomahawk
(39, 19, D:9)
  a hand axe
(39, 20, D:9)
  a chain mail
(40, 20, D:9)
  a scroll of random uselessness
  a dire flail of holy wrath
  5 tomahawks
  a plate armour
(8, 22, D:9)
  a quarterstaff
(38, 22, D:9)
  17 sling bullets of frost
(48, 31, D:9)
  a scale mail
(16, 33, D:9)
  an arrow
(17, 33, D:9)
  an arrow
(12, 34, D:9)
  a giant club
(15, 34, D:9)
  2 arrows
(24, 34, D:9)
  a leather armour
(13, 35, D:9)
  an arrow
(12, 36, D:9)
  an uncursed shortbow
  10 arrows
(52, 36, D:9)
  a battleaxe
(20, 38, D:9)
  8 stones
(43, 42, D:9)
  a giant spiked club
(45, 42, D:9)
  a giant club
  a giant club
  a dagger of chaos
  a robe
(35, 44, D:9)
  a dagger
  a club
  a short sword
  2 stones
  a dagger
(36, 44, D:9)
  an uncursed blowgun
  6 poisoned needles
(33, 45, D:9)
  2 stones
(34, 45, D:9)
  5 poisoned needles
(35, 45, D:9)
  a dagger
  a stone

Level 10 of the Dungeon
(0, 0, D:10)
  a scale mail
(-19, 2, D:10)
  a flail
(-9, 2, D:10)
  a -1 great mace
(-19, 3, D:10)
  a mace
  a scale mail
(-17, 3, D:10)
  a flail
  a leather armour
(-19, 7, D:10)
  a dagger of venom
  a robe
(-5, 7, D:10)
  a giant spiked club
(-2, 8, D:10)
  a short sword of speed
(-9, 9, D:10)
  5 tomahawks
(17, 12, D:10)
  a chain mail
(9, 18, D:10)
  a glowing chain mail
(-13, 20, D:10)
  a scroll of immolation
(19, 25, D:10)
  a stone
(19, 26, D:10)
  a dagger
  a club
(-22, 27, D:10)
  a potion of brilliance
  3 potions of poison
(19, 27, D:10)
  2 stones
  a short sword
(19, 28, D:10)
  a stone
(-22, 29, D:10)
  a trident
(19, 29, D:10)
  a stone
(18, 31, D:10)
  a club
(21, 31, D:10)
  a scale mail
(-24, 32, D:10)
  a trident
(-18, 32, D:10)
  14 stones
(-22, 33, D:10)
  a trident
(-12, 35, D:10)
  a trident
(-18, 37, D:10)
  a plate armour

Level 11 of the Dungeon
(0, 0, D:11)
  an enchanted flail
  a leather armour
  a morningstar
  a ring mail
(19, 3, D:11)
  a giant club
(-12, 8, D:11)
  a pair of embroidered boots
(-21, 11, D:11)
  22 stones
(17, 14, D:11)
  a scale mail
(-42, 16, D:11)
  a hand axe
(-43, 17, D:11)
  a runed great mace {god gift}
(-42, 17, D:11)
  a war axe
  a leather armour
(-39, 17, D:11)
  a mace
  a chain mail
(-43, 18, D:11)
  a long sword
  a plate armour
(12, 19, D:11)
  a leather armour
(-44, 27, D:11)
  an enchanted short sword
(-34, 29, D:11)
  a quarterstaff
(18, 36, D:11)
  a scale mail
  a war axe
  a dire flail
  a chain mail
(-46, 37, D:11)
  a whip
(-34, 39, D:11)
  a large rock
(-33, 41, D:11)
  a short sword
  a ring mail
(-31, 41, D:11)
  a large rock
(-28, 42, D:11)
  3 large rocks
(15, 42, D:11)
  a large rock
(15, 43, D:11)
  a large rock
(16, 45, D:11)
  a large rock
(23, 45, D:11)
  16 sling bullets
(-4, 47, D:11)
  18 stones
(11, 52, D:11)
  a scroll of noise

Level 12 of the Dungeon
(0, 0, D:12)
  a helmet
(-15, 2, D:12)
  a chain mail
  a dire flail
(-8, 10, D:12)
  a scroll of noise
(-6, 10, D:12)
  a quarterstaff
(10, 10, D:12)
  a hand axe
(-30, 11, D:12)
  a club
(-29, 11, D:12)
  a halberd
(-28, 11, D:12)
  a spear
  a giant club
(9, 11, D:12)
  a pitted hand axe
(11, 11, D:12)
  a hand axe
(12, 11, D:12)
  a dagger
  a giant spiked club
(10, 12, D:12)
  a hand axe
(-16, 13, D:12)
  a scimitar
  a plate armour
(-18, 14, D:12)
  a giant spiked club
(-1, 14, D:12)
  a scroll of noise
(-18, 15, D:12)
  a short sword of protection
  a stone
(8, 18, D:12)
  an uncursed shortbow
  7 arrows of dispersal
(-29, 19, D:12)
  3 large rocks
(-24, 21, D:12)
  7 curare-tipped needles
(-9, 21, D:12)
  a whip
(-26, 22, D:12)
  a dagger of venom
  a ring mail
(-9, 22, D:12)
  a shortbow
(-42, 23, D:12)
  an uncursed ring of protection from cold
(-29, 23, D:12)
  a large rock
(-29, 25, D:12)
  a large rock
(-29, 26, D:12)
  a large rock
(-37, 27, D:12)
  a giant club
(6, 28, D:12)
  a whip
(-1, 30, D:12)
  a halberd
  a chain mail
(-13, 31, D:12)
  an uncursed enchanted shortbow
  15 arrows
(-11, 31, D:12)
  an arrow
(-10, 31, D:12)
  an arrow
(18, 31, D:12)
  a giant club
(-31, 36, D:12)
  a mace
(13, 39, D:12)
  a dagger
  a robe
(13, 40, D:12)
  a leather armour
(14, 41, D:12)
  a potion of ambrosia
(1, 43, D:12)
  a leather armour
(-29, 44, D:12)
  a giant club
(-46, 46, D:12)
  a great sword

the Ecumenical Temple

Level 1 of the Orcish Mines
(0, 0, Orc:1)
  a short sword
(5, 1, Orc:1)
  a leather armour
  a mace
  a hand axe
  a hand axe
(6, 1, Orc:1)
  a robe
  a dagger
  a mace
(7, 1, Orc:1)
  a club
(5, 2, Orc:1)
  a ring mail
  a war axe
(7, 2, Orc:1)
  a ring mail
  a club
  a club
  a club
  a leather armour
  a mace
(5, 3, Orc:1)
  a flail
(6, 3, Orc:1)
  a flail
  a dagger
(7, 3, Orc:1)
  a giant club
  a short sword
(6, 7, Orc:1)
  a giant club
(12, 11, Orc:1)
  a hand axe
  a leather armour
  a hand axe
  a leather armour
(10, 12, Orc:1)
  a dagger
(11, 12, Orc:1)
  a leather armour
  an enchanted hand axe
  a dagger
(12, 12, Orc:1)
  a robe
  a dagger of speed
  a hand axe
  a ring mail
(16, 12, Orc:1)
  14 bolts
(13, 13, Orc:1)
  a trident
(17, 13, Orc:1)
  a robe
(20, 14, Orc:1)
  a scale mail
  a hand axe
(20, 15, Orc:1)
  a ring mail
  a mace
(16, 17, Orc:1)
  a flail
(-1, 24, Orc:1)
  a mace
(10, 28, Orc:1)
  a dagger
  a leather armour
  a mace
(9, 29, Orc:1)
  a chain mail
  a mace
(11, 29, Orc:1)
  a ring mail
  a club
  a battleaxe
  a plate armour

Level 2 of the Orcish Mines
(0, 0, Orc:2)
  a flail
  a ring mail
  a mace
(-12, 8, Orc:2)
  a dagger
(-13, 9, Orc:2)
  a battleaxe
  a chain mail
(-12, 9, Orc:2)
  a flail
(25, 28, Orc:2)
  a war axe
(29, 29, Orc:2)
  a whip
(30, 29, Orc:2)
  a dagger
(0, 30, Orc:2)
  a giant club
(2, 30, Orc:2)
  a leather armour
  a hand axe
(33, 30, Orc:2)
  a short sword
  a dagger
  a robe
(1, 31, Orc:2)
  a hand axe
(2, 31, Orc:2)
  a scale mail
  a robe
  a short sword
  a ring mail
  a club
  a dagger
  a dagger
  a robe
(34, 31, Orc:2)
  a leather armour
(37, 31, Orc:2)
  a hand axe
  a scale mail
(1, 32, Orc:2)
  a leather armour
  a hand axe
  an enchanted mace
  2 tomahawks
  a trident
(2, 32, Orc:2)
  a +0 antimagic mace
  a club
  a scale mail
(18, 32, Orc:2)
  a flail
(3, 33, Orc:2)
  a trident
(18, 33, Orc:2)
  a mace
(37, 33, Orc:2)
  a dagger
  a robe
(20, 36, Orc:2)
  a mace of holy wrath
  a scale mail
(19, 38, Orc:2)
  a hand axe
  a leather armour
(22, 44, Orc:2)
  3 tomahawks
(21, 45, Orc:2)
  a tomahawk
(22, 45, Orc:2)
  a tomahawk
  a hand axe
(23, 45, Orc:2)
  a dagger
  a leather armour
  a club
  a falchion
  a hand axe
  a leather armour
  a hand axe
(24, 45, Orc:2)
  a whip
  2 tomahawks
  a ring mail
(23, 46, Orc:2)
  a club
  a ring mail
  a flail
  3 tomahawks
  a leather armour
(24, 46, Orc:2)
  a dagger
  a scale mail

Level 3 of the Orcish Mines
[Shop] Dyfiuczaxti's Antique Weapon Boutique
  a runed falchion (84 gold)
  a flail (98 gold)
  a club (28 gold)
  a translucent broad axe (252 gold)
  a shortbow (84 gold)
  a war axe (98 gold)
  a runed giant spiked club (53 gold)
  a flail (98 gold)
[Shop] Uteekil's Jewellery Shoppe
  an uncursed ring of stealth (unknown) (297 gold)
  an uncursed ring of protection from magic (425 gold)
  an uncursed amulet of warding (unknown) (255 gold)
  the ring of Rikiurghua {+Fly rN+ Dex+3 Slay+3} (809 gold)
    [ring of flight]
    
    It affects your dexterity (+3).
    It affects your accuracy and damage with ranged weapons and melee attacks
    (+3).
    It protects you from negative energy.
    It lets you fly.
  the amulet of Wonder {Inacc +Blink} (178 gold)
    [amulet of inaccuracy]
    
    It reduces the accuracy of all your attacks.
    It lets you blink.
  an uncursed ring of sustain attributes (297 gold)
  an uncursed ring of stealth (unknown) (297 gold)
  an uncursed ring of stealth (unknown) (297 gold)
  an uncursed ring of flight (unknown) (297 gold)
  an uncursed ring of fire (425 gold)
  the ring of Sloth {rC+ MP+9 Dex+6 Slay+5} (2213 gold)
    [ring of slaying]
    
    It affects your dexterity (+6).
    It affects your accuracy and damage with ranged weapons and melee attacks
    (+5).
    It protects you from cold.
    It affects your magic capacity (+9).
(0, 0, Orc:3)
  a dagger of venom
  a club
  a dagger
  a robe
(1, 0, Orc:3)
  a war axe
  a chain mail
  a dagger
  a robe
  a tomahawk
  a dagger
  a robe
  an enchanted hand axe
  a flail
  a plate armour
(2, 0, Orc:3)
  a hand axe
  a leather armour
(1, 1, Orc:3)
  4 tomahawks
(-17, 9, Orc:3)
  a war axe of chopping
(-16, 11, Orc:3)
  a dagger
  a robe
  a club
  a ring mail
  an orc corpse
(0, 15, Orc:3)
  a hand axe
  a scale mail
(-1, 17, Orc:3)
  2 tomahawks
  a leather armour
(-3, 18, Orc:3)
  a chain mail
  an orc corpse
(-2, 18, Orc:3)
  a hand axe
  an orc corpse
(-3, 19, Orc:3)
  a tomahawk
(-2, 19, Orc:3)
  a mace of crushing
  a dagger
  a ring mail
  a war axe
  an orc corpse
  an orc corpse
  an orc corpse
(-5, 20, Orc:3)
  2 tomahawks
(-11, 25, Orc:3)
  a flail
  a scale mail
(-10, 25, Orc:3)
  a scale mail
  a hand axe
(-11, 26, Orc:3)
  a dagger
  a robe
(-10, 26, Orc:3)
  a mace
  a glowing leather armour
(-19, 27, Orc:3)
  a giant spiked club
  an ogre corpse
(-11, 27, Orc:3)
  a glaive
  a plate armour

