Dracula

Level 1 of the Dungeon
(0, 0, D:1)
  a short sword
(-21, 7, D:1)
  a ring mail
(18, 12, D:1)
  21 arrows
(-16, 15, D:1)
  a helmet
(-25, 20, D:1)
  a meat ration
(16, 20, D:1)
  a glowing hand axe
(5, 44, D:1)
  a chain mail
(24, 45, D:1)
  a leather armour
(28, 46, D:1)
  a dagger
(29, 46, D:1)
  a dagger
(-31, 50, D:1)
  a dagger
(18, 50, D:1)
  a royal jelly
(21, 50, D:1)
  18 bolts
(-20, 51, D:1)
  a short sword

Level 2 of the Dungeon
(25, 4, D:2)
  a dagger
(29, 5, D:2)
  a dagger
  2 stones
(38, 7, D:2)
  a club
  2 stones
(4, 14, D:2)
  a club
(30, 15, D:2)
  a stone
(40, 16, D:2)
  9 bolts
(-5, 17, D:2)
  14 bolts of frost
(32, 18, D:2)
  3 stones
(32, 19, D:2)
  a +2 dagger
(34, 19, D:2)
  a short sword
(32, 20, D:2)
  a dagger
(18, 23, D:2)
  a mace
(-12, 30, D:2)
  a club
(6, 37, D:2)
  3 fruits
(13, 37, D:2)
  14 stones
(-5, 38, D:2)
  a flail
  a chain mail
(5, 39, D:2)
  a bread ration
(15, 44, D:2)
  a slice of pizza
(22, 45, D:2)
  a dagger
(36, 49, D:2)
  a bread ration

Level 3 of the Dungeon
(0, 0, D:3)
  a whip
(10, 10, D:3)
  a chain mail
  a club
  a whip
(-8, 12, D:3)
  a short sword
(-29, 14, D:3)
  a jackal corpse
(4, 14, D:3)
  a short sword
(19, 15, D:3)
  a dagger
(1, 17, D:3)
  a royal jelly
(37, 19, D:3)
  21 sling bullets
(15, 20, D:3)
  a whip
(14, 27, D:3)
  a club
(18, 33, D:3)
  a +0 cloak
(25, 34, D:3)
  2 stones
(-13, 41, D:3)
  a dagger
(18, 41, D:3)
  a short sword

Level 4 of the Dungeon
(0, 0, D:4)
  a club
(-1, 12, D:4)
  a scroll of teleportation
(29, 12, D:4)
  11 gold pieces
(20, 19, D:4)
  a poisoned needle
(17, 20, D:4)
  a poisoned needle
(19, 20, D:4)
  a club
(22, 20, D:4)
  a poisoned needle
(19, 23, D:4)
  a poisoned needle
(17, 24, D:4)
  a hunting sling
(-3, 25, D:4)
  a mace
(-10, 26, D:4)
  a poisoned needle
(13, 27, D:4)
  a hunting sling
(40, 29, D:4)
  a dagger
(24, 30, D:4)
  a spear
(-1, 33, D:4)
  a hand axe
  (unseen)
(13, 35, D:4)
  a bread ration
(16, 35, D:4)
  an enchanted spear
(48, 35, D:4)
  a meat ration
(2, 37, D:4)
  a flail
  a ring mail

the Ecumenical Temple
(-2, 16, Temple)
  a robe
  a dagger
(1, 16, Temple)
  a war axe
(-1, 18, Temple)
  a robe
  a flail

