Draco

Level 1 of the Dungeon
(0, 0, D:1)
  15 sling bullets
(10, 0, D:1)
  a goblin corpse
(-8, 2, D:1)
  a dagger
(1, 6, D:1)
  a ring mail
(2, 10, D:1)
  a stone
(3, 10, D:1)
  a goblin corpse
(3, 11, D:1)
  a stone
(4, 11, D:1)
  a dagger
  a stone
  a kobold corpse
(6, 11, D:1)
  a leather armour
(4, 12, D:1)
  a stone
(33, 14, D:1)
  a robe
(-11, 20, D:1)
  a leather armour
(8, 20, D:1)
  16 sling bullets
(22, 28, D:1)
  a dagger
(18, 35, D:1)
  a spear
(26, 37, D:1)
  a spear
(24, 38, D:1)
  21 stones
(22, 39, D:1)
  a chain mail
(20, 40, D:1)
  a bat corpse (skeletalised by now)
(26, 40, D:1)
  a ball python corpse (skeletalised by now)
(-9, 50, D:1)
  a jackal corpse
  a jackal corpse

