Dracula

Level 1 of the Dungeon
(0, 0, D:1)
  a +0,+0 club
(0, 1, D:1)
  a +0,+0 short sword
(-6, 17, D:1)
  a +0,+0 club
  a +0,+0 club
(0, 23, D:1)
  a cheese
(28, 26, D:1)
  a +0,+0 short sword
(6, 27, D:1)
  22 stones
(-13, 38, D:1)
  a +0,+0 whip
(11, 39, D:1)
  a cursed -3,+0 club
(26, 42, D:1)
  18 arrows

Level 2 of the Dungeon
(0, 0, D:2)
  a +0,+0 spear
(27, 21, D:2)
  a +0 robe
(4, 22, D:2)
  a +0 buckler
(-23, 27, D:2)
  a +0,+0 club
(17, 28, D:2)
  19 sling bullets
(-19, 35, D:2)
  a +0,+0 club
(29, 39, D:2)
  a bread ration
(18, 49, D:2)
  a dart
(2, 51, D:2)
  13 sling bullets
(17, 51, D:2)
  2 darts
(16, 53, D:2)
  a +1,+2 short sword
  3 darts
(17, 54, D:2)
  a +2,+0 dagger
(18, 55, D:2)
  a +0 robe

Level 3 of the Dungeon
(0, 0, D:3)
  a +0,+1 dagger
  15 darts
(20, 0, D:3)
  8 darts
  a +2,+2 dagger
(2, 1, D:3)
  a dart
(20, 2, D:3)
  a dart
(-5, 3, D:3)
  16 darts
(3, 3, D:3)
  3 potions of curing
  a +0 blowgun
  a +0 robe
(7, 3, D:3)
  a dart
(18, 3, D:3)
  a +0,+0 dagger
(17, 6, D:3)
  a +0,+0 whip
  a +0 robe
(-16, 7, D:3)
  14 stones
(-1, 9, D:3)
  9 stones
(17, 9, D:3)
  a +0 robe
  a +2,+0 mace
(6, 10, D:3)
  a -2 ring of strength
(-16, 11, D:3)
  a +2 helmet
(-19, 13, D:3)
  a +0 chain mail
(7, 25, D:3)
  a bread ration
(-4, 27, D:3)
  a +2 scale mail
(0, 28, D:3)
  a meat ration
(-17, 29, D:3)
  a +0,+0 club
(-16, 36, D:3)
  a +0 centaur barding

Level 4 of the Dungeon
(0, 0, D:4)
  a +0 robe
(-14, 10, D:4)
  a +0 scale mail
(-2, 12, D:4)
  a +1,+0 dagger
(-26, 13, D:4)
  a poisoned needle
(-26, 15, D:4)
  a poisoned needle
(-26, 17, D:4)
  2 poisoned needles
(13, 17, D:4)
  a +0,+0 dagger
(-41, 19, D:4)
  a snozzcumber
(-26, 21, D:4)
  a poisoned needle
(3, 21, D:4)
  a +0 leather armour
(-32, 22, D:4)
  a +0,+0 hand axe
(-27, 22, D:4)
  a +0,+0 hand axe
(-13, 27, D:4)
  a cursed -3,-1 hammer
(-43, 39, D:4)
  a +0,+0 dagger
(-40, 39, D:4)
  a giant gecko corpse (rotten by now)
(-40, 41, D:4)
  a +0,+0 falchion
(-38, 42, D:4)
  a worm corpse (rotten by now)
(-30, 48, D:4)
  a +0,+1 whip
  a kobold corpse (rotten by now)

