Dracula

Level 1 of the Dungeon
(45, 6, D:1)
  a +0,+0 short sword
(36, 7, D:1)
  a +0,+0 dagger
(9, 12, D:1)
  a +0,+0 club
(35, 14, D:1)
  a +1,+3 dagger
(44, 14, D:1)
  13 darts
(14, 15, D:1)
  a dart
(15, 15, D:1)
  a dart
(6, 16, D:1)
  a +0,+0 club
(8, 18, D:1)
  a +0,+0 dagger
(14, 20, D:1)
  a +0,+0 club
(41, 30, D:1)
  a +0,+0 sling
(44, 31, D:1)
  a +0,+0 mace
(31, 32, D:1)
  23 arrows
(15, 40, D:1)
  a bread ration

Level 2 of the Dungeon
(-2, 2, D:2)
  12 steel sling bullets
(-28, 4, D:2)
  a +0,+0 dagger
(-1, 4, D:2)
  a bread ration
(-42, 5, D:2)
  a +0 robe
(3, 5, D:2)
  a bread ration
(-45, 11, D:2)
  a +0 leather armour
(0, 11, D:2)
  23 darts
(-51, 12, D:2)
  a +2,+2 mace
(-48, 15, D:2)
  a +0 pair of boots
(-44, 18, D:2)
  a +0 ring mail
(-50, 25, D:2)
  a +0,+0 club
(-5, 26, D:2)
  22 stones
(-29, 29, D:2)
  18 bolts
(-2, 29, D:2)
  a +2,+2 dagger of holy wrath
(-18, 39, D:2)
  2 darts

Level 3 of the Dungeon
(0, 0, D:3)
  a pear
(-2, 2, D:3)
  a +0,+0 club
(1, 2, D:3)
  a cursed -3,-1 dagger
(-12, 3, D:3)
  a bread ration
(21, 3, D:3)
  18 darts
(-24, 6, D:3)
  a +0,+0 short sword
  a +0 blowgun
(10, 7, D:3)
  a +0,+0 dagger
(24, 10, D:3)
  a +2 leather armour
(3, 16, D:3)
  an uncursed staff of energy
(8, 20, D:3)
  a +0,+0 club
(8, 23, D:3)
  a +2,+2 whip of electrocution
(-13, 28, D:3)
  5 darts of frost
(-9, 28, D:3)
  a cursed +0 leather armour
(-19, 38, D:3)
  a +0,+0 dagger
(10, 39, D:3)
  a +2,+4 cutlass
(9, 44, D:3)
  a +0,+0 short sword

Level 4 of the Dungeon
(0, 0, D:4)
  a rat corpse
(19, 1, D:4)
  a meat ration
(27, 5, D:4)
  a +0,+0 mace
  2 tomahawks
(29, 5, D:4)
  a +0,+0 club
  a +0,+0 club
(30, 5, D:4)
  a tomahawk
(44, 5, D:4)
  a +0,+0 flail
  a +0 leather armour
(11, 7, D:4)
  a +0,+0 dagger
  a +0 robe
(-7, 8, D:4)
  a potion of poison
(12, 8, D:4)
  a +0,+0 dagger of electrocution
(29, 15, D:4)
  15 darts
(40, 18, D:4)
  a scroll of immolation
(53, 22, D:4)
  a +1,+0 mace of crushing (still there?)
  a +0,+0 flail (still there?)
  a +0 robe (still there?)
(16, 27, D:4)
  a cursed -1,-1 club
(23, 29, D:4)
  a +0,+0 club
(25, 37, D:4)
  a +0,+0 giant club
  an ogre corpse (skeletalised by now)
(10, 42, D:4)
  a +0,+0 hand axe
  a +0 robe
(10, 43, D:4)
  a +1,+0 dagger
  a +1 leather armour
(48, 47, D:4)
  an iguana corpse (skeletalised by now)
(45, 51, D:4)
  a cursed -3,-1 club
  5 tomahawks
  an orc corpse (skeletalised by now)
(46, 51, D:4)
  a +0,+0 whip
  an orc corpse (skeletalised by now)
(47, 51, D:4)
  a +1,+2 hand axe
  5 tomahawks
(22, 52, D:4)
  a +0,+0 whip
(23, 52, D:4)
  a +0,+0 club

