Sanguine

Level 1 of the Dungeon
(-26, 3, D:1)
  a +0 ring mail
(-5, 8, D:1)
  21 sling bullets
(-3, 11, D:1)
  a +0 club
(-16, 16, D:1)
  a +0 leather armour
(-23, 28, D:1)
  a +0 hand axe
(-17, 28, D:1)
  a stone
(-17, 29, D:1)
  a stone
(-17, 31, D:1)
  a +0 club
(-7, 40, D:1)
  a +1 mace
(-19, 46, D:1)
  a +0 club
(-44, 47, D:1)
  a +0 leather armour

Level 2 of the Dungeon
(0, 0, D:2)
  a stone
(1, 0, D:2)
  a stone
(3, 0, D:2)
  a +0 club
  a +0 hunting sling
  17 stones
(-2, 1, D:2)
  a stone
(-14, 3, D:2)
  a cursed +0 leather armour
(-6, 4, D:2)
  a +0 mace
(6, 12, D:2)
  13 poisoned needles
(-33, 15, D:2)
  18 arrows
(-7, 15, D:2)
  19 stones
(24, 20, D:2)
  a +0 ring mail
(-36, 22, D:2)
  8 stones
(-1, 30, D:2)
  2 stones
(-31, 33, D:2)
  a +0 club
(1, 40, D:2)
  a cursed -2 club

Level 3 of the Dungeon
(0, 0, D:3)
  a +0 flail
(-14, 5, D:3)
  3 tomahawks
  a +0 scale mail
  a +0 ring mail
(-14, 6, D:3)
  a tomahawk
(-14, 8, D:3)
  a +0 dagger
  a +0 robe
(-12, 8, D:3)
  18 stones
(-59, 13, D:3)
  a +0 ring mail
(-26, 13, D:3)
  a +0 dagger
(-37, 14, D:3)
  a +0 short sword
(-17, 21, D:3)
  30 stones
(-24, 28, D:3)
  11 bolts
(-44, 33, D:3)
  a +0 robe
(-23, 43, D:3)
  16 stones
(-36, 44, D:3)
  a +0 helmet
(-23, 47, D:3)
  a +0 club
(-4, 47, D:3)
  a +0 club

Level 4 of the Dungeon
(0, 0, D:4)
  a +0 chain mail
(0, 2, D:4)
  a +0 flail
(-4, 3, D:4)
  a +0 hand axe
(-3, 3, D:4)
  a +0 trident
  a +0 chain mail
(10, 3, D:4)
  a +0 mace
  a +0 leather armour
  a +0 whip
  a +2 flail of protection
  a +0 leather armour
(17, 5, D:4)
  a +0 hunting sling
(21, 7, D:4)
  a +0 ring mail
  a +0 war axe
(20, 8, D:4)
  a +0 dagger
(5, 9, D:4)
  25 arrows
(-16, 10, D:4)
  a +0 flail
(3, 12, D:4)
  18 stones
(-23, 16, D:4)
  22 stones
(-15, 21, D:4)
  17 stones
(-8, 22, D:4)
  a +0 dagger
(-6, 22, D:4)
  a +0 leather armour
(28, 23, D:4)
  18 arrows
(-9, 25, D:4)
  a +0 club

Level 5 of the Dungeon
(0, 0, D:5)
  a +0 club
  a +0 robe
(-1, 1, D:5)
  a +0 whip
(-1, 2, D:5)
  a +3 spear
(5, 5, D:5)
  a cursed +0 ring mail
(-14, 12, D:5)
  a scroll of random uselessness
(7, 12, D:5)
  a potion of degeneration
(-10, 13, D:5)
  a +0 leather armour
(13, 15, D:5)
  15 arrows of frost
(-6, 27, D:5)
  a +0 hunting sling
(28, 28, D:5)
  19 silver bolts
(-8, 31, D:5)
  a +0 mace
(42, 43, D:5)
  a potion of poison

Level 6 of the Dungeon
(0, 0, D:6)
  a scroll of random uselessness
(-1, 2, D:6)
  a +0 leather armour
(26, 2, D:6)
  a +0 short sword
  a +0 chain mail
(26, 3, D:6)
  a +0 chain mail
  a +0 dagger
  a +0 falchion
(-2, 10, D:6)
  a +0 short sword
(-1, 10, D:6)
  a potion of poison
(-2, 11, D:6)
  a +0 scale mail
  a +0 dagger
  a +0 robe
(18, 15, D:6)
  a +0 spear
(-3, 17, D:6)
  a +0 dagger
  a +0 robe
(18, 22, D:6)
  a +0 robe
  a cursed -1 dagger
(18, 24, D:6)
  a +0 chain mail
  a +0 falchion
(19, 24, D:6)
  a +0 leather armour
  a +0 mace
(27, 27, D:6)
  a +0 hand axe
(-6, 33, D:6)
  a cursed +0 spear
(-4, 33, D:6)
  a +0 hand axe
(-6, 35, D:6)
  a +0 mace
(-4, 35, D:6)
  a +0 falchion
(-4, 38, D:6)
  9 sling bullets
(16, 38, D:6)
  a +0 flail
(10, 43, D:6)
  a +0 long sword
  a +0 robe
(11, 43, D:6)
  a +2 dagger of freezing
  a +0 robe
(9, 44, D:6)
  a cursed -3 spear
  a +0 robe
(5, 45, D:6)
  a +0 club
  a +0 leather armour
  a +0 club
  a +0 halberd
(5, 46, D:6)
  a +0 spear
(31, 46, D:6)
  a +0 hunting sling
(5, 47, D:6)
  a +0 spear
(19, 47, D:6)
  a +0 mace
(33, 52, D:6)
  22 sling bullets
(38, 57, D:6)
  a potion of brilliance

Level 7 of the Dungeon
(0, 0, D:7)
  a potion of lignification
(-13, 4, D:7)
  a +0 ring mail
(-14, 5, D:7)
  a +2 flail of protection
(-23, 7, D:7)
  17 stones
(-3, 8, D:7)
  a +2 flail of protection
  a +0 ring mail
  a +0 mace
  a +0 leather armour
(-5, 9, D:7)
  a +0 dagger
  a +0 scale mail
(-3, 9, D:7)
  a +0 halberd
  a +0 chain mail
(-3, 10, D:7)
  a +0 falchion
  a +0 falchion
  a +0 dagger
  a +0 robe
(-40, 13, D:7)
  a scroll of immolation
(-1, 13, D:7)
  a +0 hand axe
  a +0 animal skin
(-5, 17, D:7)
  a +1 helmet
(-38, 35, D:7)
  a +0 whip
(-39, 36, D:7)
  a +0 hand axe
(-38, 36, D:7)
  a +0 hand axe
(-53, 41, D:7)
  a +0 whip
(-41, 45, D:7)
  16 stones
(-53, 46, D:7)
  a +0 rapier

Level 8 of the Dungeon
(0, 0, D:8)
  a +0 war axe
(0, 17, D:8)
  19 bolts
(7, 21, D:8)
  25 sling bullets
(9, 25, D:8)
  a +0 dagger
(35, 26, D:8)
  a +0 club
(-9, 28, D:8)
  13 poisoned bolts
(32, 28, D:8)
  5 arrows
(50, 32, D:8)
  a +0 short sword
  a +0 cloak
(2, 36, D:8)
  a +0 club
  3 scrolls of random uselessness
(28, 36, D:8)
  5 arrows
(2, 37, D:8)
  a +0 blowgun
  7 poisoned needles
(29, 37, D:8)
  an arrow
(20, 38, D:8)
  a +0 ring mail
(30, 38, D:8)
  an arrow
(32, 39, D:8)
  a +0 shortbow
  18 arrows
(-1, 40, D:8)
  a poisoned needle
  a +0 whip
  7 stones
(0, 40, D:8)
  a +0 dagger
(8, 40, D:8)
  14 sling bullets
(-1, 41, D:8)
  a +0 dagger
  a +0 short sword
  a +0 blowgun
(20, 41, D:8)
  a +0 flail
(21, 42, D:8)
  a +0 club
  a +0 ring mail of cold resistance
  a +0 leather armour
(22, 42, D:8)
  a +0 dagger
  a +0 robe
(47, 50, D:8)
  a +0 club
  a +0 leather armour
  a +0 dagger
  a +0 robe
(46, 51, D:8)
  2 stones
(47, 51, D:8)
  4 stones
(48, 51, D:8)
  2 stones
(49, 51, D:8)
  15 stones
(35, 54, D:8)
  a +0 dagger
  a +0 robe
(33, 55, D:8)
  a +2 dagger of protection
  a +0 robe
(31, 57, D:8)
  a +0 club
  a +0 scale mail
(33, 57, D:8)
  a +0 flail
(37, 57, D:8)
  a +0 long sword of venom
  a +0 robe
  a +0 great sword
  a +0 robe
(37, 58, D:8)
  a +2 mace of freezing
  a +0 robe
(-7, 60, D:8)
  a +0 club
  a +0 club
(-8, 61, D:8)
  a +0 club
  a +0 leather armour
  a +0 dagger
  a +0 robe

Level 9 of the Dungeon
(0, 0, D:9)
  a +0 trident
(0, 4, D:9)
  17 stones
(-21, 7, D:9)
  a potion of mutation
(0, 16, D:9)
  a +0 great sword
(11, 18, D:9)
  a scroll of noise
(-17, 20, D:9)
  a +0 hunting sling
(-10, 23, D:9)
  28 stones
(-30, 29, D:9)
  a +0 whip
(-28, 31, D:9)
  a +0 spear
(-34, 37, D:9)
  a +0 short sword
(-36, 38, D:9)
  a +0 club
  a +0 scale mail
(-36, 39, D:9)
  a +0 hand axe
  a +0 ring mail
(-34, 44, D:9)
  a troll hide
  a cursed +0 club
  a +0 club
(-35, 45, D:9)
  a +0 dagger
  a +0 robe
  a +0 dagger
  a +1 rapier of venom
(-35, 46, D:9)
  a +0 dagger
  a +0 robe
(-35, 47, D:9)
  a +0 dagger
  a +0 robe
(-34, 47, D:9)
  a +0 flail
  a +0 chain mail
(-22, 49, D:9)
  a +0 falchion
(0, 49, D:9)
  a scroll of noise
(-36, 50, D:9)
  a +0 dagger
  a +0 leather armour
(-35, 55, D:9)
  a +0 ring mail
(-36, 56, D:9)
  a +0 war axe
(-34, 56, D:9)
  a +0 morningstar
(-33, 56, D:9)
  a cursed -2 robe

