Sanguine

Level 1 of the Dungeon
(0, 0, D:1)
  a +2 vampiric dagger
(28, 2, D:1)
  a +0 dagger
  a goblin corpse (rotten by now)
(28, 3, D:1)
  a +0 club
(30, 5, D:1)
  11 stones
(40, 6, D:1)
  a +0 leather armour
(37, 7, D:1)
  a +0 ring mail
(-3, 8, D:1)
  a +0 hunting sling
(16, 13, D:1)
  a +0 club
(-9, 14, D:1)
  29 arrows
(6, 14, D:1)
  21 stones
(4, 19, D:1)
  24 bolts
(-16, 20, D:1)
  10 arrows of frost
(-5, 21, D:1)
  22 stones
(4, 21, D:1)
  a +0 club
(34, 21, D:1)
  a +0 dagger
(36, 21, D:1)
  a stone
(27, 22, D:1)
  a +0 club
(35, 22, D:1)
  a stone
(34, 23, D:1)
  a stone
(11, 25, D:1)
  a rotting goblin corpse
(33, 25, D:1)
  a +0 short sword
(10, 26, D:1)
  a +0 short sword
(18, 26, D:1)
  a +0 dagger

Level 2 of the Dungeon
(0, 0, D:2)
  24 stones
(0, 2, D:2)
  18 stones
(-18, 23, D:2)
  16 stones

