Asterion

Level 1 of the Dungeon
(0, 0, D:1)
  a +0 dagger
(17, 2, D:1)
  a +0 club
(11, 9, D:1)
  a +0 club
(-4, 10, D:1)
  21 stones
(12, 12, D:1)
  a +0 whip
(17, 16, D:1)
  20 poisoned needles
(12, 18, D:1)
  a +0 dagger
(19, 18, D:1)
  a +0 dagger
(24, 25, D:1)
  a rotting rat corpse
(25, 28, D:1)
  a goblin skeleton
(28, 31, D:1)
  a cursed +0 whip
(20, 36, D:1)
  a +0 club

Level 2 of the Dungeon
(0, 0, D:2)
  a +0 club
(-3, 1, D:2)
  a +0 dagger
(9, 8, D:2)
  a +5 club
  a +0 scale mail
(12, 13, D:2)
  8 tomahawks
(5, 25, D:2)
  a +0 club

