Sanguine

Level 1 of the Dungeon
(0, 0, D:1)
  a +0 dagger
(-12, 11, D:1)
  15 sling bullets
(-12, 12, D:1)
  a +0 ring mail
(2, 14, D:1)
  a +0 shield
(-4, 16, D:1)
  a +0 club
(20, 42, D:1)
  7 poisoned needles

Level 2 of the Dungeon
(0, 0, D:2)
  6 tomahawks
(13, 3, D:2)
  2 stones
(15, 12, D:2)
  a +0 club
(-33, 13, D:2)
  13 sling bullets
(-12, 15, D:2)
  a +0 leather armour
(-31, 18, D:2)
  a +0 dagger
  a stone
(-32, 20, D:2)
  a stone
(-32, 21, D:2)
  a stone
(-5, 28, D:2)
  29 stones
(18, 35, D:2)
  22 bolts
(2, 40, D:2)
  a +0 ring mail
(-7, 49, D:2)
  a +0 club
(-46, 52, D:2)
  14 stones
(-35, 64, D:2)
  20 stones

Level 3 of the Dungeon
(0, 0, D:3)
  21 bolts
(1, 4, D:3)
  a potion of berserk rage
(7, 15, D:3)
  a giant newt corpse
(6, 18, D:3)
  a scroll of blinking
  (unseen)

