Asterion

Level 1 of the Dungeon
(0, 0, D:1)
  22 stones
(-8, 9, D:1)
  a +0 robe
(-14, 10, D:1)
  a +0 club
(-25, 23, D:1)
  a +0 short sword
(-5, 24, D:1)
  a +0 animal skin
(12, 28, D:1)
  a +0 whip
(0, 30, D:1)
  a +0 club
(-33, 32, D:1)
  9 bolts
(7, 40, D:1)
  3 stones
(1, 41, D:1)
  a +0 dagger
(4, 41, D:1)
  a stone
(-17, 43, D:1)
  12 stones
(-9, 45, D:1)
  a stone
(-7, 46, D:1)
  a stone
(-6, 46, D:1)
  a stone
(-4, 47, D:1)
  a stone

Level 2 of the Dungeon
(0, 0, D:2)
  a +0 robe
(0, 1, D:2)
  8 poisoned needles
(17, 9, D:2)
  a +0 leather armour
(-25, 14, D:2)
  a +0 dagger
  a stone
(-23, 14, D:2)
  a stone
(-20, 14, D:2)
  a stone
(12, 14, D:2)
  a +0 centaur barding
(9, 16, D:2)
  4 poisoned needles
(-24, 23, D:2)
  a cursed +0 robe
(-27, 25, D:2)
  a +0 short sword
(-19, 25, D:2)
  a +0 short sword
(-6, 25, D:2)
  15 stones
(-15, 30, D:2)
  a stone
  a +0 club
(-12, 30, D:2)
  a stone
(-13, 31, D:2)
  2 stones
(-9, 31, D:2)
  a +0 hunting sling
  a +0 dagger
  33 stones
(-4, 31, D:2)
  a +0 whip
(0, 39, D:2)
  a +0 dagger
(-13, 43, D:2)
  a +0 whip

Level 3 of the Dungeon
(0, 0, D:3)
  a +0 dagger
  a +0 animal skin
(0, 4, D:3)
  5 tomahawks
(25, 4, D:3)
  12 stones
(-17, 8, D:3)
  a +0 war axe
(-18, 9, D:3)
  a +0 club
(-5, 13, D:3)
  a +0 short sword
(-10, 14, D:3)
  a cursed -1 chain mail
(15, 15, D:3)
  a +0 flail
  a +0 leather armour
(-13, 16, D:3)
  a +0 leather armour
(14, 28, D:3)
  a +2 cutlass of draining
(10, 31, D:3)
  a +0 hand axe
(6, 34, D:3)
  a +0 hand axe
(9, 35, D:3)
  a +0 dagger
  2 stones
(7, 36, D:3)
  a stone
(5, 37, D:3)
  a stone
(11, 41, D:3)
  a +0 war axe

Level 4 of the Dungeon
(0, 0, D:4)
  12 stones
(8, 0, D:4)
  an uncursed amulet of stasis
  a +0 club
(-19, 1, D:4)
  a +0 club
(-17, 2, D:4)
  a +0 giant club
(-5, 4, D:4)
  4 curare-tipped needles
(-25, 6, D:4)
  a scroll of noise
(-3, 6, D:4)
  a +0 flail of draining
  a +0 scale mail
  a +0 mace
  a +0 scale mail
(-2, 6, D:4)
  a +0 dagger
  a +0 ring mail
  a +0 club
(-1, 6, D:4)
  a +0 dagger
  a tomahawk
(7, 6, D:4)
  a potion of poison
(-3, 7, D:4)
  a +0 dagger
  a +0 robe
(-2, 7, D:4)
  a tomahawk
(13, 7, D:4)
  a +0 flail
(-21, 8, D:4)
  a +0 flail
(-20, 8, D:4)
  a +0 club
(-19, 8, D:4)
  a +0 club
(-1, 8, D:4)
  a tomahawk
(-21, 9, D:4)
  a +0 spear
(-2, 9, D:4)
  a +0 chain mail
(0, 9, D:4)
  a tomahawk
(1, 10, D:4)
  a tomahawk
(2, 12, D:4)
  a cursed +0 ring mail
(2, 13, D:4)
  a +0 mace
(13, 15, D:4)
  a stone
(3, 16, D:4)
  a +0 club
(12, 18, D:4)
  a +0 club
(13, 18, D:4)
  a +0 club
(13, 19, D:4)
  a stone
(14, 19, D:4)
  a +0 club
  a +0 ring mail
(13, 20, D:4)
  a +0 dagger
(12, 21, D:4)
  a +0 club
(13, 21, D:4)
  a +2 vampiric dagger
  a +0 hunting sling
  23 stones
(-13, 25, D:4)
  a +0 leather armour
(9, 26, D:4)
  a +0 cutlass
(20, 27, D:4)
  19 stones
(25, 34, D:4)
  a +0 dagger
(-2, 38, D:4)
  a +0 ring mail

Level 5 of the Dungeon
(0, 0, D:5)
  a +0 robe
(-44, 6, D:5)
  an uncursed ring of loudness
(-14, 14, D:5)
  a +0 leather armour
(-35, 17, D:5)
  a +0 mace
(12, 28, D:5)
  12 arrows
(-5, 34, D:5)
  5 tomahawks
(5, 34, D:5)
  a +0 flail
(-23, 38, D:5)
  a +0 leather armour
(12, 38, D:5)
  a +0 whip
  a +0 leather armour
  a +0 whip
  a +0 dagger
  a +0 robe
(-7, 40, D:5)
  a +0 leather armour
(14, 45, D:5)
  14 stones

Level 6 of the Dungeon
(0, 0, D:6)
  a +0 mace
  13 arrows
(25, 1, D:6)
  a +0 quarterstaff
(-12, 7, D:6)
  an uncursed staff of poison
(2, 8, D:6)
  a +0 dagger
(-15, 15, D:6)
  a +0 robe
(-8, 17, D:6)
  a +0 battleaxe
(-31, 21, D:6)
  16 bolts
(-14, 21, D:6)
  a +0 club
(-25, 28, D:6)
  a +0 ring mail
(16, 32, D:6)
  a +0 dagger
  a +0 leather armour
(35, 32, D:6)
  22 stones
(16, 33, D:6)
  a cursed +0 dagger
  a +0 dagger
  a +0 robe
(34, 33, D:6)
  17 stones
(14, 35, D:6)
  a +0 flail
  a +0 leather armour
(-19, 41, D:6)
  20 arrows
(-27, 49, D:6)
  2 tomahawks
(16, 56, D:6)
  13 bolts

Level 7 of the Dungeon
(0, 0, D:7)
  a +0 quarterstaff
(17, 3, D:7)
  21 stones
(-2, 22, D:7)
  10 gold pieces
(-2, 25, D:7)
  12 gold pieces
(2, 30, D:7)
  the -1 plate armour of Beock {Dex+1 Int-2}
    It affects your intelligence (-2).
    It affects your dexterity (+1).
  a +0 falchion
  a +0 leather armour
(1, 31, D:7)
  a +0 giant club
(9, 31, D:7)
  16 gold pieces
(10, 41, D:7)
  8 gold pieces
(5, 43, D:7)
  a +0 spear
(6, 43, D:7)
  a +0 spear
(4, 44, D:7)
  a +0 spear
(5, 44, D:7)
  a +0 spear
(9, 45, D:7)
  25 stones
(10, 50, D:7)
  15 gold pieces

a bailey
(-13, 2, Bailey)
  the +0 large shield of Sydocw {Str+3 Dex+3}
    It affects your strength (+3).
    It affects your dexterity (+3).
(-1, 2, Bailey)
  a bolt
(-13, 3, Bailey)
  a +2 robe of positive energy
(-6, 3, Bailey)
  a +0 halberd
  a +0 ring mail
(-12, 4, Bailey)
  a +0 glaive
  (unseen)
(-7, 4, Bailey)
  a +0 halberd
  a +0 ring mail
(-6, 4, Bailey)
  a +0 trident
  a +0 chain mail
(-5, 4, Bailey)
  a +0 halberd
  a +0 ring mail
(0, 4, Bailey)
  2 bolts
(5, 4, Bailey)
  a +0 halberd
  a +0 ring mail
  a +0 arbalest
  a +0 ring mail
  a +0 bardiche
  a +0 scale mail
  10 bolts
(6, 4, Bailey)
  a +0 halberd
  a +0 scale mail
(-6, 5, Bailey)
  a cursed -1 trident
  a +0 chain mail
(6, 5, Bailey)
  a +0 arbalest
  4 bolts
  a +0 scale mail
(-13, 6, Bailey)
  417 gold pieces
(-1, 6, Bailey)
  a bolt
(0, 6, Bailey)
  a bolt
(1, 6, Bailey)
  a bolt
(-1, 7, Bailey)
  a bolt
(0, 7, Bailey)
  2 bolts

