Sanguine

Level 1 of the Dungeon
(0, 0, D:1)
  a stone
(0, 1, D:1)
  a stone
(3, 2, D:1)
  a +0 club
(32, 10, D:1)
  a +0 club
(32, 11, D:1)
  a +0 dagger
(16, 12, D:1)
  16 arrows
(22, 13, D:1)
  a +0 robe
(29, 15, D:1)
  12 arrows
(-3, 20, D:1)
  a +1 dagger of draining
(-9, 31, D:1)
  a +0 club
(12, 32, D:1)
  a +1 dagger of speed
(46, 33, D:1)
  a +0 leather armour

Level 2 of the Dungeon
(0, 0, D:2)
  13 stones
(-7, 4, D:2)
  a +0 club
  a +0 dagger
  a +0 robe
(-5, 4, D:2)
  a +0 spear
  a +0 halberd
(19, 5, D:2)
  a +0 flail
  a +0 short sword
  a +0 club
(-23, 6, D:2)
  a scroll of random uselessness
(-8, 9, D:2)
  5 curare-tipped needles
(-20, 11, D:2)
  a +0 club
(-10, 13, D:2)
  28 stones
(-1, 13, D:2)
  a +0 short sword
(-20, 14, D:2)
  a +0 club
(25, 15, D:2)
  a +0 club
(7, 22, D:2)
  13 poisoned sling bullets
(10, 29, D:2)
  a +0 cloak
(21, 29, D:2)
  a +2 dagger of pain
(27, 29, D:2)
  a scroll of random uselessness
(5, 40, D:2)
  a +0 mace
(14, 40, D:2)
  26 bolts
(4, 43, D:2)
  a +4 quarterstaff of chaos

Level 3 of the Dungeon
(0, 0, D:3)
  a +0 club
(15, 3, D:3)
  21 arrows
(33, 7, D:3)
  a stone
(-11, 8, D:3)
  a scroll of noise
  a +0 scale mail
(31, 9, D:3)
  a +0 flail
  a +0 club
(15, 10, D:3)
  a +0 whip
(-17, 12, D:3)
  a +0 halberd
(33, 12, D:3)
  a +0 leather armour
(-2, 13, D:3)
  3 tomahawks
  a +0 hand axe
(-2, 14, D:3)
  a +0 short sword
  a +0 leather armour
  a +0 hand axe
  a +0 short sword
(-2, 15, D:3)
  a tomahawk
(24, 15, D:3)
  a cursed +0 leather armour
(-6, 18, D:3)
  a +0 dagger
(-5, 18, D:3)
  a +0 cloak
  a +0 leather armour
(15, 18, D:3)
  a +0 robe
  a +0 dagger
  a +0 dagger
(-6, 19, D:3)
  a +0 club
  a +0 falchion
(1, 20, D:3)
  a tomahawk
(-9, 21, D:3)
  a +0 whip
  a +0 whip
  a +0 leather armour
  a +0 club
  a +0 chain mail
  a +0 club
  a cursed +0 whip
(-9, 22, D:3)
  a +2 flail of holy wrath
(-5, 22, D:3)
  a +0 dagger
(9, 23, D:3)
  a +0 leather armour
  2 tomahawks
  a +0 club
(-4, 24, D:3)
  a +0 dagger
  a +0 ring mail
(8, 27, D:3)
  a stone
(9, 27, D:3)
  a stone
(11, 27, D:3)
  a +0 dagger
  a +0 hunting sling
  25 stones
(21, 27, D:3)
  a +0 dagger
(-16, 28, D:3)
  a +0 robe
  a +0 dagger
(-16, 29, D:3)
  a +0 robe
  a +0 dagger
(-18, 33, D:3)
  a +0 dagger
  a +0 ring mail
(-18, 34, D:3)
  a +0 flail

Level 4 of the Dungeon
(13, 9, D:4)
  a book of Fire
(7, 11, D:4)
  14 stones
(-11, 20, D:4)
  a +0 flail
(-10, 20, D:4)
  a cursed -1 club
(-10, 21, D:4)
  a +0 spear
(-6, 29, D:4)
  a +0 halberd
(22, 38, D:4)
  a +0 ring mail
(15, 51, D:4)
  a +0 leather armour
(0, 55, D:4)
  a +0 falchion

Level 5 of the Dungeon
(15, 6, D:5)
  12 stones
(37, 8, D:5)
  Sif Muna's Reference Book on Creation
    Spells                             Type                      Level
     a - Summon Small Mammal          Summoning                     1
  a +1 mace
(-14, 9, D:5)
  a scroll of random uselessness
(39, 10, D:5)
  18 bolts
(-5, 11, D:5)
  25 stones
(5, 11, D:5)
  an arrow
(7, 11, D:5)
  19 stones
(18, 11, D:5)
  a +0 flail
(19, 11, D:5)
  a +0 robe
  a +0 dagger
(6, 12, D:5)
  an arrow
(18, 12, D:5)
  a cursed -2 leather armour
  a +0 flail
  a cursed +0 scale mail
  a +0 flail
(6, 13, D:5)
  an arrow
(6, 16, D:5)
  a +0 shortbow
  17 arrows
(8, 18, D:5)
  9 sling bullets
(0, 30, D:5)
  a +0 club
(22, 32, D:5)
  15 stones
(10, 33, D:5)
  27 stones
(18, 34, D:5)
  a +0 morningstar
(-4, 37, D:5)
  a +0 club

Level 6 of the Dungeon
(0, 0, D:6)
  a scroll of noise
(-16, 1, D:6)
  19 sling bullets
(-13, 3, D:6)
  a +0 dagger
  a +0 robe
(-13, 4, D:6)
  a +0 leather armour
(-15, 8, D:6)
  a tomahawk
(-14, 9, D:6)
  a +0 mace
  a +0 dagger
  a +0 robe
(-13, 9, D:6)
  a +0 club
  a tomahawk
(-4, 16, D:6)
  26 stones
(-15, 24, D:6)
  a +0 long sword
(-13, 25, D:6)
  a +0 scythe
  a +0 robe
(16, 31, D:6)
  a +0 dire flail
  a +0 ring mail

Level 7 of the Dungeon
(0, 0, D:7)
  7 tomahawks
(-20, 5, D:7)
  a +0 dagger
  a +0 robe
(13, 6, D:7)
  24 sling bullets
(-21, 7, D:7)
  10 stones
(-33, 9, D:7)
  a +0 mace
(-16, 9, D:7)
  a +0 robe
(-11, 9, D:7)
  a +0 club
(-23, 22, D:7)
  a +0 dagger
  a +0 robe
  a +0 dagger
  a +0 robe
(-31, 28, D:7)
  a +0 quarterstaff
(-16, 32, D:7)
  an arrow
(-16, 33, D:7)
  an arrow
(-15, 34, D:7)
  2 arrows
(9, 36, D:7)
  20 arrows
(-23, 37, D:7)
  a +0 ring mail
  a +0 club
(-14, 37, D:7)
  a +0 shortbow
  18 arrows
(-23, 38, D:7)
  a +0 ring mail
  a +0 short sword
  a +0 dagger
  a +0 robe
(-24, 39, D:7)
  a +0 leather armour
(7, 41, D:7)
  a +0 rapier
(5, 42, D:7)
  an arrow
(-31, 43, D:7)
  a +0 robe
(5, 43, D:7)
  an arrow
(-22, 44, D:7)
  a +0 ring mail
(5, 44, D:7)
  an arrow
(11, 44, D:7)
  a cursed +0 falchion
(5, 45, D:7)
  an arrow
(5, 46, D:7)
  an arrow
(5, 48, D:7)
  a +0 shortbow
  14 arrows
(12, 48, D:7)
  a +0 giant spiked club
(5, 49, D:7)
  32 stones
(-21, 51, D:7)
  18 arrows

Level 8 of the Dungeon
(0, 0, D:8)
  a +0 robe
(-5, 1, D:8)
  a +0 glaive
(-3, 3, D:8)
  a +0 giant club
(-13, 11, D:8)
  19 poisoned bolts
(-7, 12, D:8)
  19 stones
(-3, 17, D:8)
  an arrow
(-26, 19, D:8)
  a +0 leather armour
(-2, 19, D:8)
  a +0 shortbow
  19 arrows
(-16, 20, D:8)
  a +0 leather armour
  a +0 trident
(-32, 21, D:8)
  14 arrows
  a +0 shortbow
(-15, 21, D:8)
  24 stones
(-3, 22, D:8)
  25 sling bullets
(-32, 24, D:8)
  3 arrows
(-33, 25, D:8)
  an arrow
(-33, 28, D:8)
  3 arrows
(-13, 30, D:8)
  17 poisoned needles
(-11, 41, D:8)
  a +2 double sword of venom
(-19, 43, D:8)
  a +0 dagger
(-21, 47, D:8)
  18 stones

Level 9 of the Dungeon
(0, 0, D:9)
  2 tomahawks
(-2, 2, D:9)
  a tomahawk
(-4, 4, D:9)
  a tomahawk
(-6, 5, D:9)
  a +0 battleaxe
  a +0 chain mail
(-6, 6, D:9)
  a +0 club
(-5, 6, D:9)
  a +0 dagger
  a +0 leather armour
(8, 13, D:9)
  a +0 giant club
(-7, 14, D:9)
  an uncursed ring of protection from cold
(-2, 16, D:9)
  24 stones
(-28, 26, D:9)
  a +0 ring mail
(-29, 30, D:9)
  a +0 chain mail
  a +0 hand axe
  a +0 leather armour
(-28, 30, D:9)
  a +0 leather armour
(-29, 31, D:9)
  a +0 chain mail
  a +0 hand axe
(-29, 32, D:9)
  a +0 giant club
  a +0 giant club
(-28, 32, D:9)
  a +0 flail
(-20, 32, D:9)
  a +0 chain mail
(-46, 37, D:9)
  a +0 short sword
(-2, 38, D:9)
  a +0 ring mail
(-56, 41, D:9)
  a +0 animal skin
(-45, 41, D:9)
  a +0 scimitar of flaming
  a +0 robe
(-28, 42, D:9)
  a +0 animal skin
(-27, 42, D:9)
  a +0 whip of flaming
  a +0 robe
(-45, 47, D:9)
  3 poisoned needles
(-48, 48, D:9)
  24 stones
(-45, 48, D:9)
  3 poisoned needles
(-28, 51, D:9)
  a +0 cloak
(-7, 52, D:9)
  the +11 morningstar of Absolution {drain, rC+}
    A truly terrible weapon, it drains the life of those it strikes.
    
    It protects you from cold.
(-39, 53, D:9)
  a +0 blowgun
(-50, 54, D:9)
  a +0 whip
(-60, 56, D:9)
  a +0 falchion
(-30, 58, D:9)
  a +0 robe
(-57, 59, D:9)
  19 stones

Level 10 of the Dungeon
[Shop] Plog's Food Emporium
  a bread ration (60 gold)
  a bread ration (60 gold)
  a beef jerky (18 gold)
  a bread ration (60 gold)
  a bread ration (60 gold)
  a bread ration (60 gold)
  a bread ration (60 gold)
  a bread ration (60 gold)
  a beef jerky (18 gold)
  a meat ration (60 gold)
  a meat ration (60 gold)
  a bread ration (60 gold)
(0, 0, D:10)
  a +0 giant club
(25, 8, D:10)
  a +0 longbow
  23 arrows
(41, 10, D:10)
  4 needles of slowing
(2, 13, D:10)
  2 steel tomahawks
(8, 22, D:10)
  a bolt
  a +0 club
(9, 22, D:10)
  a bolt
(10, 22, D:10)
  3 tomahawks
  3 bolts
(11, 22, D:10)
  a tomahawk
(9, 23, D:10)
  a bolt
(10, 23, D:10)
  a stone
  a +0 short sword
(8, 24, D:10)
  a bolt
(11, 24, D:10)
  2 stones
(49, 24, D:10)
  23 stones
(10, 25, D:10)
  a stone
(7, 26, D:10)
  a +0 leather armour
  a +0 mace
(10, 26, D:10)
  a bolt
(7, 27, D:10)
  a stone
(7, 28, D:10)
  a stone
(6, 29, D:10)
  a +0 short sword
  a +0 hand crossbow
(6, 30, D:10)
  16 stones
  a +0 club
(17, 35, D:10)
  a steam dragon hide
(0, 38, D:10)
  a +3 scale mail
(38, 40, D:10)
  a +0 long sword
(-1, 41, D:10)
  a +0 dagger
(0, 41, D:10)
  a +0 club
  a +0 mace
  a +0 flail
(25, 45, D:10)
  a +0 club
(25, 46, D:10)
  2 stones
(26, 46, D:10)
  2 stones
(26, 47, D:10)
  a +0 hand crossbow
  25 bolts
(-2, 50, D:10)
  27 stones
(-11, 52, D:10)
  a +0 giant spiked club

Level 11 of the Dungeon
(0, 0, D:11)
  a +0 dagger
(-1, 3, D:11)
  a +0 dagger
  a stone
(0, 3, D:11)
  a +0 short sword
  a stone
(0, 4, D:11)
  a cursed +0 dagger
  a +0 whip
  a stone
(-24, 5, D:11)
  a +0 plate armour
  a +0 halberd
(-1, 5, D:11)
  a +0 club
  a +0 whip
  3 stones
  a +2 dagger of holy wrath
  a cursed -2 short sword
  a +0 club
(0, 5, D:11)
  5 stones
(-1, 6, D:11)
  a stone
  a +0 short sword
(-26, 8, D:11)
  a +0 trident
(-25, 8, D:11)
  a +0 leather armour
  a +0 trident
(-2, 9, D:11)
  a stone
(-28, 10, D:11)
  a +0 robe
  a +0 dagger
(-28, 12, D:11)
  a +0 giant club
  a +0 flail
(-28, 13, D:11)
  a +0 leather armour
  a +0 hand axe
  a +0 hand axe
  a +0 flail
(2, 13, D:11)
  a +0 dagger
(-54, 14, D:11)
  a +0 giant club
(2, 14, D:11)
  a +0 hand axe
(3, 14, D:11)
  a +0 robe
  a +0 dagger
(-28, 15, D:11)
  a +2 whip of pain
(-14, 16, D:11)
  a +0 scimitar
  a +0 chain mail
(-5, 17, D:11)
  a +0 leather armour
  a +0 short sword
(-3, 18, D:11)
  a +0 robe
  a +0 dagger
(-1, 18, D:11)
  a +0 longbow
  a +0 flail
  a cursed +0 leather armour
(-15, 22, D:11)
  a +0 war axe
(-6, 24, D:11)
  a +0 dagger
(-56, 25, D:11)
  26 stones
(-14, 27, D:11)
  a cursed -2 dagger
(-51, 28, D:11)
  a +0 chain mail
(-34, 35, D:11)
  a troll hide
(-32, 35, D:11)
  a cursed -3 blowgun
  a +0 hand axe

Level 12 of the Dungeon
(0, 0, D:12)
  a +0 whip
(43, 0, D:12)
  a +0 hand crossbow
(2, 2, D:12)
  a +0 animal skin
(34, 7, D:12)
  8 sling bullets
(34, 8, D:12)
  a large rock
(34, 9, D:12)
  a cursed -1 giant club
(34, 11, D:12)
  a large rock
(34, 13, D:12)
  a large rock
(34, 14, D:12)
  a large rock
(34, 15, D:12)
  a large rock
(25, 19, D:12)
  a +0 ring mail
(31, 20, D:12)
  a +0 buckler
(27, 22, D:12)
  a cursed -3 dagger
  a +0 leather armour
  a +0 dagger
(29, 23, D:12)
  a +0 falchion
(7, 26, D:12)
  a +0 whip
(6, 27, D:12)
  4 stones
  a +0 short sword
(7, 27, D:12)
  a stone
  a +2 dagger of venom
(11, 27, D:12)
  a stone
(19, 27, D:12)
  19 stones
(6, 28, D:12)
  5 stones
  a +0 dagger
(8, 28, D:12)
  a stone
(12, 29, D:12)
  a +0 quarterstaff
(33, 29, D:12)
  12 stones
(34, 29, D:12)
  a +0 spear
(34, 30, D:12)
  a wand of fireball (6)
(19, 31, D:12)
  4 poisoned needles
(42, 32, D:12)
  a +0 quarterstaff
(0, 37, D:12)
  a +0 dagger
  a +0 robe
(2, 37, D:12)
  a +0 halberd
  a +0 plate armour
(3, 37, D:12)
  a +0 chain mail
(4, 37, D:12)
  a +0 ring mail
(38, 40, D:12)
  a +0 scale mail
(53, 44, D:12)
  a +0 dagger
(52, 45, D:12)
  a +0 giant club

Level 13 of the Dungeon
(0, 0, D:13)
  18 poisoned arrows
(30, 1, D:13)
  17 stones
(7, 13, D:13)
  a +0 plate armour
(36, 16, D:13)
  22 stones
(20, 17, D:13)
  a +4 scimitar of flaming
(-1, 23, D:13)
  a large rock
(-1, 24, D:13)
  a large rock
(13, 26, D:13)
  2 stones
  a cursed -2 club
(14, 26, D:13)
  a +0 short sword
(15, 26, D:13)
  a +0 whip
(13, 27, D:13)
  a +0 dagger
(-1, 28, D:13)
  2 large rocks
(15, 28, D:13)
  a +0 whip
(13, 29, D:13)
  2 arrows
(14, 29, D:13)
  an arrow
(17, 29, D:13)
  18 arrows
  a cursed -3 shortbow
(9, 30, D:13)
  a cursed +0 leather armour
(56, 32, D:13)
  22 arrows
(57, 35, D:13)
  a troll hide
(58, 35, D:13)
  a +0 cloak
  a cursed -2 dagger
(6, 38, D:13)
  a +0 hand axe
(26, 39, D:13)
  a +0 giant spiked club
(34, 41, D:13)
  a +0 shortbow of freezing
  a +0 shortbow
  a +0 shortbow
  36 arrows
(34, 42, D:13)
  18 arrows
  a +0 shortbow
(35, 42, D:13)
  an arrow
(36, 42, D:13)
  an arrow
  a +1 scimitar of flaming
(37, 42, D:13)
  an arrow
(40, 42, D:13)
  2 arrows
  a +0 shortbow
(34, 43, D:13)
  18 arrows
  a cursed -3 shortbow
(26, 48, D:13)
  6 tomahawks of returning
(26, 50, D:13)
  6 needles of sleeping
(28, 50, D:13)
  a +0 trident
(33, 50, D:13)
  an uncursed staff of wizardry
(26, 51, D:13)
  14 arrows of flame
(26, 52, D:13)
  a scroll of vulnerability

Level 14 of the Dungeon
(0, 0, D:14)
  a +0 shortbow
  a +0 quarterstaff
  a +0 shortbow
  11 arrows
  10 arrows of flame
(1, 0, D:14)
  2 arrows
(2, 0, D:14)
  an arrow
(-2, 1, D:14)
  a +0 mace
(-1, 1, D:14)
  3 arrows
  an arrow of flame
(1, 1, D:14)
  a +0 shortbow
  a +0 shortbow
  a +0 shortbow
  45 arrows
(-2, 2, D:14)
  an arrow of flame
  3 arrows
(-3, 3, D:14)
  an arrow
(4, 3, D:14)
  a +0 giant club
  a +0 giant club
(5, 3, D:14)
  14 stones
(21, 3, D:14)
  a +0 dagger
(22, 3, D:14)
  a poisoned needle
  3 stones
(-15, 4, D:14)
  a +4 great mace
(9, 15, D:14)
  20 sling bullets
(-6, 16, D:14)
  an arrow of frost
(5, 16, D:14)
  a book of Cantrips
(30, 17, D:14)
  14 poisoned needles
(-19, 19, D:14)
  a +0 battleaxe
(-6, 19, D:14)
  a bolt
  an arrow
  5 arrows of frost
(-5, 19, D:14)
  27 arrows
  a +0 shortbow
(-12, 20, D:14)
  a +0 giant spiked club
  a +0 giant spiked club
(-6, 20, D:14)
  22 bolts
  a +0 arbalest
  13 arrows
  a +0 shortbow
(-12, 21, D:14)
  a +1 robe of resistance
  a cursed -2 giant club
(-11, 21, D:14)
  2 arrows
  a +0 giant club
  2 steel bolts
(-10, 21, D:14)
  a +0 giant spiked club
(-6, 21, D:14)
  4 arrows of frost
  a +0 shortbow
(-12, 22, D:14)
  an arrow of frost
  2 steel bolts
(-6, 22, D:14)
  an arrow
(-12, 23, D:14)
  a bolt
  an arrow
(-11, 23, D:14)
  18 bolts
  a +1 arbalest of evasion
(-10, 23, D:14)
  a bolt
(-14, 24, D:14)
  3 arrows
  a +0 shortbow
(-12, 24, D:14)
  2 arrows
(-11, 24, D:14)
  3 steel bolts
  an arrow of frost
  2 arrows
  a +0 arbalest
  22 bolts
  a +0 arbalest
(-10, 24, D:14)
  an arrow
(-6, 24, D:14)
  a steel bolt
(-5, 24, D:14)
  an arrow of frost
(-4, 24, D:14)
  a steel bolt
(-12, 25, D:14)
  2 arrows
  2 steel bolts
(-10, 26, D:14)
  2 arrows
(25, 27, D:14)
  a +0 blowgun
(7, 28, D:14)
  a wand of polymorph (7)
(25, 30, D:14)
  a poisoned needle
(24, 31, D:14)
  a poisoned needle
(-2, 32, D:14)
  a potion of degeneration
(23, 32, D:14)
  a poisoned needle
(30, 34, D:14)
  a +0 mace
(34, 36, D:14)
  a +0 flail
(30, 41, D:14)
  a tomahawk
(30, 43, D:14)
  a +0 dire flail
  a +0 plate armour
  a +0 scale mail
  a +0 hand axe
  a +0 club
(30, 44, D:14)
  a +0 leather armour
(-7, 45, D:14)
  27 stones
(-23, 46, D:14)
  a +0 morningstar
(-22, 46, D:14)
  a +0 flail
  a +0 flail
  a +0 flail
(-21, 46, D:14)
  a +0 flail
  a +0 flail
  a +0 morningstar
(-20, 46, D:14)
  a +0 mace
(-18, 46, D:14)
  a +0 morningstar
(0, 47, D:14)
  a wand of disintegration (13)
(-9, 48, D:14)
  15 stones
(21, 52, D:14)
  a tomahawk

Level 15 of the Dungeon
(0, 0, D:15)
  a curare-tipped needle
(1, 1, D:15)
  a +0 ring mail
  a +3 battleaxe of chopping
(2, 1, D:15)
  a curare-tipped needle
(5, 1, D:15)
  a bolt
(6, 1, D:15)
  a bolt
(8, 1, D:15)
  a +0 arbalest
  7 bolts
(0, 2, D:15)
  a curare-tipped needle
(-2, 3, D:15)
  a +0 dire flail
  a +0 great mace
(1, 3, D:15)
  a curare-tipped needle
(0, 4, D:15)
  a +0 short sword of distortion
  a +0 blowgun
(1, 4, D:15)
  2 curare-tipped needles
(1, 5, D:15)
  9 arrows
  a +0 long sword
  a cursed +0 longbow
(1, 6, D:15)
  23 arrows
  a +0 longbow
(-14, 7, D:15)
  a +0 long sword
  a +0 leather armour
(-3, 7, D:15)
  a curare-tipped needle
(-2, 7, D:15)
  a curare-tipped needle
(-1, 7, D:15)
  a +1 robe of magic resistance
  a +0 whip
(16, 9, D:15)
  a +0 buckler
(9, 21, D:15)
  17 arrows
(7, 24, D:15)
  a +0 pair of boots
(15, 27, D:15)
  a +0 hand axe
  a +0 shortbow
  15 arrows
(16, 29, D:15)
  2 arrows
(16, 30, D:15)
  an arrow
(28, 30, D:15)
  an uncursed staff of fire
(16, 32, D:15)
  an arrow
(-5, 34, D:15)
  a +1 hunting sling of freezing
(22, 35, D:15)
  29 stones
(22, 36, D:15)
  a +0 chain mail
(23, 36, D:15)
  a +0 short sword
(3, 46, D:15)
  a large rock
(4, 46, D:15)
  a large rock
(5, 46, D:15)
  a large rock
(1, 51, D:15)
  2 javelins
(-1, 52, D:15)
  a +0 great sword
  4 javelins
  a +0 scale mail
(0, 52, D:15)
  a javelin

Level 1 of the Orcish Mines
(0, 0, Orc:1)
  a tomahawk
(2, 3, Orc:1)
  a tomahawk
(0, 4, Orc:1)
  a +0 robe
  a +0 dagger
(1, 4, Orc:1)
  a +0 robe
  a +0 dagger
(3, 4, Orc:1)
  a +0 ring mail
  a +0 hand axe
(1, 5, Orc:1)
  a +0 robe
  a +0 dagger
(2, 5, Orc:1)
  a +0 leather armour
  a +4 plate armour
  a +0 dagger
  a +0 scimitar
(3, 5, Orc:1)
  3 silver tomahawks
  a tomahawk
(1, 6, Orc:1)
  a +0 robe
  a +0 dagger
(2, 6, Orc:1)
  a +0 flail
  a +0 leather armour
  a +0 mace
(3, 6, Orc:1)
  a +0 mace
(4, 6, Orc:1)
  2 tomahawks
  a +0 dagger
(-12, 7, Orc:1)
  a +0 short sword
(1, 7, Orc:1)
  a +0 mace
  a +0 short sword
  a +0 ring mail
(0, 13, Orc:1)
  a +0 trident
(23, 19, Orc:1)
  a +0 chain mail
  a +0 trident
(22, 20, Orc:1)
  a +0 giant spiked club
  a +0 flail
(23, 20, Orc:1)
  a +1 hand axe of freezing
  a +0 hand axe
(23, 21, Orc:1)
  a +0 leather armour
(22, 22, Orc:1)
  a +0 hand axe
(5, 33, Orc:1)
  3 steel tomahawks
  a +0 ring mail
(6, 33, Orc:1)
  a +0 dagger
  a +0 robe
  a +0 hand axe
  a +0 short sword
  a +0 whip
  a +0 flail
  a +0 short sword
  a cursed +0 leather armour
  a +0 club
  a +0 chain mail
  a +0 flail
  a +0 leather armour
  a +0 flail
(7, 33, Orc:1)
  a +0 mace
  a +0 leather armour
(6, 34, Orc:1)
  a +0 short sword
  a +0 war axe
  a +0 war axe
  2 steel tomahawks
  a +0 chain mail
  a +0 dagger
  a +0 robe
  a +0 club
  a +0 hand axe
  a +0 flail
  a +0 chain mail
(7, 34, Orc:1)
  a +0 halberd
  a +0 plate armour
(12, 39, Orc:1)
  a +0 dagger

Level 2 of the Orcish Mines
(0, 0, Orc:2)
  a +0 leather armour
  a +0 morningstar
(3, 0, Orc:2)
  a +0 flail
(0, 1, Orc:2)
  a +0 war axe
(0, 2, Orc:2)
  a +0 plate armour
  a +0 chain mail
  a +0 dire flail
  a +0 battleaxe
(1, 2, Orc:2)
  a +0 scale mail
  a +0 club
(2, 2, Orc:2)
  a +0 short sword
(8, 4, Orc:2)
  a +0 scale mail
  a +0 dagger
  a +0 mace
  2 tomahawks
  a +0 short sword
  a +0 war axe
  a +0 mace
  a +0 scale mail
  a +0 whip
(9, 4, Orc:2)
  a tomahawk
(10, 4, Orc:2)
  a +1 leather armour of magic resistance
  a +0 club
(12, 4, Orc:2)
  a tomahawk
(8, 5, Orc:2)
  a +0 ring mail
  a +0 dagger
  2 tomahawks
  a +0 flail
  a +0 leather armour
(9, 5, Orc:2)
  a +0 hand axe
  a +0 mace
  a +0 club
(10, 5, Orc:2)
  a +0 leather armour
(5, 6, Orc:2)
  a +0 ring mail
  a +0 short sword
(6, 6, Orc:2)
  a +0 ring mail
  a +0 falchion
(7, 6, Orc:2)
  a +0 leather armour
  a +0 mace
(4, 7, Orc:2)
  a +0 chain mail
  a +0 halberd
  a +0 chain mail
  a +2 hand axe of venom
(4, 8, Orc:2)
  a +0 leather armour
  a cursed +0 leather armour
(6, 8, Orc:2)
  a +0 chain mail
  a +0 glaive
(4, 13, Orc:2)
  a tomahawk
(2, 14, Orc:2)
  a +0 flail
(2, 15, Orc:2)
  a +2 leather armour of magic resistance
  a +0 mace of draining
(1, 16, Orc:2)
  a tomahawk
(-1, 17, Orc:2)
  a +0 plate armour
  a +0 great sword
(0, 17, Orc:2)
  a +0 plate armour
  9 tomahawks
  a +0 battleaxe
(1, 17, Orc:2)
  a +0 dagger
(-1, 18, Orc:2)
  a +0 club
  a +0 leather armour
  a +0 club
(1, 18, Orc:2)
  a +0 giant club
(3, 35, Orc:2)
  a +0 scale mail
  a +0 short sword
(5, 35, Orc:2)
  a +0 flail
  a +0 chain mail
  a +0 club
(6, 35, Orc:2)
  a +0 leather armour
  a +3 whip
(5, 36, Orc:2)
  a +0 hand axe
  a +0 trident
  a +4 scale mail
  a +0 flail
(-12, 39, Orc:2)
  a +0 ring mail
  a +0 trident
(-13, 40, Orc:2)
  a +0 flail of holy wrath
(-12, 41, Orc:2)
  a +0 robe
  a +0 dagger
(-11, 41, Orc:2)
  a +0 plate armour
  a +0 trident
(-12, 42, Orc:2)
  a +0 leather armour
  a +0 dagger
  a +0 robe
  a cursed -3 dagger
(-15, 44, Orc:2)
  a tomahawk
(-10, 45, Orc:2)
  a tomahawk
  a +0 flail

Level 3 of the Orcish Mines
(0, 0, Orc:3)
  a +2 trident of venom
  a +0 plate armour
(0, 1, Orc:3)
  a +0 club
(1, 1, Orc:3)
  a +0 leather armour
(9, 4, Orc:3)
  a +0 club
(10, 4, Orc:3)
  a +0 long sword
  a +0 plate armour
(11, 4, Orc:3)
  a +0 club
(8, 7, Orc:3)
  a +0 hand axe
  a +0 plate armour
(-2, 9, Orc:3)
  a +0 club
(-2, 21, Orc:3)
  a +0 club
(-33, 25, Orc:3)
  a +0 dagger
  a cursed +0 robe
(-29, 25, Orc:3)
  a +0 dagger
  a +2 robe of magic resistance
(-34, 26, Orc:3)
  a cursed +0 dagger
  a +0 flail
  a +0 leather armour
  a +0 dagger
  a +0 robe
  a +0 dire flail
  a +0 plate armour
  a +0 dagger
  a +0 robe
  a +0 club
  a +0 chain mail
(-30, 26, Orc:3)
  a +0 dagger
(-29, 26, Orc:3)
  a +0 hand axe
  a +0 ring mail
(-34, 27, Orc:3)
  a +1 falchion of slicing
  a +0 scale mail
  a +0 dagger
  a +0 robe
  a +0 morningstar
(-33, 27, Orc:3)
  a +0 mace
(-32, 27, Orc:3)
  a +0 dagger
(-54, 32, Orc:3)
  a tomahawk
(-52, 32, Orc:3)
  a tomahawk
  a +2 dagger of speed
  a +0 robe
(-53, 33, Orc:3)
  a +0 club
  a +3 leather armour of cold resistance
(-52, 33, Orc:3)
  a tomahawk
(-51, 33, Orc:3)
  a tomahawk
(-50, 33, Orc:3)
  a tomahawk
(-53, 34, Orc:3)
  a +0 giant spiked club
  a +0 giant club
(-52, 34, Orc:3)
  a +0 dagger
  a +1 leather armour of cold resistance
(-51, 34, Orc:3)
  a +0 club
  2 tomahawks
  a +0 leather armour
(-47, 34, Orc:3)
  a +0 war axe
  a tomahawk
  a +0 leather armour
(8, 34, Orc:3)
  a +0 hand axe
(-50, 37, Orc:3)
  a tomahawk
(-48, 39, Orc:3)
  a tomahawk
(0, 39, Orc:3)
  a +0 club
(-46, 40, Orc:3)
  a tomahawk
(-1, 40, Orc:3)
  a +0 ring mail
  a +0 club
(-51, 42, Orc:3)
  a +1 short sword of electrocution
(4, 42, Orc:3)
  a tomahawk
(-50, 44, Orc:3)
  a cursed -1 hand axe
(-16, 44, Orc:3)
  a +0 dagger of venom
  a +0 leather armour

Level 4 of the Orcish Mines
[Shop] Yguisek's Antique Armour Emporium
  a +2 chain mail of fire resistance (135 gold)
  the +18 shield of the gong {rElec rN+ MR+ EV-5} (2919 gold)
    It affects your evasion (-5).
    It insulates you from electricity.
    It protects you from negative energy.
    It affects your resistance to hostile enchantments.
  a +0 pair of gloves (135 gold)
  a +0 chain mail (135 gold)
  a +0 ring mail (120 gold)
  the +4 skin of Zhor {rC+++} (1869 gold)
    It renders you almost immune to cold.
  a +0 scale mail (120 gold)
  a +0 scale mail (120 gold)
  the +0 mask of the Dragon {MR+ Slay+3 SInv} (1002 gold)
    It affects your accuracy and damage with ranged weapons and melee attacks
    (+3).
    It affects your resistance to hostile enchantments.
    It lets you see invisible.
  a +0 cloak (135 gold)
  a +0 plate armour (690 gold)
  a +0 scale mail (120 gold)
[Shop] Unyamiruomm's Distillery
  a potion of curing (42 gold)
  a potion of ambrosia (112 gold)
  a potion of curing (42 gold)
  a potion of degeneration (14 gold)
  a potion of poison (14 gold)
  a potion of degeneration (14 gold)
  a potion of might (56 gold)
  a potion of mutation (35 gold)
  a potion of agility (56 gold)
  a potion of might (56 gold)
  a potion of might (56 gold)
[Shop] Hahal's General Store
  an uncursed amulet of stasis (262 gold)
  a +0 scythe (45 gold)
  a +2 hand axe of flaming (261 gold)
  a +0 chain mail (67 gold)
  a potion of might (60 gold)
  the +3 chain mail "Hujov" {+Blink rCorr Str+7 Int-5} (649 gold)
    It affects your strength (+7).
    It affects your intelligence (-5).
    It lets you blink.
    It protects you from acid and corrosion.
  a +2 hat of magic resistance (315 gold)
  a +0 chain mail of positive energy (127 gold)
  a +0 plate armour (345 gold)
  a potion of haste (150 gold)
  19 stones (28 gold)
  a potion of brilliance (60 gold)
  a potion of curing (45 gold)
  the ring of the Present {rPois MR+ SInv} (477 gold)
    [ring of see invisible]
    
    It protects you from poison.
    It affects your resistance to hostile enchantments.
    It lets you see invisible.
[Shop] Toubb's Book Shoppe
  a book of Cantrips (280 gold)
  a book of Necromancy (420 gold)
  a book of Death (980 gold)
  a book of Annihilations (1545 gold)
  a book of Maledictions (350 gold)
  a book of Air (490 gold)
  the Compendium of Cold (1050 gold)
    Spells                             Type                      Level
     a - Freeze                       Ice                           1
     b - Ice Form                     Ice/Transmutation             4
     c - Ozocubu's Refrigeration      Ice                           6
  an Akashic Record (1545 gold)
  a Fen Folio (1050 gold)
(0, 0, Orc:4)
  a +0 hand axe
(0, 2, Orc:4)
  a +0 hand axe
  a +1 leather armour of fire resistance
(0, 4, Orc:4)
  a +0 hand axe
(-11, 5, Orc:4)
  a +0 hand axe
  a +0 leather armour
(-14, 6, Orc:4)
  a +0 falchion
  a +0 leather armour
(-13, 6, Orc:4)
  a +0 club
(-11, 6, Orc:4)
  a +0 flail
(-10, 6, Orc:4)
  a cursed -1 flail
  a cursed -1 chain mail
(-27, 7, Orc:4)
  a book of Necromancy
  2 potions of brilliance
  a potion of magic
  a wand of confusion (18)
  a wand of random effects (27)
  a wand of frost (24)
  a wand of digging (10)
  a +1 vampiric whip
(-23, 7, Orc:4)
  a +0 flail
  a +0 chain mail
(-3, 7, Orc:4)
  a +0 flail
  2 tomahawks
  a cursed +0 chain mail
(-8, 10, Orc:4)
  a +0 giant club
  a +0 giant club
(6, 10, Orc:4)
  a +0 whip
  a +0 robe
(-30, 11, Orc:4)
  a +0 hand axe
(-9, 11, Orc:4)
  a tomahawk
(11, 11, Orc:4)
  a cursed +0 giant spiked club
  a +0 giant spiked club
(-30, 12, Orc:4)
  a +0 flail
  a +0 leather armour
  a cursed +0 war axe
  a +0 scale mail
  a +0 short sword
  a +0 ring mail
(-29, 12, Orc:4)
  a +0 hand axe
  a +0 leather armour
(-8, 12, Orc:4)
  a tomahawk
  a +0 dire flail
  a +0 giant club
(-30, 13, Orc:4)
  a +0 club
(-29, 14, Orc:4)
  a +0 war axe
  a +0 chain mail
(-10, 14, Orc:4)
  a tomahawk
(-30, 18, Orc:4)
  a +0 club
(-5, 19, Orc:4)
  a +0 robe
(-9, 20, Orc:4)
  a +0 giant club
  a +0 giant club
(-8, 21, Orc:4)
  a +0 dagger
  a +0 robe
(-7, 21, Orc:4)
  a +0 club
  a +0 dagger
  a cursed +0 robe
(21, 25, Orc:4)
  a cursed -1 giant club
  a +0 giant club
(21, 26, Orc:4)
  a +0 giant spiked club
(21, 27, Orc:4)
  a +0 flail
(16, 29, Orc:4)
  a +0 giant club
(20, 29, Orc:4)
  a +0 giant club
(19, 31, Orc:4)
  a +0 giant spiked club
(4, 32, Orc:4)
  a +0 giant club
(20, 32, Orc:4)
  a +0 falchion
(18, 34, Orc:4)
  a +0 trident
(19, 34, Orc:4)
  a +0 giant club
  a +0 ring mail
(20, 34, Orc:4)
  a +0 whip
  a +0 whip
  a +0 mace
(21, 34, Orc:4)
  a +0 dagger
  a cursed +0 robe
(-28, 35, Orc:4)
  a +0 dagger
  a +0 mace
  a +0 ring mail
  a +0 whip
  a +0 chain mail
(19, 35, Orc:4)
  a +0 giant spiked club
  a +0 falchion
  a +0 ring mail
(-28, 36, Orc:4)
  a +0 hand axe
(20, 36, Orc:4)
  a +0 mace
(17, 37, Orc:4)
  a +0 giant club
  a +0 giant club
(18, 37, Orc:4)
  a +0 giant club
(19, 37, Orc:4)
  a +0 giant spiked club
(-29, 38, Orc:4)
  a +0 flail
(16, 38, Orc:4)
  a +0 giant spiked club
  a +0 giant club
(17, 38, Orc:4)
  a +0 giant club
  a +0 giant club
(19, 38, Orc:4)
  a +0 giant club
(20, 38, Orc:4)
  a +0 club
  a +0 robe
(17, 39, Orc:4)
  a +0 giant club
(18, 39, Orc:4)
  a tomahawk
(10, 40, Orc:4)
  a +0 giant club
(17, 40, Orc:4)
  a +0 dagger
  a +0 robe
(10, 41, Orc:4)
  a +0 giant club
  a +0 giant club
(12, 46, Orc:4)
  a crystal ball of energy
  a +0 giant club
  a +0 giant spiked club
(0, 47, Orc:4)
  a +0 giant club
(-4, 48, Orc:4)
  a +0 giant club
(-3, 48, Orc:4)
  a cursed +0 giant club
(-2, 48, Orc:4)
  a cursed -3 giant club
  a +0 giant club
  a +0 giant club
  a cursed -1 giant club
(-1, 48, Orc:4)
  a +0 club
  a +0 robe
(0, 48, Orc:4)
  a +0 giant spiked club
  a +0 giant club
  a +0 giant club
(17, 48, Orc:4)
  a +0 giant spiked club
(-3, 49, Orc:4)
  a cursed -1 giant spiked club
(-1, 49, Orc:4)
  a +0 giant club
(18, 49, Orc:4)
  a +0 giant club

Level 1 of the Elven Halls
(0, 0, Elf:1)
  15 arrows
(-21, 3, Elf:1)
  a +0 long sword
(-20, 3, Elf:1)
  a cursed -1 eveningstar
  a +0 chain mail
  a +0 shield
  a +0 scimitar
(-19, 3, Elf:1)
  a +0 long sword of holy wrath
  a +0 dagger
(-13, 3, Elf:1)
  a potion of mutation
(-7, 9, Elf:1)
  a +0 long sword
  a +0 ring mail
(3, 9, Elf:1)
  a +0 long sword
  a +0 ring mail
(3, 10, Elf:1)
  a +0 long sword
  a +0 leather armour
  a +0 short sword
(-4, 11, Elf:1)
  a +2 dagger of draining
  a +0 robe
  a +3 chain mail
(3, 11, Elf:1)
  a +0 short sword
  a +0 long sword
(19, 11, Elf:1)
  an uncursed staff of wizardry
(3, 12, Elf:1)
  a +0 short sword
(4, 12, Elf:1)
  a +0 long sword
(-24, 14, Elf:1)
  a +0 large shield
(-15, 14, Elf:1)
  a +0 robe
(16, 14, Elf:1)
  a +0 rapier
(3, 16, Elf:1)
  a +1 chain mail of magic resistance
(-3, 18, Elf:1)
  a +0 rapier
  a scroll of noise
(-5, 19, Elf:1)
  a +0 leather armour
  (unseen)
(-3, 19, Elf:1)
  a +0 leather armour
  a cursed +0 short sword
  an arrow
(-2, 19, Elf:1)
  a +0 chain mail
  a +0 long sword
(-5, 20, Elf:1)
  a +0 leather armour
  a +0 shortbow
  14 arrows
  a +0 scimitar
(-20, 29, Elf:1)
  a +2 short sword of venom
(-3, 30, Elf:1)
  an arrow
(1, 30, Elf:1)
  a +0 leather armour
  a +0 shortbow of freezing
  10 arrows
  a +0 short sword
(-4, 38, Elf:1)
  a +0 long sword
  a +0 buckler
  a +0 long sword
  13 arrows
  a +1 scimitar of distortion
  a +0 shortbow of flaming
  a +0 scale mail
  a +0 long sword
(8, 38, Elf:1)
  18 stones
(-4, 39, Elf:1)
  23 arrows
  a +0 shortbow
(-3, 39, Elf:1)
  a +0 short sword
  a +0 long sword
(-2, 39, Elf:1)
  a +0 leather armour
  a +0 longbow
  13 poisoned arrows
  a +0 short sword
(-2, 40, Elf:1)
  23 arrows
  a +0 leather armour
  a cursed +0 long sword
  a +0 leather armour
  a +0 shortbow
(8, 40, Elf:1)
  a +0 long sword
(-2, 41, Elf:1)
  a poisoned arrow
(9, 41, Elf:1)
  a +0 short sword
(-10, 44, Elf:1)
  a +0 rapier
(8, 46, Elf:1)
  a +0 dagger
  a cursed +0 ring mail
(9, 46, Elf:1)
  a +0 dagger
  a +0 robe
(10, 46, Elf:1)
  a +0 short sword
  a +2 ring mail of poison resistance
(-5, 47, Elf:1)
  23 arrows
  a +0 shortbow
  a +0 long sword
(8, 47, Elf:1)
  a +0 scimitar
  a +0 ring mail
  a +0 buckler
(-5, 48, Elf:1)
  a +0 leather armour
  12 arrows
  a +0 long sword
  a +0 shortbow
(-5, 49, Elf:1)
  4 arrows
(-5, 51, Elf:1)
  a cursed +0 long sword
  a +0 ring mail

Level 2 of the Elven Halls
[Shop] Temu's Gadget Shop
  a wand of slowing (38) (480 gold)
  a box of beasts (320 gold)
  a -1 rod of destruction (14/14) (1440 gold)
  a lamp of fire (640 gold)
  a fan of gales (640 gold)
  a wand of slowing (36) (456 gold)
  a +4 rod of the swarm (14/14) (1766 gold)
  a plain deck of defence (224 gold)
  a disc of storms (320 gold)
  a wand of flame (26) (224 gold)
  a box of beasts (320 gold)
[Shop] Bizaw's Distillery
  a potion of berserk rage (75 gold)
  a potion of brilliance (60 gold)
  a potion of poison (15 gold)
  a potion of lignification (45 gold)
  a potion of degeneration (15 gold)
  a potion of poison (15 gold)
  a potion of might (60 gold)
  a potion of ambrosia (120 gold)
  a potion of degeneration (15 gold)
  a potion of brilliance (60 gold)
  a potion of invisibility (120 gold)
  a potion of curing (45 gold)
  a potion of ambrosia (120 gold)
[Shop] Dedaef's Assorted Antiques
  a +0 spear (90 gold)
  a scroll of enchant weapon (225 gold)
  a scroll of identify (60 gold)
  a scroll of amnesia (105 gold)
  a potion of resistance (300 gold)
  a potion of haste (300 gold)
  a +0 scimitar (120 gold)
  a potion of curing (90 gold)
  the +10 flail of Heybluo {freeze, *Contam Int+4 Dex+9 SInv} (255 gold)
    It has been specially enchanted to freeze those struck by it, causing extra
    injury to most foes and up to half again as much damage against particularly
    susceptible opponents. It can also slow down cold-blooded creatures.
    
    It affects your intelligence (+4).
    It affects your dexterity (+9).
    It lets you see invisible.
    It causes magical contamination when unequipped.
  a scroll of identify (60 gold)
  the amulet of Deinayxo {Clar Dex+3} (150 gold)
    [amulet of clarity]
    
    It provides mental clarity.
    It affects your dexterity (+3).
  a +1 plate armour of poison resistance (690 gold)
  a potion of might (120 gold)
[Shop] Byuheemp's Distillery
  2 potions of curing (96 gold)
  a potion of flight (48 gold)
  a potion of invisibility (128 gold)
  a potion of degeneration (16 gold)
  a potion of heal wounds (80 gold)
  a potion of brilliance (64 gold)
  2 potions of cure mutation (1120 gold)
  a potion of haste (160 gold)
  a potion of curing (48 gold)
  a potion of flight (48 gold)
  a potion of curing (48 gold)
  2 potions of flight (96 gold)
(0, 0, Elf:2)
  a +0 mace
(8, 3, Elf:2)
  a +0 scimitar
  a +0 shortbow
  26 arrows
(9, 3, Elf:2)
  a +0 rapier
  a +0 scale mail
  a +0 short sword
  a +0 leather armour
  a +0 buckler
(10, 3, Elf:2)
  a +0 short sword
  a +0 leather armour
(-37, 6, Elf:2)
  a +0 scimitar
  a +0 chain mail
(-18, 7, Elf:2)
  a +0 long sword
(-20, 9, Elf:2)
  a +1 lajatang of pain
  a +4 war axe of electrocution
(18, 11, Elf:2)
  a +0 leather armour
  a cursed -1 short sword
(-17, 12, Elf:2)
  a +1 hand axe of venom
(14, 12, Elf:2)
  a +0 scale mail
  a +0 short sword
(15, 12, Elf:2)
  a +0 rapier
(18, 12, Elf:2)
  a +2 long sword of holy wrath
(-17, 13, Elf:2)
  an arrow of frost
(13, 13, Elf:2)
  a +0 buckler
  a +0 scimitar
(15, 13, Elf:2)
  a +0 buckler
  a +0 scimitar
  a +0 scimitar
(13, 14, Elf:2)
  a +0 scale mail
  a +2 dagger of venom
(14, 14, Elf:2)
  a +0 leather armour
  a +0 short sword
(15, 14, Elf:2)
  a +0 short sword
(14, 15, Elf:2)
  a +0 quick blade of holy wrath
(-16, 16, Elf:2)
  a +0 short sword
(-8, 16, Elf:2)
  a +0 scimitar
  a +0 ring mail
(-6, 16, Elf:2)
  a cursed -3 rapier
  a +0 leather armour
  a +0 falchion
(14, 16, Elf:2)
  a +0 rapier
(-10, 17, Elf:2)
  an arrow of frost
(-8, 17, Elf:2)
  an arrow
(-6, 17, Elf:2)
  a +0 long sword
  a +0 leather armour
(15, 17, Elf:2)
  a +0 leather armour
  a +0 short sword
(17, 17, Elf:2)
  a scroll of random uselessness
(-16, 18, Elf:2)
  a +0 scimitar of slicing
(-9, 18, Elf:2)
  a +0 short sword
(15, 18, Elf:2)
  a +0 rapier
(16, 18, Elf:2)
  a +0 ring mail
  a +0 short sword
(-17, 19, Elf:2)
  a +2 short sword of freezing
(22, 19, Elf:2)
  a +0 shortbow
(-15, 20, Elf:2)
  a +0 rapier
(-12, 20, Elf:2)
  a +0 long sword
(-11, 20, Elf:2)
  a +3 dagger
(-1, 20, Elf:2)
  a +0 falchion
(-15, 21, Elf:2)
  a +0 long sword
  a +0 shortbow
  13 arrows
(-14, 21, Elf:2)
  a +0 short sword
  a +0 longbow
  28 arrows
  a +0 leather armour
  a +0 long sword
  a +0 ring mail
(-13, 21, Elf:2)
  a +0 long sword
  a +0 shortbow
  8 arrows
  a +0 leather armour
(-12, 21, Elf:2)
  an arrow of flame
(-14, 22, Elf:2)
  a +0 long sword
  a +1 war axe of electrocution
  a +0 mace of crushing
(-13, 22, Elf:2)
  a +0 scimitar
  a +0 longbow
  17 arrows of frost
  2 arrows
  an arrow of flame
  a +0 antimagic long sword
  a +0 leather armour
(-17, 23, Elf:2)
  a +0 long sword
  a +3 leather armour
  a +0 buckler
(-15, 23, Elf:2)
  an arrow
  a +0 flail of protection
(-14, 23, Elf:2)
  a +0 short sword
  a cursed +0 long sword
  a +0 longbow
  a +1 glaive of protection
  a +5 vampiric glaive
  25 arrows
(-13, 23, Elf:2)
  a +0 glaive of venom
(-12, 23, Elf:2)
  an arrow
(-15, 24, Elf:2)
  a +4 broad axe of holy wrath
(-11, 24, Elf:2)
  a +0 rapier
(28, 24, Elf:2)
  a +0 quarterstaff
(11, 25, Elf:2)
  a +0 flail
(1, 27, Elf:2)
  a +0 scimitar
  a +0 scale mail
  a +1 long sword of draining
(1, 28, Elf:2)
  an arrow of flame
(1, 29, Elf:2)
  a +0 short sword
  a +0 longbow
  11 arrows
  a +6 dagger
(18, 29, Elf:2)
  a +0 rapier
(20, 29, Elf:2)
  25 sling bullets
(1, 30, Elf:2)
  a +0 shortbow
  a +0 short sword
  5 arrows of dispersal
  an arrow of flame
(2, 30, Elf:2)
  a +0 long sword
  a +0 shortbow
  14 arrows of flame
  4 arrows
  a +0 scale mail
  a +0 dagger
(2, 31, Elf:2)
  11 arrows of flame
  a +0 short sword
  a cursed -1 shortbow
(0, 33, Elf:2)
  a +0 short sword
(1, 33, Elf:2)
  an arrow
(15, 33, Elf:2)
  a +0 plate armour
(-1, 35, Elf:2)
  18 arrows
  a +0 shortbow
(0, 38, Elf:2)
  a +3 ring of evasion
(16, 40, Elf:2)
  11 stones
(18, 40, Elf:2)
  a +0 long sword
(1, 43, Elf:2)
  a +0 double sword

Level 3 of the Elven Halls
(0, 0, Elf:3)
  a scroll of remove curse
(-2, 2, Elf:3)
  a +0 scimitar
(-3, 3, Elf:3)
  a +0 dagger
(-9, 6, Elf:3)
  a +0 long sword
  (unseen)

Level 1 of the Lair of Beasts
(0, 0, Lair:1)
  a +0 scale mail
(3, 5, Lair:1)
  a +0 robe
(0, 7, Lair:1)
  a +0 shield
(11, 9, Lair:1)
  a +0 rapier
(2, 24, Lair:1)
  a throwing net
  3 throwing nets
(-20, 25, Lair:1)
  a +0 blowgun
(-2, 27, Lair:1)
  a +0 short sword
  a +0 ring mail
  a wand of draining (0)
(-1, 28, Lair:1)
  a potion of poison
  3 potions of degeneration
(18, 29, Lair:1)
  a throwing net
(-6, 31, Lair:1)
  a scroll of noise
(11, 32, Lair:1)
  a +0 longbow
(19, 39, Lair:1)
  a +0 dagger
(14, 41, Lair:1)
  a +0 short sword
(10, 44, Lair:1)
  a scroll of random uselessness

Level 2 of the Lair of Beasts
(0, 0, Lair:2)
  10 arrows
(45, 16, Lair:2)
  a Necronomicon
  a book of Alchemy
  a book of Ice
  a wand of random effects (33)
  a wand of confusion (32)
  a wand of random effects (18)
  a wand of slowing (32)
  a wand of fireball (0)
(12, 17, Lair:2)
  2 javelins
(41, 29, Lair:2)
  22 stones
(25, 43, Lair:2)
  29 arrows
(14, 49, Lair:2)
  a +2 robe of cold resistance
  a +0 quarterstaff of freezing
(20, 50, Lair:2)
  an uncursed ring of fire
  an uncursed ring of ice
(22, 50, Lair:2)
  a scroll of noise
(12, 51, Lair:2)
  a +0 quarterstaff

Level 3 of the Lair of Beasts
(0, 0, Lair:3)
  a +0 plate armour
(-8, 9, Lair:3)
  a +0 chain mail
(-4, 24, Lair:3)
  a +0 short sword of protection
(28, 29, Lair:3)
  a +0 scale mail
(-24, 30, Lair:3)
  a +0 scale mail
(-10, 40, Lair:3)
  a +0 robe
  a +0 mace
(36, 40, Lair:3)
  16 arrows
(-11, 41, Lair:3)
  a +0 robe
  a +0 long sword
(-10, 41, Lair:3)
  a +0 robe
  a +0 dire flail
(-9, 41, Lair:3)
  a +0 war axe
(-24, 43, Lair:3)
  12 poisoned needles
(2, 43, Lair:3)
  a +0 ring mail
(18, 43, Lair:3)
  an uncursed ring of flight
(27, 51, Lair:3)
  a +1 hand axe of flaming
(9, 53, Lair:3)
  25 stones

Level 4 of the Lair of Beasts
(0, 0, Lair:4)
  a +0 quarterstaff
(-11, 2, Lair:4)
  a scroll of vulnerability
  2 scrolls of immolation
(-23, 11, Lair:4)
  a +0 leather armour
(30, 18, Lair:4)
  a +0 leather armour
(35, 21, Lair:4)
  13 poisoned needles
(-7, 26, Lair:4)
  a +0 plate armour
(41, 33, Lair:4)
  20 stones
(20, 41, Lair:4)
  21 stones

Level 5 of the Lair of Beasts
(0, 0, Lair:5)
  a +0 leather armour
(-7, 1, Lair:5)
  a +0 morningstar
(-6, 1, Lair:5)
  16 stones
(16, 2, Lair:5)
  23 bolts
(-43, 12, Lair:5)
  a +0 scale mail
(-37, 15, Lair:5)
  a +0 robe
(-49, 22, Lair:5)
  a +0 plate armour
(2, 22, Lair:5)
  20 sling bullets
(-2, 23, Lair:5)
  an uncursed amulet of the gourmand
(-19, 25, Lair:5)
  a +3 scale mail
(7, 27, Lair:5)
  a +0 ring mail
(-8, 28, Lair:5)
  a +0 quarterstaff
(-37, 33, Lair:5)
  17 stones
(9, 45, Lair:5)
  a +0 plate armour

Level 6 of the Lair of Beasts
(0, 0, Lair:6)
  a +0 flail
(-27, 6, Lair:6)
  an uncursed staff of cold
(-7, 6, Lair:6)
  a book of Ice
(-30, 9, Lair:6)
  a +0 ring mail
(-39, 11, Lair:6)
  18 stones
(-36, 11, Lair:6)
  the +6 spear "Pimpykut" {drain, Str+2 Int+3}
    A truly terrible weapon, it drains the life of those it strikes.
    
    It affects your strength (+2).
    It affects your intelligence (+3).
(0, 15, Lair:6)
  a +0 hunting sling
(-13, 16, Lair:6)
  a scroll of random uselessness
(-29, 17, Lair:6)
  a +0 rapier
(-31, 18, Lair:6)
  11 stones
(-14, 18, Lair:6)
  25 stones
(-18, 28, Lair:6)
  12 arrows of flame
(-2, 28, Lair:6)
  7 poisoned needles
(-5, 30, Lair:6)
  14 arrows
(-20, 40, Lair:6)
  a +0 trident
(-29, 43, Lair:6)
  9 stones
(-26, 43, Lair:6)
  a poisoned arrow
(-26, 44, Lair:6)
  a +3 longbow of flaming
  22 poisoned arrows
  a +0 centaur barding
(17, 45, Lair:6)
  2 poisoned tomahawks
(-12, 53, Lair:6)
  15 stones

Level 7 of the Lair of Beasts
(0, 0, Lair:7)
  a +0 mace
(2, 0, Lair:7)
  a +1 vampiric great sword
(-15, 3, Lair:7)
  a book of Ice
(54, 7, Lair:7)
  18 stones
(35, 9, Lair:7)
  14 sling bullets of flame
(-5, 17, Lair:7)
  a cursed -3 long sword
(-4, 23, Lair:7)
  a +1 pair of boots of running
(22, 29, Lair:7)
  a +0 pair of boots
(30, 29, Lair:7)
  a +0 flail
(-9, 35, Lair:7)
  15 stones
(28, 37, Lair:7)
  an uncursed ring of fire
(-13, 43, Lair:7)
  a +0 quarterstaff
(-3, 44, Lair:7)
  a +0 ring mail
(16, 47, Lair:7)
  a cursed -2 hunting sling
(17, 47, Lair:7)
  a +0 dire flail
(46, 49, Lair:7)
  8 poisoned needles
(22, 54, Lair:7)
  a plain deck of wonders
(35, 54, Lair:7)
  a +0 robe

Level 8 of the Lair of Beasts
(0, 0, Lair:8)
  a +1 rapier of holy wrath
(48, 1, Lair:8)
  an uncursed amulet of faith
  an uncursed amulet of warding
  an uncursed ring of sustain attributes
  an uncursed ring of positive energy
(11, 12, Lair:8)
  15 sling bullets
(25, 15, Lair:8)
  a +2 robe
  a +0 dagger
(47, 18, Lair:8)
  25 sling bullets
(52, 20, Lair:8)
  18 bolts
(54, 20, Lair:8)
  13 arrows of dispersal
(51, 22, Lair:8)
  a +3 quarterstaff
  a +0 robe
(52, 22, Lair:8)
  a +0 dagger
  a +0 robe
(51, 23, Lair:8)
  a +0 short sword
  a +0 robe
(48, 26, Lair:8)
  25 stones
(13, 28, Lair:8)
  28 arrows
(18, 33, Lair:8)
  a +0 arbalest
(24, 34, Lair:8)
  23 stones
(40, 38, Lair:8)
  a +0 war axe
(64, 39, Lair:8)
  a +0 buckler
  a +0 robe
  a cursed +0 buckler
  a +0 dagger
  a +0 robe
  a +0 dagger
  a +0 rapier
  a +0 robe of resistance
  a +0 spear
  a +0 buckler
(58, 40, Lair:8)
  a +0 buckler
  a cursed +0 robe
  a +0 rapier
(44, 48, Lair:8)
  a wand of lightning (5)
  a wand of enslavement (17)
  a wand of lightning (0)
  a wand of paralysis (6)
(64, 49, Lair:8)
  a +2 robe of fire resistance
(63, 50, Lair:8)
  a +0 scimitar
(53, 51, Lair:8)
  a +0 quarterstaff
  a +0 robe
(64, 51, Lair:8)
  a +0 robe
(61, 53, Lair:8)
  a +4 short sword
  a +0 robe
  a +0 short sword
  a +0 robe
  a +0 buckler
(37, 54, Lair:8)
  a +0 robe
  a +0 short sword
(62, 54, Lair:8)
  a +2 buckler
  a +0 spear

Level 1 of the Swamp
(0, 0, Swamp:1)
  a +0 hand crossbow
(-2, 28, Swamp:1)
  a +0 rapier
(40, 32, Swamp:1)
  a book of Changes
  a Young Poisoner's Handbook
(43, 34, Swamp:1)
  a +0 mace
(37, 40, Swamp:1)
  2 potions of poison

Level 2 of the Swamp
(0, 0, Swamp:2)
  24 arrows
(-13, 6, Swamp:2)
  a +0 spear
(-15, 9, Swamp:2)
  a book of the Earth
(15, 9, Swamp:2)
  a +0 leather armour
(22, 15, Swamp:2)
  a +0 hunting sling
(-8, 19, Swamp:2)
  12 arrows of flame
(-26, 31, Swamp:2)
  an uncursed amulet of faith

Level 3 of the Swamp
(0, 0, Swamp:3)
  a +2 scale mail of cold resistance
(-1, 9, Swamp:3)
  a +0 buckler
(32, 10, Swamp:3)
  14 stones
(30, 20, Swamp:3)
  19 bolts
(16, 28, Swamp:3)
  an uncursed ring of flight
(-4, 31, Swamp:3)
  20 arrows
(23, 35, Swamp:3)
  a +0 quarterstaff
  a +0 robe
(34, 44, Swamp:3)
  a +4 war axe
(23, 49, Swamp:3)
  a +0 scale mail

Level 4 of the Swamp
(0, 0, Swamp:4)
  16 arrows of dispersal
(-23, 20, Swamp:4)
  a +0 scimitar
(-21, 23, Swamp:4)
  a +0 quarterstaff
  a +0 robe
(-19, 25, Swamp:4)
  a +0 spear
(-3, 27, Swamp:4)
  a +0 hand axe
(-3, 28, Swamp:4)
  a +0 trident
(-16, 30, Swamp:4)
  a book of Minor Magic
  a book of Geomancy

Level 1 of the Snake Pit
(0, 0, Snake:1)
  a +1 robe of fire resistance
(-36, 5, Snake:1)
  a +0 spear
(-44, 6, Snake:1)
  a +0 halberd
  a +0 mace
(-43, 6, Snake:1)
  a -2 shortbow
  a +0 short sword
  2 arrows of frost
  a +0 robe
(-42, 6, Snake:1)
  4 arrows of frost
  a +0 shortbow
  a +0 dire flail
  a +0 robe
(-41, 6, Snake:1)
  5 arrows of frost
  6 poisoned arrows
  a +0 shortbow
  a +0 dire flail
  16 arrows
(-40, 6, Snake:1)
  3 poisoned arrows
  an arrow
  a +0 spear
(-36, 6, Snake:1)
  a +0 short sword
(-39, 7, Snake:1)
  2 arrows
(-36, 7, Snake:1)
  a +0 robe
  a +0 mace
(-44, 8, Snake:1)
  a +2 short sword of draining
(-43, 10, Snake:1)
  a +2 ring of protection
(-40, 14, Snake:1)
  18 stones
(-28, 14, Snake:1)
  a cursed +0 robe
  a +1 scimitar of venom
(-15, 14, Snake:1)
  a cursed +0 scale mail
(-42, 18, Snake:1)
  a +0 halberd
(-35, 19, Snake:1)
  3 javelins
(-29, 19, Snake:1)
  a +0 club
(0, 19, Snake:1)
  a +0 war axe
(-15, 20, Snake:1)
  a +0 war axe
(9, 25, Snake:1)
  a +5 ring of dexterity
  2 potions of invisibility
  2 potions of flight
  2 scrolls of amnesia
(-10, 27, Snake:1)
  a +1 mace of protection
  a +0 robe
(-19, 28, Snake:1)
  21 stones
(-42, 30, Snake:1)
  a +0 scimitar
(-31, 30, Snake:1)
  a +0 scale mail
(-41, 31, Snake:1)
  a +0 spear
(-18, 35, Snake:1)
  a +0 flail
(-31, 38, Snake:1)
  a +0 cloak
(-24, 40, Snake:1)
  an arrow of flame
(-25, 42, Snake:1)
  an arrow of flame
  4 arrows
(-28, 43, Snake:1)
  a +0 war axe
(-27, 43, Snake:1)
  4 arrows of flame
(-26, 43, Snake:1)
  a +0 longbow
  a +0 war axe
  19 arrows
  a +0 robe
(-28, 44, Snake:1)
  a +0 longbow
  a +0 dire flail
  7 arrows of flame
(-31, 45, Snake:1)
  a +0 falchion

Level 2 of the Snake Pit
(0, 0, Snake:2)
  17 arrows
(-33, 2, Snake:2)
  a +0 flail
  a +0 robe
(-34, 6, Snake:2)
  2 arrows
(10, 6, Snake:2)
  a +0 dagger of venom
  a cursed +0 robe
(-34, 7, Snake:2)
  a bolt
  an arrow
(-35, 8, Snake:2)
  2 bolts
(-42, 9, Snake:2)
  a bolt
(-28, 9, Snake:2)
  a cursed +0 large shield
  a cursed -3 mace
(-48, 10, Snake:2)
  6 bolts
(-47, 10, Snake:2)
  a bolt
(-46, 10, Snake:2)
  2 bolts
(-45, 10, Snake:2)
  a bolt
(-43, 10, Snake:2)
  a +0 rod of clouds (9/9)
(-29, 10, Snake:2)
  a bolt
(-26, 10, Snake:2)
  a bolt
(-24, 10, Snake:2)
  a bolt
(-49, 11, Snake:2)
  a +0 arbalest
  a +0 long sword
  8 bolts
(-34, 11, Snake:2)
  a +0 arbalest
  a +0 glaive
  a +0 longbow
  a -3 mace
  16 arrows
  26 bolts
(-25, 11, Snake:2)
  a bolt
  a +0 arbalest of flaming
  a +2 naga barding of flying
  a +0 trident of piercing
(-35, 12, Snake:2)
  3 bolts
  2 arrows
(-29, 12, Snake:2)
  3 bolts
(-30, 13, Snake:2)
  a bolt
(-29, 13, Snake:2)
  a bolt
(-25, 13, Snake:2)
  a +0 robe
  a +0 quarterstaff
(-24, 13, Snake:2)
  a bolt of penetration
(-23, 13, Snake:2)
  a bolt
(-21, 13, Snake:2)
  2 bolts
(-33, 14, Snake:2)
  a bolt
(-31, 14, Snake:2)
  a +0 arbalest
  a +0 mace
  2 bolts
(-30, 14, Snake:2)
  a +0 trident
  a +0 arbalest
  2 bolts of penetration
(-29, 14, Snake:2)
  2 bolts
(-23, 14, Snake:2)
  a +0 scimitar
(-19, 14, Snake:2)
  a +0 trident
(-30, 15, Snake:2)
  2 bolts
(-24, 15, Snake:2)
  a +0 spear
(-31, 16, Snake:2)
  4 bolts
(-30, 16, Snake:2)
  2 bolts
(-29, 16, Snake:2)
  3 bolts
(-28, 16, Snake:2)
  a bolt
(-41, 18, Snake:2)
  an arrow
(-25, 18, Snake:2)
  a bolt of penetration
(-27, 19, Snake:2)
  a bolt of penetration
(-24, 19, Snake:2)
  a +0 short sword
  a +0 long sword
(-22, 19, Snake:2)
  a +0 whip
(-31, 31, Snake:2)
  a +0 robe of fire resistance
  a +0 battleaxe
(-34, 37, Snake:2)
  the +1 scythe of the Imperium {holy, rElec}
    It has been blessed by the Shining One to cause great damage to the undead
    and demons.
    
    It insulates you from electricity.
(-15, 43, Snake:2)
  an arrow
(-14, 43, Snake:2)
  22 bolts
  a +0 scimitar
  a +0 arbalest
(-13, 43, Snake:2)
  6 arrows of frost
  2 bolts
  2 poisoned arrows
(-19, 44, Snake:2)
  a +0 robe
  a +0 trident
  19 arrows
  a +0 longbow
(-18, 44, Snake:2)
  6 arrows
(-16, 44, Snake:2)
  an arrow
(-12, 44, Snake:2)
  a bolt
  a +0 robe
  13 poisoned arrows
  a +0 flail
  a +0 longbow
(-11, 44, Snake:2)
  a +0 battleaxe
(-10, 44, Snake:2)
  a +0 glaive
(-13, 45, Snake:2)
  a poisoned arrow
(-12, 45, Snake:2)
  a +0 whip
(-10, 45, Snake:2)
  a +0 longbow
  a -1 scimitar
  15 arrows of frost
(-10, 46, Snake:2)
  a +0 dire flail
  a +0 robe
(-52, 48, Snake:2)
  a +4 trident
(-51, 49, Snake:2)
  a +0 halberd
  a +0 robe
(8, 49, Snake:2)
  a +0 flail

Level 3 of the Snake Pit
(0, 0, Snake:3)
  8 bolts
(-8, 4, Snake:3)
  8 bolts
(-9, 5, Snake:3)
  a +0 robe (still there?)
  a +1 dagger of venom (still there?)
(-8, 5, Snake:3)
  a +0 short sword
  (unseen)
(-9, 6, Snake:3)
  a +0 spear
  (unseen)
(-2, 6, Snake:3)
  a beef jerky
(-15, 10, Snake:3)
  a +0 short sword

Level 1 of the Vaults
(0, 0, Vaults:1)
  2 bolts of penetration
(2, 0, Vaults:1)
  a bolt of penetration
  a bolt
(6, 0, Vaults:1)
  a bolt of penetration
(-25, 1, Vaults:1)
  a +0 giant spiked club
  a +0 giant club
(0, 1, Vaults:1)
  a silver bolt
  2 bolts
(6, 1, Vaults:1)
  a bolt of penetration
(10, 1, Vaults:1)
  18 bolts
  a +0 arbalest
(18, 1, Vaults:1)
  an uncursed ring of magical power
(20, 1, Vaults:1)
  a silver bolt
(-1, 2, Vaults:1)
  a bolt of flame
(11, 2, Vaults:1)
  a +0 ring mail
  a +0 mace
(21, 2, Vaults:1)
  a bolt
(8, 3, Vaults:1)
  3 bolts of flame
  a +0 arbalest
(9, 3, Vaults:1)
  a fire dragon hide
(21, 3, Vaults:1)
  a silver bolt
(22, 3, Vaults:1)
  a bolt
  a silver bolt
(10, 4, Vaults:1)
  10 bolts of penetration
  a +2 arbalest of evasion
(21, 4, Vaults:1)
  a bolt
(24, 4, Vaults:1)
  a bolt
(25, 4, Vaults:1)
  13 bolts
  a +0 arbalest
(-11, 5, Vaults:1)
  a +0 giant club
(7, 5, Vaults:1)
  5 bolts
  a +0 arbalest
(9, 5, Vaults:1)
  9 bolts
  a +0 arbalest
(25, 5, Vaults:1)
  11 silver bolts
  a +0 arbalest
(8, 6, Vaults:1)
  a bolt
(9, 7, Vaults:1)
  a +0 giant spiked club
  a +0 dire flail
(10, 7, Vaults:1)
  2 bolts
(11, 7, Vaults:1)
  a bolt
(-13, 8, Vaults:1)
  a +0 dire flail
  a +0 giant spiked club
(-12, 8, Vaults:1)
  a +0 great mace
  a +0 dire flail
(-6, 9, Vaults:1)
  15 silver bolts
  a +0 arbalest
(35, 9, Vaults:1)
  a cursed +0 leather armour
  a +0 great mace
(35, 10, Vaults:1)
  a +0 ring mail
  a cursed -3 falchion
(36, 10, Vaults:1)
  a +0 ring mail
  a +0 mace
  a +0 plate armour
  a +3 long sword of flaming
(37, 10, Vaults:1)
  a +0 ring mail
  a +0 falchion
  a +0 scale mail
  7 bolts
  a +0 long sword
  a +0 arbalest
  3 large rocks
  a +0 robe
  a cursed +0 whip
(38, 10, Vaults:1)
  a +0 scale mail
  a +0 morningstar
(8, 11, Vaults:1)
  a bolt
(10, 11, Vaults:1)
  a bolt of penetration
(12, 11, Vaults:1)
  a bolt
(-12, 24, Vaults:1)
  a +0 ring mail
(47, 24, Vaults:1)
  a cursed +0 leather armour
(49, 26, Vaults:1)
  a +0 giant spiked club
(12, 31, Vaults:1)
  a +0 giant spiked club
(50, 31, Vaults:1)
  a +0 long sword
  a +0 plate armour
(-26, 32, Vaults:1)
  a +0 giant spiked club
(20, 32, Vaults:1)
  a potion of degeneration
(50, 32, Vaults:1)
  a +0 falchion
  a +0 ring mail
(-3, 33, Vaults:1)
  a +2 buckler
(14, 33, Vaults:1)
  a +0 whip
  a +0 robe
(49, 33, Vaults:1)
  a +0 club
  a +0 dagger
  a +0 robe
(50, 33, Vaults:1)
  a +0 hand axe
  a +0 leather armour
(-2, 34, Vaults:1)
  a wand of hasting (1)
  a wand of lightning (1)
  2 scrolls of amnesia
(14, 34, Vaults:1)
  a +0 giant spiked club
  a +0 giant club
(15, 34, Vaults:1)
  a cursed -3 giant club
  a +0 dire flail
  a +0 giant club
(38, 35, Vaults:1)
  a +0 arbalest
  a +0 arbalest
  20 bolts
  a +2 glaive of protection
  a +0 chain mail
(-8, 36, Vaults:1)
  a +0 giant club
(-6, 36, Vaults:1)
  a +0 halberd
  a +0 plate armour
(-5, 36, Vaults:1)
  a +0 war axe
  a +0 arbalest
  15 bolts of penetration
  a +0 plate armour
(2, 36, Vaults:1)
  a tomahawk
(14, 36, Vaults:1)
  a +0 giant club
  a +0 giant club
(38, 36, Vaults:1)
  a +0 arbalest
  18 poisoned bolts
  2 steel bolts
(-5, 37, Vaults:1)
  a +0 mace
  a +0 chain mail
(1, 37, Vaults:1)
  a bolt of penetration
(3, 37, Vaults:1)
  a tomahawk
(-7, 38, Vaults:1)
  a +0 mace
  4 tomahawks
  a +0 plate armour
(-5, 38, Vaults:1)
  a +0 dagger
  a +0 robe of positive energy
  a +0 mace
  2 tomahawks
  a +0 chain mail
  a cursed +0 falchion
  a +0 buckler
(1, 38, Vaults:1)
  a tomahawk
(38, 38, Vaults:1)
  a steel bolt
(-13, 39, Vaults:1)
  2 tomahawks
(-9, 39, Vaults:1)
  a tomahawk
(-8, 39, Vaults:1)
  a +0 mace
(-7, 39, Vaults:1)
  a +0 battleaxe
  a +0 chain mail
(3, 39, Vaults:1)
  a tomahawk
(40, 40, Vaults:1)
  12 stones
(41, 41, Vaults:1)
  a bolt
  a steel bolt
  a poisoned bolt
(44, 41, Vaults:1)
  a bolt
  a poisoned bolt
(-15, 45, Vaults:1)
  a +0 giant spiked club
  a +0 giant club
(-13, 45, Vaults:1)
  a bolt
(-8, 46, Vaults:1)
  a +0 arbalest
  a +0 arbalest
  43 bolts
(-5, 46, Vaults:1)
  a bolt
(-4, 46, Vaults:1)
  a +0 chain mail
(-10, 47, Vaults:1)
  a bolt
(-9, 47, Vaults:1)
  a +1 broad axe of chopping
  a +0 plate armour
  a +0 battleaxe
  a +0 chain mail
(-8, 47, Vaults:1)
  a +1 mace of protection
  a +0 plate armour
  a +0 arbalest
  13 bolts
  a +0 dire flail
  a +0 plate armour
  a +0 dagger
  a +0 robe
(-3, 47, Vaults:1)
  a +0 long sword
  a +2 robe of positive energy
  a +2 arbalest of flaming
  10 bolts
(-2, 47, Vaults:1)
  a +0 flail
  a +0 dagger
  a +0 robe
(-1, 47, Vaults:1)
  a +0 war axe
  a cursed -3 war axe
  a +0 arbalest
  14 bolts of frost
  a +0 chain mail
(-8, 48, Vaults:1)
  a +2 hand axe of freezing
(-7, 48, Vaults:1)
  2 bolts
(-4, 48, Vaults:1)
  a +0 war axe
  a +0 arbalest
  3 bolts of penetration
  a cursed +0 scale mail
(-3, 48, Vaults:1)
  a +0 glaive
  a +0 chain mail
  a bolt
(-2, 48, Vaults:1)
  2 bolts
(-1, 48, Vaults:1)
  a +0 flail
(0, 48, Vaults:1)
  a +0 arbalest
  9 bolts
(1, 48, Vaults:1)
  a bolt
(0, 49, Vaults:1)
  2 bolts
(24, 55, Vaults:1)
  a +0 giant club
(25, 55, Vaults:1)
  a +0 giant club
(-21, 56, Vaults:1)
  9 bolts of flame
(25, 56, Vaults:1)
  a +0 trident
  a +0 chain mail
(-23, 57, Vaults:1)
  a scroll of noise
(-20, 58, Vaults:1)
  25 bolts
  a +0 arbalest
(-18, 58, Vaults:1)
  a +0 morningstar
  a +0 leather armour
(-24, 59, Vaults:1)
  a silver bolt
(-23, 59, Vaults:1)
  11 silver bolts
  a +0 arbalest
(-21, 59, Vaults:1)
  a bolt
(-20, 59, Vaults:1)
  a bolt
(-18, 59, Vaults:1)
  a +0 dire flail
  a +0 ring mail
(-26, 60, Vaults:1)
  a silver bolt
(-24, 60, Vaults:1)
  a silver bolt
  a +0 arbalest
  18 bolts
(-27, 61, Vaults:1)
  a bolt
(-26, 61, Vaults:1)
  a bolt
(-24, 61, Vaults:1)
  17 bolts
  a +0 arbalest
(-21, 61, Vaults:1)
  a +0 scimitar
(44, 61, Vaults:1)
  12 stones
(-26, 62, Vaults:1)
  3 bolts
  a silver bolt
(-24, 62, Vaults:1)
  17 bolts
  a +0 arbalest
(49, 62, Vaults:1)
  a +0 giant spiked club
(50, 62, Vaults:1)
  a +0 giant club
  a cursed +0 dire flail
  a +0 flail
  a +0 robe
(39, 64, Vaults:1)
  a +0 spear
(-22, 67, Vaults:1)
  a +0 club
  a +0 robe

Level 2 of the Vaults
(0, 0, Vaults:2)
  a +1 broad axe of chopping
  a +0 plate armour
  a +0 shield
(57, 1, Vaults:2)
  a cursed -3 great sword
  a +0 plate armour
(8, 3, Vaults:2)
  a scroll of immolation
(23, 3, Vaults:2)
  a +2 ring of dexterity
(57, 3, Vaults:2)
  a poisoned arrow
(60, 3, Vaults:2)
  a +1 morningstar of venom
  a cursed +0 scale mail
(56, 4, Vaults:2)
  a +0 morningstar
  a +0 ring mail
(60, 4, Vaults:2)
  a +0 shortbow
  9 poisoned arrows
(6, 6, Vaults:2)
  a +3 battleaxe
  a +0 chain mail
(2, 7, Vaults:2)
  a large rock
(3, 7, Vaults:2)
  a +0 flail
  a +0 leather armour
  a +0 giant spiked club
(4, 7, Vaults:2)
  4 large rocks
(5, 7, Vaults:2)
  a +0 flail
  a +0 robe
(50, 7, Vaults:2)
  the +9 battleaxe of Ydul {drain, rF+ rC+ rN+}
    A truly terrible weapon, it drains the life of those it strikes.
    
    It protects you from fire.
    It protects you from cold.
    It protects you from negative energy.
(2, 8, Vaults:2)
  a +0 giant spiked club
(4, 8, Vaults:2)
  a +0 giant club
(45, 8, Vaults:2)
  a +1 short sword of venom
  a +0 leather armour
(39, 9, Vaults:2)
  a +0 long sword
(43, 12, Vaults:2)
  a +0 long sword
(44, 12, Vaults:2)
  a +0 leather armour
  a +0 dagger
  a +0 dire flail
  a +0 ring mail
(12, 13, Vaults:2)
  a cursed +0 giant club
  a +0 giant club
  a +2 battleaxe
  a +0 chain mail
  a +0 giant club
(11, 14, Vaults:2)
  a +0 dire flail
  a +0 giant spiked club
(11, 15, Vaults:2)
  a +0 great mace
  a +0 ring mail
(31, 15, Vaults:2)
  a +0 hand axe
(26, 17, Vaults:2)
  a +0 scale mail
  a +0 flail
(10, 18, Vaults:2)
  a +0 chain mail
  a +0 long sword
(30, 18, Vaults:2)
  a +0 rapier
(35, 18, Vaults:2)
  2 potions of cure mutation
(49, 18, Vaults:2)
  a +0 robe
  a +0 dagger
(8, 19, Vaults:2)
  a +0 plate armour
  a +0 scimitar
(9, 19, Vaults:2)
  a +0 plate armour
  a +1 great sword of draining
(10, 25, Vaults:2)
  a large rock
  a potion of mutation
  a +0 scale mail
  a +0 long sword
  a +0 scale mail
  a +0 morningstar
(15, 25, Vaults:2)
  a large rock
(11, 26, Vaults:2)
  a large rock
(15, 27, Vaults:2)
  a large rock
(13, 28, Vaults:2)
  a bolt
(42, 31, Vaults:2)
  2 large rocks
(43, 31, Vaults:2)
  a +0 ring mail
  a +2 rapier of electrocution
(60, 31, Vaults:2)
  a +0 dagger
  a +0 robe
(58, 32, Vaults:2)
  a +0 great sword
  a +0 chain mail
(59, 32, Vaults:2)
  a +0 morningstar
  a +0 leather armour
(60, 32, Vaults:2)
  a +0 long sword
  a +0 scale mail
(58, 33, Vaults:2)
  a +2 morningstar of crushing
  a cursed +0 ring mail
(1, 34, Vaults:2)
  a poisoned arrow
(50, 34, Vaults:2)
  14 stones
(58, 35, Vaults:2)
  a +0 robe
(-6, 36, Vaults:2)
  a +0 hand axe
(0, 36, Vaults:2)
  a poisoned arrow
(27, 37, Vaults:2)
  a +0 dagger
  a +0 robe
(57, 37, Vaults:2)
  a +0 scale mail
  a +0 war axe
(-1, 38, Vaults:2)
  a +0 shortbow
  7 poisoned arrows
(0, 38, Vaults:2)
  a cursed -2 long sword
  a +0 arbalest
  18 bolts
  a cursed +0 ring mail
(5, 38, Vaults:2)
  an arrow
(6, 38, Vaults:2)
  2 arrows
(5, 39, Vaults:2)
  an arrow
(5, 40, Vaults:2)
  an arrow
(38, 41, Vaults:2)
  22 stones
(49, 42, Vaults:2)
  a cursed -1 arbalest
(5, 44, Vaults:2)
  18 arrows
  a +0 longbow
(51, 44, Vaults:2)
  22 stones
(5, 45, Vaults:2)
  a bolt
  2 bolts of flame
(36, 48, Vaults:2)
  2 bolts
(39, 48, Vaults:2)
  2 bolts
(7, 49, Vaults:2)
  7 bolts of flame
  a +0 arbalest
(29, 49, Vaults:2)
  7 tomahawks
(41, 49, Vaults:2)
  3 bolts
(7, 50, Vaults:2)
  18 bolts
  a +0 arbalest
(8, 50, Vaults:2)
  20 bolts
  a +0 arbalest
(35, 51, Vaults:2)
  a potion of degeneration
(39, 53, Vaults:2)
  4 bolts
(39, 54, Vaults:2)
  a cursed +0 arbalest
  10 bolts
(38, 55, Vaults:2)
  a +0 arbalest
  20 bolts
(39, 55, Vaults:2)
  a +0 arbalest
  14 bolts
(40, 55, Vaults:2)
  a +0 arbalest
  10 bolts

Level 3 of the Vaults
(0, 0, Vaults:3)
  a +0 ring mail
  a +0 morningstar
(7, 0, Vaults:3)
  10 arrows of frost
  a +0 shortbow
(5, 1, Vaults:3)
  a +0 shortbow
  a +0 longbow
  38 arrows
(6, 1, Vaults:3)
  31 arrows
  a +0 shortbow
  a +0 shortbow
(7, 1, Vaults:3)
  9 arrows of dispersal
  a +0 shortbow
(23, 1, Vaults:3)
  a +0 trident
(-4, 2, Vaults:3)
  a +0 robe
  a +0 club
(4, 2, Vaults:3)
  an arrow of frost
(5, 2, Vaults:3)
  an arrow
  30 stones
(17, 2, Vaults:3)
  a +0 ring mail
  a cursed +0 great mace
(35, 2, Vaults:3)
  9 silver sling bullets
(3, 3, Vaults:3)
  an arrow
(4, 3, Vaults:3)
  4 arrows
(5, 3, Vaults:3)
  an arrow
(-2, 4, Vaults:3)
  a +0 dagger
  a +0 robe
  a +0 giant spiked club
  a +0 giant spiked club
  a +0 giant club
  a +0 giant club
  a +0 giant club
(15, 4, Vaults:3)
  a cursed -1 arbalest
  a +0 arbalest
  31 bolts
(16, 4, Vaults:3)
  a wand of digging (3)
  an uncursed ring of flight
  a cursed -3 arbalest
  12 bolts
  a +0 great sword
  a +0 chain mail
  a +0 arbalest
  10 bolts of penetration
(3, 5, Vaults:3)
  2 arrows
(15, 5, Vaults:3)
  a bolt
(16, 5, Vaults:3)
  12 bolts
  a +0 arbalest
(2, 6, Vaults:3)
  an arrow
(14, 6, Vaults:3)
  a bolt
(16, 6, Vaults:3)
  a +0 buckler
  a +0 long sword
(14, 7, Vaults:3)
  a +0 scale mail
  13 bolts
  a +0 morningstar
  a +0 arbalest
(15, 7, Vaults:3)
  a +0 leather armour
  a +0 long sword
  a +0 long sword
(15, 9, Vaults:3)
  a +0 rapier
  a +0 ring mail
  a +0 dire flail
(24, 9, Vaults:3)
  a +0 shortbow
  7 arrows
(-25, 10, Vaults:3)
  a potion of brilliance
(1, 10, Vaults:3)
  a +0 ring mail
(23, 10, Vaults:3)
  a +0 long sword
  a +0 dagger
  a +0 long sword
  2 arrows
(24, 10, Vaults:3)
  a +1 dagger of venom
  a +0 robe
  a +2 vampiric rapier
  a cursed +0 leather armour
(22, 11, Vaults:3)
  4 arrows
(-9, 13, Vaults:3)
  a +3 great sword of flaming
(-5, 13, Vaults:3)
  a +0 dagger
  a +0 robe
  a +0 battleaxe
  a cursed +0 plate armour
(-4, 13, Vaults:3)
  a +0 dire flail
  a +0 dire flail
(-6, 14, Vaults:3)
  a +0 morningstar
  a cursed +0 ring mail
(-5, 14, Vaults:3)
  a +4 long sword of holy wrath
  a +0 chain mail
  a cursed -1 large shield
(-4, 15, Vaults:3)
  a +2 dire flail of crushing
  a +0 chain mail
(-15, 19, Vaults:3)
  a +0 morningstar
(18, 19, Vaults:3)
  a +0 leather armour
  a +0 short sword
(-16, 28, Vaults:3)
  a +0 dagger
  a +0 robe
(-15, 28, Vaults:3)
  a +0 giant spiked club
(-26, 33, Vaults:3)
  a +0 mace of draining
  a +0 scale mail
(-25, 36, Vaults:3)
  a +0 mace
  a +0 plate armour
(-17, 36, Vaults:3)
  a +0 morningstar
  a +0 scale mail
(-27, 37, Vaults:3)
  a +0 great mace
  a +0 plate armour
(-25, 37, Vaults:3)
  a +0 club
(-23, 38, Vaults:3)
  a +0 arbalest
  12 bolts
(-20, 39, Vaults:3)
  a bolt
(17, 39, Vaults:3)
  a cursed -3 falchion
(38, 43, Vaults:3)
  a +0 scale mail
(-18, 45, Vaults:3)
  a bolt of penetration
(-18, 46, Vaults:3)
  a bolt of penetration
(-13, 51, Vaults:3)
  a +0 arbalest
  10 bolts of penetration
(-2, 52, Vaults:3)
  a +0 dire flail
  a +0 ring mail
(24, 54, Vaults:3)
  31 bolts

Level 4 of the Vaults
(0, 0, Vaults:4)
  a +2 short sword of venom
(9, 0, Vaults:4)
  a bolt
  4 bolts of flame
(11, 0, Vaults:4)
  a bolt
  a bolt of flame
(16, 0, Vaults:4)
  a +0 arbalest
(-9, 1, Vaults:4)
  a +0 chain mail
(-8, 1, Vaults:4)
  a +0 arbalest
  15 bolts of flame
  a +4 battleaxe of freezing
  a +0 morningstar
  a +0 scale mail
(-7, 1, Vaults:4)
  a +0 ring mail
  a +0 falchion
(14, 1, Vaults:4)
  a +0 arbalest
  8 bolts
(-9, 2, Vaults:4)
  a +3 war axe of holy wrath
  a +0 plate armour
(-8, 2, Vaults:4)
  a +0 morningstar
  a +0 leather armour
  a +0 arbalest
  18 silver bolts
(-3, 9, Vaults:4)
  a +0 ring mail
  (unseen)
(-1, 9, Vaults:4)
  a potion of brilliance
(28, 9, Vaults:4)
  a +4 great sword of flaming
(-4, 11, Vaults:4)
  a +0 great sword
  a +0 plate armour
(-3, 11, Vaults:4)
  a +0 robe
  a +0 dagger
(7, 11, Vaults:4)
  30 stones
(-4, 13, Vaults:4)
  a +0 hat
(4, 13, Vaults:4)
  a +0 ring mail
  a +0 arbalest
  13 bolts of frost
  a +0 long sword
(26, 15, Vaults:4)
  a +0 scale mail
  a +2 dire flail of crushing
(-27, 16, Vaults:4)
  a +0 scale mail
  a +0 long sword
(-25, 16, Vaults:4)
  a +0 scale mail
  a +4 dire flail of draining
(27, 17, Vaults:4)
  a cursed -2 glaive
(-25, 18, Vaults:4)
  a +0 robe
  a +0 dagger
(-25, 19, Vaults:4)
  a +3 scale mail
  21 bolts
  a +0 morningstar
  a +0 arbalest
(-26, 20, Vaults:4)
  a +0 chain mail
  a +0 great sword
(-25, 20, Vaults:4)
  12 steel bolts
  a +0 arbalest
  a +0 leather armour
  a +0 dire flail
(-23, 20, Vaults:4)
  a bolt
(-7, 20, Vaults:4)
  a +0 dire flail
  a +0 great mace
(11, 20, Vaults:4)
  a +0 ring mail
  a +1 great sword of draining
(-22, 21, Vaults:4)
  a bolt
(-12, 21, Vaults:4)
  16 stones
(12, 22, Vaults:4)
  a +0 ring mail
  a cursed -3 long sword
(9, 25, Vaults:4)
  a large rock
(10, 25, Vaults:4)
  a +0 dire flail
  a +0 dire flail
(7, 26, Vaults:4)
  a +0 ring mail
  a +0 long sword
  a +0 arbalest
  16 bolts
(8, 26, Vaults:4)
  10 silver bolts
  a +0 arbalest
  a +0 great mace
  a +0 dire flail
(9, 26, Vaults:4)
  a large rock
  a cursed +0 club
(12, 27, Vaults:4)
  3 large rocks
(3, 28, Vaults:4)
  a cursed -2 club
  a +2 dagger of pain
  a +2 robe of the Archmagi
  a +0 dagger
  a +0 robe
(4, 28, Vaults:4)
  a +0 leather armour
  a +0 dagger
(0, 29, Vaults:4)
  a +0 scale mail
  a +0 long sword
  26 bolts
  a +0 arbalest
(2, 29, Vaults:4)
  a +2 leather armour of poison resistance
  a +0 mace
(3, 29, Vaults:4)
  a +0 chain mail
  a +3 great mace
(-40, 30, Vaults:4)
  11 bolts
  a +0 arbalest
(0, 30, Vaults:4)
  17 bolts of frost
  15 bolts
  a +0 arbalest
  a +0 arbalest
(10, 30, Vaults:4)
  a +0 scale mail
(-42, 31, Vaults:4)
  2 bolts
(-41, 31, Vaults:4)
  a bolt of frost
  a bolt
(-40, 31, Vaults:4)
  18 bolts
  a +0 arbalest
(-38, 31, Vaults:4)
  16 bolts of frost
  a +0 arbalest
(16, 36, Vaults:4)
  a +0 trident
(-12, 37, Vaults:4)
  a +0 ring mail
  a +0 flail
(19, 37, Vaults:4)
  a silver bolt
(20, 37, Vaults:4)
  a silver bolt
(-13, 41, Vaults:4)
  42 gold pieces
(-12, 41, Vaults:4)
  2 scrolls of fear
(-13, 42, Vaults:4)
  a +0 flail
(-12, 42, Vaults:4)
  a +3 ring mail
(26, 42, Vaults:4)
  a bolt
  a +0 club
  a +0 leather armour
  a +2 dagger of flaming
  a +0 robe
  a +0 mace
  a +0 ring mail
  a +0 war axe
(26, 43, Vaults:4)
  a +0 mace
  a +0 chain mail
  a +0 battleaxe
  a +0 chain mail
(-11, 44, Vaults:4)
  4 curare-tipped needles
(23, 44, Vaults:4)
  a +0 arbalest
  23 bolts
(13, 45, Vaults:4)
  a +2 dagger of electrocution
(-21, 46, Vaults:4)
  a +0 giant spiked club
(-20, 46, Vaults:4)
  a +0 giant club
  a +0 giant club
  a +0 giant club
  a +0 robe
  a cursed -3 giant club
(-19, 46, Vaults:4)
  a +0 morningstar of holy wrath
  a +0 leather armour
(13, 46, Vaults:4)
  a +0 great sword
  a +0 chain mail
  a wand of lightning (0)
  a +2 vampiric hand axe
  a +0 plate armour
(14, 46, Vaults:4)
  a +0 war axe of flaming
  a +0 ring mail
(-7, 48, Vaults:4)
  a +0 club
(-34, 51, Vaults:4)
  a potion of poison
(-24, 52, Vaults:4)
  a troll hide
  a troll hide
(-24, 56, Vaults:4)
  a +0 shortbow

Level 1 of the Depths
(0, 0, Depths:1)
  4 fruits
(-9, 5, Depths:1)
  a book of Summonings

