Sanguine

Level 1 of the Dungeon
(0, 0, D:1)
  19 stones
(22, 1, D:1)
  a +0 pair of boots
(23, 5, D:1)
  11 stones
(-17, 8, D:1)
  21 stones
(-11, 11, D:1)
  a +0 scale mail
(-7, 15, D:1)
  a +0 chain mail
(-23, 20, D:1)
  14 arrows
(12, 21, D:1)
  14 stones
(-10, 26, D:1)
  3 stones
(-15, 30, D:1)
  a +0 dagger
(-10, 36, D:1)
  18 sling bullets
(-20, 41, D:1)
  a +0 club
(37, 41, D:1)
  a +0 club
(15, 44, D:1)
  a +0 leather armour
(30, 59, D:1)
  a +0 dagger

Level 2 of the Dungeon
(0, 0, D:2)
  19 bolts
(-2, 6, D:2)
  a +0 club
(44, 6, D:2)
  a +0 rapier
(-5, 12, D:2)
  14 stones
(27, 16, D:2)
  a +0 dagger
(26, 17, D:2)
  a +0 club
(38, 18, D:2)
  a +0 short sword
(37, 20, D:2)
  a stone
(-8, 24, D:2)
  a +0 club
(13, 44, D:2)
  a +0 dagger
(39, 57, D:2)
  a stone
(42, 57, D:2)
  a stone

Level 3 of the Dungeon
(0, 0, D:3)
  a +0 robe
(-38, 3, D:3)
  an uncursed staff of cold
(-12, 6, D:3)
  15 stones
(-9, 11, D:3)
  a tomahawk
(-8, 13, D:3)
  a tomahawk
(-5, 13, D:3)
  a +0 flail
  a +0 leather armour
(-8, 15, D:3)
  a +0 dagger
  a +0 robe
(-6, 16, D:3)
  a +0 whip
(-13, 17, D:3)
  a +0 short sword
(-11, 17, D:3)
  a tomahawk
(-9, 17, D:3)
  a tomahawk
(-8, 17, D:3)
  a +0 dagger
  a +0 robe
(6, 18, D:3)
  a +0 helmet
(-34, 19, D:3)
  a +0 club
(10, 20, D:3)
  a +0 mace
(-2, 21, D:3)
  a +0 buckler
(-3, 22, D:3)
  a scroll of noise
(-20, 25, D:3)
  19 stones
(-18, 36, D:3)
  a +0 pair of boots
(-11, 49, D:3)
  a +0 long sword

Level 4 of the Dungeon
(0, 0, D:4)
  a +0 ring mail
  a cursed +0 morningstar
(-11, 3, D:4)
  a +0 robe
(30, 12, D:4)
  a +0 hand axe
(31, 13, D:4)
  a +0 robe
  a +0 dagger of draining
(32, 13, D:4)
  a +0 scale mail
  a +0 hand axe
(56, 17, D:4)
  a +0 club
(13, 18, D:4)
  a +0 dagger
  a +0 robe
(15, 21, D:4)
  a +0 dagger
  a +0 robe
(16, 26, D:4)
  a +0 short sword
(61, 33, D:4)
  a +0 robe
(-12, 37, D:4)
  a +0 animal skin
(-11, 38, D:4)
  a +0 animal skin
  a +0 animal skin
  18 stones
(4, 39, D:4)
  a +0 robe
  a +0 whip of freezing
(7, 46, D:4)
  a +0 flail
(57, 46, D:4)
  a +2 vampiric dagger
(7, 47, D:4)
  a +0 robe
  a +0 dagger
(9, 47, D:4)
  a cursed +0 robe
  a +0 dagger of speed
(7, 48, D:4)
  a +0 leather armour
  a +0 club
(-4, 49, D:4)
  a cursed -3 club
  a +0 leather armour
(-2, 49, D:4)
  a +0 dagger
  a +0 robe
(-4, 50, D:4)
  a +0 dagger
  a +0 robe

Level 5 of the Dungeon
[Shop] Strapry's Weapon Boutique
  6 steel sling bullets (126 gold)
  a +0 flail (49 gold)
  a +4 shortbow of flaming (383 gold)
  the +2 rapier of Doom {pierce, rElec} (420 gold)
    It inflicts extra damage upon your enemies.
    
    It insulates you from electricity.
  17 stones (23 gold)
  a +0 mace (42 gold)
  13 stones (18 gold)
  a cursed +0 short sword (28 gold)
  24 arrows (67 gold)
  a +0 blowgun (35 gold)
  a +4 rapier of venom (375 gold)
  17 arrows (47 gold)
  20 bolts (56 gold)
(11, 3, D:5)
  a +0 long sword
(-3, 20, D:5)
  17 stones
(-17, 22, D:5)
  a +0 ring mail
(-15, 26, D:5)
  a +0 long sword
(-25, 27, D:5)
  7 arrows
(16, 28, D:5)
  a scroll of immolation
  a scroll of noise
(18, 31, D:5)
  2 potions of decay
  a potion of degeneration
(-10, 54, D:5)
  a +0 giant club
(-6, 56, D:5)
  a +0 ring mail

Level 6 of the Dungeon
(0, 0, D:6)
  20 sling bullets
(22, 3, D:6)
  a +0 dagger
(6, 7, D:6)
  16 stones
(8, 8, D:6)
  a +0 hand axe
(-2, 17, D:6)
  a -6 ring of dexterity
(8, 18, D:6)
  a +0 club
(-1, 23, D:6)
  a +0 war axe
(20, 24, D:6)
  27 stones
(45, 28, D:6)
  a +0 robe
(22, 30, D:6)
  a +0 leather armour
(-6, 32, D:6)
  6 javelins
(1, 37, D:6)
  a +0 chain mail
(-10, 44, D:6)
  a cursed +0 chain mail
(-7, 46, D:6)
  a +0 dagger

Level 7 of the Dungeon
(0, 0, D:7)
  18 stones
(0, 2, D:7)
  a +0 hand axe
(-1, 3, D:7)
  a +0 hand axe
(1, 3, D:7)
  a +0 hand axe
(0, 4, D:7)
  a +0 hand axe
(2, 4, D:7)
  a +0 trident
(1, 5, D:7)
  12 gold pieces
(7, 18, D:7)
  a +0 rapier
(11, 21, D:7)
  a +0 pair of boots

the Ecumenical Temple

a bailey
(0, 0, Bailey)
  a tomahawk of returning
(0, 7, Bailey)
  a tomahawk of returning
(0, 8, Bailey)
  3 tomahawks of returning
  (unseen)
(-2, 9, Bailey)
  a tomahawk of returning
(-1, 9, Bailey)
  2 tomahawks of returning
(2, 9, Bailey)
  a tomahawk of returning
(4, 9, Bailey)
  a tomahawk of returning
(-2, 10, Bailey)
  2 tomahawks of returning
(-1, 10, Bailey)
  a +0 war axe
  (unseen)
(0, 10, Bailey)
  a +0 hand axe
  (unseen)
(2, 10, Bailey)
  3 tomahawks of returning
(4, 10, Bailey)
  3 tomahawks of returning
(-1, 11, Bailey)
  2 tomahawks of returning

