Sanguine

Level 1 of the Dungeon
(0, 0, D:1)
  a +1 whip of venom
(-3, 1, D:1)
  a +0 club
(31, 6, D:1)
  a +0 club
(18, 7, D:1)
  a +0 club
(29, 7, D:1)
  a +0 short sword
(20, 9, D:1)
  a +0 club
(41, 11, D:1)
  a +0 club
(23, 12, D:1)
  a +0 club
  a stone
(11, 14, D:1)
  15 stones
(25, 14, D:1)
  a +1 mace
(3, 18, D:1)
  a +0 dagger
(14, 29, D:1)
  a +0 club
(39, 30, D:1)
  a +0 leather armour

Level 2 of the Dungeon
(0, 0, D:2)
  23 gold pieces
(-1, 1, D:2)
  a wand of polymorph (10)
(0, 1, D:2)
  a scroll of identify
(2, 1, D:2)
  13 gold pieces
(-9, 12, D:2)
  8 stones
(-11, 15, D:2)
  15 stones
(3, 21, D:2)
  a +0 club
(2, 22, D:2)
  a +0 dagger
  a +0 club
(-22, 25, D:2)
  a +0 club
(-21, 25, D:2)
  a +0 club
  a +0 club
  4 stones
(-3, 28, D:2)
  a +0 dagger
(-30, 30, D:2)
  a +0 falchion
(-20, 39, D:2)
  a chunk of flesh

