Sanguine

Level 1 of the Dungeon
(0, 13, D:1)
  a stone
(1, 14, D:1)
  a stone
(23, 17, D:1)
  a +0 hand axe
(42, 17, D:1)
  a +0 short sword
(42, 25, D:1)
  a +0 dagger
(42, 26, D:1)
  a +0 club
(56, 28, D:1)
  a +0 robe
(18, 32, D:1)
  a +0 dagger
(36, 45, D:1)
  a +0 club
(39, 51, D:1)
  a cursed -3 club
(17, 52, D:1)
  24 bolts

Level 2 of the Dungeon
(0, 0, D:2)
  a +0 dagger
(-3, 3, D:2)
  a cursed -2 club
(12, 6, D:2)
  a cursed -3 club
(-5, 31, D:2)
  a +0 club
(-12, 34, D:2)
  a beef jerky
(11, 34, D:2)
  a +0 club
(12, 39, D:2)
  a +0 quarterstaff

