Sanguine

Level 1 of the Dungeon
(0, 0, D:1)
  7 gold pieces
(-14, 5, D:1)
  a meat ration
(-31, 11, D:1)
  24 darts
(-3, 11, D:1)
  a +0 ring mail
(-26, 12, D:1)
  a royal jelly
(8, 19, D:1)
  a +1 club
(-6, 20, D:1)
  a +0 scale mail
(3, 21, D:1)
  a +0 robe
(-22, 23, D:1)
  a +0 club (still there?)
  a +0 club (still there?)
  a goblin skeleton (still there?)
(-5, 31, D:1)
  a ball python skeleton
(-24, 34, D:1)
  a giant newt corpse
(-21, 35, D:1)
  a giant cockroach corpse
(-28, 38, D:1)
  a potion of might
(-24, 39, D:1)
  a giant cockroach corpse
(-25, 41, D:1)
  a kobold corpse
(-17, 42, D:1)
  2 gold pieces
(-28, 43, D:1)
  15 gold pieces
(-28, 44, D:1)
  12 gold pieces

Level 2 of the Dungeon
(0, 0, D:2)
  a scroll of fog
(-4, 3, D:2)
  14 poisoned needles
(0, 3, D:2)
  a scroll of amnesia
(6, 3, D:2)
  a slice of pizza

