Asterion

Level 1 of the Dungeon
(0, 0, D:1)
  a stone
(5, 0, D:1)
  a +0 dagger
(7, 0, D:1)
  9 stones
(-33, 7, D:1)
  a +0 short sword
(-10, 9, D:1)
  a +0 short sword
(-38, 11, D:1)
  a +0 mace
(-15, 11, D:1)
  a cursed -3 club
(-11, 11, D:1)
  a stone
(-51, 20, D:1)
  a +0 robe
(-3, 23, D:1)
  a +0 hand axe
(15, 25, D:1)
  a +0 hand axe
(-31, 26, D:1)
  a +0 club
(-10, 26, D:1)
  a +0 hand axe
(-11, 27, D:1)
  a +0 dagger
(-31, 28, D:1)
  a throwing net
(18, 28, D:1)
  19 stones
(-45, 33, D:1)
  a +0 club
(9, 34, D:1)
  12 stones
(-52, 49, D:1)
  a +0 short sword

Level 2 of the Dungeon
(0, 0, D:2)
  a +0 dagger
(-34, 2, D:2)
  a +0 club
(-15, 12, D:2)
  a +0 hunting sling
(-50, 18, D:2)
  a +0 dagger

Level 3 of the Dungeon
(0, 0, D:3)
  7 stones
(-8, 9, D:3)
  a scroll of identify
(-6, 13, D:3)
  a +0 robe
(-1, 14, D:3)
  a +0 hunting sling
(-8, 16, D:3)
  a scroll of fog

