Sanguine

Level 1 of the Dungeon
(0, 0, D:1)
  a +0 mace
(15, 1, D:1)
  a +0 club
(-3, 2, D:1)
  a +0 club
(-26, 8, D:1)
  a +0 chain mail
(-20, 10, D:1)
  a +0 mace
(-1, 17, D:1)
  a +0 hand axe
(4, 18, D:1)
  a +0 ring mail
(7, 22, D:1)
  22 stones
(-15, 27, D:1)
  a +0 club
(-9, 27, D:1)
  24 bolts
(-2, 28, D:1)
  a +0 dagger
(-3, 29, D:1)
  a +0 club
(-18, 35, D:1)
  a +0 club
(10, 35, D:1)
  a +0 dagger

Level 2 of the Dungeon
(0, 0, D:2)
  a +0 whip
(-2, 2, D:2)
  a +0 club
(32, 18, D:2)
  a +0 club (still there?)
  a goblin corpse (still there?)
(28, 20, D:2)
  a cursed -3 club
(30, 20, D:2)
  a +0 dagger
  a +0 club
  a +0 dagger
  a goblin corpse
  a hobgoblin corpse
  a goblin corpse
(0, 23, D:2)
  a +0 dagger
(7, 26, D:2)
  a +0 hunting sling
(2, 30, D:2)
  25 stones

