Draco

Level 1 of the Dungeon
(0, 0, D:1)
  15 sling bullets
(-8, 2, D:1)
  a +0 dagger
(1, 6, D:1)
  a +0 ring mail
(2, 10, D:1)
  a stone
(3, 11, D:1)
  a stone
(4, 11, D:1)
  a +0 dagger
  a stone
(6, 11, D:1)
  a +0 leather armour
(4, 12, D:1)
  a stone
(33, 14, D:1)
  a +0 robe
(-11, 20, D:1)
  a +0 leather armour
(8, 20, D:1)
  16 sling bullets
(1, 26, D:1)
  a cursed +0 club
(22, 28, D:1)
  a +0 dagger
(0, 29, D:1)
  a stone
(-1, 31, D:1)
  a stone
(18, 35, D:1)
  a +0 spear
(26, 37, D:1)
  a +0 spear
(11, 38, D:1)
  a +0 club
(24, 38, D:1)
  21 stones
(22, 39, D:1)
  a +0 chain mail

Level 2 of the Dungeon
(-36, 7, D:2)
  a +0 short sword
(-36, 8, D:2)
  a stone
(-34, 11, D:2)
  a stone
(-35, 13, D:2)
  a stone
(0, 14, D:2)
  a jackal skeleton
(-29, 19, D:2)
  a +0 dagger
(-8, 35, D:2)
  a +0 spear
(-26, 37, D:2)
  a +0 pair of boots
(-30, 45, D:2)
  11 poisoned needles
(-4, 45, D:2)
  12 poisoned needles
(16, 46, D:2)
  10 poisoned needles
(-42, 48, D:2)
  a +0 whip
(-1, 48, D:2)
  23 stones

Level 3 of the Dungeon
(0, 0, D:3)
  a +0 leather armour
  a +0 short sword
  a +0 short sword
  a +0 flail
  a kobold corpse (skeletalised by now)
  an orc corpse (skeletalised by now)
  an orc corpse (skeletalised by now)
  an orc corpse (skeletalised by now)
(1, 0, D:3)
  a +0 ring mail
  2 tomahawks of returning
  a +0 whip
  a +0 hand axe
(10, 11, D:3)
  a +0 leather armour
  a +0 short sword
(-4, 12, D:3)
  a +0 dagger
(20, 13, D:3)
  an adder skeleton (still there?)
  a jackal corpse (skeletalised by now) (still there?)
(-3, 20, D:3)
  9 poisoned sling bullets
(-1, 32, D:3)
  14 poisoned needles

