Asterion

Level 1 of the Dungeon
(0, 0, D:1)
  19 stones
(-50, 8, D:1)
  a +0 hand axe
(-41, 9, D:1)
  a +0 animal skin
(-16, 12, D:1)
  22 stones
(-12, 18, D:1)
  a +0 club
(-50, 20, D:1)
  22 sling bullets
(-19, 21, D:1)
  21 bolts

Level 2 of the Dungeon
(0, 0, D:2)
  a +0 club
(39, 7, D:2)
  7 javelins
(8, 8, D:2)
  7 tomahawks
(-22, 9, D:2)
  a +0 hunting sling
(-16, 9, D:2)
  24 stones
(39, 10, D:2)
  9 stones
(5, 11, D:2)
  a +0 trident
(24, 11, D:2)
  a +0 short sword
(-11, 12, D:2)
  17 stones
(6, 17, D:2)
  a +0 leather armour
(20, 18, D:2)
  a +0 dagger
(-19, 24, D:2)
  a stone
(8, 25, D:2)
  19 stones
(-19, 26, D:2)
  a stone
  a +0 club
(-8, 31, D:2)
  a +0 club
  a stone
(-5, 32, D:2)
  a stone
(-3, 33, D:2)
  a stone

Level 3 of the Dungeon
(0, 0, D:3)
  a +0 quarterstaff
(-7, 1, D:3)
  a +0 dagger
(37, 2, D:3)
  3 stones
(-14, 5, D:3)
  a +0 club
(20, 11, D:3)
  a +0 hand axe
(21, 11, D:3)
  a +0 club
(37, 12, D:3)
  a +0 hand axe
(-6, 13, D:3)
  a +0 spear
(-12, 14, D:3)
  a +0 club
(-10, 15, D:3)
  a cursed +0 whip
  a +0 scale mail
(-6, 16, D:3)
  25 bolts
(21, 19, D:3)
  12 poisoned needles
(-6, 21, D:3)
  a +0 dagger
(1, 28, D:3)
  22 sling bullets
(8, 38, D:3)
  a stone
(-21, 48, D:3)
  20 stones
(-9, 49, D:3)
  a cursed +0 dagger
(-13, 52, D:3)
  a +0 leather armour

Level 4 of the Dungeon
(0, 0, D:4)
  a +1 robe of magic resistance
(-15, 2, D:4)
  a +0 leather armour
(18, 2, D:4)
  18 stones
(13, 3, D:4)
  a +0 leather armour
(-17, 4, D:4)
  a cursed -2 large shield
(9, 6, D:4)
  a +0 club
(5, 7, D:4)
  a +0 whip
(10, 8, D:4)
  a +0 chain mail
(21, 18, D:4)
  16 stones
(-16, 19, D:4)
  a +0 short sword
(-17, 20, D:4)
  a +0 dagger
(-12, 24, D:4)
  15 stones
(35, 26, D:4)
  the +8 storm bow {elec}
    It charges the ammunition it shoots with electricity; occasionally upon a
    hit, such missiles may discharge and cause terrible harm.

Level 5 of the Dungeon
(0, 0, D:5)
  a +0 dagger
(32, 5, D:5)
  a +0 falchion
  a +0 ring mail
  a +0 hand axe
  a +0 mace
(32, 6, D:5)
  a +0 trident of piercing
  a +0 ring mail
(-3, 13, D:5)
  26 arrows
(0, 14, D:5)
  a +0 trident
(18, 20, D:5)
  a +0 giant club
(-3, 23, D:5)
  26 sling bullets
(39, 33, D:5)
  a +0 short sword
(30, 38, D:5)
  a +0 ring mail
(9, 39, D:5)
  a +0 dagger
(9, 41, D:5)
  a +0 war axe
  a +0 ring mail
(10, 41, D:5)
  a +0 dagger
  a cursed +0 robe
(9, 45, D:5)
  a cursed +0 robe

Level 6 of the Dungeon
(0, 0, D:6)
  a +0 helmet
(-11, 4, D:6)
  a +0 ring mail
(-10, 8, D:6)
  a +0 hunting sling
  5 stones
(-10, 11, D:6)
  a stone
(7, 11, D:6)
  a +0 trident
(-10, 14, D:6)
  2 stones
(-20, 15, D:6)
  15 stones
(-11, 15, D:6)
  a stone
(-11, 17, D:6)
  a +0 leather armour
(-11, 25, D:6)
  a +0 shortbow
  22 arrows
(9, 25, D:6)
  23 sling bullets
(-18, 26, D:6)
  a +0 leather armour
(-31, 27, D:6)
  22 bolts
(25, 32, D:6)
  20 arrows
(-29, 34, D:6)
  a +0 cutlass of venom
(-28, 34, D:6)
  a +0 hand axe
(-24, 36, D:6)
  a +0 blowgun
  4 curare-tipped needles
(-19, 36, D:6)
  a curare-tipped needle

Level 7 of the Dungeon
(0, 0, D:7)
  a +0 robe
(3, 3, D:7)
  a +0 leather armour
(5, 3, D:7)
  a +0 plate armour
(-22, 8, D:7)
  a +0 buckler
(-20, 8, D:7)
  17 stones
(-5, 8, D:7)
  a +0 trident
  a +0 robe
(-11, 20, D:7)
  a +0 dagger
  a +0 ring mail
(22, 21, D:7)
  20 stones
(-19, 22, D:7)
  25 stones
(17, 31, D:7)
  a throwing net
(18, 32, D:7)
  a +0 giant spiked club
(9, 33, D:7)
  a +0 chain mail
(-24, 40, D:7)
  25 stones
(19, 40, D:7)
  a +0 dagger
(-19, 42, D:7)
  a +0 long sword
(2, 49, D:7)
  a +0 dagger
(14, 49, D:7)
  21 stones
(-1, 51, D:7)
  a +0 giant spiked club
(16, 53, D:7)
  10 poisoned needles

Level 8 of the Dungeon
(0, 0, D:8)
  a +0 animal skin
  a +0 animal skin
(1, 0, D:8)
  a +0 mace
  a +0 robe
(31, 2, D:8)
  a +0 whip
(-17, 8, D:8)
  27 stones
(-17, 10, D:8)
  a +0 leather armour
(-13, 10, D:8)
  a +0 robe
  a +1 spear
  a +0 robe
(-14, 11, D:8)
  a +0 halberd
  a +0 robe
(0, 11, D:8)
  21 stones
(4, 12, D:8)
  a sling bullet
(-4, 13, D:8)
  a +0 giant club
  a +0 giant club
(3, 13, D:8)
  a sling bullet
(1, 15, D:8)
  a sling bullet
(-1, 17, D:8)
  a +0 quarterstaff
  a +0 hunting sling
  18 sling bullets
  a +0 leather armour
(26, 19, D:8)
  a scroll of noise
(25, 20, D:8)
  a +0 flail of protection
(4, 29, D:8)
  a +0 animal skin
(-11, 37, D:8)
  an arrow
(-10, 37, D:8)
  an arrow
(-16, 38, D:8)
  a +0 dagger
  a +0 cloak
(-15, 38, D:8)
  a +0 shortbow of evasion
  16 arrows
(-12, 38, D:8)
  2 arrows
(-7, 38, D:8)
  an arrow

Level 9 of the Dungeon
(0, 0, D:9)
  a +0 giant spiked club
  a +0 giant club
(17, 8, D:9)
  a +0 chain mail
(25, 9, D:9)
  a +0 club
(4, 10, D:9)
  a +0 shortbow
  13 arrows
(17, 11, D:9)
  a +0 falchion
(40, 11, D:9)
  a cursed -3 hand axe
(1, 12, D:9)
  an arrow
(2, 12, D:9)
  an arrow
(24, 17, D:9)
  6 tomahawks
  a potion of degeneration
(-9, 32, D:9)
  a +0 cloak
(-6, 34, D:9)
  a +0 ring mail
(23, 37, D:9)
  a cursed +0 hand axe
(26, 37, D:9)
  a tomahawk
(27, 37, D:9)
  a tomahawk
(24, 38, D:9)
  a +0 ring mail
(7, 39, D:9)
  a cursed staff of air
(20, 40, D:9)
  a tomahawk
  a +0 falchion
(20, 41, D:9)
  a cursed -1 leather armour
  a +0 flail
  a +0 hand axe
(19, 42, D:9)
  2 tomahawks
  a +0 whip

Level 10 of the Dungeon
(0, 0, D:10)
  a +0 whip
(1, 0, D:10)
  a +0 falchion
(3, 0, D:10)
  a +0 giant spiked club
(13, 0, D:10)
  a +0 chain mail
(-3, 1, D:10)
  24 stones
(-11, 7, D:10)
  a +0 dagger of draining
  a +0 robe
(6, 7, D:10)
  a +0 shortbow
  15 arrows of flame
(6, 9, D:10)
  an arrow of flame
(9, 9, D:10)
  21 bolts
(-37, 10, D:10)
  a +0 dagger
(1, 10, D:10)
  a +0 ring mail
(2, 10, D:10)
  a +0 short sword
  a +0 leather armour
  a +5 dagger of electrocution
  a +0 robe
(3, 10, D:10)
  a +0 club
  a +0 club
(5, 10, D:10)
  an arrow of flame
(12, 11, D:10)
  a +0 scimitar
  20 stones
  a +0 chain mail
(-17, 12, D:10)
  a +0 dagger
  a +0 robe
(11, 13, D:10)
  a stone
(9, 14, D:10)
  a +0 hand axe
  a +0 chain mail
(-18, 16, D:10)
  a +0 dagger
(-2, 16, D:10)
  22 stones
(9, 16, D:10)
  3 stones
(12, 16, D:10)
  a scroll of noise
(4, 17, D:10)
  a +0 club
(8, 18, D:10)
  a stone
(-30, 20, D:10)
  a cursed -2 trident
  a cursed +0 robe
(-27, 20, D:10)
  a +0 robe of fire resistance
  a +1 dagger of venom
(3, 20, D:10)
  a +0 dagger
  a +0 robe
(4, 21, D:10)
  a +0 morningstar
  a +0 robe
(-27, 22, D:10)
  a +0 robe
  a +0 dagger
(11, 22, D:10)
  a +0 dagger
  a +0 robe
(-27, 23, D:10)
  a cursed +0 leather armour
(-26, 23, D:10)
  a +0 leather armour
  4 tomahawks
  a +0 dagger
(-1, 25, D:10)
  a +0 ring mail
  2 throwing nets
  a +0 long sword
(7, 25, D:10)
  a +0 dagger of chaos
  a +0 robe
(1, 26, D:10)
  a throwing net
(7, 26, D:10)
  a +0 giant club
(-25, 27, D:10)
  a +0 trident
(-7, 27, D:10)
  a +0 robe
  a +0 dagger
(1, 28, D:10)
  a +1 antimagic dire flail
(7, 33, D:10)
  a +0 flail

Level 11 of the Dungeon
(0, 0, D:11)
  a +0 mace
  a +0 battleaxe
  a cursed -1 chain mail
(1, 0, D:11)
  a +0 great sword
  a +1 leather armour of fire resistance
  3 javelins
(1, 1, D:11)
  a +0 club
  a +0 dagger
  a +0 robe
  a +0 dagger
  a +0 robe
(2, 1, D:11)
  a javelin
(-10, 12, D:11)
  a +0 giant club
(-9, 13, D:11)
  a +0 falchion of holy wrath
  a +0 club
  a +0 leather armour
  a +0 dagger
  a +0 robe
(-9, 14, D:11)
  a +0 dagger
  a +0 robe
(-3, 23, D:11)
  5 javelins
(-3, 35, D:11)
  9 poisoned needles
(-7, 36, D:11)
  a scroll of immolation
(-14, 39, D:11)
  a +0 whip
  a +0 robe

Level 1 of the Lair of Beasts

