Sanguine

Level 1 of the Dungeon
(0, 0, D:1)
  a +0 chain mail
(22, 3, D:1)
  a +0 short sword
(24, 4, D:1)
  a +0 mace
(27, 4, D:1)
  a +0 club
(33, 10, D:1)
  a +0 chain mail
(22, 16, D:1)
  a +0 club
(-12, 18, D:1)
  a cursed -1 club
(-6, 18, D:1)
  a cursed -3 short sword
(-4, 20, D:1)
  a +0 pair of gloves
(26, 26, D:1)
  9 poisoned needles
(-3, 27, D:1)
  a +0 pair of gloves
(-6, 42, D:1)
  a cursed -2 club
(-5, 43, D:1)
  2 throwing nets
(3, 43, D:1)
  a +0 leather armour
(33, 44, D:1)
  a +0 dagger
  a +0 dagger
(28, 47, D:1)
  16 stones
(29, 56, D:1)
  a +0 dagger

Level 2 of the Dungeon
(0, 0, D:2)
  a +0 dagger
(-11, 1, D:2)
  a +0 club
(-15, 4, D:2)
  a +0 short sword
(-5, 9, D:2)
  a +0 club
(-25, 10, D:2)
  a +0 club
(-23, 10, D:2)
  a +0 club
  a +0 dagger
  a +0 club
  a +0 dagger
  a +0 club
(-4, 10, D:2)
  14 stones
(-5, 11, D:2)
  a +0 mace
(-21, 13, D:2)
  a +0 club
  a +0 animal skin
(-19, 14, D:2)
  a +0 club
(-9, 16, D:2)
  an uncursed amulet of resist mutation
(-19, 20, D:2)
  a +0 ring mail
(-43, 25, D:2)
  16 arrows
(-44, 26, D:2)
  a +0 leather armour
(-11, 35, D:2)
  a +0 club
(-10, 35, D:2)
  a +0 club
(-18, 38, D:2)
  24 stones
(-24, 43, D:2)
  a +0 whip
(-44, 48, D:2)
  a cursed +0 leather armour
(-69, 58, D:2)
  a +0 club
(-64, 58, D:2)
  a stone
(-67, 59, D:2)
  a cursed -2 hunting sling
  4 stones
(-65, 59, D:2)
  a stone
  a +0 robe

Level 3 of the Dungeon
(0, 0, D:3)
  a +0 dagger
  a +0 robe
(1, 1, D:3)
  a +0 club
  a +0 leather armour
(2, 1, D:3)
  a +0 dagger
(32, 3, D:3)
  a cursed -1 short sword
(34, 8, D:3)
  a +0 leather armour
(17, 9, D:3)
  a +0 mace
  a +0 scale mail
(15, 11, D:3)
  a +0 club
(28, 20, D:3)
  a +0 hunting sling
(11, 29, D:3)
  a cursed +0 robe
(28, 32, D:3)
  a +1 pair of gloves
(32, 34, D:3)
  a +0 dagger
(15, 35, D:3)
  a +0 dagger
  3 stones
(40, 35, D:3)
  a +0 hunting sling
(7, 36, D:3)
  a +0 whip
(10, 40, D:3)
  a +0 leather armour
(14, 40, D:3)
  7 stones
(18, 40, D:3)
  a +0 chain mail of cold resistance

Level 4 of the Dungeon
(0, 0, D:4)
  a +0 hand axe
(10, 7, D:4)
  a +0 dagger
  a +0 robe
  a +0 whip
  a +0 chain mail of positive energy

