Asterion

Level 1 of the Dungeon
(-56, 10, D:1)
  a +0 dagger
(-40, 11, D:1)
  a cursed -3 club
(-56, 14, D:1)
  2 stones
(-38, 20, D:1)
  a +0 dagger
(-39, 36, D:1)
  a +0 club
(-24, 37, D:1)
  a +0 dagger
(-33, 38, D:1)
  10 stones
(-27, 43, D:1)
  a +0 club

Level 2 of the Dungeon
(0, 0, D:2)
  a +0 mace
(7, 3, D:2)
  17 arrows
(40, 7, D:2)
  a +0 hunting sling
(39, 12, D:2)
  22 arrows
(14, 14, D:2)
  a +0 whip
(-5, 17, D:2)
  a +0 short sword
(-6, 18, D:2)
  a +0 mace
(-11, 20, D:2)
  a +0 club
(4, 47, D:2)
  a +0 club
  a +0 robe
(4, 51, D:2)
  a +0 club

Level 3 of the Dungeon
(0, 0, D:3)
  a +0 club
(-1, 6, D:3)
  a stone
(-1, 10, D:3)
  a stone
(0, 10, D:3)
  a rat corpse
(-1, 11, D:3)
  a stone
(-1, 14, D:3)
  a +0 hunting sling
  7 stones

