Sanguine

Level 1 of the Dungeon
(0, 0, D:1)
  a +0 whip of venom
(5, 10, D:1)
  a +0 dagger
(22, 12, D:1)
  19 arrows
(9, 14, D:1)
  a +0 dagger
(30, 15, D:1)
  a +0 hand axe of venom
(33, 17, D:1)
  a +0 leather armour
(26, 18, D:1)
  a +0 short sword
(36, 18, D:1)
  a +0 leather armour
(25, 19, D:1)
  a +0 dagger
(-4, 20, D:1)
  25 stones
(4, 21, D:1)
  a +0 hand axe
(21, 23, D:1)
  a stone
(7, 25, D:1)
  a +0 hunting sling
(5, 27, D:1)
  a stone
(12, 28, D:1)
  a +0 dagger

Level 2 of the Dungeon
(0, 0, D:2)
  a +0 leather armour
(6, 3, D:2)
  a +0 leather armour
(1, 4, D:2)
  a +0 short sword
  2 stones
(11, 5, D:2)
  a +0 club
(20, 5, D:2)
  a +0 club
(1, 7, D:2)
  a stone
(-11, 8, D:2)
  a cursed +0 dagger
(-15, 13, D:2)
  a +0 short sword
(11, 16, D:2)
  a +0 spear
(-10, 17, D:2)
  16 stones
(-6, 22, D:2)
  a +0 dagger
(-16, 31, D:2)
  7 stones
(8, 33, D:2)
  a +0 spear
(7, 36, D:2)
  a cursed -3 short sword
(16, 36, D:2)
  a +0 spear
(6, 47, D:2)
  17 stones

Level 3 of the Dungeon
(0, 0, D:3)
  a +0 club
(8, 1, D:3)
  a +0 chain mail
(18, 2, D:3)
  a +0 club
(-13, 4, D:3)
  a +0 club
(-12, 4, D:3)
  16 arrows
(0, 5, D:3)
  a +0 hand axe
(22, 5, D:3)
  a tomahawk
(-7, 6, D:3)
  a +0 flail
  a +0 leather armour
(21, 6, D:3)
  a +0 trident
  a +0 leather armour
  2 tomahawks
(11, 7, D:3)
  a +0 war axe
(21, 7, D:3)
  a +0 leather armour
(0, 11, D:3)
  a cursed -3 dagger
(-8, 12, D:3)
  a +0 whip
  a +0 leather armour
(18, 12, D:3)
  a +0 robe
  a +0 scythe
(6, 13, D:3)
  24 arrows
(-12, 15, D:3)
  a +0 chain mail
(-4, 15, D:3)
  21 arrows of frost
(-4, 20, D:3)
  a +0 short sword
(8, 21, D:3)
  a +0 whip
(-4, 22, D:3)
  a stone
(-5, 23, D:3)
  a stone
(26, 27, D:3)
  a +0 club
(27, 27, D:3)
  a cursed +0 club
(25, 29, D:3)
  a +0 dagger
(26, 31, D:3)
  a +0 whip
(3, 33, D:3)
  18 sling bullets
(5, 37, D:3)
  a +0 dagger
(20, 40, D:3)
  a +0 club

Level 4 of the Dungeon
(0, 0, D:4)
  20 stones
(1, 1, D:4)
  a +1 hat
(3, 2, D:4)
  a -1 pair of gloves
(8, 8, D:4)
  22 stones

Level 5 of the Dungeon
(0, 0, D:5)
  a +0 club
(4, 3, D:5)
  9 gold pieces
(0, 5, D:5)
  13 sling bullets
(0, 6, D:5)
  a +0 robe
(6, 20, D:5)
  a +0 whip
(-3, 21, D:5)
  a scroll of identify
(-2, 21, D:5)
  18 gold pieces
(7, 21, D:5)
  9 gold pieces
(5, 22, D:5)
  a +0 trident
(7, 26, D:5)
  a scroll of identify

Level 6 of the Dungeon
(0, 0, D:6)
  a scroll of identify
(-1, 4, D:6)
  a jackal corpse

