Asterion

Level 1 of the Dungeon
(0, 0, D:1)
  30 stones
(-16, 3, D:1)
  a +0 short sword
(42, 7, D:1)
  a +0 whip
(18, 8, D:1)
  a +0 club
(25, 11, D:1)
  a +0 whip
(22, 21, D:1)
  a +0 dagger
(49, 33, D:1)
  22 sling bullets

Level 2 of the Dungeon
(0, 0, D:2)
  12 bolts
(-13, 16, D:2)
  a +0 club
(18, 16, D:2)
  a +0 club
(3, 18, D:2)
  a +0 leather armour
(-18, 19, D:2)
  a +0 halberd
(40, 19, D:2)
  a cursed -3 club
(24, 24, D:2)
  a +0 animal skin
(25, 36, D:2)
  a +0 club

Level 3 of the Dungeon
(0, 0, D:3)
  a +0 club
(0, 5, D:3)
  a +0 club
(-19, 8, D:3)
  16 arrows
(24, 11, D:3)
  12 stones
(-4, 13, D:3)
  a +0 club
(6, 14, D:3)
  a +0 club
(17, 15, D:3)
  a hobgoblin skeleton
(2, 18, D:3)
  a +0 whip
(15, 19, D:3)
  a +0 whip
  a +0 whip
  a +0 leather armour
(16, 19, D:3)
  a +0 flail
  a +0 dagger
(12, 23, D:3)
  a scroll of identify
(24, 26, D:3)
  a +0 club
(12, 27, D:3)
  5 gold pieces
(39, 27, D:3)
  a +0 club
  a cursed +0 ring mail
  a +0 dagger
  a +0 robe
(39, 29, D:3)
  a +0 club
(21, 31, D:3)
  a scroll of remove curse
(14, 32, D:3)
  2 gold pieces

