Asterion

Level 1 of the Dungeon
(0, 0, D:1)
  a +0 scale mail
(-21, 4, D:1)
  a +0 club
(-21, 7, D:1)
  a +0 leather armour
(-7, 9, D:1)
  a +0 dagger of venom
(-5, 9, D:1)
  a +0 dagger
(25, 18, D:1)
  9 poisoned needles
(-37, 23, D:1)
  a +0 club
(-29, 24, D:1)
  21 stones
(15, 24, D:1)
  10 stones
(-7, 26, D:1)
  a +2 whip of electrocution
(-11, 27, D:1)
  a +0 animal skin
(-13, 30, D:1)
  a +0 club
(9, 38, D:1)
  a cursed -3 club
(0, 41, D:1)
  19 arrows
(-11, 43, D:1)
  a +0 dagger

Level 2 of the Dungeon
(0, 0, D:2)
  a stone
(1, 2, D:2)
  3 stones
(-15, 4, D:2)
  a +0 dagger
(-37, 12, D:2)
  a +0 dagger
(-17, 12, D:2)
  a stone
(-43, 17, D:2)
  a +0 club
(-41, 26, D:2)
  15 sling bullets
(-8, 38, D:2)
  a +0 dagger
  a +0 leather armour
(-4, 40, D:2)
  a +0 club
(-24, 49, D:2)
  a cursed -2 club
(-32, 61, D:2)
  13 stones

Level 3 of the Dungeon
(0, 0, D:3)
  a +0 ring mail
(54, 2, D:3)
  a +0 spear
(-9, 6, D:3)
  17 stones
  2 throwing nets
(4, 9, D:3)
  7 stones
(23, 11, D:3)
  a +0 spear
(23, 15, D:3)
  24 stones
(5, 16, D:3)
  a +0 war axe
  a +0 chain mail
  a +0 dagger
(6, 16, D:3)
  a +0 dagger
(16, 20, D:3)
  a +0 mace
(21, 24, D:3)
  a +0 leather armour
(48, 25, D:3)
  14 stones
(19, 34, D:3)
  a +0 club
(11, 36, D:3)
  a +0 spear
(19, 37, D:3)
  a poisoned needle
(13, 38, D:3)
  a +0 dagger
  a +0 blowgun
  9 poisoned needles
(14, 38, D:3)
  a potion of brilliance
(15, 38, D:3)
  a poisoned needle
(16, 38, D:3)
  a poisoned needle
(17, 38, D:3)
  a poisoned needle
(16, 40, D:3)
  a stone
(19, 42, D:3)
  a +0 short sword
(36, 44, D:3)
  a +0 scale mail
(44, 44, D:3)
  a +0 rapier
(-6, 47, D:3)
  Sif Muna's Catalogue of the Entourage
    Spells                             Type                      Level
     a - Summon Butterflies           Summoning                     1
    
    
    Trog disapproves of the use of such an item.
(-2, 47, D:3)
  a +0 dagger
(36, 48, D:3)
  a +0 buckler
(-2, 53, D:3)
  a +0 dagger
  a +0 robe
(-5, 56, D:3)
  a cursed -1 dagger
  a +0 robe

Level 4 of the Dungeon
(0, 0, D:4)
  a cursed +0 chain mail
  a +1 dagger of speed
(15, 5, D:4)
  a +0 morningstar
  a +0 mace
(15, 6, D:4)
  a +0 flail
(-33, 17, D:4)
  a +0 club
(25, 22, D:4)
  a +0 club
(30, 22, D:4)
  a +0 mace
(31, 22, D:4)
  a +0 whip
  a +0 chain mail
(32, 22, D:4)
  a +0 club
(3, 23, D:4)
  a +0 flail
(-13, 26, D:4)
  a +0 whip
(0, 28, D:4)
  a +0 club
(8, 31, D:4)
  13 stones
(-2, 32, D:4)
  a +0 club
(-6, 34, D:4)
  18 sling bullets
(4, 41, D:4)
  3 stones
  a cursed -2 whip
(0, 47, D:4)
  a +0 ring mail
  a +0 short sword
  a +0 falchion
  a +0 robe
  a +0 dagger
(1, 47, D:4)
  a +0 mace

Level 5 of the Dungeon
(0, 0, D:5)
  a potion of poison
  3 scrolls of noise
  a +0 whip of electrocution
(-32, 2, D:5)
  a +0 dagger
(-20, 2, D:5)
  a +0 rapier
(-35, 3, D:5)
  a +0 robe
(0, 6, D:5)
  a +0 hand axe
  a +0 hand axe
(1, 6, D:5)
  a +0 chain mail
  a +0 battleaxe
(-23, 8, D:5)
  a +0 halberd
(-1, 10, D:5)
  a +0 spear
(-7, 11, D:5)
  a +0 club
(4, 12, D:5)
  an arrow
(10, 12, D:5)
  a +0 shortbow
  12 arrows
(6, 13, D:5)
  2 arrows
(8, 13, D:5)
  an arrow
(-28, 17, D:5)
  a +0 dagger
  a +0 animal skin
(18, 17, D:5)
  a cursed -1 giant club
(17, 19, D:5)
  a cursed +0 halberd
(-25, 26, D:5)
  an uncursed ring of ice
(-27, 28, D:5)
  a +0 shortbow
  12 arrows
(-1, 28, D:5)
  a +0 whip
(2, 28, D:5)
  a +0 spear
(-27, 29, D:5)
  the +5 rapier of the Bear {pain, -Cast +Rage rN+ MR+ Str-5}
    In the hands of one skilled in necromantic magic, it inflicts extra damage
    on living creatures.
    
    It affects your strength (-5).
    It protects you from negative energy.
    It affects your resistance to hostile enchantments.
    It lets you go berserk.
    It prevents spellcasting.
(-20, 29, D:5)
  a +0 club
(-19, 30, D:5)
  the +1 leather armour of Xom's Whim {+Fly Regen+ rCorr Str-4 SInv}
    It affects your strength (-4).
    It enhances your eyesight.
    It lets you fly.
    It increases your rate of regeneration.
    It protects you from acid and corrosion.
  a +0 leather armour
(-20, 31, D:5)
  a +0 dagger
  a +0 robe
(7, 32, D:5)
  a +0 spear
(8, 32, D:5)
  a +1 whip of electrocution
  a +2 spear of pain
  a +0 ring mail
(11, 32, D:5)
  a +0 whip
(12, 32, D:5)
  a +0 whip
  a +0 spear
(13, 32, D:5)
  a cursed -1 flail
(5, 34, D:5)
  23 bolts
(9, 34, D:5)
  a +0 halberd
(12, 34, D:5)
  a +0 spear
(13, 34, D:5)
  a +0 spear
(9, 35, D:5)
  a cursed -1 whip
(11, 36, D:5)
  a +0 spear
(25, 39, D:5)
  a +0 spear
(26, 39, D:5)
  a +0 halberd
(27, 39, D:5)
  a +0 spear
(18, 41, D:5)
  a +0 club
  a +0 robe
  a +0 spear
(10, 42, D:5)
  a +0 flail
(11, 42, D:5)
  23 stones
(10, 43, D:5)
  a +0 spear
(25, 43, D:5)
  a +0 spear
(12, 44, D:5)
  a +0 spear
(-3, 45, D:5)
  a +4 longbow of flaming
(3, 45, D:5)
  a +0 whip
(4, 45, D:5)
  a +0 whip
(10, 45, D:5)
  a +0 spear
(24, 45, D:5)
  a +0 club
(13, 47, D:5)
  3 scrolls of noise
(17, 49, D:5)
  a +0 spear
(20, 49, D:5)
  a +0 whip
(25, 49, D:5)
  a +0 spear
(25, 50, D:5)
  a +1 halberd of venom
(26, 50, D:5)
  a +0 spear
(4, 55, D:5)
  17 stones
(27, 55, D:5)
  13 poisoned needles

Level 6 of the Dungeon
(0, 0, D:6)
  a +0 flail
(4, 1, D:6)
  a +0 falchion
(-3, 5, D:6)
  a +0 club
(-15, 6, D:6)
  14 stones
(-3, 6, D:6)
  a +0 spear
(-2, 6, D:6)
  a +0 dagger
  a +0 robe
  a +0 dagger
  a +2 robe of magic resistance
(7, 6, D:6)
  a +0 dagger
  a +0 robe
(-3, 7, D:6)
  a +0 dagger
  a +0 robe
  a +1 halberd of venom
(-2, 7, D:6)
  a +0 hand axe
  a +0 leather armour
(4, 8, D:6)
  a +0 leather armour
(5, 8, D:6)
  a +0 scimitar
  a +0 chain mail
(-18, 9, D:6)
  a +0 spear
(4, 9, D:6)
  a +0 dagger
(-17, 10, D:6)
  a +0 halberd
(-14, 11, D:6)
  a throwing net
(-8, 13, D:6)
  a +0 hand axe
(-9, 14, D:6)
  a cursed +0 leather armour
(-35, 20, D:6)
  a potion of brilliance
(3, 25, D:6)
  a +0 scale mail
(-32, 27, D:6)
  a +0 club
(-28, 31, D:6)
  16 stones
(8, 31, D:6)
  a +0 robe
(-21, 34, D:6)
  a +0 club
  a +0 ring mail
(-20, 34, D:6)
  a +0 flail
(-20, 35, D:6)
  a +0 scimitar
  a +0 chain mail
(-20, 36, D:6)
  a +0 short sword
  a +0 ring mail
(-36, 43, D:6)
  17 sling bullets

Level 7 of the Dungeon
(0, 0, D:7)
  a +0 ring mail
(-8, 2, D:7)
  a +0 chain mail
(-32, 3, D:7)
  a +0 club
(-3, 4, D:7)
  17 stones
(-9, 5, D:7)
  14 stones
(-24, 7, D:7)
  a +0 whip
(-23, 7, D:7)
  a +0 flail
  a cursed -2 whip
  a +0 robe
  a +0 spear
(-22, 7, D:7)
  a +2 flail of protection
(15, 7, D:7)
  a +0 club
(-22, 8, D:7)
  a +0 halberd
(4, 8, D:7)
  14 stones
(17, 10, D:7)
  an arrow
(16, 11, D:7)
  3 arrows
(19, 11, D:7)
  an arrow
(20, 11, D:7)
  an arrow
(22, 11, D:7)
  an arrow
(24, 11, D:7)
  a +0 shortbow
  24 arrows
(15, 13, D:7)
  a cursed +0 ring mail
(-14, 15, D:7)
  an arrow
(-12, 15, D:7)
  an arrow
(-9, 15, D:7)
  an arrow
(-6, 15, D:7)
  a +0 shortbow
  7 arrows
(0, 18, D:7)
  18 stones
(-32, 20, D:7)
  a +0 giant club
(-31, 21, D:7)
  a +0 giant club
(5, 43, D:7)
  a +1 great sword
  a cursed +0 robe
(5, 44, D:7)
  a +0 robe
(6, 44, D:7)
  a +3 trident
  a +0 robe
(7, 44, D:7)
  a +0 giant club
(-23, 46, D:7)
  a +0 shortbow
  15 arrows
(-3, 50, D:7)
  a +0 spear
(21, 50, D:7)
  a +0 pair of boots
(-10, 56, D:7)
  a +1 antimagic morningstar
  the -1 mace "Heplavi" {drain, Dex+3}
    A truly terrible weapon, it drains the life of those it strikes.
    
    It affects your dexterity (+3).
(18, 56, D:7)
  a +0 hand axe
  a +0 animal skin
(24, 56, D:7)
  16 arrows

Level 8 of the Dungeon
(0, 0, D:8)
  a +0 ring mail
(19, 3, D:8)
  a +0 plate armour
  a +0 battleaxe
(20, 3, D:8)
  a cursed +0 dagger
(21, 3, D:8)
  a +0 mace
(39, 10, D:8)
  a +0 shortbow
  17 arrows
(38, 14, D:8)
  an arrow
(25, 24, D:8)
  a +0 flail
  a cursed -2 trident
(25, 25, D:8)
  a +0 mace
  a +0 dagger
  a +0 robe
(33, 41, D:8)
  a +0 leather armour
(39, 44, D:8)
  a +0 leather armour
(2, 51, D:8)
  a +0 dagger
  a +0 blowgun
  3 poisoned needles
(-4, 52, D:8)
  a stone
(-1, 52, D:8)
  a stone
(0, 52, D:8)
  a poisoned needle
(1, 52, D:8)
  a +2 antimagic dire flail
  a stone
  a +0 dagger
(2, 52, D:8)
  a poisoned needle
(-8, 54, D:8)
  a +0 triple sword
(0, 55, D:8)
  a stone
(0, 56, D:8)
  a stone

Level 9 of the Dungeon
(0, 0, D:9)
  a +0 dagger
  a +0 leather armour
(-42, 14, D:9)
  a +0 trident
(-41, 14, D:9)
  a +0 chain mail
  a cursed -1 hand axe
  a +2 robe of cold resistance
  a +0 dagger of chaos
(-38, 14, D:9)
  a +0 leather armour
  a +0 dagger
(-37, 14, D:9)
  a +0 plate armour
  a +0 glaive
(-42, 15, D:9)
  a cursed +0 robe
  a +0 dagger
(-40, 23, D:9)
  a +1 spear of chaos
  a +2 dagger of chaos
(-40, 24, D:9)
  a +0 dagger of chaos
(-40, 25, D:9)
  a +0 spear of chaos
  a +1 spear of chaos
(-39, 25, D:9)
  a +1 spear of chaos
  a +1 dagger of chaos
(-37, 25, D:9)
  a +2 dagger of chaos
(7, 26, D:9)
  a +0 scimitar of electrocution
(-37, 27, D:9)
  a +1 dagger of chaos
  a +0 spear of chaos
(-29, 28, D:9)
  a +0 robe
(-33, 36, D:9)
  3 tomahawks of dispersal
(-19, 52, D:9)
  a potion of poison

Level 10 of the Dungeon
(0, 0, D:10)
  a +0 club
(12, 1, D:10)
  a +0 whip
(10, 8, D:10)
  a +0 dagger
(17, 19, D:10)
  a +0 leather armour
  a +0 morningstar
  a +0 hand axe
(18, 19, D:10)
  a +0 ring mail
  a +0 robe
  a +0 dagger
(-6, 20, D:10)
  8 arrows
(-6, 23, D:10)
  a +0 giant club
  a +0 giant spiked club
(15, 32, D:10)
  a +0 hand axe
  a +0 leather armour
(16, 32, D:10)
  a +0 falchion
(-7, 33, D:10)
  a +0 short sword
  2 stones
(15, 33, D:10)
  a +0 plate armour
  a +0 scimitar
(35, 33, D:10)
  a +4 dire flail of protection
  a wand of random effects (29)
  a wand of frost (16)
  a wand of cold (7)
  a wand of magic darts (31)
  a wand of fire (0)
  a +0 club
(-9, 35, D:10)
  a stone
(-10, 37, D:10)
  a stone
(22, 37, D:10)
  13 stones
(-10, 38, D:10)
  a stone
(-13, 41, D:10)
  a +0 rapier
(5, 41, D:10)
  a +0 spear
(0, 45, D:10)
  a scroll of noise
(-2, 46, D:10)
  a +0 spear
(-3, 47, D:10)
  a +0 spear
(-2, 47, D:10)
  a +0 spear
(-4, 48, D:10)
  a +0 club
(-4, 49, D:10)
  a +4 greatsling of flaming
(22, 49, D:10)
  18 arrows
(-4, 51, D:10)
  a +0 scale mail
(34, 52, D:10)
  9 arrows
(-26, 54, D:10)
  19 arrows of frost
(-16, 56, D:10)
  a +0 dagger
(25, 57, D:10)
  a scroll of immolation

Level 11 of the Dungeon
(0, 0, D:11)
  a +0 plate armour
(7, 2, D:11)
  a potion of poison
(19, 5, D:11)
  a +0 robe
  a +0 dagger
(10, 18, D:11)
  a +0 war axe
(-11, 21, D:11)
  15 poisoned arrows
(31, 23, D:11)
  a +2 antimagic great mace
  a +0 flail
(-4, 29, D:11)
  a +0 club
(9, 33, D:11)
  11 poisoned needles
(2, 35, D:11)
  a +0 battleaxe
(6, 37, D:11)
  a +1 ring mail of cold resistance
  a +0 buckler of protection
  a +0 long sword
  a +1 battleaxe of freezing
(22, 39, D:11)
  a +0 shortbow
  5 arrows of dispersal
(23, 39, D:11)
  a +0 shortbow
  14 arrows
(24, 39, D:11)
  a +0 shortbow
  19 arrows
(22, 40, D:11)
  a +0 shortbow
  a +0 shortbow
  28 arrows
(23, 40, D:11)
  2 arrows
(28, 40, D:11)
  an arrow
(19, 50, D:11)
  22 stones
(11, 62, D:11)
  17 stones

Level 12 of the Dungeon
(0, 0, D:12)
  a scroll of noise
(0, 10, D:12)
  a +0 shortbow
  15 arrows
(-1, 12, D:12)
  an arrow
(-2, 13, D:12)
  an arrow
(-27, 16, D:12)
  3 large rocks
(-28, 19, D:12)
  a large rock
(3, 21, D:12)
  a +0 battleaxe
(-25, 23, D:12)
  a +0 shortbow
  14 poisoned arrows
(-21, 23, D:12)
  an arrow
(-25, 24, D:12)
  a cursed -2 shortbow
  22 arrows
(-24, 24, D:12)
  a +0 shortbow
  6 arrows
(-23, 24, D:12)
  a poisoned arrow
  a +0 shortbow
  13 arrows
(-21, 24, D:12)
  2 arrows
(15, 29, D:12)
  9 arrows
  a +0 shortbow
(-26, 30, D:12)
  a poisoned arrow
(-31, 31, D:12)
  3 poisoned arrows
(15, 31, D:12)
  an arrow
(-31, 32, D:12)
  a +0 dagger
  a +0 robe
(-30, 32, D:12)
  3 poisoned arrows
(-21, 34, D:12)
  16 poisoned sling bullets
(-29, 35, D:12)
  a poisoned arrow
(-5, 35, D:12)
  a +2 pair of boots
(17, 36, D:12)
  a +0 giant club
(-28, 37, D:12)
  a +3 longbow of flaming
  12 poisoned arrows
  a cursed +0 centaur barding
(15, 37, D:12)
  an arrow
(20, 39, D:12)
  a +1 vampiric battleaxe
(-26, 42, D:12)
  a +1 dagger of speed
  a +0 scale mail
  a +0 short sword
(-25, 44, D:12)
  a +0 war axe
  a cursed -2 dagger
  a +0 robe

Level 13 of the Dungeon
(0, 0, D:13)
  a +0 short sword
(1, 0, D:13)
  a large rock
(2, 0, D:13)
  a large rock
(4, 0, D:13)
  a +0 whip
(7, 0, D:13)
  3 stones
(8, 0, D:13)
  a +0 short sword
  a +0 short sword
  a stone
(9, 0, D:13)
  a +0 whip
  a +0 short sword
  4 stones
(-3, 1, D:13)
  a large rock
(4, 2, D:13)
  2 large rocks
(7, 10, D:13)
  a +0 flail
(8, 10, D:13)
  a +0 short sword
  a cursed -3 mace
(9, 10, D:13)
  a +0 mace
  a +0 flail
(-2, 22, D:13)
  a +0 war axe
(21, 30, D:13)
  22 stones
(-3, 31, D:13)
  a cursed -1 giant spiked club
(-2, 31, D:13)
  a +0 giant club
(-1, 31, D:13)
  a +7 long sword
(0, 31, D:13)
  13 stones
(-1, 32, D:13)
  a +5 long sword
(-21, 34, D:13)
  a +0 mace
  a +2 scimitar of flaming
  a +1 robe of magic resistance
(4, 36, D:13)
  a +0 shortbow
(3, 37, D:13)
  a +0 scimitar
(-5, 39, D:13)
  a +0 giant club
(-20, 42, D:13)
  a poisoned arrow
(-24, 44, D:13)
  a +2 hand axe of flaming
(-21, 45, D:13)
  an arrow
(-18, 46, D:13)
  a poisoned arrow
(-17, 47, D:13)
  a poisoned arrow
(6, 47, D:13)
  a +0 giant spiked club
  a +0 giant club
(-16, 48, D:13)
  6 arrows
(-14, 48, D:13)
  a +0 shortbow
  11 arrows
(-17, 49, D:13)
  a +0 shortbow
  7 poisoned arrows
(-16, 49, D:13)
  a +0 shortbow
  24 arrows
(-14, 49, D:13)
  a +0 shortbow
  16 arrows

Level 14 of the Dungeon
(0, 0, D:14)
  a +0 ring mail
(8, 0, D:14)
  5 curare-tipped needles
(-6, 1, D:14)
  26 arrows
(4, 1, D:14)
  a fire dragon hide
(-1, 4, D:14)
  a +0 giant club
(-12, 5, D:14)
  an arrow
(5, 5, D:14)
  a +0 scimitar
  a +0 robe
  a cursed +2 falchion of freezing
  a +0 robe
(6, 5, D:14)
  a +1 dagger
  a +0 robe
(-12, 7, D:14)
  a large rock
  a +0 shortbow
  22 arrows
(-6, 17, D:14)
  21 stones
(9, 17, D:14)
  2 fruits

Level 1 of the Orcish Mines
[Shop] Gaaduimp's General Store
  a +0 falchion (48 gold)
  a bread ration (80 gold)
  a scroll of remove curse (48 gold)
  an uncursed ring of protection from cold (400 gold)
  a scroll of blinking (120 gold)
  3 large rocks (33 gold)
  an uncursed staff of fire (400 gold)
  a +3 plate armour of cold resistance (720 gold)
  a scroll of identify (32 gold)
  a potion of haste (160 gold)
(0, 0, Orc:1)
  a +0 club
(0, 1, Orc:1)
  a +0 ring mail
(-18, 2, Orc:1)
  a +0 chain mail
(6, 9, Orc:1)
  a +0 hand axe
(8, 9, Orc:1)
  a +0 flail
(6, 10, Orc:1)
  a cursed -3 giant spiked club
(7, 10, Orc:1)
  a +0 robe
  a +0 dagger of speed
  a +0 hand axe
  a +0 scale mail
(8, 10, Orc:1)
  a cursed -2 ring mail
  a +0 club
(-7, 11, Orc:1)
  a +0 leather armour
(-10, 31, Orc:1)
  a +0 short sword
(-10, 32, Orc:1)
  a +0 robe
  a cursed +0 dagger
(-11, 33, Orc:1)
  a +0 leather armour
  a cursed -2 whip
(-10, 33, Orc:1)
  a +0 leather armour
  a +0 mace
(-9, 33, Orc:1)
  a +1 robe of resistance
  a cursed -2 dagger
(-37, 35, Orc:1)
  a wand of cold (8)
  a wand of lightning (6)
  a potion of degeneration
  2 scrolls of random uselessness
(-20, 42, Orc:1)
  a +0 trident
  a +0 leather armour

Level 2 of the Orcish Mines
(0, 0, Orc:2)
  a +0 flail
  a +0 short sword
  a +0 hand axe
(1, 0, Orc:2)
  a +0 whip
(2, 0, Orc:2)
  a +0 scale mail
  a +0 hand axe
  a +0 chain mail
(-7, 1, Orc:2)
  a tomahawk
  a +0 flail
(-5, 1, Orc:2)
  a +0 leather armour
  a +0 trident
(2, 1, Orc:2)
  a +0 dagger
  a cursed -3 falchion
  a +0 ring mail
(2, 2, Orc:2)
  a cursed +0 leather armour
  a +0 club
  a +0 flail
(-8, 4, Orc:2)
  a tomahawk
(-11, 7, Orc:2)
  3 tomahawks
  a +0 mace
(-4, 16, Orc:2)
  a +0 hand axe
  a +0 hand axe
  5 silver tomahawks
  a cursed +0 ring mail
  a +0 ring mail
(-3, 16, Orc:2)
  a +0 mace
  a +0 war axe
(-2, 16, Orc:2)
  a +0 flail
(-4, 17, Orc:2)
  a +0 chain mail
  a +0 flail
(-2, 17, Orc:2)
  a +0 flail
  a +0 robe
  a +0 dagger
(-1, 17, Orc:2)
  a +0 robe
  a +0 dagger
(-4, 18, Orc:2)
  a +0 leather armour
  a +0 flail
  a +0 leather armour
  a +0 flail
  a +0 leather armour
  a +0 morningstar
(-3, 18, Orc:2)
  a +0 scale mail
  a +0 club
  a +0 trident
(3, 18, Orc:2)
  a cursed +0 chain mail
  a +0 club
(-4, 19, Orc:2)
  a +0 leather armour
  a +0 hand axe of electrocution
(-3, 19, Orc:2)
  4 poisoned tomahawks
  a +0 dagger
(1, 19, Orc:2)
  a +0 robe
  a +0 dagger
(3, 19, Orc:2)
  a +0 robe
  a +0 dagger
(-3, 20, Orc:2)
  a +0 club
(0, 20, Orc:2)
  a +0 dagger
(-5, 23, Orc:2)
  a +0 leather armour
(-26, 41, Orc:2)
  a +0 dagger
(31, 41, Orc:2)
  a +0 club
(-25, 42, Orc:2)
  a +0 leather armour
(-23, 42, Orc:2)
  a +0 giant club
(-24, 43, Orc:2)
  a tomahawk
(-23, 43, Orc:2)
  2 tomahawks
(-22, 43, Orc:2)
  a cursed -1 flail
  a +0 war axe
(-23, 44, Orc:2)
  a +0 dagger
  a +0 ring mail
(-22, 44, Orc:2)
  a +0 club

Level 3 of the Orcish Mines
(0, 0, Orc:3)
  a +0 giant club
(-11, 3, Orc:3)
  a +0 mace
  a +0 club
  a +0 leather armour
(-10, 3, Orc:3)
  a +0 club
  a +0 flail
  a +0 mace
(-9, 3, Orc:3)
  a +0 scale mail
(-10, 4, Orc:3)
  a +0 club
(-9, 4, Orc:3)
  a +0 ring mail
  a +0 mace
(-10, 5, Orc:3)
  a +0 whip
(-10, 6, Orc:3)
  a +0 short sword of speed
(11, 6, Orc:3)
  a +6 dire flail of protection
(10, 7, Orc:3)
  a +0 leather armour
(12, 7, Orc:3)
  a +0 dagger
  a +0 robe
(10, 8, Orc:3)
  a +4 hand axe
(11, 8, Orc:3)
  a +0 scimitar
  a +0 chain mail
(12, 8, Orc:3)
  a +0 hand axe
(1, 10, Orc:3)
  a +0 club
  a +0 ring mail
  a +0 short sword
  a +0 club
(7, 18, Orc:3)
  a +0 flail
  a cursed +0 ring mail
(18, 25, Orc:3)
  a +0 giant club
(19, 25, Orc:3)
  a +0 dagger of venom
(21, 34, Orc:3)
  a +0 club

Level 4 of the Orcish Mines
(-3, 1, Orc:4)
  a +0 war axe of chopping
  (unseen)
(-2, 1, Orc:4)
  a +0 long sword
  (unseen)
(-3, 2, Orc:4)
  a +1 antimagic battleaxe
(-2, 3, Orc:4)
  a +0 hand axe
  (unseen)

Level 1 of the Lair of Beasts
(0, 0, Lair:1)
  a +0 hunting sling
(34, 3, Lair:1)
  a +0 trident
(16, 11, Lair:1)
  a +0 robe
(13, 14, Lair:1)
  a -2 ring of dexterity
(23, 20, Lair:1)
  an uncursed ring of magical power
(-14, 24, Lair:1)
  a +0 flail
(18, 26, Lair:1)
  a cursed +0 whip
(23, 27, Lair:1)
  a +0 robe
(21, 33, Lair:1)
  a +0 trident
(-7, 37, Lair:1)
  a +0 robe
(19, 40, Lair:1)
  a +0 buckler
(-14, 46, Lair:1)
  a potion of poison
(31, 46, Lair:1)
  25 stones
(15, 48, Lair:1)
  a +0 shortbow
(3, 50, Lair:1)
  a +0 leather armour
(5, 50, Lair:1)
  a +0 quarterstaff
  a +0 short sword

Level 2 of the Lair of Beasts
(0, 0, Lair:2)
  19 arrows
(21, 1, Lair:2)
  7 poisoned needles
(-6, 3, Lair:2)
  a +0 hunting sling
(-26, 8, Lair:2)
  25 stones
(-19, 11, Lair:2)
  a +0 dagger
(-21, 15, Lair:2)
  a +0 plate armour
(2, 22, Lair:2)
  8 needles of paralysis
(-24, 23, Lair:2)
  a +0 club
(19, 41, Lair:2)
  a +2 antimagic war axe
(-8, 44, Lair:2)
  20 arrows of frost
(17, 44, Lair:2)
  2 scrolls of amnesia
  a +0 helmet
(-6, 45, Lair:2)
  a +0 helmet
(15, 47, Lair:2)
  a cursed staff of wizardry
  an uncursed staff of earth
  a +1 morningstar of freezing
  a +0 pair of gloves

Level 3 of the Lair of Beasts
(0, 0, Lair:3)
  15 arrows of flame
(1, 3, Lair:3)
  a scroll of vulnerability
(20, 22, Lair:3)
  27 sling bullets
(13, 41, Lair:3)
  a +5 ring of intelligence

Level 4 of the Lair of Beasts
(0, 0, Lair:4)
  13 arrows
(-27, 11, Lair:4)
  a +0 ring mail
(-2, 14, Lair:4)
  a +0 leather armour
(-5, 24, Lair:4)
  a +0 spear
(-5, 27, Lair:4)
  16 stones
(-53, 30, Lair:4)
  16 stones
(-5, 41, Lair:4)
  a +0 pair of gloves
(-33, 49, Lair:4)
  a +0 great sword
(-1, 54, Lair:4)
  17 stones

Level 5 of the Lair of Beasts
(0, 0, Lair:5)
  a +0 war axe
(-49, 1, Lair:5)
  20 stones
(-46, 1, Lair:5)
  a +0 lajatang
(-37, 8, Lair:5)
  a +0 blowgun
(3, 9, Lair:5)
  20 stones
(-7, 11, Lair:5)
  a potion of poison
(-41, 12, Lair:5)
  22 arrows
(-6, 20, Lair:5)
  21 stones
(-30, 22, Lair:5)
  24 arrows
(-20, 27, Lair:5)
  a scroll of vulnerability
(-15, 47, Lair:5)
  a +0 helmet
(-54, 52, Lair:5)
  a +0 scale mail
(-25, 55, Lair:5)
  a cursed ring of teleportation

Level 6 of the Lair of Beasts
(0, 0, Lair:6)
  a +0 dagger
(32, 3, Lair:6)
  a +0 battleaxe of distortion
  a +0 ring mail
(29, 5, Lair:6)
  a scroll of immolation
  a potion of berserk rage
  a scroll of vulnerability
  a +2 whip of electrocution
(23, 6, Lair:6)
  a +0 mace
(11, 9, Lair:6)
  a +0 leather armour
(42, 21, Lair:6)
  a +0 rapier
(66, 24, Lair:6)
  a +0 hand crossbow
(8, 25, Lair:6)
  22 stones
(19, 30, Lair:6)
  4 needles of sleeping
  (unseen)
(65, 32, Lair:6)
  22 sling bullets
(2, 34, Lair:6)
  a +0 robe
(72, 36, Lair:6)
  21 stones
(40, 45, Lair:6)
  a +0 war axe
(22, 46, Lair:6)
  a +0 mace
(20, 53, Lair:6)
  the -3 ring mail of Vexation {rC+ MR+ Slay+2}
    It affects your accuracy and damage with ranged weapons and melee attacks
    (+2).
    It protects you from cold.
    It affects your resistance to hostile enchantments.
(53, 53, Lair:6)
  23 sling bullets

