Sanguine

Level 1 of the Dungeon
(0, 0, D:1)
  a +0 club
(20, 6, D:1)
  a +0 club
(-6, 7, D:1)
  a +0 leather armour
(21, 9, D:1)
  a +2 short sword of freezing
(12, 20, D:1)
  a +0 hunting sling
(-18, 24, D:1)
  a +0 club
(47, 24, D:1)
  a +0 ring mail
(23, 25, D:1)
  10 arrows
(-12, 26, D:1)
  a +0 club
(-14, 28, D:1)
  a stone
(-9, 30, D:1)
  a +0 dagger
(-4, 31, D:1)
  23 bolts
(-10, 33, D:1)
  14 poisoned needles
(13, 34, D:1)
  a +0 pair of boots
(12, 36, D:1)
  14 stones
(-7, 41, D:1)
  19 stones

Level 2 of the Dungeon
(0, 0, D:2)
  a potion of curing
(-2, 2, D:2)
  a scroll of remove curse
(2, 3, D:2)
  20 bolts
(8, 25, D:2)
  a +1 dagger of speed
  a +0 leather armour
(5, 29, D:2)
  a +0 club
(10, 30, D:2)
  a +0 naga barding

