Sanguine

Level 1 of the Dungeon
(0, 0, D:1)
  4 large rocks
(-10, 2, D:1)
  a +0 robe
(-34, 10, D:1)
  a +0 dagger
(-34, 14, D:1)
  a stone
(7, 14, D:1)
  a +0 club
(-34, 16, D:1)
  a stone
(-33, 18, D:1)
  a +0 club
(-29, 35, D:1)
  a +0 dagger
(-39, 42, D:1)
  a +0 leather armour
(4, 44, D:1)
  22 stones
(6, 44, D:1)
  a stone
(11, 44, D:1)
  a cursed +0 short sword
(-4, 51, D:1)
  11 arrows of frost
(-32, 57, D:1)
  a stone
(-36, 58, D:1)
  a +0 dagger
(-29, 58, D:1)
  a stone

Level 2 of the Dungeon
(0, 0, D:2)
  a +0 club
  a +0 robe
(37, 2, D:2)
  a stone
(7, 4, D:2)
  a +0 club
(31, 5, D:2)
  a +0 club
(14, 6, D:2)
  a +0 short sword
(36, 7, D:2)
  a +0 dagger
(32, 24, D:2)
  a +0 ring mail
(45, 25, D:2)
  20 stones
(47, 26, D:2)
  10 stones
(6, 32, D:2)
  a +0 club

Level 3 of the Dungeon
(0, 0, D:3)
  a +0 leather armour
(-19, 5, D:3)
  25 stones
(-15, 10, D:3)
  a bat skeleton
(-7, 12, D:3)
  a +0 long sword
(6, 19, D:3)
  12 stones
(4, 27, D:3)
  17 stones
(-18, 33, D:3)
  a +0 ring mail
(1, 36, D:3)
  a +0 dagger

