Sanguine

Level 1 of the Dungeon
(0, 0, D:1)
  18 sling bullets
(-24, 3, D:1)
  a +0 dagger
(-16, 14, D:1)
  a +0 short sword
(-18, 16, D:1)
  25 arrows
(13, 19, D:1)
  a +0 club
(-30, 27, D:1)
  a +0 robe
(-21, 30, D:1)
  2 chunks of goblin flesh (rotten by now)
(-31, 31, D:1)
  11 arrows of flame
(-4, 37, D:1)
  a +0 short sword
(-16, 39, D:1)
  a +0 club
  2 stones
(-19, 41, D:1)
  a stone
(-18, 41, D:1)
  a stone
(-29, 44, D:1)
  a +0 dagger
(-12, 45, D:1)
  19 stones

Level 2 of the Dungeon
(0, 0, D:2)
  a +0 dagger
(-19, 1, D:2)
  a +0 robe
(-1, 4, D:2)
  a cursed +0 leather armour
(-1, 6, D:2)
  a +0 dagger
(-10, 7, D:2)
  a +0 leather armour
(-15, 11, D:2)
  5 tomahawks
(-25, 19, D:2)
  a +0 hunting sling
(-27, 20, D:2)
  a +0 pair of boots
(-26, 24, D:2)
  a +0 plate armour
(-28, 27, D:2)
  a +0 short sword
(-9, 34, D:2)
  a +0 club

