Sanguine

Level 1 of the Dungeon
(0, 0, D:1)
  a +0 hand axe
(2, 2, D:1)
  a +0 leather armour
(-21, 14, D:1)
  16 sling bullets
(-20, 14, D:1)
  a +0 short sword
(-30, 16, D:1)
  a +0 dagger
(-11, 16, D:1)
  a +0 dagger
(7, 16, D:1)
  a +0 club
(-23, 18, D:1)
  a +0 club
(-25, 30, D:1)
  a +0 dagger
(-8, 30, D:1)
  a stone
(-7, 33, D:1)
  a +0 dagger
(-3, 35, D:1)
  a +0 leather armour
(-22, 37, D:1)
  a +0 short sword
(-21, 45, D:1)
  10 bolts of frost
(7, 45, D:1)
  a stone
(8, 45, D:1)
  a stone
(9, 45, D:1)
  a stone

Level 2 of the Dungeon
(0, 0, D:2)
  a +0 short sword
(1, 4, D:2)
  a stone
(18, 9, D:2)
  22 stones
(-23, 19, D:2)
  a +0 chain mail
  a +0 hand axe
  a +0 club
(-26, 20, D:2)
  a +0 trident
(2, 20, D:2)
  a cursed +0 large shield
(-25, 21, D:2)
  a +0 hand axe
  a +0 leather armour
  a +0 club
  a +0 club
  a +0 leather armour
(36, 23, D:2)
  a +0 ring mail
(30, 29, D:2)
  a +0 short sword
(19, 34, D:2)
  a +0 club
(15, 38, D:2)
  a +2 mace of holy wrath
(-18, 46, D:2)
  a +0 robe
(-14, 47, D:2)
  a +0 robe

Level 3 of the Dungeon
(0, 0, D:3)
  a +0 ring mail
(-27, 11, D:3)
  9 gold pieces
(-25, 11, D:3)
  a +0 ring mail
  an orc corpse
(-24, 24, D:3)
  a scroll of blinking

