Sanguine

Level 1 of the Dungeon
(-5, 1, D:1)
  a +0 whip
(-50, 3, D:1)
  a +0 robe
(7, 4, D:1)
  a +0 leather armour
(-50, 9, D:1)
  31 stones
(-23, 13, D:1)
  2 stones
(7, 14, D:1)
  a +0 club
(-24, 16, D:1)
  a +0 dagger
(-27, 17, D:1)
  a +0 club
(-3, 37, D:1)
  a +0 dagger
(-17, 47, D:1)
  a stone
(-1, 47, D:1)
  a +0 dagger
(6, 50, D:1)
  18 arrows of dispersal
(-13, 51, D:1)
  a +0 short sword
(-44, 54, D:1)
  2 stones
(9, 54, D:1)
  a +0 club
(-45, 56, D:1)
  2 stones

Level 2 of the Dungeon
(0, 0, D:2)
  22 arrows
(0, 8, D:2)
  a +0 club
(1, 11, D:2)
  a stone
(32, 11, D:2)
  a +0 leather armour
(1, 12, D:2)
  a +4 dagger of pain
(13, 12, D:2)
  a +0 club
(14, 13, D:2)
  a cursed -2 club
  a +0 short sword
  a +0 dagger
(26, 14, D:2)
  8 tomahawks
(5, 15, D:2)
  a cursed -1 club
(17, 19, D:2)
  a +2 dagger of draining
  a +0 robe
(25, 30, D:2)
  a +0 club
(28, 31, D:2)
  a +0 spear
(47, 37, D:2)
  a stone
(47, 38, D:2)
  a stone
(48, 38, D:2)
  a stone
(36, 40, D:2)
  a cursed -3 club
(51, 40, D:2)
  a +0 dagger

Level 3 of the Dungeon
(0, 0, D:3)
  a +0 club
(6, 1, D:3)
  a +0 club
(29, 4, D:3)
  18 arrows
(35, 4, D:3)
  a +0 flail
(36, 4, D:3)
  a tomahawk
(35, 5, D:3)
  a +3 flail
  a +0 ring mail
  a +0 mace
  3 tomahawks
  a cursed +0 chain mail
(52, 5, D:3)
  a +0 club
(17, 9, D:3)
  a +0 dagger
  a +0 robe
(15, 10, D:3)
  a +0 club
  2 steel tomahawks
(45, 16, D:3)
  a +0 club
(57, 16, D:3)
  a +0 dagger
(58, 16, D:3)
  a +1 dagger of speed
(29, 17, D:3)
  18 stones
(15, 20, D:3)
  a +0 club
(55, 21, D:3)
  2 stones
(57, 22, D:3)
  a +0 hand axe
  a +0 ring mail
(25, 23, D:3)
  7 needles of confusion
(18, 29, D:3)
  a +0 whip
(30, 29, D:3)
  a +0 short sword
  a +0 ring mail
  a +0 club
  a +0 leather armour
(31, 29, D:3)
  a +0 dagger
  a cursed -1 dagger
  a +0 ring mail
  a +0 war axe
(58, 29, D:3)
  a +0 dagger
  a cursed -1 robe
(55, 30, D:3)
  a +0 cutlass
(16, 34, D:3)
  a stone
(18, 35, D:3)
  a +0 hunting sling
  8 stones
(23, 35, D:3)
  a +0 quarterstaff
(35, 35, D:3)
  a +0 robe
(16, 36, D:3)
  a +0 dagger
(18, 36, D:3)
  a +0 dagger
(7, 37, D:3)
  a +0 club
(9, 37, D:3)
  16 bolts
(12, 37, D:3)
  a stone
(18, 37, D:3)
  a stone
(18, 39, D:3)
  a stone

Level 4 of the Dungeon
(0, 0, D:4)
  a +0 long sword
(5, 0, D:4)
  a +0 dagger
  a +0 robe
(-15, 1, D:4)
  a +0 club
(6, 2, D:4)
  11 poisoned needles
(-11, 4, D:4)
  a +0 leather armour
(-14, 13, D:4)
  a +0 club
(-6, 13, D:4)
  a +0 club
  a +0 scale mail of cold resistance
(-5, 13, D:4)
  a cursed -2 dagger
  a +0 ring mail
(-16, 18, D:4)
  21 stones
(-33, 23, D:4)
  a +0 quarterstaff
(-49, 26, D:4)
  35 stones
(-26, 28, D:4)
  a +0 giant club
(1, 38, D:4)
  a stone
(2, 38, D:4)
  a +0 dagger
(0, 39, D:4)
  a stone

Level 5 of the Dungeon
(-37, 2, D:5)
  a -2 ring mail
(-58, 13, D:5)
  a stone
(-55, 15, D:5)
  a +0 club
(1, 16, D:5)
  12 arrows of dispersal
(-39, 17, D:5)
  a +0 dagger
  a +0 chain mail
  a +0 hand axe
(-51, 24, D:5)
  a +0 dagger
(-37, 36, D:5)
  a stone
(-53, 38, D:5)
  a cursed -3 dagger
  a +0 blowgun
  2 poisoned needles
(-23, 39, D:5)
  22 stones
(-51, 48, D:5)
  a +0 club
(-14, 52, D:5)
  a +0 mace

Level 6 of the Dungeon
(0, 0, D:6)
  a stone
(1, 0, D:6)
  a stone
(5, 0, D:6)
  a +0 war axe
  21 stones
  a +0 plate armour
(7, 0, D:6)
  a stone
(8, 0, D:6)
  a +0 hand axe
  a +0 chain mail
  a +0 whip
  a +0 leather armour
(-7, 2, D:6)
  a stone
(-11, 5, D:6)
  a +0 dagger
(9, 7, D:6)
  a potion of confusion
(-30, 8, D:6)
  an arrow of frost
(-16, 9, D:6)
  an arrow of frost
(-15, 9, D:6)
  an arrow of frost
(-13, 10, D:6)
  a +0 shortbow of evasion
  4 arrows of frost
(-12, 10, D:6)
  a +0 club
(4, 10, D:6)
  a +0 giant spiked club
(-29, 13, D:6)
  an arrow of frost
(-26, 17, D:6)
  a +0 dagger
(-28, 18, D:6)
  a +0 hand axe
(-26, 18, D:6)
  a +0 mace
  a +0 dagger
  a +0 robe
(-28, 19, D:6)
  an arrow of frost
(-20, 19, D:6)
  a +0 mace
(-11, 19, D:6)
  a +0 dagger
  a tomahawk
(-28, 20, D:6)
  an arrow of frost
(-13, 23, D:6)
  a tomahawk
(-1, 29, D:6)
  a +0 dagger of draining
(-1, 31, D:6)
  a +0 club
  a +0 hand axe
  a +0 mace
  a +0 ring mail
(-18, 42, D:6)
  a +2 hand axe of electrocution
  a +0 dagger
  a +0 robe
  a +0 short sword
  a tomahawk
(-17, 42, D:6)
  a cursed +0 dagger
(-10, 42, D:6)
  a tomahawk

Level 7 of the Dungeon
(16, 12, D:7)
  a stone
  a +0 short sword
(16, 13, D:7)
  a +0 short sword
(17, 13, D:7)
  12 poisoned needles
  a +0 blowgun
  a cursed -1 short sword
  a +0 dagger
(-10, 18, D:7)
  a +1 morningstar of protection
(5, 20, D:7)
  a +0 leather armour
(1, 23, D:7)
  a +0 hand axe
  a +0 animal skin
(25, 36, D:7)
  a +0 hunting sling
(8, 55, D:7)
  a +0 whip
  a +0 leather armour
  a cursed -2 flail
(-4, 57, D:7)
  a stone
  a +0 dagger
  a +0 robe
(-3, 57, D:7)
  a stone
  a +0 trident
(-1, 57, D:7)
  a stone
  a +0 short sword
  a +0 chain mail
(1, 57, D:7)
  a stone
(3, 58, D:7)
  a +0 hunting sling
  9 stones

Level 8 of the Dungeon
(0, 0, D:8)
  27 stones
(-17, 5, D:8)
  a +3 falchion
  a +0 robe
(-18, 7, D:8)
  a +2 falchion
  a cursed +0 battleaxe
  a +0 robe
  a +0 robe
(-20, 12, D:8)
  a +0 flail
(-19, 15, D:8)
  9 stones
(-13, 15, D:8)
  a stone
(-12, 15, D:8)
  a +0 dagger
(-12, 16, D:8)
  a stone
(-11, 25, D:8)
  a +0 whip
(-7, 25, D:8)
  16 poisoned needles

