Sanguine

Level 1 of the Dungeon
(0, 0, D:1)
  a +0 club
(18, 8, D:1)
  25 stones
(26, 12, D:1)
  a +0 shield
(11, 15, D:1)
  a +0 club
(-1, 16, D:1)
  21 arrows
(44, 19, D:1)
  a +0 hand axe
(16, 26, D:1)
  a +0 ring mail
(29, 32, D:1)
  a +0 hand axe
(35, 32, D:1)
  a +0 hunting sling
(10, 35, D:1)
  a +0 club
(-6, 37, D:1)
  a +0 hunting sling
(2, 43, D:1)
  a +0 club

Level 2 of the Dungeon
(0, 0, D:2)
  a stone
(2, 0, D:2)
  3 stones
(18, 10, D:2)
  a +0 club
(8, 11, D:2)
  8 poisoned needles
(31, 11, D:2)
  a +0 dagger
(6, 14, D:2)
  a +0 leather armour
(13, 18, D:2)
  12 stones
(-9, 19, D:2)
  a +0 buckler
(7, 19, D:2)
  23 sling bullets
(1, 22, D:2)
  a +0 club
(27, 23, D:2)
  a +0 club
  a cursed -3 club
(-1, 24, D:2)
  a +0 leather armour
(-22, 35, D:2)
  a +0 club
(-17, 35, D:2)
  a stone
(-17, 36, D:2)
  a stone
(-14, 36, D:2)
  a stone
(-13, 36, D:2)
  a +0 robe
(-18, 37, D:2)
  a cursed +0 ring mail
(-2, 40, D:2)
  a +0 buckler
(27, 40, D:2)
  a cursed +0 short sword
(31, 40, D:2)
  a +0 club

Level 3 of the Dungeon
(0, 0, D:3)
  a +0 dagger
(0, 3, D:3)
  a +0 ring mail
(-7, 19, D:3)
  a +0 short sword
(-14, 44, D:3)
  6 gold pieces
(-13, 45, D:3)
  a potion of might

