Sanguine

Level 1 of the Dungeon
(0, 0, D:1)
  a +0 plate armour
(-3, 4, D:1)
  a +0 short sword
(33, 17, D:1)
  a +0 club
(-7, 25, D:1)
  a +0 club
(-7, 30, D:1)
  a +0 club
(-9, 36, D:1)
  a +0 club
(48, 38, D:1)
  a +0 leather armour
(-7, 42, D:1)
  a +0 dagger

Level 2 of the Dungeon
(0, 0, D:2)
  21 stones
(21, 2, D:2)
  15 bolts
(21, 5, D:2)
  a +0 ring mail
(19, 13, D:2)
  a +0 leather armour
(21, 13, D:2)
  a +0 dagger
(3, 14, D:2)
  7 poisoned javelins
(9, 18, D:2)
  30 stones
(38, 22, D:2)
  a +0 dagger
(5, 27, D:2)
  a +0 war axe
(22, 30, D:2)
  a +0 dagger
(23, 30, D:2)
  a +0 dagger
(37, 30, D:2)
  a +0 club
(12, 36, D:2)
  a +0 mace
(-4, 38, D:2)
  17 stones
(-5, 39, D:2)
  a stone
(23, 39, D:2)
  a +0 leather armour
(-5, 40, D:2)
  a stone
(-5, 41, D:2)
  2 stones
(-4, 41, D:2)
  a cursed -3 club
(-5, 44, D:2)
  a +0 ring mail
(23, 47, D:2)
  a +0 club
(-3, 51, D:2)
  a +0 scale mail

Level 3 of the Dungeon
(0, 0, D:3)
  14 stones
(0, 3, D:3)
  a +0 whip
(-9, 9, D:3)
  17 poisoned needles
(21, 10, D:3)
  a cursed -3 hand axe
(-8, 11, D:3)
  a +0 mace
(-2, 11, D:3)
  20 bolts
(-8, 12, D:3)
  a +0 club
(7, 12, D:3)
  a +0 scale mail
  a +0 club
(24, 12, D:3)
  a +0 falchion
  a +0 ring mail
(8, 13, D:3)
  a +0 mace
  a +0 dagger
  a +0 morningstar
  a +0 leather armour
(9, 16, D:3)
  13 sling bullets
(1, 26, D:3)
  a +0 dagger
(15, 27, D:3)
  a +0 club
(-1, 28, D:3)
  a +0 club
(0, 28, D:3)
  a +0 dagger
(20, 28, D:3)
  a poisoned needle
(21, 28, D:3)
  a poisoned needle
(24, 28, D:3)
  a poisoned needle
(25, 28, D:3)
  a poisoned needle
(27, 28, D:3)
  a +0 blowgun
  9 poisoned needles
(21, 29, D:3)
  a poisoned needle
(-4, 30, D:3)
  a +0 dagger
(22, 32, D:3)
  a +0 club
(14, 33, D:3)
  16 stones

Level 4 of the Dungeon
[Shop] Stryfobuv's Food Shop
  a beef jerky (16 gold)
  3 fruits (49 gold)
  a slice of pizza (16 gold)
  a bread ration (55 gold)
  a bread ration (55 gold)
  a bread ration (55 gold)
  a slice of pizza (16 gold)
  a meat ration (55 gold)
  a slice of pizza (16 gold)
  a meat ration (55 gold)
(0, 0, D:4)
  a +0 leather armour
(-18, 6, D:4)
  a +0 leather armour
  a +0 hand axe
(-17, 6, D:4)
  a +0 club
(24, 6, D:4)
  8 stones
(-17, 7, D:4)
  a cursed +0 leather armour
(-18, 8, D:4)
  a +0 leather armour
  a +0 club
(-3, 14, D:4)
  a cursed -3 club
  a +0 leather armour
(-7, 17, D:4)
  a tomahawk
(13, 18, D:4)
  a +0 trident
(-5, 20, D:4)
  a cursed +0 chain mail
(-16, 24, D:4)
  20 stones
(-7, 24, D:4)
  a +0 leather armour
  a +0 war axe
  a tomahawk
  a +0 hand axe
(1, 27, D:4)
  a +0 short sword
(1, 28, D:4)
  a +0 club
(3, 28, D:4)
  a +0 leather armour
  a +0 hand axe
(-3, 32, D:4)
  a cursed -2 robe

Level 5 of the Dungeon
[Shop] Yqaxisaufa's General Store
  18 poisoned arrows (86 gold)
  19 stones (22 gold)
  a bread ration (60 gold)
  a +0 ring mail (48 gold)
  17 arrows (40 gold)
  a scroll of blinking (90 gold)
  10 arrows of flame (60 gold)
  3 tomahawks of returning (36 gold)
  a potion of curing (24 gold)
  a wand of heal wounds (5) (648 gold)
  a +0 leather armour (24 gold)
  11 steel sling bullets (198 gold)
  a +0 glaive (78 gold)
(55, 5, D:5)
  a +0 falchion
  a +0 ring mail
(32, 16, D:5)
  a hobgoblin corpse
(31, 17, D:5)
  12 stones
(-2, 19, D:5)
  22 arrows
(13, 27, D:5)
  a stone
(9, 28, D:5)
  a +0 hunting sling
  25 stones
  a goblin skeleton
(11, 28, D:5)
  a stone
(19, 28, D:5)
  a +0 leather armour
(30, 43, D:5)
  a +0 plate armour
(23, 45, D:5)
  a +0 giant club
(40, 56, D:5)
  a cursed -3 flail
(40, 60, D:5)
  a +0 dagger

