Asterion

Level 1 of the Dungeon
(0, 0, D:1)
  16 stones
(-2, 4, D:1)
  a +0 club
(-13, 6, D:1)
  a +0 club
(-11, 8, D:1)
  a +0 club
(-31, 10, D:1)
  a +0 club
(18, 20, D:1)
  a +0 dagger
(14, 28, D:1)
  20 sling bullets
(-27, 30, D:1)
  a +0 leather armour
(6, 36, D:1)
  a +0 leather armour
(11, 39, D:1)
  29 stones
  a +0 robe
(11, 42, D:1)
  a stone
(10, 45, D:1)
  a stone
(11, 46, D:1)
  2 stones
(-20, 48, D:1)
  a cursed -2 dagger

Level 2 of the Dungeon
(0, 0, D:2)
  a +0 dagger
(-4, 3, D:2)
  a cursed -3 short sword
(-4, 5, D:2)
  a stone
(-6, 9, D:2)
  a stone
(-5, 10, D:2)
  a stone
(4, 14, D:2)
  34 stones
(9, 18, D:2)
  16 stones
  a +0 hunting sling
(11, 18, D:2)
  a stone
(15, 18, D:2)
  a stone
(15, 19, D:2)
  a stone
(28, 23, D:2)
  2 stones
  a +0 club
(14, 24, D:2)
  a +0 dagger
(-12, 25, D:2)
  a +0 club
(29, 25, D:2)
  a stone
(-29, 28, D:2)
  7 javelins
(-32, 38, D:2)
  a +0 dagger

Level 3 of the Dungeon
(0, 0, D:3)
  a scroll of amnesia
(6, 13, D:3)
  a +0 scale mail
(-6, 14, D:3)
  a +0 robe
  a +0 dagger
(-27, 15, D:3)
  19 stones
(-3, 15, D:3)
  a +0 leather armour
  a +0 scale mail
  a +0 flail
(-3, 16, D:3)
  a +0 club
  a +0 short sword
  a +0 leather armour
(-24, 23, D:3)
  an uncursed ring of loudness
  a scroll of amnesia
  a +0 animal skin
(-18, 26, D:3)
  a +0 rapier
(-13, 27, D:3)
  5 bolts of frost
(-32, 28, D:3)
  a +0 mace
(-16, 28, D:3)
  a +0 hand axe

Level 4 of the Dungeon
(0, 0, D:4)
  11 gold pieces
(-2, 3, D:4)
  a scroll of fog

