Asterion

Level 1 of the Dungeon
(0, 0, D:1)
  11 poisoned sling bullets
(10, 3, D:1)
  a +0 dagger
(18, 3, D:1)
  a +0 leather armour
(36, 7, D:1)
  a +0 animal skin
(5, 8, D:1)
  15 arrows
(23, 11, D:1)
  a +3 spear
(41, 12, D:1)
  9 steel sling bullets
(11, 21, D:1)
  a +0 dagger
(25, 21, D:1)
  a +0 spear
(52, 22, D:1)
  24 stones
(22, 25, D:1)
  a +0 club
(45, 27, D:1)
  a stone
(48, 30, D:1)
  a +0 dagger

Level 2 of the Dungeon
(0, 0, D:2)
  a +0 club
(1, 11, D:2)
  a +0 dagger
(3, 11, D:2)
  a stone
(4, 11, D:2)
  a stone
(21, 19, D:2)
  a +0 dagger
  2 stones
(27, 19, D:2)
  a stone
(26, 20, D:2)
  a stone
(-1, 27, D:2)
  a +0 leather armour
(4, 30, D:2)
  a +0 club
(2, 38, D:2)
  a +0 leather armour

Level 3 of the Dungeon
(0, 0, D:3)
  a cursed +0 chain mail
(-24, 1, D:3)
  13 arrows
(5, 1, D:3)
  a +0 dagger
(16, 7, D:3)
  a +0 club
(-26, 9, D:3)
  7 javelins of penetration
(-25, 9, D:3)
  a +0 club
(-20, 10, D:3)
  a +0 spear
(18, 11, D:3)
  16 stones
(-35, 14, D:3)
  a +0 dagger of protection
(-35, 15, D:3)
  a +0 dagger
  a +0 dagger
  a +2 flail of protection
(10, 16, D:3)
  a +0 dagger of venom
  a +0 ring mail
(23, 18, D:3)
  an uncursed ring of wizardry
  an uncursed ring of teleportation
(-35, 22, D:3)
  10 arrows
(-32, 22, D:3)
  a +2 antimagic dagger
(25, 22, D:3)
  a +0 mace
  a +0 ring mail
(14, 23, D:3)
  a +0 dagger
(26, 23, D:3)
  a tomahawk
(-33, 24, D:3)
  a +2 antimagic short sword
(-20, 24, D:3)
  a +0 dagger
(26, 26, D:3)
  a tomahawk
(26, 27, D:3)
  a tomahawk
  a +0 mace
  a +0 chain mail
(26, 31, D:3)
  a cursed +0 club
  a +0 chain mail
  a +0 whip
  a tomahawk
(-16, 33, D:3)
  a +0 buckler

Level 4 of the Dungeon
(7, 2, D:4)
  a cursed -3 hunting sling
  11 stones
(9, 7, D:4)
  a stone
(6, 14, D:4)
  a +0 short sword
(-36, 15, D:4)
  a +0 dagger
(8, 15, D:4)
  26 sling bullets
(-37, 20, D:4)
  a +0 short sword
  4 stones
(3, 20, D:4)
  a +0 robe
(-36, 22, D:4)
  11 arrows
(-33, 22, D:4)
  a +0 club
(-43, 23, D:4)
  a +0 spear
(-40, 32, D:4)
  a +0 trident
(11, 36, D:4)
  a +0 large shield
(7, 43, D:4)
  25 stones
(7, 44, D:4)
  18 arrows of dispersal

Level 5 of the Dungeon
(0, 0, D:5)
  a +0 spear
  a throwing net
(2, 0, D:5)
  a +0 spear
(0, 1, D:5)
  2 silver tomahawks
(1, 1, D:5)
  a +0 spear
(-4, 3, D:5)
  a throwing net
(-20, 10, D:5)
  a +0 club
(-13, 17, D:5)
  a +0 leather armour
(16, 18, D:5)
  a +0 ring mail
(-4, 20, D:5)
  15 stones
(29, 21, D:5)
  a +0 club
(-20, 28, D:5)
  an uncursed amulet of inaccuracy
(15, 28, D:5)
  a +0 giant spiked club
(-15, 34, D:5)
  a +0 flail
(2, 34, D:5)
  18 stones
(21, 36, D:5)
  a cursed staff of summoning
(27, 43, D:5)
  a +0 whip
(24, 49, D:5)
  a +0 giant club
(28, 53, D:5)
  a +0 giant club
(12, 54, D:5)
  a cursed -1 club
(-19, 59, D:5)
  a +0 flail

Level 6 of the Dungeon
(0, 0, D:6)
  a +0 club
(2, 0, D:6)
  3 javelins of returning
  a +0 mace
(3, 0, D:6)
  a +0 flail
(-26, 1, D:6)
  a +0 shortbow
(-25, 1, D:6)
  a +0 short sword
  a +0 blowgun
  11 poisoned needles
(3, 1, D:6)
  a +0 flail
  a +0 club
  a +0 leather armour
(-25, 2, D:6)
  a poisoned needle
(-24, 3, D:6)
  an arrow
  a poisoned needle
(-23, 4, D:6)
  a poisoned needle
(-22, 5, D:6)
  3 arrows
(-35, 6, D:6)
  a +0 quarterstaff
(-22, 6, D:6)
  2 poisoned needles
  2 arrows
(-36, 8, D:6)
  a +0 robe
(4, 9, D:6)
  a +0 leather armour
(12, 12, D:6)
  a +0 robe
(0, 17, D:6)
  10 stones
(11, 22, D:6)
  26 stones
(-20, 24, D:6)
  14 stones
(-8, 28, D:6)
  a cursed +0 leather armour
(-9, 31, D:6)
  a poisoned needle
(-7, 34, D:6)
  a +0 dagger
(-8, 35, D:6)
  a +0 leather armour
(-7, 35, D:6)
  a +0 blowgun
  16 poisoned needles
(0, 35, D:6)
  18 stones
(-17, 38, D:6)
  a +0 dagger

Level 7 of the Dungeon
(0, 0, D:7)
  a +0 club
(8, 1, D:7)
  2 throwing nets
(-5, 5, D:7)
  a +0 hand axe
  a +0 robe
  a +0 war axe
  a +0 chain mail
  a +0 club
(-4, 6, D:7)
  a +0 scimitar
  a +0 robe
(1, 6, D:7)
  15 arrows
(26, 9, D:7)
  a +0 dagger
(2, 12, D:7)
  a +0 dagger
  a +0 robe
(3, 12, D:7)
  a +0 flail
  a +0 robe
(2, 13, D:7)
  a cursed +0 halberd
  a +0 leather armour
(-3, 14, D:7)
  a +0 dagger
  a +0 robe
  a +1 halberd of flaming
  a cursed +0 robe
(2, 14, D:7)
  a +0 scythe
  a +0 robe
(3, 14, D:7)
  a cursed +3 battleaxe
  a +0 robe
(-7, 15, D:7)
  a cursed amulet of inaccuracy
(-4, 15, D:7)
  a +0 club
  4 stones
(-2, 15, D:7)
  a cursed +3 war axe
  a +0 robe
  a +2 battleaxe
  a +0 robe
(3, 15, D:7)
  a +0 club
  a +0 leather armour
(-2, 16, D:7)
  a +0 battleaxe
  a +0 robe
(20, 18, D:7)
  14 stones
(10, 20, D:7)
  12 stones
(20, 20, D:7)
  a +0 robe
(23, 21, D:7)
  a +0 trident
(15, 29, D:7)
  the cursed +0 trident of Stodutoume {pierce, rN+}
    It inflicts extra damage upon your enemies.
    
    It protects you from negative energy.
    It has a curse placed upon it.
(-6, 31, D:7)
  an arrow
(-5, 31, D:7)
  a scroll of random uselessness
(-9, 32, D:7)
  a +0 shortbow
  11 arrows
(2, 32, D:7)
  a +0 robe
(25, 32, D:7)
  a +2 ring of intelligence
(1, 34, D:7)
  a +0 helmet
(23, 34, D:7)
  a +0 short sword
  a +0 chain mail
  a +0 club
  2 tomahawks
  a cursed +0 scale mail
(23, 35, D:7)
  a +0 hand axe
  a +0 scale mail
  a +0 hand axe
  a +0 whip
  a +1 chain mail of fire resistance
  a +0 halberd
  a +0 robe
(23, 36, D:7)
  a tomahawk

Level 8 of the Dungeon
(0, 0, D:8)
  a +0 leather armour
(-43, 2, D:8)
  a +0 leather armour
(-30, 12, D:8)
  13 sling bullets
(-41, 15, D:8)
  a +0 leather armour
(5, 15, D:8)
  12 bolts
(-49, 28, D:8)
  a +0 whip
(-58, 30, D:8)
  a +0 ring mail
(-56, 34, D:8)
  29 bolts
(-34, 47, D:8)
  an arrow of flame
(-34, 48, D:8)
  an arrow of flame
(-31, 49, D:8)
  2 arrows of flame
(-30, 49, D:8)
  an arrow of flame
(-28, 50, D:8)
  a +0 shortbow
  2 arrows of flame

Level 9 of the Dungeon
(0, 0, D:9)
  a +0 dagger
  a +0 robe
  a +0 hand axe
  a +0 leather armour
(-23, 1, D:9)
  a +0 scale mail
(0, 1, D:9)
  a cursed -3 club
  a +0 dagger
  a +0 leather armour
(7, 1, D:9)
  a +0 robe
(-23, 2, D:9)
  a +0 giant club
(-33, 3, D:9)
  24 bolts
(-29, 3, D:9)
  a +0 long sword
(-38, 5, D:9)
  a cursed +0 scale mail
  a +0 dire flail
(-20, 7, D:9)
  16 stones
(-11, 11, D:9)
  21 bolts
(-11, 16, D:9)
  19 arrows
(-38, 26, D:9)
  a cursed ring of teleportation
(-27, 26, D:9)
  18 arrows
(-20, 27, D:9)
  a +0 giant spiked club
(-45, 31, D:9)
  a +0 club
(-10, 32, D:9)
  a +0 chain mail
(-50, 33, D:9)
  11 bolts
(-35, 34, D:9)
  a +0 trident
(-42, 45, D:9)
  a +0 dagger

Level 10 of the Dungeon
[Shop] Wiow's Weapon Shop
  a +2 hand axe of freezing (226 gold)
  a +0 morningstar (52 gold)
  a +0 hand axe (39 gold)
  a +4 long sword of electrocution (399 gold)
  a +0 war axe (45 gold)
  a +2 vampiric dagger (234 gold)
  a +0 war axe (45 gold)
  a +0 cutlass (52 gold)
  a +4 longbow of evasion (356 gold)
  a +0 quarterstaff (52 gold)
  a cursed -2 broad axe (1 gold)
  a +0 mace (39 gold)
(0, 0, D:10)
  a +0 whip
  a +0 leather armour
  a +1 dagger of protection
  a +0 robe
  a +0 scale mail
  a +0 short sword
(1, 0, D:10)
  a +0 falchion
  a +0 leather armour
(5, 4, D:10)
  a +0 giant spiked club
(31, 11, D:10)
  a +0 ring mail
(30, 14, D:10)
  a +0 blowgun
  a +0 short sword
  a poisoned needle
(31, 15, D:10)
  a poisoned needle
(10, 17, D:10)
  a potion of poison
(30, 18, D:10)
  a stone
(31, 19, D:10)
  a +0 short sword
(34, 19, D:10)
  a cursed -2 dagger
(-15, 20, D:10)
  a scroll of random uselessness
(33, 20, D:10)
  a poisoned needle
(35, 27, D:10)
  a +0 whip
  a +0 chain mail
(38, 27, D:10)
  a +0 mace
(30, 28, D:10)
  10 stones
(36, 29, D:10)
  a +0 flail
  a +0 leather armour
(10, 32, D:10)
  14 arrows
(-26, 35, D:10)
  a +0 hand axe
  a +0 animal skin
(-7, 39, D:10)
  a +0 chain mail
(-21, 44, D:10)
  an uncursed staff of wizardry
(35, 46, D:10)
  a +0 falchion
(38, 46, D:10)
  23 arrows
(-4, 48, D:10)
  21 stones

Level 11 of the Dungeon
(0, 0, D:11)
  a +0 dagger
(-10, 3, D:11)
  a +0 flail
(-2, 8, D:11)
  a +0 giant club
(-17, 13, D:11)
  a +0 centaur barding
(-17, 14, D:11)
  a +0 spear
(-1, 15, D:11)
  a +0 battleaxe
(-20, 16, D:11)
  a +0 flail
  a throwing net
(10, 16, D:11)
  21 bolts of flame
(-20, 17, D:11)
  a +0 whip
  a cursed -1 flail
  a +0 giant club
(7, 19, D:11)
  22 stones
(-24, 20, D:11)
  a +0 dagger
  a +0 robe
(-24, 22, D:11)
  a +2 scale mail
  a +0 dagger
  a +0 robe
  a cursed -1 scimitar
(-7, 23, D:11)
  a +0 long sword
(11, 23, D:11)
  a +0 scale mail
(14, 26, D:11)
  a troll hide
(-9, 28, D:11)
  a scroll of amnesia
(4, 30, D:11)
  2 tomahawks
(19, 30, D:11)
  19 stones
(-17, 40, D:11)
  9 poisoned needles

Level 12 of the Dungeon
(0, 0, D:12)
  a +0 leather armour
(8, 5, D:12)
  15 stones
(0, 6, D:12)
  a +0 giant club
(-21, 7, D:12)
  a +0 leather armour
(1, 7, D:12)
  a throwing net
(-12, 11, D:12)
  a +0 short sword
  2 tomahawks
  a +0 leather armour
(3, 11, D:12)
  a +0 glaive of venom
  a +0 plate armour
(-12, 12, D:12)
  a +0 ring mail
(-12, 13, D:12)
  a tomahawk
  a +0 hand axe
  a +0 dagger
  a cursed +0 robe
(-11, 13, D:12)
  a tomahawk
  a +0 hand axe
(-6, 13, D:12)
  a scroll of noise
(-18, 21, D:12)
  a cursed -1 hunting sling
(17, 22, D:12)
  a troll hide
(26, 23, D:12)
  a +1 scimitar
  a +0 robe
(28, 24, D:12)
  a cursed +0 flail
  a +0 robe
(32, 25, D:12)
  a +3 halberd
  a cursed -1 robe
(19, 26, D:12)
  2 large rocks
(31, 26, D:12)
  a cursed +1 flail
  a +0 robe
(24, 27, D:12)
  9 stones
(19, 28, D:12)
  2 large rocks
(21, 28, D:12)
  a +0 leather armour
(-8, 29, D:12)
  a potion of brilliance
  an uncursed ring of magical power
(38, 30, D:12)
  a large rock
(39, 31, D:12)
  a large rock
(38, 32, D:12)
  a large rock
(-15, 33, D:12)
  a +0 dagger
(27, 34, D:12)
  8 poisoned needles
(35, 35, D:12)
  a large rock
(19, 36, D:12)
  a scroll of noise
(38, 36, D:12)
  a cursed -1 shortbow

Level 1 of the Orcish Mines
(0, 0, Orc:1)
  a +0 short sword
(-2, 1, Orc:1)
  a +0 falchion
(-1, 1, Orc:1)
  a +0 short sword
(-1, 2, Orc:1)
  a +0 morningstar
(0, 2, Orc:1)
  a +0 short sword
(-9, 7, Orc:1)
  a +0 morningstar
  a +0 leather armour
(-9, 9, Orc:1)
  a +0 giant spiked club
(-13, 13, Orc:1)
  a +0 club
(-17, 18, Orc:1)
  a sling bullet
(2, 21, Orc:1)
  a +0 whip
(-13, 22, Orc:1)
  a +0 leather armour
  a +0 short sword
(-12, 22, Orc:1)
  a +0 leather armour
(-15, 23, Orc:1)
  a +0 ring mail
  a +0 dagger
(-14, 23, Orc:1)
  3 sling bullets
  a +0 leather armour
(-13, 23, Orc:1)
  a +0 mace
  a +0 leather armour
(-12, 23, Orc:1)
  a +1 scale mail of poison resistance
  a +0 trident
(-10, 23, Orc:1)
  a +0 chain mail
  a +0 flail
  an orc corpse
(-9, 23, Orc:1)
  a +0 trident
(-14, 24, Orc:1)
  a +3 antimagic demon trident
  a +0 quarterstaff
  a +0 hunting sling
  7 sling bullets
  a +0 ring mail
  a +0 flail
  a +0 chain mail
  the human skeleton of Joseph
(-13, 24, Orc:1)
  a +0 robe
  a +1 dagger of speed

Level 2 of the Orcish Mines
(0, 0, Orc:2)
  a +0 dagger
  (unseen)
(-2, 1, Orc:2)
  a +0 short sword
  (unseen)
(-1, 1, Orc:2)
  a +0 short sword
  a +0 plate armour
  a cursed +0 hand axe
  a +0 dagger
  a +0 leather armour
  an orc corpse
(0, 1, Orc:2)
  a +0 halberd
  (unseen)
(-2, 2, Orc:2)
  a +0 falchion (still there?)
  a +0 club (still there?)
(-1, 2, Orc:2)
  19 gold pieces
(0, 2, Orc:2)
  a +0 dagger
  (unseen)

Level 1 of the Lair of Beasts
(0, 0, Lair:1)
  13 sling bullets
(-15, 2, Lair:1)
  a +0 dagger
(-12, 4, Lair:1)
  a +0 club
(0, 6, Lair:1)
  19 stones
(-16, 23, Lair:1)
  an uncursed staff of air
(29, 26, Lair:1)
  the cursed +6 battleaxe "Lieqikia" {flame, rElec SInv}
    It emits flame when wielded, causing extra injury to most foes and up to
    double damage against particularly susceptible opponents. Big, fiery blades
    are also staple armaments of hydra-hunters.
    
    It insulates you from electricity.
    It enhances your eyesight.
    It has a curse placed upon it.
(29, 28, Lair:1)
  6 javelins
(4, 33, Lair:1)
  11 stones
(19, 34, Lair:1)
  a +0 whip
(19, 38, Lair:1)
  a +0 leather armour
(20, 39, Lair:1)
  3 large rocks
(21, 46, Lair:1)
  a +0 robe
(22, 47, Lair:1)
  a +4 arbalest of evasion
(13, 49, Lair:1)
  a +0 club

Level 2 of the Lair of Beasts
(0, 0, Lair:2)
  a +0 leather armour
(-26, 16, Lair:2)
  2 potions of poison
(12, 16, Lair:2)
  7 tomahawks
(4, 18, Lair:2)
  31 stones
(-12, 23, Lair:2)
  a +0 robe
(-24, 28, Lair:2)
  a +0 quarterstaff of freezing
  (unseen)

