Dracula

Level 1 of the Dungeon
(47, 0, D:1)
  a +0 mace
(20, 11, D:1)
  a bread ration
(14, 14, D:1)
  20 stones
(61, 17, D:1)
  24 stones
(13, 29, D:1)
  a bread ration
(41, 50, D:1)
  24 sling bullets

Level 2 of the Dungeon
(0, 0, D:2)
  a +0 club
(0, 2, D:2)
  4 javelins
(6, 10, D:2)
  a +0 club
(14, 10, D:2)
  a +0 long sword
(-1, 17, D:2)
  20 bolts of frost
(14, 18, D:2)
  a +0 club
(-23, 19, D:2)
  a bread ration
(-22, 19, D:2)
  a +0 dagger
  a goblin corpse (skeletalised by now)
(-7, 20, D:2)
  a beef jerky
(-14, 29, D:2)
  a cursed +0 ring mail
(-2, 35, D:2)
  a bread ration

Level 3 of the Dungeon
(0, 0, D:3)
  a rat corpse
(32, 0, D:3)
  a +0 dagger
(8, 13, D:3)
  a +0 club
(3, 15, D:3)
  a +0 arbalest
(-3, 21, D:3)
  13 stones
(-4, 23, D:3)
  a rat corpse (rotten by now)
(12, 23, D:3)
  a +0 dagger
  a kobold corpse (rotten by now)
(-3, 26, D:3)
  a +0 club
(2, 29, D:3)
  a +0 robe
  a +0 club

Level 4 of the Dungeon

