Sanguine

Level 1 of the Dungeon
(0, 0, D:1)
  a +0 club
(19, 0, D:1)
  a +0 short sword
(-26, 13, D:1)
  21 stones
(-20, 24, D:1)
  19 stones
(-7, 32, D:1)
  11 bolts of penetration
(24, 32, D:1)
  a +0 dagger
(13, 33, D:1)
  a +0 scale mail
(-5, 35, D:1)
  18 arrows
(-11, 36, D:1)
  a +0 club
(5, 42, D:1)
  a +0 club
(7, 53, D:1)
  a +0 dagger
(27, 53, D:1)
  a +0 robe

Level 2 of the Dungeon
(0, 0, D:2)
  3 scrolls of identify
(10, 1, D:2)
  16 stones
(0, 2, D:2)
  10 gold pieces
(8, 4, D:2)
  20 stones
(2, 8, D:2)
  8 gold pieces
(-2, 10, D:2)
  a scroll of amnesia

