Xombaby

Level 1 of the Dungeon
(0, 0, D:1)
  a +0 club
(9, 3, D:1)
  13 poisoned needles
(26, 4, D:1)
  a +0 leather armour
(17, 8, D:1)
  a +0 club
(-4, 9, D:1)
  19 poisoned needles
(13, 11, D:1)
  a +2 leather armour
(-11, 12, D:1)
  a +0 club
(16, 12, D:1)
  26 arrows
(-4, 15, D:1)
  13 arrows of flame
(-1, 20, D:1)
  a stone
(16, 20, D:1)
  13 sling bullets
(-10, 24, D:1)
  15 stones
(-1, 25, D:1)
  a stone
(-2, 26, D:1)
  a +0 short sword
(-1, 26, D:1)
  a +0 club
(-1, 27, D:1)
  a +0 club
(0, 27, D:1)
  a +0 dagger
  2 stones
(14, 30, D:1)
  a +0 short sword

Level 2 of the Dungeon
(0, 0, D:2)
  a +0 dagger
(19, 10, D:2)
  a +0 mace
  a +0 scale mail
(23, 19, D:2)
  a stone
(17, 25, D:2)
  a +0 chain mail
(8, 26, D:2)
  22 arrows
(25, 30, D:2)
  18 stones
(15, 33, D:2)
  19 arrows
(12, 36, D:2)
  a +0 club
(34, 38, D:2)
  a +0 robe
(12, 39, D:2)
  a stone
(12, 40, D:2)
  a +0 club
(12, 41, D:2)
  2 stones
(14, 42, D:2)
  27 bolts
(12, 43, D:2)
  a stone
(33, 43, D:2)
  a +0 hunting sling
(-8, 48, D:2)
  a +0 short sword
  4 stones

Level 3 of the Dungeon
(20, 4, D:3)
  16 stones
(11, 10, D:3)
  a +0 dagger
(13, 18, D:3)
  11 poisoned bolts
(21, 18, D:3)
  a +0 club
(-21, 19, D:3)
  a +0 robe
(42, 26, D:3)
  18 stones
(3, 28, D:3)
  a +0 ring mail
(0, 29, D:3)
  a +0 club
(9, 29, D:3)
  16 sling bullets
(39, 30, D:3)
  a +0 club
(-17, 32, D:3)
  20 arrows
(-15, 33, D:3)
  6 arrows
(-6, 36, D:3)
  a cursed +0 hammer
(0, 38, D:3)
  a +0 pair of boots
  a +2 quarterstaff of chaos
(31, 39, D:3)
  a +0 whip
(9, 40, D:3)
  a +0 short sword
(1, 43, D:3)
  a +0 chain mail
(2, 45, D:3)
  a +0 mace
  a +0 chain mail
(17, 49, D:3)
  a +0 battleaxe
(9, 60, D:3)
  13 bolts of flame

Level 4 of the Dungeon
(0, 0, D:4)
  a +0 robe
(-6, 5, D:4)
  a +0 hand axe
(0, 5, D:4)
  a +0 scale mail
(-9, 8, D:4)
  a rat corpse (skeletalised by now)
(-5, 8, D:4)
  a quokka corpse (skeletalised by now)
(-12, 9, D:4)
  a +0 ring mail
(9, 13, D:4)
  a rat corpse (skeletalised by now)
(-28, 15, D:4)
  a +0 ring mail
  18 stones
(-23, 16, D:4)
  a +0 ring mail
(-8, 21, D:4)
  a +0 dagger
(-4, 22, D:4)
  a scroll of noise
  2 potions of poison
(-3, 22, D:4)
  a +0 spear
  a throwing net
  a +0 flail
(-30, 23, D:4)
  a +0 leather armour
(11, 28, D:4)
  23 stones
(-35, 29, D:4)
  3 silver tomahawks
(-28, 33, D:4)
  a +0 robe
(-25, 36, D:4)
  a +0 leather armour

Level 5 of the Dungeon
(0, 0, D:5)
  a rat corpse
(-14, 2, D:5)
  a +0 ring mail
(1, 3, D:5)
  an uncursed staff of cold
(-20, 9, D:5)
  a potion of restore abilities

the Ecumenical Temple

