Sanguine

Level 1 of the Dungeon
(0, 0, D:1)
  a +0 dagger
(-44, 6, D:1)
  27 stones
(1, 7, D:1)
  2 stones
(-7, 9, D:1)
  a +0 dagger
(-4, 10, D:1)
  2 stones
(-32, 11, D:1)
  5 stones
(-44, 13, D:1)
  9 sling bullets
(6, 14, D:1)
  a +0 club
(-24, 17, D:1)
  a +0 dagger
(9, 19, D:1)
  a +0 dagger
(-11, 21, D:1)
  a +0 leather armour
(-7, 21, D:1)
  a +0 hunting sling
(3, 21, D:1)
  a +0 dagger
(-13, 22, D:1)
  a cursed -1 club
(-35, 23, D:1)
  a +0 dagger
(-18, 27, D:1)
  a +0 club
(-10, 29, D:1)
  a +0 short sword
(-35, 32, D:1)
  a +0 whip
(-17, 33, D:1)
  a stone
(-26, 36, D:1)
  a stone
(-27, 38, D:1)
  a stone
(-28, 40, D:1)
  a +0 short sword

Level 2 of the Dungeon
(-19, 1, D:2)
  7 bolts
(-12, 4, D:2)
  a +0 short sword
(-13, 5, D:2)
  a +0 dagger
(-19, 7, D:2)
  a +0 short sword
(-42, 9, D:2)
  a stone
(4, 9, D:2)
  a +0 club
(-24, 10, D:2)
  a +0 dagger
(3, 13, D:2)
  a stone
(4, 13, D:2)
  a stone
(5, 13, D:2)
  a stone
  a +0 club
(-41, 14, D:2)
  a +0 hunting sling
  7 stones
(-6, 14, D:2)
  a +0 short sword
(-1, 14, D:2)
  a stone
(1, 14, D:2)
  a +0 short sword
(-20, 20, D:2)
  21 stones
(-9, 21, D:2)
  a +0 hand axe
(-26, 26, D:2)
  25 sling bullets
(-33, 28, D:2)
  a +0 dagger
(-11, 37, D:2)
  a +0 rapier
(1, 41, D:2)
  a +0 short sword

Level 3 of the Dungeon
(0, 0, D:3)
  a +0 club
(-8, 1, D:3)
  a potion of curing
(2, 1, D:3)
  a +1 antimagic rapier
  a +0 hunting sling
(1, 2, D:3)
  19 stones
(-9, 3, D:3)
  a potion of might
(3, 4, D:3)
  a stone
(4, 5, D:3)
  a stone
(4, 6, D:3)
  a stone
(9, 6, D:3)
  a +0 hand axe
(2, 7, D:3)
  15 gold pieces
(10, 17, D:3)
  a rat skeleton

