Sanguine

Level 1 of the Dungeon
(0, 0, D:1)
  a +0 robe
(-27, 9, D:1)
  a +0 club
(2, 11, D:1)
  19 stones
(2, 15, D:1)
  a +0 leather armour
(-40, 18, D:1)
  16 arrows
(-1, 19, D:1)
  a cursed +0 club
  a +0 short sword
(-29, 20, D:1)
  a +0 club
  a +0 club
(-1, 22, D:1)
  a +0 club
(-4, 24, D:1)
  23 stones
(6, 28, D:1)
  21 stones
(-37, 36, D:1)
  a +0 club
(-46, 41, D:1)
  a +0 leather armour
(-43, 41, D:1)
  a +0 dagger
(-12, 45, D:1)
  20 stones
(-18, 50, D:1)
  a +0 spear

Level 2 of the Dungeon
(0, 0, D:2)
  a +0 war axe
(0, 2, D:2)
  a +0 war axe
(18, 8, D:2)
  28 arrows
(22, 8, D:2)
  a +1 hand axe of chopping
(31, 10, D:2)
  a +0 club
  a +0 robe
(32, 17, D:2)
  a +0 mace
(28, 21, D:2)
  a +0 ring mail
(32, 25, D:2)
  a stone
(33, 26, D:2)
  a stone
(34, 26, D:2)
  2 stones
(34, 27, D:2)
  a stone
(37, 31, D:2)
  a +0 short sword

