Dracula

Level 1 of the Dungeon
(0, 0, D:1)
  a giant newt corpse (skeletalised by now)
(-14, 8, D:1)
  a rotting bat corpse
(8, 19, D:1)
  a +0 mace
(-12, 21, D:1)
  a +0 whip
(9, 21, D:1)
  a rat corpse (skeletalised by now)
(14, 28, D:1)
  a slice of pizza
(-22, 29, D:1)
  a giant mite corpse (rotten by now)
(-4, 34, D:1)
  a jackal corpse (skeletalised by now)
  a bat corpse (skeletalised by now)
(11, 37, D:1)
  a stone
(13, 37, D:1)
  a +0 short sword
  a stone
(7, 38, D:1)
  a stone
(8, 38, D:1)
  a stone
(10, 38, D:1)
  a stone
(16, 40, D:1)
  a +0 short sword
(10, 44, D:1)
  3 tomahawks
(-15, 51, D:1)
  a +0 scale mail
(-7, 51, D:1)
  a kobold corpse (rotten by now)
(-1, 52, D:1)
  a +0 chain mail

Level 2 of the Dungeon
(0, 0, D:2)
  a +2 mace of draining
(-1, 1, D:2)
  a bread ration

