Sanguine

Level 1 of the Dungeon
(0, 0, D:1)
  20 stones
(1, 2, D:1)
  17 exploding sling bullets
(-43, 3, D:1)
  a cursed -1 dagger
(-33, 7, D:1)
  a +0 club
(-13, 8, D:1)
  9 poisoned needles
(-47, 11, D:1)
  a +0 club
(-3, 18, D:1)
  a +0 helmet
(-45, 20, D:1)
  a +0 hand axe of freezing
(-2, 21, D:1)
  a +0 leather armour
(-6, 23, D:1)
  a +0 club
(-18, 24, D:1)
  a +0 dagger
(-9, 27, D:1)
  a +0 club
(-9, 28, D:1)
  a +0 club
(-16, 31, D:1)
  a +0 dagger
(-11, 31, D:1)
  11 poisoned arrows
(-17, 34, D:1)
  14 poisoned needles

Level 2 of the Dungeon
(0, 0, D:2)
  a +0 club
  a +0 club
  a +0 club
(2, 1, D:2)
  a +0 club

