Xombaby

Level 1 of the Dungeon
(0, 0, D:1)
  a +0 dagger
(8, 6, D:1)
  a +0 short sword
(-2, 14, D:1)
  a cursed -1 club
(-32, 16, D:1)
  18 bolts
(11, 17, D:1)
  a +0 club
(14, 17, D:1)
  a +0 dagger
(-29, 18, D:1)
  a +0 club
(16, 19, D:1)
  21 bolts
(-14, 22, D:1)
  8 bolts
(-14, 24, D:1)
  a +0 club
(-33, 25, D:1)
  a stone
(-12, 29, D:1)
  6 tomahawks
(-6, 35, D:1)
  a +0 club
(-4, 40, D:1)
  a +0 dagger
  a +0 club

Level 2 of the Dungeon
(2, 11, D:2)
  3 tomahawks
  19 bolts
(-35, 16, D:2)
  a +0 hammer
(12, 17, D:2)
  a +0 dagger
(-36, 18, D:2)
  a +4 quarterstaff of chaos
(-24, 28, D:2)
  a +0 ring mail
(-22, 28, D:2)
  a stone
(-20, 30, D:2)
  a +0 club
  a +0 hunting sling
  12 stones
(18, 36, D:2)
  a +0 club
(19, 36, D:2)
  a +0 club
(4, 44, D:2)
  a +0 club

Level 3 of the Dungeon
(-39, 7, D:3)
  a +0 flail
(-15, 11, D:3)
  14 poisoned needles
(-22, 16, D:3)
  18 bolts
(-45, 19, D:3)
  a +0 short sword
(-7, 21, D:3)
  a +0 ring mail
(-5, 21, D:3)
  a +0 dagger
(-1, 21, D:3)
  2 tomahawks
(-45, 22, D:3)
  a +0 club
(-6, 22, D:3)
  a +0 hand axe
(-3, 22, D:3)
  a tomahawk
(-37, 24, D:3)
  20 stones
(-9, 24, D:3)
  a +0 hunting sling
(-40, 25, D:3)
  a stone
(-56, 26, D:3)
  a +0 club
(-58, 27, D:3)
  a +0 short sword
(-17, 27, D:3)
  6 stones
(-39, 30, D:3)
  a +0 club
(-42, 32, D:3)
  a stone
(-44, 33, D:3)
  19 bolts
(-43, 33, D:3)
  a stone
(-46, 34, D:3)
  a +0 short sword
(-16, 34, D:3)
  16 sling bullets
(-3, 37, D:3)
  a +0 dagger
(-10, 42, D:3)
  a +0 hand axe
(-13, 44, D:3)
  15 stones

Level 4 of the Dungeon
(0, 0, D:4)
  a +0 whip
  a +0 robe
  a +0 whip
  a +0 robe
(0, 2, D:4)
  a +0 spear
(25, 2, D:4)
  8 poisoned needles
(20, 7, D:4)
  2 tomahawks
(32, 9, D:4)
  a +0 hand axe
(23, 15, D:4)
  a +0 blowgun
  4 curare-tipped needles
(24, 15, D:4)
  an uncursed ring of protection from fire
(19, 16, D:4)
  a curare-tipped needle
(6, 17, D:4)
  a +0 robe
(33, 18, D:4)
  a +0 club
(45, 19, D:4)
  a stone
(28, 20, D:4)
  a +0 animal skin
(39, 20, D:4)
  a +0 club
(43, 20, D:4)
  a stone
(45, 20, D:4)
  a stone
(27, 21, D:4)
  a +0 animal skin
(22, 23, D:4)
  a +0 club

