Xombaby

Level 1 of the Dungeon
(0, 0, D:1)
  a +0 hunting sling
(6, 5, D:1)
  a +0 club
(-5, 12, D:1)
  a +0 club
(2, 12, D:1)
  a +0 dagger
(-15, 18, D:1)
  11 stones
(-8, 19, D:1)
  a +0 club
(-23, 20, D:1)
  a +0 leather armour
(5, 25, D:1)
  12 stones
(-16, 27, D:1)
  3 stones
(9, 28, D:1)
  a +0 helmet
(-16, 30, D:1)
  a stone
(-11, 30, D:1)
  26 sling bullets
(-15, 32, D:1)
  a stone
(3, 42, D:1)
  a +0 robe
(11, 42, D:1)
  a +0 short sword

Level 2 of the Dungeon
(-2, 3, D:2)
  a +0 short sword
  a stone
(18, 6, D:2)
  a +0 club
(14, 17, D:2)
  14 stones
(18, 17, D:2)
  25 bolts
(8, 18, D:2)
  a +0 ring mail
(-12, 21, D:2)
  a +0 leather armour
(-3, 27, D:2)
  a +0 club
(-22, 33, D:2)
  26 stones
(-19, 35, D:2)
  22 stones

Level 3 of the Dungeon
(0, 0, D:3)
  a +0 flail
(25, 0, D:3)
  a scroll of noise
(49, 1, D:3)
  a cursed -3 club
(54, 3, D:3)
  a +0 trident
  a +0 scale mail
(55, 3, D:3)
  a +0 dagger
(29, 4, D:3)
  a rat corpse (skeletalised by now)
(29, 7, D:3)
  a +0 dagger
  a +0 scale mail
(29, 13, D:3)
  a cursed +0 dagger
(38, 14, D:3)
  a stone
(38, 15, D:3)
  a stone
(58, 15, D:3)
  17 poisoned arrows
(28, 16, D:3)
  a +0 club
(54, 17, D:3)
  13 arrows
(38, 18, D:3)
  a stone
(49, 19, D:3)
  a +0 whip
  a cursed +0 leather armour
  a +0 club
  an orc skeleton
(7, 20, D:3)
  a +0 club
(38, 20, D:3)
  a +0 dagger
(39, 20, D:3)
  a +0 club
(49, 20, D:3)
  a +0 trident
(54, 20, D:3)
  a +0 flail
(38, 21, D:3)
  a +0 club
  a +0 hunting sling
  23 stones
(51, 21, D:3)
  a +0 falchion
  an orc corpse (skeletalised by now)
(21, 22, D:3)
  a +0 long sword
(16, 23, D:3)
  a +0 robe
(24, 27, D:3)
  a +0 robe
(36, 29, D:3)
  a +0 dagger
  a +0 blowgun
  9 poisoned needles
(36, 32, D:3)
  a poisoned needle
(35, 33, D:3)
  a poisoned needle
(36, 33, D:3)
  a poisoned needle

