Sanguine

Level 1 of the Dungeon
(0, 0, D:1)
  20 bolts
(-37, 8, D:1)
  a +0,+2 dwarven short sword
(6, 13, D:1)
  a dart
(5, 15, D:1)
  a +0,+0 short sword
  2 darts
(-20, 19, D:1)
  a +0,+0 orcish club
(-36, 20, D:1)
  a +0,+0 club
(-1, 22, D:1)
  a +0,+0 club
(-1, 23, D:1)
  a +0,+0 dagger
(-10, 24, D:1)
  30 arrows
(-35, 25, D:1)
  a cursed +0,+0 dagger
(-27, 25, D:1)
  a +2,+0 dagger
(5, 34, D:1)
  30 arrows
(-47, 39, D:1)
  17 stones
(-33, 40, D:1)
  a +0,+0 dagger
(-27, 42, D:1)
  a +0 robe
(-19, 43, D:1)
  a +0,+0 dagger

Level 2 of the Dungeon
(0, 0, D:2)
  a +0,+0 dagger
(-3, 1, D:2)
  a dart
(-4, 3, D:2)
  a +0,+0 club
(5, 5, D:2)
  a dart
(5, 6, D:2)
  a dart
(7, 6, D:2)
  a dart
(11, 6, D:2)
  a +0,+1 dagger
  2 darts
(-31, 11, D:2)
  a +2,+0 trident
(-19, 11, D:2)
  a +1,+0 dwarven hammer
(-31, 12, D:2)
  a stone
(-31, 13, D:2)
  a +0,+0 whip
(-31, 14, D:2)
  a +0,+0 sling
  15 stones
(-30, 16, D:2)
  a +0,+0 hand axe
(-41, 24, D:2)
  a +0,+0 sling
(-4, 26, D:2)
  a scroll of random uselessness
(-34, 32, D:2)
  a cursed -2,-1 club
(-26, 34, D:2)
  a +0,+0 short sword
(-20, 35, D:2)
  a +0,+0 short sword
(-17, 45, D:2)
  12 stones
(-14, 45, D:2)
  a dart
(-13, 45, D:2)
  a +0,+0 short sword
  a dart
(-5, 49, D:2)
  a +1,+1 dwarven hand axe

Level 3 of the Dungeon
(0, 0, D:3)
  a +0,+0 dagger
(-15, 9, D:3)
  a cursed +0,-1 club
(-10, 10, D:3)
  a +0 leather armour
(-5, 23, D:3)
  a +0 robe
(-6, 24, D:3)
  a -1,+1 orcish club
  a cursed +0,+0 orcish short sword
(-29, 28, D:3)
  13 arrows of flame
(-8, 31, D:3)
  a +0,+0 orcish club
  a cursed -1 orcish leather armour
  a -1,+3 orcish dagger
(-16, 32, D:3)
  a +0,+1 orcish dagger
(-8, 32, D:3)
  a -1,+0 orcish club
  a +0 orcish leather armour
(15, 39, D:3)
  15 silver sling bullets
(-2, 51, D:3)
  a +0,+1 orcish spear
  a +0,+1 orcish spear
  a +0,+1 orcish spear
  a +0,+1 orcish spear
(-2, 52, D:3)
  a +0,+0 orcish spear
  a +0,+0 orcish spear
(-12, 54, D:3)
  a -1,+1 orcish club

Level 4 of the Dungeon
(0, 0, D:4)
  20 arrows
(29, 5, D:4)
  a +1,+2 dagger
(12, 7, D:4)
  a +0,+0 orcish mace
(34, 10, D:4)
  a +0 leather armour
(-1, 17, D:4)
  a potion of poison
(19, 17, D:4)
  a +0,+0 orcish club

