Asterion

Level 1 of the Dungeon
(0, 0, D:1)
  a cursed -3 club
(10, 2, D:1)
  a +0 animal skin
(-5, 5, D:1)
  a +0 helmet
(3, 6, D:1)
  a +0 ring mail
(20, 12, D:1)
  a +0 spear
(25, 12, D:1)
  14 poisoned needles
(2, 27, D:1)
  21 arrows of flame
(21, 29, D:1)
  5 stones
(5, 31, D:1)
  a +0 club
  a hobgoblin corpse (skeletalised by now)
(31, 31, D:1)
  a +0 club
(24, 33, D:1)
  a +0 spear
(22, 34, D:1)
  a +0 hand axe
(19, 35, D:1)
  a +0 leather armour
(22, 40, D:1)
  22 stones

Level 2 of the Dungeon
(0, 0, D:2)
  13 stones
(13, 14, D:2)
  13 exploding sling bullets
(8, 15, D:2)
  a +0 short sword
  4 stones
  a +0 dagger
(9, 15, D:2)
  a stone
(-10, 25, D:2)
  a cursed +0 ring mail
(-17, 36, D:2)
  a +0 club
(-7, 37, D:2)
  a +0 club
(25, 38, D:2)
  25 stones
(23, 45, D:2)
  a stone
(6, 49, D:2)
  a +0 robe
(23, 50, D:2)
  a +0 club
(4, 52, D:2)
  a stone
(-11, 59, D:2)
  a +0 club
  a hobgoblin skeleton

