Iskenderun

Level 1 of the Dungeon
(0, 0, D:1)
  a +1 dagger of draining
(-7, 1, D:1)
  a stone
(0, 1, D:1)
  3 stones
(-26, 5, D:1)
  9 bolts
(-19, 11, D:1)
  22 bolts
(-28, 20, D:1)
  a +0 dagger
(-17, 36, D:1)
  a cursed -2 dagger
  4 stones
(2, 46, D:1)
  a cursed +0 ring mail

Level 2 of the Dungeon
(0, 0, D:2)
  a +0 ring mail
(-10, 1, D:2)
  a +0 club
(-20, 3, D:2)
  26 arrows
(-5, 4, D:2)
  a +1 short sword of speed
(-22, 9, D:2)
  23 bolts
(-13, 10, D:2)
  a +0 ring mail
(-20, 12, D:2)
  10 stones
(-21, 19, D:2)
  a +0 hand axe
  5 stones
  a +0 short sword
(-17, 30, D:2)
  19 stones
(10, 31, D:2)
  a +1 battleaxe of freezing
(-16, 32, D:2)
  a +0 club
(-24, 33, D:2)
  a +0 spear
(20, 38, D:2)
  30 arrows
(5, 44, D:2)
  a +0 cutlass
(-25, 45, D:2)
  a +0 club
(-2, 49, D:2)
  27 sling bullets

Level 3 of the Dungeon
(0, 0, D:3)
  a +0 dagger
  a goblin corpse (rotten by now)
(11, 2, D:3)
  a +0 club
(22, 5, D:3)
  a +0 hand axe
(11, 6, D:3)
  a +0 club
(20, 14, D:3)
  a +0 robe
(3, 15, D:3)
  a +0 short sword
(14, 17, D:3)
  a stone
(15, 17, D:3)
  a stone
(-14, 18, D:3)
  a +0 hand axe
(2, 18, D:3)
  an adder corpse (rotten by now)
(9, 18, D:3)
  a +0 club
  16 stones
(-15, 20, D:3)
  a cursed +0 flail
(-4, 24, D:3)
  a +0 trident
(5, 24, D:3)
  a +0 club
  17 stones
  a cursed -2 club
  a +0 hunting sling
  a +0 club
(5, 25, D:3)
  a +0 dagger
(-18, 26, D:3)
  a cursed +0 club
(0, 26, D:3)
  a +0 whip
  a +0 scale mail
(-18, 27, D:3)
  a +0 whip
  a stone
(6, 28, D:3)
  a +0 dagger of speed
  a goblin corpse (skeletalised by now)
(6, 29, D:3)
  a +0 dagger
  a goblin corpse (skeletalised by now)
(13, 29, D:3)
  a cursed +0 cloak
(7, 32, D:3)
  a cursed +0 plate armour
(10, 32, D:3)
  9 poisoned needles
(-15, 33, D:3)
  a stone
(-10, 36, D:3)
  9 stones
(-17, 47, D:3)
  a +0 hunting sling
  25 stones

Level 4 of the Dungeon
(0, 0, D:4)
  a scroll of remove curse
(-18, 11, D:4)
  a +0 dagger
  a kobold corpse
(-2, 12, D:4)
  a +0 dagger
  4 tomahawks of returning
  a +0 hand axe
  a +0 ring mail
  an orc corpse
  an orc corpse
(-2, 13, D:4)
  an orc skeleton
(-9, 25, D:4)
  a +0 chain mail

