Asterion

Level 1 of the Dungeon
(0, 0, D:1)
  a cursed +0 club
(-11, 5, D:1)
  a cursed -3 dagger
(2, 11, D:1)
  a +0 club
(-22, 14, D:1)
  2 javelins
(-32, 16, D:1)
  a +0 club
(-17, 25, D:1)
  12 poisoned needles
(-27, 26, D:1)
  a +0 spear
(-38, 27, D:1)
  a +0 animal skin
(-19, 28, D:1)
  a +0 dagger

Level 2 of the Dungeon
(0, 0, D:2)
  14 stones
(13, 6, D:2)
  21 arrows
(4, 10, D:2)
  a +0 short sword
(34, 16, D:2)
  a cursed +0 dagger
(32, 17, D:2)
  13 bolts of frost
(19, 18, D:2)
  20 stones
(10, 22, D:2)
  a +0 mace
(29, 23, D:2)
  a +0 leather armour
(22, 24, D:2)
  a +0 dagger of holy wrath
(3, 27, D:2)
  31 stones
(12, 28, D:2)
  a +0 robe
(1, 37, D:2)
  a +0 club
  a +0 hunting sling
  16 stones
(2, 37, D:2)
  a +0 mace
  a +0 leather armour
(5, 37, D:2)
  a stone
(6, 37, D:2)
  a +0 robe
(8, 37, D:2)
  a stone
(30, 39, D:2)
  a cursed -3 club
(14, 43, D:2)
  23 stones

Level 3 of the Dungeon
(0, 0, D:3)
  a cursed -3 hunting sling
(-37, 10, D:3)
  a +0 flail
(-15, 12, D:3)
  a cursed +0 ring mail
(12, 15, D:3)
  20 arrows
(-34, 16, D:3)
  22 stones
(-18, 16, D:3)
  a +0 club
(-3, 16, D:3)
  a poisoned needle
(-4, 17, D:3)
  21 arrows
(0, 18, D:3)
  9 bolts
(-3, 19, D:3)
  a poisoned needle
(-4, 21, D:3)
  a +0 blowgun
  9 poisoned needles
(18, 29, D:3)
  a +0 dagger
(-37, 30, D:3)
  4 tomahawks
(-4, 31, D:3)
  a +0 dagger
(-33, 33, D:3)
  a cursed +0 robe
(-25, 33, D:3)
  a +0 dagger
(15, 36, D:3)
  17 stones
(12, 40, D:3)
  10 sling bullets
(18, 41, D:3)
  24 stones
(-30, 43, D:3)
  a +0 club
(-7, 44, D:3)
  a +0 club
  a +0 club
(-6, 44, D:3)
  a +2 dagger of venom
  a +0 club
(-23, 53, D:3)
  a +0 club
  a +0 dagger
  a +0 robe

Level 4 of the Dungeon
(0, 0, D:4)
  a +0 leather armour
(20, 0, D:4)
  a +0 ring mail
  a +0 ring mail
  a +0 hand axe
(2, 1, D:4)
  a +0 robe
(20, 1, D:4)
  a +0 leather armour
(28, 8, D:4)
  13 stones
(-13, 9, D:4)
  a stone
(-14, 10, D:4)
  a stone
(-16, 13, D:4)
  a +0 hand axe
(-11, 17, D:4)
  a +0 ring mail
(27, 23, D:4)
  a +0 leather armour
(22, 24, D:4)
  19 stones
(-14, 25, D:4)
  23 arrows
(1, 25, D:4)
  a +0 war axe
(-5, 30, D:4)
  a +0 club
(5, 32, D:4)
  a +0 flail
(11, 32, D:4)
  18 sling bullets of frost
(0, 37, D:4)
  a +0 leather armour

Level 5 of the Dungeon
(0, 0, D:5)
  a +0 helmet
(23, 1, D:5)
  23 stones
(-28, 5, D:5)
  a +0 shortbow
  8 arrows of flame
(-32, 8, D:5)
  a rat corpse (rotten by now)
(-28, 8, D:5)
  an arrow of flame
(-27, 8, D:5)
  an arrow of flame
(-27, 10, D:5)
  an arrow of flame
(22, 11, D:5)
  a +1 dagger of draining
  a +0 robe
  an orc corpse
(7, 20, D:5)
  a cursed +0 falchion
  a +0 leather armour
  a +0 dagger
  a +0 robe
(9, 21, D:5)
  a +0 flail
  a +0 falchion
  a +0 ring mail
(-5, 24, D:5)
  a +0 dagger
  2 chunks of kobold flesh
(-32, 32, D:5)
  a +0 dagger
(-17, 40, D:5)
  a +0 spear
(-15, 40, D:5)
  a +0 club
  a +0 club
  a +0 robe
(-8, 40, D:5)
  a bat corpse (rotten by now)
(-14, 41, D:5)
  a +0 spear

