Dracula

Level 1 of the Dungeon
(0, 0, D:1)
  a +0,+0 club
(29, 1, D:1)
  a +0,+0 whip
  2 darts
(18, 2, D:1)
  a +0,+0 club
(42, 2, D:1)
  a +0,+0 club
(51, 4, D:1)
  a +0,+0 club
(0, 5, D:1)
  16 stones
(25, 5, D:1)
  a +0,+0 club
(59, 20, D:1)
  19 stones
(53, 30, D:1)
  a +0,+0 club
(43, 34, D:1)
  a +0,+0 club
(-7, 41, D:1)
  a +0,+0 dagger
  2 darts
(-5, 41, D:1)
  a dart
(23, 41, D:1)
  a +0,+0 dagger

Level 2 of the Dungeon
(-9, 2, D:2)
  a +0,+0 club
(31, 4, D:2)
  a +0,+0 dagger
(0, 9, D:2)
  a +0 chain mail
(35, 11, D:2)
  19 stones
(5, 13, D:2)
  a pear
(-2, 14, D:2)
  a +0,+0 flail
(-2, 15, D:2)
  a +0,+0 short sword
(23, 18, D:2)
  a +0,+2 dagger
(-9, 21, D:2)
  a +0 shield
(-8, 24, D:2)
  a +0,+0 dagger
(-21, 25, D:2)
  a choko
(-8, 25, D:2)
  a +0 leather armour
(25, 28, D:2)
  a bread ration
(18, 37, D:2)
  a +2 plate armour

Level 3 of the Dungeon
(0, 0, D:3)
  10 stones
(16, 6, D:3)
  a +0,+0 dagger
  a +0,+0 club
  a +0 leather armour
  a +0,+0 dagger
(-23, 8, D:3)
  a +0,+0 dagger
(-8, 16, D:3)
  a +0,+0 dagger
(-25, 20, D:3)
  a +0 leather armour
(-25, 22, D:3)
  a +0,+0 club
(16, 29, D:3)
  a +0 leather armour
(-42, 42, D:3)
  a +0 scale mail
(1, 42, D:3)
  a +0,+0 club
(5, 42, D:3)
  a cursed -1,+0 dagger
(-28, 47, D:3)
  a cursed +0 leather armour

Level 4 of the Dungeon
[Shop] Majia's General Store
  a wand of slowing (16) (148 gold)
  17 sling bullets (93 gold)
  12 sling bullets (66 gold)
  a scroll of recharging (104 gold)
  a +0 pair of gloves (49 gold)
  a bread ration (48 gold)
  an uncursed ring of positive energy (220 gold)
(0, 0, D:4)
  a +1,+2 whip
(-10, 4, D:4)
  17 sling bullets
(-17, 8, D:4)
  a +0 ring mail
(-13, 12, D:4)
  a +2,+2 whip of electrocution
(-13, 14, D:4)
  a +1,+1 hand axe
(-12, 14, D:4)
  a +0,+0 morningstar
  a +0,+0 falchion
  a -1 robe
(-44, 16, D:4)
  a +0,+0 club
  a +0 robe
(-31, 17, D:4)
  13 poisoned arrows
(-20, 17, D:4)
  9 stones
  a +2,+0 sling of flame
(-23, 19, D:4)
  a stone
(-22, 19, D:4)
  a stone
(-48, 22, D:4)
  a +0,+0 dagger
(-12, 22, D:4)
  a +2,+2 flail
(-49, 23, D:4)
  a +0,+0 short sword
(-50, 24, D:4)
  a +0,+0 hand axe
  a +0 leather armour
(-29, 30, D:4)
  a +0,+0 club
(-9, 30, D:4)
  a +0 ring mail
(-3, 33, D:4)
  a scroll of noise
(-28, 44, D:4)
  a +2,+0 dagger of venom

Level 5 of the Dungeon
(0, 0, D:5)
  the -2,+0 spear of Due Proportion {holy, rElec rPois Dex-1 Stlth++}
    It has been blessed by the Shining One to cause great damage to the undead
    and demons.
    
    It affects your dexterity (-1).
    It insulates you from electricity.
    It protects you from poison.
    It makes you much more stealthy.
(-30, 2, D:5)
  a scroll of teleportation
(-10, 13, D:5)
  a +0 ring mail
(-15, 19, D:5)
  a +0,+0 flail
(-16, 23, D:5)
  18 sling bullets
(-7, 23, D:5)
  a +0,+0 short sword
  a +1,+2 trident
(-22, 24, D:5)
  a bread ration
(-17, 36, D:5)
  23 arrows

