Sanguine

Level 1 of the Dungeon
(0, 0, D:1)
  a +0 dagger
(-33, 6, D:1)
  a stone
(-31, 6, D:1)
  a stone
(-27, 6, D:1)
  a +0 club
  a stone
(4, 11, D:1)
  a stone
(5, 11, D:1)
  a stone
(2, 12, D:1)
  2 stones
(7, 12, D:1)
  a stone
(-26, 14, D:1)
  a +0 club
(-9, 14, D:1)
  19 stones
(-12, 23, D:1)
  a stone
(6, 23, D:1)
  a +0 leather armour
(18, 25, D:1)
  3 stones
(-12, 27, D:1)
  a +0 short sword
(7, 28, D:1)
  a +0 dagger
(19, 30, D:1)
  a stone
(19, 31, D:1)
  a stone
(-8, 37, D:1)
  28 arrows
(-20, 40, D:1)
  a +0 dagger
(1, 45, D:1)
  a +0 ring mail
(-17, 48, D:1)
  a +0 club
(0, 49, D:1)
  a +0 hand axe

Level 2 of the Dungeon
(0, 0, D:2)
  a +0 ring mail
(21, 0, D:2)
  a +0 club
(28, 0, D:2)
  a +0 ring mail
(23, 3, D:2)
  a +0 ring mail
(44, 4, D:2)
  a +0 whip
(-7, 10, D:2)
  a +1 dagger of venom
(28, 11, D:2)
  a +0 leather armour
(5, 16, D:2)
  a throwing net
(8, 17, D:2)
  7 tomahawks
(-8, 21, D:2)
  a +0 chain mail
(-1, 21, D:2)
  a +0 short sword
(7, 24, D:2)
  a +0 scythe
  a +0 robe
(35, 30, D:2)
  a +0 dagger

Level 3 of the Dungeon
(16, 0, D:3)
  2 tomahawks of returning
(18, 3, D:3)
  a cursed +0 leather armour
(11, 4, D:3)
  12 stones

