Goreguts

Level 1 of the Dungeon
(0, 0, D:1)
  20 arrows
(24, 14, D:1)
  16 darts
(5, 19, D:1)
  a cursed +0,+0 club
(11, 35, D:1)
  a +0,+0 whip
(-6, 37, D:1)
  a dart
(28, 38, D:1)
  16 darts
(-15, 47, D:1)
  3 javelins
(24, 52, D:1)
  a +0,+0 mace

Level 2 of the Dungeon
(0, 0, D:2)
  a dart
(-23, 1, D:2)
  a +0,+0 dagger
(-22, 1, D:2)
  a dart
(3, 1, D:2)
  a dart
(4, 1, D:2)
  a dart
(5, 1, D:2)
  a dart
(-19, 2, D:2)
  a +0,+0 mace
(4, 2, D:2)
  a +0,+0 whip
(7, 2, D:2)
  a dart
(-2, 3, D:2)
  a +0 robe
(1, 5, D:2)
  a +1,+0 dwarven dagger
(-37, 6, D:2)
  a cursed +0 robe
(-49, 16, D:2)
  a dart
(-49, 20, D:2)
  a cursed -3,-2 dagger
(-26, 22, D:2)
  a -1,+1 orcish spear
(-32, 24, D:2)
  a +2,+2 elven dagger
(-42, 29, D:2)
  a +0,+0 mace
(-45, 31, D:2)
  a +0,+0 sling
(-23, 42, D:2)
  a -1,+1 orcish club

Level 3 of the Dungeon
(0, 0, D:3)
  24 bolts
(18, 16, D:3)
  a +0,+0 club
(34, 18, D:3)
  3 darts
(-17, 20, D:3)
  a +0 leather armour
(-2, 23, D:3)
  a +0 ring mail
(14, 24, D:3)
  25 sling bullets
(15, 24, D:3)
  a +0 orcish ring mail
  a +0 animal skin
(31, 24, D:3)
  a cursed -1,+0 whip
(17, 30, D:3)
  a cursed -3,-2 orcish club
(30, 42, D:3)
  a stone
(31, 42, D:3)
  a stone
(34, 42, D:3)
  a +0,+0 club
  a +1,+2 sling
  12 stones
(34, 43, D:3)
  a goblin skeleton
  a -1,+1 orcish club
  a +0 dwarven chain mail
(33, 44, D:3)
  a +0 leather armour
(23, 46, D:3)
  24 stones
(39, 53, D:3)
  a +2,+1 sling

Level 4 of the Dungeon
(0, 0, D:4)
  a bread ration
(5, 2, D:4)
  a -1,+1 orcish short sword
  a +0 orcish leather armour
(4, 3, D:4)
  a +0,+1 orcish short sword
  a +0 orcish ring mail

