Dracula

Level 1 of the Dungeon
(0, 0, D:1)
  19 stones
(-6, 1, D:1)
  21 darts
(0, 19, D:1)
  a kobold corpse (skeletalised by now)
(20, 24, D:1)
  21 arrows
(-9, 25, D:1)
  a +1 ring mail
(-13, 30, D:1)
  a +0,+0 club
(24, 32, D:1)
  a +0 leather armour
(-25, 35, D:1)
  a +0,+0 dagger
(-20, 37, D:1)
  23 arrows
(-18, 40, D:1)
  a +0,+0 club
  a hobgoblin skeleton
(31, 46, D:1)
  a +0,+0 club
(-20, 48, D:1)
  a +0,+0 club
  a hobgoblin corpse (skeletalised by now)
(1, 49, D:1)
  a bread ration
(-20, 50, D:1)
  23 stones
(41, 54, D:1)
  a +0,+0 club
(-5, 55, D:1)
  a giant newt corpse (skeletalised by now)
(-3, 60, D:1)
  2 potions of porridge
(25, 60, D:1)
  a bread ration

Level 2 of the Dungeon
(0, 0, D:2)
  a goblin corpse
(-6, 5, D:2)
  a +0,+0 spear
(0, 10, D:2)
  16 stones
(5, 20, D:2)
  a rat corpse
(30, 22, D:2)
  a +0 leather armour
(6, 25, D:2)
  a +0,+0 club
  the goblin skeleton of Ijyb
(38, 26, D:2)
  a +0,+0 flail
  a gnoll corpse
(14, 31, D:2)
  a +0 robe

