Iskenderun

Level 1 of the Dungeon
(0, 0, D:1)
  a +0 club
(1, 1, D:1)
  a +0 robe
(3, 2, D:1)
  a rat skeleton
(6, 3, D:1)
  a +1 helmet
(8, 3, D:1)
  a bat corpse
(-2, 5, D:1)
  a kobold skeleton
(17, 5, D:1)
  a +0 dagger
(18, 6, D:1)
  23 arrows
(-20, 9, D:1)
  13 stones
(26, 9, D:1)
  a rotting rat corpse
(10, 12, D:1)
  a +0 ring mail
(25, 13, D:1)
  a goblin corpse (skeletalised by now)
(23, 15, D:1)
  a rat corpse (skeletalised by now)
(-16, 16, D:1)
  a +0 club
(-12, 16, D:1)
  a +0 leather armour
(34, 29, D:1)
  a +0 chain mail
(20, 33, D:1)
  a +0 short sword
  a kobold corpse (skeletalised by now)
(-2, 38, D:1)
  a +0 ring mail
(43, 42, D:1)
  13 arrows
(2, 43, D:1)
  a +0 short sword
(-1, 48, D:1)
  a cursed -2 mace
(24, 48, D:1)
  a +0 club

Level 2 of the Dungeon
(0, 0, D:2)
  a +0 club
  a hobgoblin corpse
(5, 5, D:2)
  a +0 club
  (unseen)
(6, 5, D:2)
  a rat corpse
(4, 6, D:2)
  a throwing net
(6, 6, D:2)
  a meat ration

