Arya

Level 1 of the Dungeon
(0, 0, D:1)
  a cursed -2 club
  a hobgoblin corpse (rotten by now)
(6, 5, D:1)
  a +0 ring mail
(-11, 7, D:1)
  17 stones
(0, 9, D:1)
  a rotting kobold corpse
(-20, 10, D:1)
  7 arrows
(-8, 13, D:1)
  34 sling bullets
(12, 13, D:1)
  a rat corpse (skeletalised by now)
(-18, 14, D:1)
  a meat ration
(-19, 15, D:1)
  9 stones
(-13, 16, D:1)
  a rotting goblin corpse
(-16, 18, D:1)
  13 stones
(-14, 18, D:1)
  10 arrows of dispersal
(-11, 18, D:1)
  a giant gecko corpse (skeletalised by now)
(2, 28, D:1)
  a +0 scale mail
(-15, 31, D:1)
  a bat corpse (skeletalised by now)
(14, 36, D:1)
  a +0 club
  a hobgoblin corpse (skeletalised by now)
(17, 38, D:1)
  a +0 leather armour
(9, 39, D:1)
  a +0 leather armour
(-9, 43, D:1)
  a +0 club
(-8, 43, D:1)
  a +0 short sword
(4, 43, D:1)
  a bat corpse (skeletalised by now)
(-5, 45, D:1)
  a rat corpse (skeletalised by now)

Level 2 of the Dungeon
(0, 0, D:2)
  a bat corpse (rotten by now)
(-14, 1, D:2)
  a +0 dagger
(17, 1, D:2)
  a +0 pair of boots
(14, 2, D:2)
  19 stones
(7, 12, D:2)
  a bat corpse
(-4, 23, D:2)
  a +0 ring mail
(9, 32, D:2)
  18 stones
(5, 33, D:2)
  a +0 club
  a giant gecko corpse
(9, 34, D:2)
  a +0 whip
  a kobold corpse
(1, 38, D:2)
  a hobgoblin corpse
(8, 44, D:2)
  13 stones

