Sanguine

Level 1 of the Dungeon
(0, 0, D:1)
  a cursed -1 whip
(-32, 13, D:1)
  a stone
(-8, 19, D:1)
  a +0 leather armour
(-10, 24, D:1)
  28 sling bullets
(-40, 26, D:1)
  9 poisoned needles
(-6, 28, D:1)
  27 stones
(4, 30, D:1)
  a +0 club
(3, 31, D:1)
  a +0 dagger
(-12, 32, D:1)
  17 arrows
(-26, 36, D:1)
  a +0 whip
(-24, 37, D:1)
  a +0 dagger
(-47, 43, D:1)
  a +0 short sword
(-24, 50, D:1)
  10 stones

Level 2 of the Dungeon
(0, 0, D:2)
  a +0 club
(19, 1, D:2)
  a cursed +0 club
(15, 10, D:2)
  21 stones
(27, 13, D:2)
  22 sling bullets
(7, 18, D:2)
  a throwing net
(9, 22, D:2)
  a stone
(10, 23, D:2)
  a stone
(12, 25, D:2)
  a +0 dagger
(-9, 27, D:2)
  a +0 leather armour
(-8, 28, D:2)
  14 bolts
(-9, 33, D:2)
  2 stones
(-9, 38, D:2)
  a +0 dagger
(14, 40, D:2)
  a +0 club

Level 3 of the Dungeon
(0, 0, D:3)
  a potion of haste
(-25, 1, D:3)
  a stone
(-24, 1, D:3)
  a stone
(-6, 1, D:3)
  a cursed +0 dagger
  a +0 leather armour
(-30, 2, D:3)
  an uncursed staff of conjuration
(-25, 3, D:3)
  a stone
(-11, 5, D:3)
  a +0 club
(-25, 6, D:3)
  a +0 dagger
(-35, 11, D:3)
  a +0 dagger
(-20, 14, D:3)
  a +0 club
(-17, 19, D:3)
  4 tomahawks
(-17, 21, D:3)
  a +0 flail
(-13, 25, D:3)
  a +0 club
(-10, 25, D:3)
  a tomahawk
(-12, 26, D:3)
  a stone
(-11, 27, D:3)
  a stone
(-9, 27, D:3)
  18 stones
(-9, 29, D:3)
  a stone

