Asterion

Level 1 of the Dungeon
(0, 0, D:1)
  10 stones
(-21, 14, D:1)
  a +0 dagger
(-21, 15, D:1)
  a +0 dagger
(24, 16, D:1)
  a +0 short sword
(7, 19, D:1)
  a +0 club
(16, 20, D:1)
  a +0 club
(11, 30, D:1)
  a cursed -1 club
(-28, 32, D:1)
  a +0 robe
(-8, 36, D:1)
  a +0 short sword

Level 2 of the Dungeon
(0, 0, D:2)
  9 stones
(-5, 1, D:2)
  a +0 club
(-42, 3, D:2)
  4 stones
(-17, 3, D:2)
  7 poisoned needles
(-33, 5, D:2)
  a +0 spear
(-32, 5, D:2)
  a +0 spear
  a +0 dagger
(-3, 8, D:2)
  a +0 club
(-10, 12, D:2)
  26 stones
(-7, 12, D:2)
  a +0 hunting sling
(-3, 19, D:2)
  a +0 dagger
(-14, 20, D:2)
  a cursed -3 club
  a +1 spear of venom
(-18, 21, D:2)
  a +0 club
(-29, 26, D:2)
  a +0 mace
(-25, 39, D:2)
  16 arrows

Level 3 of the Dungeon
(0, 0, D:3)
  a +0 robe
(-52, 3, D:3)
  16 stones
(-23, 21, D:3)
  a +0 club
(-2, 21, D:3)
  a +0 short sword
(6, 39, D:3)
  a +0 short sword
(8, 39, D:3)
  a +0 dagger
(0, 43, D:3)
  21 arrows

Level 4 of the Dungeon
(0, 0, D:4)
  a +0 flail
(-27, 6, D:4)
  15 stones
(-10, 10, D:4)
  a stone
(-10, 12, D:4)
  a stone
(-44, 13, D:4)
  a +0 robe
(-10, 14, D:4)
  a stone
(-10, 17, D:4)
  a +0 dagger
(1, 22, D:4)
  a +0 club
(14, 46, D:4)
  a +0 short sword
(-47, 49, D:4)
  a cursed +0 club
  a +0 leather armour
(-14, 50, D:4)
  a +0 leather armour
(-1, 50, D:4)
  30 stones
(-1, 58, D:4)
  a chunk of scorpion flesh (rotten by now)
(-31, 61, D:4)
  a +0 animal skin

Level 5 of the Dungeon
(0, 0, D:5)
  8 poisoned javelins
(-3, 1, D:5)
  13 gold pieces
(-1, 1, D:5)
  a +0 short sword
  (unseen)
(-3, 2, D:5)
  a stone
(5, 6, D:5)
  26 stones

