Asterion

Level 1 of the Dungeon
(0, 0, D:1)
  a +0 leather armour
(31, 3, D:1)
  11 sling bullets
(-4, 6, D:1)
  a stone
(-4, 7, D:1)
  a stone
(-4, 8, D:1)
  a stone
(-4, 9, D:1)
  a stone
(32, 9, D:1)
  a +0 club
(-4, 10, D:1)
  a stone
(20, 28, D:1)
  a cursed -1 club
(-20, 29, D:1)
  a +0 ring mail
(11, 38, D:1)
  12 sling bullets
(10, 46, D:1)
  a +0 club
  3 stones
(20, 46, D:1)
  a +0 dagger
(-24, 49, D:1)
  22 sling bullets
(10, 50, D:1)
  a stone
(29, 52, D:1)
  a +0 club
(20, 56, D:1)
  a +0 dagger
(-17, 60, D:1)
  a +0 animal skin

Level 2 of the Dungeon
(0, 0, D:2)
  a +0 hunting sling
(16, 0, D:2)
  a +0 short sword
(-1, 3, D:2)
  a +0 short sword
  a stone
  a +0 ring mail
(0, 3, D:2)
  a +0 chain mail
(23, 3, D:2)
  a +0 club
(0, 5, D:2)
  a stone
(0, 7, D:2)
  a +0 whip
(35, 7, D:2)
  a +0 club
(1, 9, D:2)
  a stone
(21, 13, D:2)
  27 stones
(14, 16, D:2)
  32 stones
(-5, 19, D:2)
  25 stones
(-5, 20, D:2)
  a +0 cloak
(27, 26, D:2)
  6 poisoned bolts
(30, 32, D:2)
  a +0 club

Level 3 of the Dungeon
(0, 0, D:3)
  2 poisoned needles
(-17, 10, D:3)
  a +0 flail
(-15, 10, D:3)
  a +0 short sword
  a cursed +0 leather armour
(-15, 11, D:3)
  a +0 dagger
(-23, 15, D:3)
  a +0 dagger
  a +0 leather armour
(-8, 15, D:3)
  a +0 club
(-22, 18, D:3)
  a +0 dagger
  a +0 robe
(5, 22, D:3)
  a +0 mace
(6, 22, D:3)
  a +0 war axe
  a +0 dagger
  a +0 robe
(21, 27, D:3)
  a +0 dagger
(25, 27, D:3)
  a cursed +0 ring mail
(5, 28, D:3)
  a +0 flail
(-22, 31, D:3)
  a +0 short sword
  a +0 chain mail of poison resistance
(15, 33, D:3)
  an arrow
(14, 34, D:3)
  an arrow
(2, 35, D:3)
  2 silver tomahawks
(4, 35, D:3)
  a +0 mace
  a silver tomahawk
  a +0 ring mail
(14, 35, D:3)
  2 arrows
(-2, 36, D:3)
  a tomahawk
(-1, 36, D:3)
  a tomahawk
(0, 36, D:3)
  a tomahawk
  a silver tomahawk
(1, 36, D:3)
  a silver tomahawk
(13, 37, D:3)
  a +0 shortbow
  19 arrows
(-8, 40, D:3)
  a +0 dagger
(-7, 40, D:3)
  a +0 flail
(-6, 40, D:3)
  a +0 dagger
  a +0 robe
  a +0 dagger
(-30, 47, D:3)
  a +0 robe
(-27, 50, D:3)
  24 stones

Level 4 of the Dungeon
(0, 0, D:4)
  21 arrows
(11, 6, D:4)
  a +0 hand axe
(-11, 18, D:4)
  15 stones
(11, 33, D:4)
  a +0 spear
(19, 35, D:4)
  20 sling bullets
(16, 38, D:4)
  a +0 centaur barding
(20, 52, D:4)
  a +0 chain mail

Level 5 of the Dungeon
[Shop] Qeocwim's Assorted Antiques
  a potion of haste (26 gold)
  a cursed -3 cutlass (116 gold)
  a scroll of random uselessness (29 gold)
  a potion of curing (58 gold)
  a wand of disintegration (11) (116 gold)
  2 potions of might (52 gold)
  a potion of confusion (26 gold)
  a scroll of fear (101 gold)
(0, 0, D:5)
  a +0 dagger
(-36, 6, D:5)
  a +0 war axe
(-20, 7, D:5)
  a +0 robe
(-24, 11, D:5)
  16 stones
(14, 13, D:5)
  23 arrows
(6, 14, D:5)
  a +0 long sword of protection
(9, 18, D:5)
  a +0 chain mail
(-11, 22, D:5)
  20 stones
(1, 27, D:5)
  a +0 giant spiked club
(1, 28, D:5)
  a +0 mace
(1, 29, D:5)
  a +0 dagger
  a +0 robe
(2, 29, D:5)
  a +0 dagger
  a +0 robe
  a +0 flail
(-21, 32, D:5)
  a curare-tipped needle
(-18, 32, D:5)
  a +0 leather armour
  a +0 mace
  a +0 chain mail
(-18, 33, D:5)
  a +0 dagger
  a +0 dire flail
  a +0 chain mail
(-17, 33, D:5)
  5 curare-tipped needles
(-15, 33, D:5)
  a +0 dagger
  a +0 blowgun
(-11, 41, D:5)
  24 sling bullets
(-4, 42, D:5)
  6 tomahawks
(-26, 48, D:5)
  a +0 club
(6, 53, D:5)
  a +0 whip
  a cursed +0 leather armour
(0, 54, D:5)
  a cursed +0 long sword
(13, 55, D:5)
  9 stones

Level 6 of the Dungeon
(0, 0, D:6)
  a +0 ring mail
(29, 4, D:6)
  a +0 animal skin
(33, 5, D:6)
  a +0 animal skin
(25, 6, D:6)
  an arrow
(28, 6, D:6)
  an arrow
(30, 6, D:6)
  4 arrows
(31, 6, D:6)
  a +0 animal skin
(32, 6, D:6)
  a +2 robe of magic resistance
  a +0 shortbow
  15 arrows
(2, 7, D:6)
  a +0 club
(41, 8, D:6)
  a +0 animal skin
(28, 9, D:6)
  a +0 glaive
(15, 11, D:6)
  2 arrows
(16, 11, D:6)
  an arrow
(10, 12, D:6)
  a +0 shortbow
  19 arrows
(11, 12, D:6)
  an arrow
(12, 12, D:6)
  an arrow
(42, 13, D:6)
  a +0 war axe
(0, 14, D:6)
  the +10 arbalest "Olank" {velocity, rPois Dex+1}
    Any bolt fired from it inflicts extra damage.
    
    It affects your dexterity (+1).
    It protects you from poison.
  a +2 whip of pain
(42, 19, D:6)
  13 arrows of frost
(10, 22, D:6)
  a +0 spear
(11, 22, D:6)
  a +0 short sword
(12, 22, D:6)
  a +0 dagger
(16, 22, D:6)
  2 stones
(14, 23, D:6)
  a stone
(15, 23, D:6)
  a +0 dagger
  a +0 flail
(39, 23, D:6)
  a +0 scythe
  a +0 robe
(12, 24, D:6)
  a stone
(13, 26, D:6)
  a +0 leather armour
(33, 26, D:6)
  a +0 falchion
(32, 27, D:6)
  a scroll of immolation
(4, 28, D:6)
  a stone
(8, 28, D:6)
  a +0 mace
  a +0 club
(14, 28, D:6)
  a cursed +0 club
(16, 28, D:6)
  a +0 dagger
  a +0 robe
(5, 29, D:6)
  a +2 dagger of speed
(6, 29, D:6)
  2 stones
(9, 29, D:6)
  a +0 short sword
(6, 30, D:6)
  a stone
(7, 31, D:6)
  a +0 hand axe
(15, 31, D:6)
  a stone
(18, 31, D:6)
  a +1 short sword of holy wrath
(28, 31, D:6)
  a +0 mace
  an uncursed amulet of rage
  a +1 ring of intelligence
(1, 32, D:6)
  a +1 hand axe of distortion
  a +0 dagger
  a +0 scale mail
(2, 32, D:6)
  a +0 dagger
(12, 32, D:6)
  a +0 hand axe
(15, 32, D:6)
  a stone
(15, 33, D:6)
  a +0 club
(39, 33, D:6)
  a +0 long sword
(20, 34, D:6)
  a +0 long sword
(0, 35, D:6)
  a +0 short sword
(4, 35, D:6)
  a +0 whip
(0, 37, D:6)
  a +0 mace
(3, 38, D:6)
  a +0 short sword
  3 stones
(4, 38, D:6)
  2 stones
(10, 39, D:6)
  a +0 short sword
(6, 40, D:6)
  a +0 club

Level 7 of the Dungeon
(0, 0, D:7)
  11 poisoned needles
(-26, 1, D:7)
  a +0 short sword
  a +0 plate armour
(-23, 1, D:7)
  a +0 club
  a +0 ring mail
(-9, 1, D:7)
  a +0 blowgun
(-19, 2, D:7)
  a +0 dagger
  a +0 robe
  a +0 ring mail
(-24, 3, D:7)
  8 poisoned needles
(-48, 6, D:7)
  19 bolts
(-28, 9, D:7)
  16 arrows
(-46, 10, D:7)
  a +0 hunting sling
(-55, 11, D:7)
  a +0 ring mail
(-57, 15, D:7)
  a +0 shortbow
  17 arrows
(-55, 15, D:7)
  a +0 dagger
  a +0 robe
(-25, 15, D:7)
  a +0 leather armour
(-54, 16, D:7)
  a +0 scimitar
  a +0 plate armour
  a +0 dagger
  a +0 robe
  a +0 dagger
  a +0 robe
(-53, 16, D:7)
  a +0 dagger
  a +0 robe
(-55, 17, D:7)
  a cursed -3 giant club
  an arrow
(-54, 18, D:7)
  2 arrows
(-53, 18, D:7)
  an arrow
(-35, 18, D:7)
  24 stones
(-52, 21, D:7)
  19 bolts
(-33, 23, D:7)
  a +0 hunting sling
  16 stones
(-47, 27, D:7)
  a +0 dire flail
  a +0 giant club
(-55, 37, D:7)
  11 bolts

Level 8 of the Dungeon
(0, 0, D:8)
  a +0 scale mail
(-16, 4, D:8)
  a +0 leather armour
(1, 4, D:8)
  26 stones
(1, 8, D:8)
  a scroll of noise
(-21, 11, D:8)
  a +0 trident
(-41, 15, D:8)
  a +0 ring mail
(-33, 15, D:8)
  a +0 hunting sling
(-17, 15, D:8)
  22 stones
(-28, 20, D:8)
  a +0 plate armour
(15, 27, D:8)
  a +0 leather armour
(5, 33, D:8)
  19 bolts
(-15, 37, D:8)
  a +0 ring mail
(-21, 45, D:8)
  a +0 hunting sling

Level 9 of the Dungeon
(0, 0, D:9)
  a +0 shortbow
  18 arrows
(-2, 3, D:9)
  2 arrows
(-3, 4, D:9)
  2 arrows
  a +0 club
(-3, 5, D:9)
  2 arrows
(-4, 6, D:9)
  an arrow
(-4, 7, D:9)
  an arrow
(9, 8, D:9)
  a cursed -3 dagger
(10, 11, D:9)
  a +0 ring mail
  a +0 dagger
  a cursed +0 robe
  an orc skeleton
(11, 11, D:9)
  a +0 flail
  2 tomahawks
(-22, 12, D:9)
  a stone
(18, 12, D:9)
  30 stones
(-25, 13, D:9)
  a stone
(-23, 13, D:9)
  a stone
(10, 13, D:9)
  a tomahawk
(-27, 14, D:9)
  a wand of frost (6)
(-27, 15, D:9)
  a +0 club
  2 stones
(9, 15, D:9)
  a tomahawk
(8, 16, D:9)
  a tomahawk
(-3, 31, D:9)
  a +0 spear
(-3, 32, D:9)
  a +0 spear
(-2, 32, D:9)
  a cursed -1 club
  a +0 club
  a +0 whip
  a +0 leather armour
(-3, 33, D:9)
  a +0 flail

Level 10 of the Dungeon
(0, 0, D:10)
  a +4 ring of slaying
(3, 2, D:10)
  a +0 club
(5, 2, D:10)
  a +0 broad axe
  a +0 plate armour of positive energy
(3, 3, D:10)
  a +0 club
(5, 3, D:10)
  a +0 short sword
  (unseen)
(3, 4, D:10)
  a +0 dagger
  a +0 chain mail

the Ecumenical Temple

