Dracula

Level 1 of the Dungeon
(-27, 3, D:1)
  a +0,+0 whip
(-39, 5, D:1)
  a pear
(-6, 22, D:1)
  15 darts
(-27, 25, D:1)
  a +0,+0 club
(-38, 27, D:1)
  20 stones
(-4, 28, D:1)
  a royal jelly
(-17, 31, D:1)
  10 stones
(-31, 39, D:1)
  a +0,+0 club
(9, 43, D:1)
  a +0 leather armour

Level 2 of the Dungeon
(0, 1, D:2)
  a stone
(-9, 2, D:2)
  a stone
(-4, 2, D:2)
  a stone
(-2, 2, D:2)
  a +0,+0 sling
  10 stones
(-32, 3, D:2)
  a +0,+0 club
(-11, 5, D:2)
  a +0 leather armour
(-29, 6, D:2)
  a +0,+0 short sword
  2 darts
(-35, 9, D:2)
  a bread ration
(-11, 15, D:2)
  a bread ration
(11, 22, D:2)
  a dart
(12, 22, D:2)
  a dart
(15, 22, D:2)
  a +0,+0 dagger
  a +1 ring mail
(8, 23, D:2)
  a cursed -2,+0 club
(12, 25, D:2)
  a cursed -3,+0 club
(-13, 26, D:2)
  a +0,+0 sling
(-38, 29, D:2)
  a +0 ring mail
(-7, 31, D:2)
  a bread ration

Level 3 of the Dungeon
(0, 0, D:3)
  a cursed +0,-2 club
  a +0 chain mail
(1, 0, D:3)
  a +0,+0 falchion
  a +0 leather armour
(8, 4, D:3)
  17 darts
(-57, 7, D:3)
  a scroll of noise
(-56, 7, D:3)
  a potion of mutation
(-55, 7, D:3)
  a scroll of fog
(-57, 8, D:3)
  a +0 robe
(-56, 8, D:3)
  16 gold pieces
(-55, 8, D:3)
  20 bolts
(-57, 9, D:3)
  3 gold pieces
(-56, 9, D:3)
  a bread ration
(-55, 9, D:3)
  14 gold pieces
(-33, 12, D:3)
  18 darts
(-53, 16, D:3)
  a +0,+0 short sword
(8, 17, D:3)
  a choko
(-47, 22, D:3)
  a +0,+0 club
(-25, 22, D:3)
  24 darts
(-41, 25, D:3)
  a +0 cloak
(-26, 30, D:3)
  14 darts
(-45, 34, D:3)
  a honeycomb
(-34, 34, D:3)
  a +0,+1 hand axe
(-3, 38, D:3)
  an apricot
(-45, 40, D:3)
  a bread ration
(-18, 40, D:3)
  a +0,+0 dagger
(-14, 41, D:3)
  a dart
(-7, 47, D:3)
  13 arrows of flame
(0, 55, D:3)
  a +0,+0 spear

Level 4 of the Dungeon
(0, 0, D:4)
  an apple
(-45, 2, D:4)
  a +1,+0 falchion
(-23, 2, D:4)
  a +0,+0 quarterstaff
  a hobgoblin skeleton
(-49, 3, D:4)
  a +0,+0 mace
  a +0 scale mail
(-49, 4, D:4)
  a +0,+0 trident
(-47, 4, D:4)
  a +0,+0 club
(2, 9, D:4)
  a bread ration
(-22, 12, D:4)
  a +0,+0 giant club
(-43, 13, D:4)
  a +1,+0 mace of crushing
(-36, 14, D:4)
  a +0 plate armour
(11, 19, D:4)
  a +0,+0 dagger
  a +0 robe
  a +0 robe
  a +0 robe
(-30, 23, D:4)
  18 darts
(-13, 24, D:4)
  17 arrows
(-12, 24, D:4)
  a +0,+0 quarterstaff
(-49, 25, D:4)
  a +0,+0 club
(-19, 38, D:4)
  a +0,+0 dagger
(-29, 45, D:4)
  a cheese
(-30, 46, D:4)
  a +0,+0 spear

Level 5 of the Dungeon
(0, 0, D:5)
  a potion of restore abilities
(27, 14, D:5)
  a +0,+0 bow
(28, 15, D:5)
  2 arrows of frost
(27, 16, D:5)
  an arrow of frost
  a +0,+0 halberd
(23, 17, D:5)
  29 darts
(26, 17, D:5)
  an arrow of frost
(26, 19, D:5)
  a +0,+0 club
(12, 26, D:5)
  a potion of porridge
(29, 36, D:5)
  a +2,+2 flail
(33, 39, D:5)
  a -1,-3 sling
  (unseen)

