Asterion

Level 1 of the Dungeon
(0, 0, D:1)
  20 stones
(-15, 2, D:1)
  a +0 dagger
(-12, 5, D:1)
  a stone
(3, 5, D:1)
  a stone
(4, 5, D:1)
  a stone
(30, 6, D:1)
  a +0 club
(14, 10, D:1)
  20 stones
(25, 11, D:1)
  a +0 club
(-1, 22, D:1)
  a +0 animal skin
(0, 22, D:1)
  a +0 club
(29, 24, D:1)
  a +0 dagger
(-3, 28, D:1)
  a +0 whip
(6, 28, D:1)
  a +0 club
(17, 30, D:1)
  a +0 club
(-17, 32, D:1)
  a +0 club
(27, 32, D:1)
  a +0 club

Level 2 of the Dungeon
(0, 0, D:2)
  a +0 pair of boots
(3, 1, D:2)
  8 gold pieces
(-6, 15, D:2)
  a +0 club

