Sanguine

Level 1 of the Dungeon
(0, 0, D:1)
  a stone
(-1, 2, D:1)
  a cursed -1 short sword
  2 stones
(1, 9, D:1)
  25 stones
(5, 9, D:1)
  a +0 dagger
(-3, 11, D:1)
  a +0 club
(23, 12, D:1)
  24 stones
(24, 14, D:1)
  a +0 whip
(-3, 21, D:1)
  a +0 club
(33, 21, D:1)
  a +0 club
(24, 29, D:1)
  a +0 club
(3, 34, D:1)
  a +0 robe
(-4, 41, D:1)
  20 arrows
(-2, 41, D:1)
  a stone
(-1, 45, D:1)
  a +0 chain mail
  a +0 dagger

Level 2 of the Dungeon
(8, 0, D:2)
  17 stones
(-2, 3, D:2)
  a +0 short sword
(-25, 19, D:2)
  22 stones
(-2, 28, D:2)
  a +0 mace
(-12, 29, D:2)
  a +0 club
(32, 32, D:2)
  11 stones
(40, 46, D:2)
  a +0 robe

Level 3 of the Dungeon
(0, 0, D:3)
  24 stones
(5, 4, D:3)
  a stone
  a +0 whip
(56, 5, D:3)
  15 stones
(4, 6, D:3)
  a cursed +0 leather armour
(-1, 7, D:3)
  a +1 short sword of draining
(6, 7, D:3)
  a stone
(6, 8, D:3)
  a stone
(6, 10, D:3)
  a stone
(33, 12, D:3)
  a +0 hand axe
(50, 16, D:3)
  a +0 chain mail
(12, 17, D:3)
  a +0 falchion
(-5, 21, D:3)
  a +0 short sword
(51, 43, D:3)
  a +0 falchion
  a +0 ring mail
  a +0 mace
(59, 43, D:3)
  23 stones
(44, 47, D:3)
  a +0 ring mail

