Xor

Level 1 of the Dungeon
(0, 0, D:1)
  22 stones
(-12, 3, D:1)
  a +0 dagger
(-3, 5, D:1)
  a +0 club
(-7, 6, D:1)
  24 stones
(-25, 8, D:1)
  a +0 dagger
(-13, 13, D:1)
  7 bolts
(-8, 21, D:1)
  24 arrows
(-5, 21, D:1)
  a +0 spear
(-16, 23, D:1)
  5 javelins
(-12, 24, D:1)
  20 stones
(-13, 26, D:1)
  a +0 club
(-36, 27, D:1)
  a +0 club
(7, 27, D:1)
  20 bolts
(-41, 31, D:1)
  a +0 dagger
(-2, 34, D:1)
  a +0 dagger
(-1, 34, D:1)
  a +0 short sword
(5, 36, D:1)
  2 stones
(6, 36, D:1)
  a stone
(6, 37, D:1)
  a cursed -3 club
(7, 37, D:1)
  a +0 short sword

Level 2 of the Dungeon
(0, 0, D:2)
  a +0 dagger
(13, 0, D:2)
  20 stones
(16, 7, D:2)
  a +0 club
(41, 11, D:2)
  a +0 leather armour
  a +0 animal skin
(7, 17, D:2)
  a +0 club
(-1, 27, D:2)
  a cursed -2 club
(9, 39, D:2)
  14 stones

Level 3 of the Dungeon
(-11, 7, D:3)
  a +1 short sword of speed
(1, 11, D:3)
  20 sling bullets
(2, 11, D:3)
  a +0 robe
(8, 11, D:3)
  a +0 ring mail
  a +0 flail
  a tomahawk
(9, 11, D:3)
  a +0 leather armour
  a +0 club
  a +0 hand axe
(10, 12, D:3)
  a +0 robe
  a +0 dagger
(10, 13, D:3)
  a +0 robe
  a +0 dagger
(15, 14, D:3)
  a tomahawk
(1, 16, D:3)
  a +0 club
(32, 18, D:3)
  a +0 short sword
(-1, 21, D:3)
  a +0 quarterstaff
(32, 22, D:3)
  a stone
(32, 23, D:3)
  a stone
(30, 24, D:3)
  a +0 club
(31, 24, D:3)
  a stone
(-11, 26, D:3)
  a +0 short sword
(5, 29, D:3)
  a +0 whip
(19, 31, D:3)
  21 stones
(15, 34, D:3)
  11 stones
(11, 35, D:3)
  a +0 club
(-7, 36, D:3)
  a +0 spear
(11, 36, D:3)
  a +0 dagger
(11, 40, D:3)
  3 tomahawks
(28, 47, D:3)
  a +0 club

Level 4 of the Dungeon
(0, 0, D:4)
  a scroll of amnesia

