Xombaby

Level 1 of the Dungeon
(7, 0, D:1)
  a +0 club
(3, 1, D:1)
  a cursed -2 club
(8, 1, D:1)
  3 stones
(11, 1, D:1)
  a +0 whip
(-2, 2, D:1)
  a +0 dagger
(0, 5, D:1)
  a +0 ring mail
(-32, 11, D:1)
  a +0 scale mail
(4, 11, D:1)
  a +0 cloak of invisibility
(-1, 13, D:1)
  24 bolts
(-29, 21, D:1)
  a +0 dagger
(2, 25, D:1)
  a +0 club
(-35, 26, D:1)
  a stone
(-36, 27, D:1)
  a stone
(-5, 27, D:1)
  a +0 short sword
(-37, 28, D:1)
  a stone

Level 2 of the Dungeon
(0, 0, D:2)
  a +0 hand axe
(24, 6, D:2)
  8 stones
(12, 8, D:2)
  a +0 club
  a hobgoblin corpse
(8, 12, D:2)
  a +3 ring of intelligence
(20, 13, D:2)
  23 stones
(-10, 23, D:2)
  a +0 ring mail

Level 4 of the Dungeon
(0, 0, D:4)
  18 gold pieces
(-2, 3, D:4)
  a hobgoblin corpse
(-4, 5, D:4)
  a +0 dagger
  (unseen)
(-9, 8, D:4)
  15 gold pieces

