Sanguine

Level 1 of the Dungeon
(0, 0, D:1)
  a +0 club
(29, 3, D:1)
  a +0 club
  5 stones
(1, 9, D:1)
  15 bolts
(22, 15, D:1)
  a +0 ring mail
(38, 18, D:1)
  a plain deck of wonders
(17, 23, D:1)
  28 sling bullets
(-6, 24, D:1)
  a +0 club
(3, 30, D:1)
  a +0 hand axe
(7, 30, D:1)
  a +0 hunting sling
(29, 36, D:1)
  a stone
(27, 37, D:1)
  a +0 dagger
  2 stones
(13, 39, D:1)
  9 sling bullets of flame

Level 2 of the Dungeon
(0, 0, D:2)
  a +0 chain mail
(-9, 1, D:2)
  17 gold pieces
(-4, 1, D:2)
  a +0 hunting sling
(-3, 3, D:2)
  a scroll of recharging
(-15, 6, D:2)
  a potion of ambrosia
(-4, 6, D:2)
  a +0 whip
(-8, 7, D:2)
  a +1 hunting sling of flaming
(-6, 7, D:2)
  a stone
(-5, 7, D:2)
  a stone
(-4, 7, D:2)
  a +0 club
  a goblin corpse
(-3, 7, D:2)
  a stone

