Sanguine

Level 1 of the Dungeon
(0, 0, D:1)
  25 stones
(2, 2, D:1)
  18 stones
(-8, 6, D:1)
  a rat corpse (rotten by now)
(-9, 8, D:1)
  19 sling bullets
(-26, 13, D:1)
  a cursed +0 club
  a stone
(-3, 13, D:1)
  a +0 dagger
  2 stones
  a kobold corpse (skeletalised by now)
(-25, 14, D:1)
  a +0 spear
(-34, 15, D:1)
  18 sling bullets
(-4, 15, D:1)
  21 sling bullets
(-26, 16, D:1)
  a stone
(-38, 18, D:1)
  a bat corpse (rotten by now)
(-36, 18, D:1)
  a rat corpse (rotten by now)
  a goblin corpse (rotten by now)
(-26, 18, D:1)
  a stone
(-26, 19, D:1)
  a +0 dagger
  a kobold corpse (skeletalised by now)
(-23, 19, D:1)
  a stone
(-1, 19, D:1)
  a giant gecko corpse (skeletalised by now)
(-21, 21, D:1)
  a +0 dagger
  a +0 dagger
  3 stones
  a kobold corpse (skeletalised by now)
(-9, 21, D:1)
  a +0 leather armour
(-5, 25, D:1)
  a goblin corpse
(-22, 26, D:1)
  a +0 club
  a hobgoblin corpse (skeletalised by now)
(-6, 31, D:1)
  a rat corpse
(-29, 36, D:1)
  10 poisoned needles

Level 2 of the Dungeon
(0, 0, D:2)
  a +0 hand axe
(5, 13, D:2)
  20 sling bullets of frost
(-22, 20, D:2)
  an uncursed ring of sustain abilities
(-15, 22, D:2)
  a scroll of amnesia

