Sanguine

Level 1 of the Dungeon
(0, 0, D:1)
  a +0 dagger
(1, 4, D:1)
  a stone
(-40, 5, D:1)
  a cursed -2 club
(1, 5, D:1)
  a stone
(-40, 6, D:1)
  a +0 dagger
(-32, 6, D:1)
  a +0 leather armour
(-16, 8, D:1)
  a +0 club
(-6, 9, D:1)
  a +0 whip
(22, 14, D:1)
  2 needles of frenzy
(-17, 18, D:1)
  16 arrows
(18, 19, D:1)
  14 stones
(-6, 20, D:1)
  a +0 robe
(-8, 21, D:1)
  a +0 dagger
(20, 26, D:1)
  a stone
(21, 26, D:1)
  2 stones
(21, 27, D:1)
  a stone
(21, 32, D:1)
  a +0 whip
(9, 34, D:1)
  a +0 club
(-10, 38, D:1)
  a cursed -2 club
(-40, 42, D:1)
  9 stones
(14, 43, D:1)
  9 poisoned needles
(-17, 45, D:1)
  a +0 robe
(15, 56, D:1)
  a +0 dagger

Level 2 of the Dungeon
(0, 0, D:2)
  a bread ration
(15, 35, D:2)
  a +0 dagger
(29, 35, D:2)
  a +0 club
(19, 38, D:2)
  a +0 robe
(21, 46, D:2)
  6 sling bullets
(25, 50, D:2)
  a +0 leather armour

