Arya

Level 1 of the Dungeon
(0, 0, D:1)
  21 stones
(38, 5, D:1)
  a +0 dagger
(43, 6, D:1)
  a +0 club
(20, 7, D:1)
  20 sling bullets
(34, 24, D:1)
  a +0 hunting sling
(21, 33, D:1)
  14 arrows of dispersal
(43, 36, D:1)
  a +0 hand axe
(52, 36, D:1)
  a +0 club
(4, 40, D:1)
  a +0 leather armour
(40, 47, D:1)
  14 arrows
(3, 49, D:1)
  5 needles of frenzy
(36, 51, D:1)
  a +0 club

Level 2 of the Dungeon
(0, 0, D:2)
  a +0 dagger
(7, 11, D:2)
  a +0 hammer
(1, 12, D:2)
  a +0 leather armour
(7, 13, D:2)
  a +0 hammer
(8, 14, D:2)
  a +0 hammer
(9, 17, D:2)
  a cursed -2 hammer
(8, 18, D:2)
  a +0 hammer
(9, 18, D:2)
  a +0 robe
  a +2 quarterstaff of chaos
(10, 18, D:2)
  a +0 hammer
(9, 19, D:2)
  a +0 hammer
(10, 20, D:2)
  a +0 hammer
(-17, 21, D:2)
  a +0 club
(-23, 23, D:2)
  20 stones

Level 3 of the Dungeon
(0, 0, D:3)
  24 stones
(-48, 5, D:3)
  a +0 club
(-33, 6, D:3)
  a +0 ring mail
(-49, 16, D:3)
  a +0 club
(-35, 19, D:3)
  a +0 short sword
(-42, 23, D:3)
  a +0 dagger
(-35, 23, D:3)
  3 stones
(-25, 25, D:3)
  32 stones
(-42, 27, D:3)
  a +1 mace of draining
(9, 28, D:3)
  a +0 buckler
(-15, 33, D:3)
  a +0 hand axe
(-33, 34, D:3)
  a +0 spear
(-18, 35, D:3)
  a +0 dagger
(-16, 45, D:3)
  9 poisoned needles

Level 4 of the Dungeon
(0, 0, D:4)
  a +0 flail
(2, 2, D:4)
  31 stones
(0, 4, D:4)
  a meat ration
(11, 21, D:4)
  a +0 blowgun
  10 poisoned needles
(46, 21, D:4)
  a +0 giant spiked club
(29, 25, D:4)
  a +0 club
(11, 27, D:4)
  a poisoned needle
(32, 27, D:4)
  a +0 buckler
(54, 28, D:4)
  a cursed -3 whip
(56, 28, D:4)
  an iguana corpse (skeletalised by now)
(41, 29, D:4)
  a rotting giant gecko corpse
(57, 31, D:4)
  3 stones
(21, 33, D:4)
  a cursed +0 leather armour
  an orc corpse (skeletalised by now)
(20, 34, D:4)
  a +0 short sword
(22, 34, D:4)
  a poisoned tomahawk
(27, 34, D:4)
  a poisoned tomahawk
(19, 35, D:4)
  a +0 hand axe
  a +0 ring mail
(53, 35, D:4)
  a stone
(25, 36, D:4)
  a poisoned tomahawk
(36, 40, D:4)
  a +0 large shield
(36, 41, D:4)
  an iguana corpse (skeletalised by now)
(40, 45, D:4)
  a rat corpse (skeletalised by now)
(8, 46, D:4)
  a +0 club
  a hobgoblin corpse (rotten by now)
(1, 48, D:4)
  a +0 buckler
(58, 49, D:4)
  a +0 club
  a hobgoblin corpse (skeletalised by now)
(7, 50, D:4)
  an adder corpse (rotten by now)

Level 5 of the Dungeon
(0, 0, D:5)
  a +0 hunting sling
(15, 3, D:5)
  a +0 ring mail
(45, 13, D:5)
  11 stones
(8, 16, D:5)
  a +4 flail of holy wrath
  a +4 ring mail of magic resistance
(5, 17, D:5)
  the cursed -3 chain mail of the City {rPois Stlth+}
    It protects you from poison.
    It makes you more stealthy.
    It has a curse placed upon it.
(29, 21, D:5)
  a +0 blowgun
  16 poisoned needles
(36, 24, D:5)
  a worm corpse
(0, 28, D:5)
  a +0 short sword
(36, 30, D:5)
  a wand of fire (10)
(-5, 31, D:5)
  a +0 leather armour
(34, 32, D:5)
  a scroll of remove curse
(-5, 34, D:5)
  a +0 giant club
  an ogre corpse
(34, 40, D:5)
  a book of Callings

