Dracula

Level 1 of the Dungeon
(0, 0, D:1)
  a +0 spear
(-9, 4, D:1)
  a +0 hand axe
(-1, 5, D:1)
  a +0 ring mail
(-12, 6, D:1)
  a +0 club
(2, 7, D:1)
  a +0 dagger
(-4, 11, D:1)
  a +0 ring mail
(-5, 14, D:1)
  a bread ration
(5, 16, D:1)
  a +0 short sword
  4 stones
(-29, 24, D:1)
  a slice of pizza
(7, 25, D:1)
  a +0 short sword
(8, 41, D:1)
  a +0 chain mail
  9 stones

Level 2 of the Dungeon
(0, 0, D:2)
  a +0 robe
(4, 1, D:2)
  a +0 hunting sling
  18 stones
  a +0 plate armour
(-2, 2, D:2)
  a +0 whip
(6, 10, D:2)
  a giant gecko corpse (rotten by now)
(-1, 11, D:2)
  a bread ration
(43, 18, D:2)
  a +0 club
  a kobold corpse (skeletalised by now)
(-1, 19, D:2)
  a +0 short sword
  2 stones
(30, 19, D:2)
  a +0 short sword
(31, 19, D:2)
  a giant gecko corpse (skeletalised by now)
(3, 20, D:2)
  a bat corpse (rotten by now)
(22, 20, D:2)
  12 stones
(-1, 21, D:2)
  a +0 club
(38, 33, D:2)
  3 stones
  a +0 club
  a kobold corpse (skeletalised by now)
(21, 34, D:2)
  20 stones
(38, 35, D:2)
  a stone
(35, 39, D:2)
  a stone
  a +0 dagger
(45, 42, D:2)
  15 stones
(26, 46, D:2)
  a +0 short sword

Level 3 of the Dungeon
(0, 0, D:3)
  a +0 plate armour
(-2, 11, D:3)
  a +0 dagger
  a +0 leather armour
  a giant cockroach corpse
(-9, 13, D:3)
  a potion of degeneration
(3, 18, D:3)
  a potion of curing
(3, 20, D:3)
  24 arrows

