Asterion

Level 1 of the Dungeon
(0, 0, D:1)
  12 stones
(-66, 1, D:1)
  a +0 dagger
(3, 9, D:1)
  a cursed -3 club
(-33, 11, D:1)
  a +0 club
(-30, 11, D:1)
  a +0 hand axe
(-27, 11, D:1)
  a +0 club
(-45, 12, D:1)
  a +0 ring mail
(-22, 13, D:1)
  12 stones
(-41, 18, D:1)
  22 stones
(-41, 19, D:1)
  a +0 club
(-54, 20, D:1)
  a +0 club
(-47, 22, D:1)
  21 bolts
(-8, 24, D:1)
  a +0 dagger of venom
(-62, 25, D:1)
  a +0 robe
(-53, 25, D:1)
  18 bolts
(-32, 25, D:1)
  a +0 animal skin
(-8, 26, D:1)
  a stone
(-9, 28, D:1)
  a stone

Level 2 of the Dungeon
(0, 0, D:2)
  2 throwing nets
(-4, 1, D:2)
  13 arrows
(-7, 3, D:2)
  a +0 robe
(15, 5, D:2)
  a +0 antimagic dagger
(23, 6, D:2)
  a +0 ring mail
(3, 10, D:2)
  a +0 dagger
(16, 10, D:2)
  a +0 robe
(3, 17, D:2)
  a +0 short sword
(2, 18, D:2)
  2 stones
(6, 18, D:2)
  a +0 dagger
(8, 18, D:2)
  a stone
(21, 18, D:2)
  a stone
(3, 19, D:2)
  a stone
(21, 19, D:2)
  a stone
(2, 20, D:2)
  a stone
(21, 20, D:2)
  a stone
(0, 21, D:2)
  a +0 ring mail
(21, 21, D:2)
  a stone
(31, 22, D:2)
  25 stones
(21, 23, D:2)
  a +0 club
(22, 23, D:2)
  a +0 club
(-6, 24, D:2)
  a +0 hunting sling
(21, 24, D:2)
  a +0 club
(-4, 29, D:2)
  a cursed +0 short sword
  2 stones
(-4, 30, D:2)
  a cursed -2 club
  3 stones
(-2, 30, D:2)
  2 stones
  a +0 dagger
(-1, 30, D:2)
  a stone
(0, 30, D:2)
  a stone
(1, 30, D:2)
  a stone
(12, 30, D:2)
  21 arrows of flame
(3, 31, D:2)
  a +0 dagger
(33, 31, D:2)
  a +0 hunting sling
(-9, 33, D:2)
  a +0 hand axe
(23, 34, D:2)
  23 stones
(-2, 37, D:2)
  a +0 hand axe
(35, 37, D:2)
  a +0 leather armour

Level 3 of the Dungeon
(0, 0, D:3)
  a tomahawk
(-14, 3, D:3)
  29 stones
(-3, 3, D:3)
  a +0 trident of protection
(-1, 3, D:3)
  a tomahawk
  a +0 club
(-3, 4, D:3)
  a +0 club
(-2, 4, D:3)
  a +0 leather armour
(-1, 4, D:3)
  a +0 mace
  a +0 chain mail
(-9, 7, D:3)
  a +0 mace
  a +0 leather armour
(-1, 7, D:3)
  a +0 hand axe
  a +0 scale mail
(-40, 20, D:3)
  a +0 spear
(13, 21, D:3)
  a +0 club
(-7, 24, D:3)
  a +0 club
(-14, 26, D:3)
  20 stones
(-9, 34, D:3)
  13 arrows
(7, 34, D:3)
  a +0 dagger
  a +0 robe
(7, 35, D:3)
  a +0 dagger
  a +0 leather armour
(8, 39, D:3)
  a +0 hand axe
  a +0 leather armour
(9, 42, D:3)
  a +0 club

Level 4 of the Dungeon
(0, 0, D:4)
  6 tomahawks
(32, 18, D:4)
  a +0 ring mail
(32, 19, D:4)
  a +0 dagger
  a +0 robe
(33, 19, D:4)
  a +0 whip
  a +0 dagger
  a +0 ring mail
(32, 20, D:4)
  a +1 mace of protection
  a +0 club
(28, 21, D:4)
  a +0 ring mail
(36, 21, D:4)
  a +0 club
  a +0 chain mail
(0, 27, D:4)
  a bolt of frost
(0, 31, D:4)
  a bolt of frost
(0, 33, D:4)
  a +0 hand crossbow
  14 bolts of frost
(-1, 38, D:4)
  a +0 whip
(57, 38, D:4)
  14 stones
(26, 39, D:4)
  a +0 dagger

Level 5 of the Dungeon
(0, 0, D:5)
  a +0 long sword
(-1, 1, D:5)
  a stone
(-1, 2, D:5)
  a stone
(16, 2, D:5)
  28 stones
(-3, 3, D:5)
  a +0 club
(-2, 3, D:5)
  a +0 dagger
(-2, 4, D:5)
  a +0 dagger
(-1, 4, D:5)
  a +0 dagger
  a +0 ring mail
(0, 4, D:5)
  a cursed -3 dagger
  a +0 robe
(-26, 20, D:5)
  a +0 cutlass
(-15, 24, D:5)
  a +0 battleaxe
(17, 28, D:5)
  a +0 dagger
(-15, 37, D:5)
  a +0 flail
  a +2 leather armour of fire resistance
  a +0 dagger
(-14, 38, D:5)
  a +0 flail
(8, 38, D:5)
  a +0 trident

Level 6 of the Dungeon
(0, 0, D:6)
  a +0 whip
(1, 0, D:6)
  a +0 spear
(-5, 3, D:6)
  a +0 giant spiked club
(12, 3, D:6)
  a +0 giant club
(-16, 6, D:6)
  a +0 spear
(9, 7, D:6)
  a +0 falchion
  a +0 leather armour
(-15, 10, D:6)
  a +0 short sword
(-16, 11, D:6)
  a +0 giant club
  a +0 whip
(-15, 11, D:6)
  a stone
(6, 12, D:6)
  5 arrows
(20, 12, D:6)
  a +0 leather armour
(-24, 16, D:6)
  a +0 falchion
  a +0 scale mail
(-5, 21, D:6)
  a book of Changes
(-12, 22, D:6)
  a +0 dagger
  a +0 robe
  a +0 mace
(-10, 23, D:6)
  a +0 leather armour
(-10, 24, D:6)
  a +0 leather armour
  a +0 club
(-29, 26, D:6)
  a poisoned needle
(-28, 26, D:6)
  a poisoned needle
(-27, 26, D:6)
  a poisoned needle
(-26, 26, D:6)
  a poisoned needle
(-25, 26, D:6)
  a poisoned needle
(-9, 26, D:6)
  a +2 war axe of flaming
(-24, 27, D:6)
  a poisoned needle
(-23, 27, D:6)
  a poisoned needle
(-21, 27, D:6)
  a +0 dagger
  a +0 blowgun
  a poisoned needle
  13 stones
(-3, 27, D:6)
  a +0 leather armour
(-8, 34, D:6)
  a +0 giant club
(-4, 35, D:6)
  a +0 trident
(-1, 41, D:6)
  a +0 dagger
  a +0 robe
(2, 41, D:6)
  a tomahawk
(3, 41, D:6)
  a tomahawk
(4, 41, D:6)
  a tomahawk
(5, 41, D:6)
  a tomahawk
(9, 41, D:6)
  a +0 leather armour
(-1, 42, D:6)
  a +0 ring mail
(-5, 43, D:6)
  a +0 morningstar
(5, 44, D:6)
  15 bolts
(13, 44, D:6)
  a +0 giant spiked club
(14, 44, D:6)
  a +0 hand axe
(-14, 46, D:6)
  a +0 leather armour
(27, 49, D:6)
  a +0 scythe
  a +0 robe

Level 7 of the Dungeon
(0, 0, D:7)
  a +0 club
(-44, 11, D:7)
  a +0 scale mail
(-22, 13, D:7)
  a +0 club
(8, 35, D:7)
  a +0 club
(-42, 36, D:7)
  a wand of magic darts (11)
(1, 36, D:7)
  12 stones
(2, 36, D:7)
  a stone
(3, 36, D:7)
  a stone
(5, 36, D:7)
  a stone
(6, 36, D:7)
  a stone
(-4, 37, D:7)
  a +0 ring mail
(-48, 38, D:7)
  12 stones
(-4, 38, D:7)
  7 bolts
(10, 38, D:7)
  a +0 ring mail
(-23, 41, D:7)
  a +0 short sword
(-11, 43, D:7)
  an arrow
(-12, 45, D:7)
  a +0 shortbow
  18 arrows

Level 8 of the Dungeon
(-25, 1, D:8)
  a +0 war axe
(-7, 5, D:8)
  a +0 spear
(-8, 6, D:8)
  a +0 spear
(-7, 6, D:8)
  a +0 spear
(-7, 7, D:8)
  a +1 trident of protection
  a +0 ring mail
(-6, 8, D:8)
  a +0 halberd
  a +0 club
(-9, 10, D:8)
  a +0 ring mail
(-10, 13, D:8)
  a +0 robe
(-14, 15, D:8)
  a stone
(-9, 15, D:8)
  a +0 giant club
(-16, 17, D:8)
  a stone
(-15, 17, D:8)
  a +0 club
(-17, 18, D:8)
  a +0 dagger
  a +0 robe
(-16, 18, D:8)
  a +0 hand axe
  18 stones
(2, 21, D:8)
  a +0 club
(0, 25, D:8)
  a +0 pair of gloves
(-24, 26, D:8)
  a +0 spear
(7, 26, D:8)
  a +0 spear
(9, 27, D:8)
  a +0 giant club
(22, 31, D:8)
  a +0 spear
(2, 33, D:8)
  13 poisoned needles
  a lantern of shadows
(3, 33, D:8)
  a +0 shortbow of velocity
(-25, 39, D:8)
  a +0 club
  a +0 leather armour
(-25, 40, D:8)
  a +0 dagger
  a +0 leather armour
(-24, 40, D:8)
  a +0 glaive
  a +0 chain mail
(20, 40, D:8)
  a +0 long sword
(17, 48, D:8)
  a +0 robe
(32, 54, D:8)
  an uncursed ring of see invisible

Level 9 of the Dungeon
[Shop] Luiwaal's Food Boutique
  a meat ration (50 gold)
  3 fruits (45 gold)
  a bread ration (50 gold)
  a meat ration (50 gold)
  a bread ration (50 gold)
  a bread ration (50 gold)
  a royal jelly (20 gold)
  a slice of pizza (15 gold)
  a meat ration (50 gold)
  a slice of pizza (15 gold)
(0, 0, D:9)
  a +0 flail
(-34, 2, D:9)
  18 poisoned needles
(-20, 2, D:9)
  a +0 spear
(-9, 3, D:9)
  a +0 dagger
  a +0 robe
(-17, 10, D:9)
  a tomahawk
(-7, 10, D:9)
  a +3 ring of intelligence
(-2, 10, D:9)
  15 arrows
(-15, 12, D:9)
  a +0 mace
  a tomahawk
  a +0 ring mail
(-2, 12, D:9)
  a +0 plate armour
(-28, 14, D:9)
  27 stones
(-7, 14, D:9)
  14 stones
(-34, 26, D:9)
  a +0 hand axe
  a +0 chain mail
  a cursed -1 club
  a +0 scale mail
(-33, 26, D:9)
  a +0 club
  a +0 dagger
  a +0 robe
  a +0 mace
  a +0 scale mail
(-32, 26, D:9)
  a +0 short sword
(-11, 26, D:9)
  a +0 club
  a +0 club
  a +0 ring mail
  a +2 dagger of venom
  a +0 robe
(-33, 27, D:9)
  a tomahawk
  4 stones
(-11, 27, D:9)
  a +0 dagger
  a +2 robe of magic resistance
(-32, 28, D:9)
  a tomahawk
(-13, 28, D:9)
  a +0 flail
(-8, 28, D:9)
  a +0 shortbow
  18 arrows of dispersal
(-28, 30, D:9)
  a +0 morningstar
(-33, 33, D:9)
  a +0 flail
(1, 34, D:9)
  15 stones
(-1, 44, D:9)
  a +0 dagger
(0, 44, D:9)
  a +0 club
(1, 44, D:9)
  a +0 whip
(0, 45, D:9)
  a cursed -2 club
  a +0 scale mail
(1, 45, D:9)
  a +0 trident
  a +0 chain mail
(2, 45, D:9)
  a +0 trident
(-28, 46, D:9)
  a +0 short sword
  a +0 blowgun
  15 poisoned needles
(-27, 46, D:9)
  a +0 short sword
(-26, 46, D:9)
  a +0 whip
(1, 46, D:9)
  a +0 short sword
(-27, 47, D:9)
  a poisoned needle
(-26, 47, D:9)
  a cursed -3 whip
(-26, 48, D:9)
  a +0 dagger
  a +0 blowgun
  8 poisoned needles

Level 10 of the Dungeon
[Shop] Pradet's Assorted Antiques
  a wand of fire (9) (100 gold)
  a potion of magic (137 gold)
  a scroll of identify (50 gold)
  a +0 robe (17 gold)
  a wand of digging (1) (100 gold)
  a scroll of teleportation (75 gold)
  a scroll of brand weapon (25 gold)
  3 scrolls of recharging (75 gold)
  a +0 battleaxe (162 gold)
[Shop] Kas Akhla's Antique Armour Emporium
  a +1 leather armour of cold resistance (38 gold)
  a +0 ring mail (76 gold)
  a +0 chain mail (85 gold)
  a +1 chain mail of magic resistance (85 gold)
  a +0 shield (85 gold)
  a +0 ring mail (76 gold)
  a +0 leather armour (38 gold)
  a +0 cloak (85 gold)
(0, 0, D:10)
  a +0 hand axe
(30, 1, D:10)
  a cursed -2 giant club
(18, 3, D:10)
  a +0 club
  a +0 chain mail
(23, 3, D:10)
  a tomahawk
(18, 4, D:10)
  a +0 dagger
  a +0 robe
(21, 4, D:10)
  a tomahawk
(23, 4, D:10)
  a tomahawk
(18, 5, D:10)
  a +0 leather armour
  a tomahawk
  a +0 club
(26, 11, D:10)
  5 poisoned needles
  a +0 blowgun
(-10, 13, D:10)
  a +0 club
(25, 13, D:10)
  a poisoned needle
(24, 15, D:10)
  a poisoned needle
(-6, 16, D:10)
  a +0 giant club
(23, 17, D:10)
  a poisoned needle
(23, 24, D:10)
  a +0 dagger
  a +0 leather armour
(41, 25, D:10)
  a +0 giant club
(21, 26, D:10)
  a +0 giant club
  a +0 giant club
(14, 28, D:10)
  a +0 hand axe
  a +0 chain mail
(13, 29, D:10)
  a +0 club
  a +0 whip
  a +0 scale mail
(7, 30, D:10)
  a +0 war axe
(13, 30, D:10)
  a +0 mace
  a cursed +0 plate armour
(39, 38, D:10)
  a +0 mace
(-11, 45, D:10)
  a +0 giant spiked club
  a +0 giant club
  2 throwing nets

Level 11 of the Dungeon
(0, 0, D:11)
  a +0 scale mail
(12, 5, D:11)
  a +0 giant spiked club
(38, 18, D:11)
  a +0 scale mail
(31, 19, D:11)
  a +0 giant spiked club
(26, 23, D:11)
  a +0 robe
  a +0 dagger
(27, 23, D:11)
  a +0 robe
  a +0 dagger
(17, 24, D:11)
  a +0 club
  a +0 chain mail
(48, 30, D:11)
  a +0 hand axe
(34, 31, D:11)
  a +0 falchion
(55, 50, D:11)
  a +0 scale mail
(56, 51, D:11)
  a +0 scale mail

Level 12 of the Dungeon
(-6, 7, D:12)
  a +0 robe
  a +2 dagger of venom
  a cursed -2 hand axe
  a +0 dagger
  a +0 short sword
  a +0 chain mail
  6 tomahawks of returning
  a cursed -2 battleaxe

Level 1 of the Orcish Mines
(0, 0, Orc:1)
  a +0 battleaxe
  a +0 plate armour
  a +0 leather armour
  a +0 club
(0, 1, Orc:1)
  a +0 club
  a +0 scale mail
  a +0 ring mail
  a +0 hand axe
(1, 1, Orc:1)
  4 tomahawks
(0, 2, Orc:1)
  a +0 club
  a +0 leather armour
(0, 3, Orc:1)
  a +0 leather armour
  a +1 antimagic short sword
(1, 3, Orc:1)
  a +0 ring mail
  a +0 mace
  a +0 chain mail
  a +0 halberd
(1, 5, Orc:1)
  a +0 club
  a +0 ring mail
(2, 5, Orc:1)
  a +0 halberd of chopping
  a tomahawk
  a +0 plate armour
(1, 6, Orc:1)
  a +0 flail
(15, 11, Orc:1)
  a +0 falchion
  a +0 scale mail
(16, 11, Orc:1)
  a +0 club
(-7, 12, Orc:1)
  a +0 leather armour
  a +0 club
(-6, 12, Orc:1)
  a stone
  a +0 war axe
  a +0 ring mail
  a +0 hand axe
  a +0 ring mail
  a +0 whip
  a +0 hand axe
  a +0 plate armour
  a +0 morningstar
(-5, 12, Orc:1)
  a +0 scale mail
  a +0 dagger
(13, 12, Orc:1)
  a +0 mace
  a +0 chain mail
(14, 12, Orc:1)
  a tomahawk
(15, 12, Orc:1)
  a +0 whip
(16, 12, Orc:1)
  a +0 dagger
  a +0 robe
  a +0 trident
(-22, 13, Orc:1)
  a +0 trident
(-7, 13, Orc:1)
  a +0 plate armour
  a +0 war axe
(-6, 13, Orc:1)
  a stone
(-3, 13, Orc:1)
  a cursed +0 giant club
(-2, 13, Orc:1)
  a tomahawk
(13, 13, Orc:1)
  a +0 club
(14, 13, Orc:1)
  a +0 dagger
  a +0 chain mail
(15, 13, Orc:1)
  a cursed -2 hand axe
(16, 13, Orc:1)
  a +0 club
  a +0 club
  a tomahawk
(18, 13, Orc:1)
  a +0 short sword
  a +0 chain mail
(-21, 14, Orc:1)
  a +0 hand axe
  a +0 leather armour
(-7, 14, Orc:1)
  a +0 short sword
  a +0 flail
  a +0 ring mail
(-6, 14, Orc:1)
  a +0 scale mail
  a +0 trident
  a +0 whip
(-5, 14, Orc:1)
  a +0 leather armour
  a +0 whip
  a +0 leather armour
  a cursed -3 whip
(-2, 14, Orc:1)
  a tomahawk
(0, 14, Orc:1)
  a tomahawk
(1, 14, Orc:1)
  a +0 flail
(-10, 15, Orc:1)
  a +0 robe
  a +1 dagger of venom
(-9, 15, Orc:1)
  a +2 mace of protection
  a +0 morningstar of protection
(-8, 15, Orc:1)
  a +0 leather armour
  a +0 short sword
  a +0 trident
(-7, 15, Orc:1)
  9 stones
  a +0 hunting sling
(1, 15, Orc:1)
  a tomahawk
(12, 17, Orc:1)
  a +0 robe
  a +0 dagger
  a +0 robe
  a +0 dagger
  a +0 robe
(13, 17, Orc:1)
  a +0 robe
  a +0 dagger
  a +0 robe
(11, 18, Orc:1)
  a +0 robe
(10, 19, Orc:1)
  4 poisoned javelins
(23, 19, Orc:1)
  a +0 short sword
(-30, 21, Orc:1)
  a +0 giant club
(12, 23, Orc:1)
  a +0 short sword
  a +0 ring mail
(13, 23, Orc:1)
  a +2 cutlass of draining
(9, 24, Orc:1)
  a +0 robe
(10, 24, Orc:1)
  a +1 hat
  a +1 hat
  a +0 plate armour
  a +0 hat
  a +0 robe

Level 2 of the Orcish Mines
(0, 0, Orc:2)
  a +2 flail of holy wrath
  (unseen)
(0, 1, Orc:2)
  a +0 short sword
(1, 1, Orc:2)
  a +0 flail
(1, 2, Orc:2)
  a +2 dagger of protection
  a +0 ring mail
(0, 4, Orc:2)
  a cursed -3 war axe
  (unseen)
(1, 4, Orc:2)
  a +0 hand axe
(2, 4, Orc:2)
  a +0 club
(4, 4, Orc:2)
  9 gold pieces
(-1, 6, Orc:2)
  7 gold pieces
(1, 6, Orc:2)
  a cursed -2 short sword
  an orc corpse
(2, 6, Orc:2)
  a +0 club
(1, 7, Orc:2)
  a +0 hand axe
  (unseen)
(2, 7, Orc:2)
  3 poisoned tomahawks
(3, 7, Orc:2)
  a +0 mace
  (unseen)
(2, 8, Orc:2)
  a cursed +0 leather armour
(3, 8, Orc:2)
  a +0 hand axe
(3, 9, Orc:2)
  a poisoned tomahawk

