Sanguine

Level 1 of the Dungeon
(0, 0, D:1)
  a +0 hunting sling
(-3, 1, D:1)
  a +0 hunting sling
(-10, 6, D:1)
  a +0 scale mail
(-44, 8, D:1)
  a +0 club
(-26, 9, D:1)
  a +0 dagger
(-13, 14, D:1)
  a +0 club
(-46, 19, D:1)
  a +0 club
(8, 23, D:1)
  a +0 short sword
(5, 31, D:1)
  a +0 whip
(6, 31, D:1)
  a +0 leather armour
(-47, 42, D:1)
  a +0 spear

Level 2 of the Dungeon
(0, 0, D:2)
  a +0 buckler
(-20, 7, D:2)
  a +0 club
(-5, 7, D:2)
  13 arrows
(0, 8, D:2)
  a potion of heal wounds
(1, 8, D:2)
  13 stones
(2, 8, D:2)
  a scroll of identify
(0, 9, D:2)
  a cursed +0 pair of gloves
(1, 9, D:2)
  a +0 leather armour
(2, 9, D:2)
  a +0 hunting sling
(0, 10, D:2)
  5 gold pieces
(1, 10, D:2)
  a scroll of immolation
(2, 10, D:2)
  a scroll of teleportation
(-5, 16, D:2)
  a +0 leather armour
(2, 18, D:2)
  a +0 robe
(-16, 29, D:2)
  26 stones
(-25, 31, D:2)
  a stone
(-26, 33, D:2)
  4 stones
(-26, 35, D:2)
  a +0 short sword

Level 3 of the Dungeon
(0, 0, D:3)
  a +0 whip
(13, 1, D:3)
  a +0 short sword
  a +0 leather armour
(12, 2, D:3)
  2 tomahawks
(22, 15, D:3)
  a +0 short sword (still there?)
  a +0 flail (still there?)
(-2, 19, D:3)
  a +0 hand axe
(-7, 20, D:3)
  a cursed -1 blowgun
  4 poisoned needles
(-1, 20, D:3)
  2 poisoned needles
  a +0 leather armour
  a +0 short sword
  a rotting orc corpse
(-10, 21, D:3)
  a poisoned needle
(-9, 21, D:3)
  a poisoned needle
(-14, 22, D:3)
  a poisoned needle
(-12, 22, D:3)
  a poisoned needle
(-15, 24, D:3)
  a +0 falchion
(-14, 24, D:3)
  2 poisoned needles
(-3, 24, D:3)
  14 stones
(-13, 25, D:3)
  a poisoned needle
(-11, 25, D:3)
  a poisoned needle
(-10, 25, D:3)
  a poisoned needle
(-7, 28, D:3)
  a +0 leather armour

Level 4 of the Dungeon
(0, 0, D:4)
  a cursed -3 dagger
  a +0 robe
(0, 2, D:4)
  a +0 dagger
  a cursed +0 robe
(-1, 4, D:4)
  a +0 club
(-3, 13, D:4)
  a +0 club
(25, 13, D:4)
  a +0 spear
  a +0 mace
  a +0 ring mail
  a +0 spear
  a +0 spear
(-5, 14, D:4)
  21 stones

