Sanguine

Level 1 of the Dungeon
(0, 0, D:1)
  a +0 club
(37, 0, D:1)
  14 poisoned bolts
(-11, 2, D:1)
  a +4 short sword of protection
(-4, 2, D:1)
  a +0 spear
(-15, 3, D:1)
  28 stones
(35, 4, D:1)
  a +0 helmet
(37, 4, D:1)
  a +0 spear
(33, 6, D:1)
  a +0 club
  a tomahawk
(33, 8, D:1)
  3 tomahawks
(32, 9, D:1)
  a tomahawk
(33, 12, D:1)
  a tomahawk
(28, 14, D:1)
  2 stones
(16, 15, D:1)
  27 bolts
(24, 15, D:1)
  a stone
(26, 15, D:1)
  a +0 leather armour
(24, 16, D:1)
  2 stones
(23, 21, D:1)
  a +0 club
(25, 26, D:1)
  a +0 whip
(22, 27, D:1)
  a +1 dagger of speed
(35, 30, D:1)
  7 poisoned arrows
(31, 33, D:1)
  a +0 club

Level 2 of the Dungeon
(0, 0, D:2)
  4 large rocks
(36, 0, D:2)
  a +1 dagger of electrocution
(31, 4, D:2)
  20 arrows
(25, 5, D:2)
  a +0 scale mail
(28, 5, D:2)
  a +0 short sword
(43, 6, D:2)
  a +0 club
(40, 7, D:2)
  a +0 ring mail
(0, 11, D:2)
  a +0 mace
(18, 11, D:2)
  14 poisoned needles
(22, 11, D:2)
  a +0 whip
(-1, 15, D:2)
  a +0 dagger
(0, 21, D:2)
  5 curare-tipped needles
(6, 28, D:2)
  a +0 scale mail
(42, 34, D:2)
  a +0 leather armour
(25, 39, D:2)
  a +0 club

Level 3 of the Dungeon
(0, 0, D:3)
  a +0 club
(-31, 6, D:3)
  a +0 dagger
(2, 7, D:3)
  a +0 club
(-53, 8, D:3)
  a +0 buckler
(-35, 9, D:3)
  a +0 club
(-15, 11, D:3)
  a stone
(-13, 11, D:3)
  a stone
(-7, 11, D:3)
  a stone
(-41, 13, D:3)
  17 poisoned needles
(-5, 16, D:3)
  a cursed +0 chain mail
(1, 16, D:3)
  a cursed -3 dagger
(-42, 17, D:3)
  a +0 short sword
(-5, 22, D:3)
  29 stones
(-42, 33, D:3)
  a +0 trident
(-39, 33, D:3)
  a +0 club
(-50, 35, D:3)
  5 silver tomahawks
(8, 41, D:3)
  19 arrows
(2, 44, D:3)
  a +0 scale mail
(-10, 55, D:3)
  8 tomahawks

Level 4 of the Dungeon
(0, 0, D:4)
  22 stones
(9, 6, D:4)
  a +0 trident
(16, 12, D:4)
  a +0 hunting sling
(-14, 13, D:4)
  a +0 chain mail
(5, 13, D:4)
  29 arrows
(8, 14, D:4)
  a scroll of immolation
(17, 18, D:4)
  a +0 trident
(22, 19, D:4)
  a +0 hunting sling
(-12, 24, D:4)
  a +0 club
(-24, 25, D:4)
  a +0 leather armour
(-16, 30, D:4)
  a +0 ring mail
(-6, 31, D:4)
  a +0 dagger
  a +0 dagger
(-9, 34, D:4)
  a +0 club
(9, 40, D:4)
  13 sling bullets
(-19, 44, D:4)
  the cursed +1 quarterstaff of Battle {crush, rC- Str+2 Dex+3}
    It inflicts extra damage upon your enemies.
    
    It affects your strength (+2).
    It affects your dexterity (+3).
    It makes you vulnerable to cold.
    It has a curse placed upon it.

Level 5 of the Dungeon
(0, 0, D:5)
  a +0 plate armour
(-5, 1, D:5)
  17 sling bullets
(-38, 5, D:5)
  a +0 hunting sling
(5, 5, D:5)
  a cursed +0 leather armour
(-12, 16, D:5)
  a +0 spear
(-49, 17, D:5)
  a +0 club
(-25, 19, D:5)
  a +0 club
(-23, 19, D:5)
  2 scrolls of immolation
(-10, 20, D:5)
  a +0 plate armour
(-12, 34, D:5)
  a cursed -2 shortbow
  5 poisoned arrows
(-10, 34, D:5)
  a poisoned arrow
(-8, 34, D:5)
  3 poisoned arrows
(-5, 34, D:5)
  4 poisoned arrows
(-20, 37, D:5)
  13 poisoned bolts
(-7, 42, D:5)
  a +0 dagger
(-8, 43, D:5)
  a +0 giant club
(-5, 43, D:5)
  a +0 spear
(-6, 45, D:5)
  a +0 hand axe
(-21, 48, D:5)
  14 poisoned needles

Level 6 of the Dungeon
(0, 0, D:6)
  a +2 scimitar
  a +0 robe
  a cursed +3 short sword
  a +0 robe
  a +3 dagger
  a +0 robe

