Asterion

Level 1 of the Dungeon
(-23, 7, D:1)
  18 sling bullets
(-35, 10, D:1)
  11 stones
(-53, 12, D:1)
  a +0 dagger
(-24, 16, D:1)
  a +0 animal skin
(-33, 17, D:1)
  a +0 club
(-49, 22, D:1)
  a cursed -1 club
(-32, 23, D:1)
  a +0 club

Level 2 of the Dungeon
(0, 0, D:2)
  3 javelins
(18, 10, D:2)
  a +0 ring mail
(-22, 12, D:2)
  15 poisoned needles
(19, 14, D:2)
  a +0 leather armour
(-19, 15, D:2)
  a +0 dagger
(22, 17, D:2)
  a +0 club
(0, 24, D:2)
  a +0 club
(10, 28, D:2)
  a +0 robe
(-30, 33, D:2)
  a +0 robe
(23, 35, D:2)
  a +0 short sword
(-8, 42, D:2)
  18 bolts
(14, 42, D:2)
  20 stones

Level 3 of the Dungeon
(0, 0, D:3)
  26 bolts
(7, 2, D:3)
  17 bolts
(44, 3, D:3)
  a +0 ring mail
(17, 7, D:3)
  a +0 leather armour of fire resistance
(6, 8, D:3)
  a +0 club
  a +0 hunting sling
  17 stones
(8, 11, D:3)
  a stone
(15, 14, D:3)
  18 arrows
(9, 20, D:3)
  a +0 ring mail
(47, 22, D:3)
  a +1 ring mail
(19, 23, D:3)
  a +0 leather armour
(37, 24, D:3)
  3 stones
(38, 24, D:3)
  a +0 hand axe
(39, 25, D:3)
  a stone
(12, 29, D:3)
  17 poisoned arrows
(0, 34, D:3)
  a +0 club
(1, 34, D:3)
  a +0 club
(-2, 35, D:3)
  a +0 whip
(0, 35, D:3)
  a +0 dagger
  a +0 robe
(1, 35, D:3)
  a +2 spear of freezing
(2, 35, D:3)
  a +0 halberd
(45, 37, D:3)
  20 stones
(41, 43, D:3)
  31 sling bullets

Level 4 of the Dungeon
(-49, 1, D:4)
  a +0 club
(-22, 3, D:4)
  a cursed -2 club
(7, 3, D:4)
  a cursed -2 club
(8, 3, D:4)
  a +0 mace
(9, 3, D:4)
  a +0 short sword of venom
(-35, 10, D:4)
  a +0 hand axe
(-37, 11, D:4)
  a +0 dagger
  a +0 short sword
(-35, 15, D:4)
  29 stones
(-45, 24, D:4)
  a +0 short sword
(-21, 28, D:4)
  17 stones
(-17, 28, D:4)
  a +0 giant club
(-16, 28, D:4)
  a +0 dagger
(-36, 30, D:4)
  a +0 shield
(-9, 30, D:4)
  a +0 club
(-40, 33, D:4)
  a +0 scale mail
(-40, 34, D:4)
  a +0 dagger
  a +0 robe
(-38, 35, D:4)
  a +0 flail
(-41, 45, D:4)
  a +0 chain mail
(-27, 45, D:4)
  a +0 chain mail
(14, 46, D:4)
  a +0 ring mail

Level 5 of the Dungeon
[Shop] Usiaphos' Distillery
  2 potions of haste (182 gold)
  a potion of beneficial mutation (455 gold)
  a potion of invisibility (71 gold)
  a potion of curing (26 gold)
  a potion of degeneration (26 gold)
  a potion of brilliance (32 gold)
  a potion of magic (71 gold)
  a potion of curing (26 gold)
  a potion of lignification (26 gold)
  a potion of poison (13 gold)
  a potion of flight (39 gold)
  a potion of heal wounds (39 gold)
(0, 0, D:5)
  a +0 mace
(2, 2, D:5)
  a +0 dagger
  a +0 robe
(12, 10, D:5)
  a +0 hand axe
(47, 18, D:5)
  a +0 robe
(69, 18, D:5)
  20 poisoned needles
(44, 20, D:5)
  a +0 flail
  a +0 mace
(3, 21, D:5)
  a +0 club
(41, 21, D:5)
  a +0 short sword
(24, 23, D:5)
  a +0 club
(16, 25, D:5)
  a +0 leather armour
(24, 25, D:5)
  a cursed -3 falchion
(25, 25, D:5)
  a +0 falchion
  a +0 hand axe
(16, 26, D:5)
  a +0 dagger
(25, 33, D:5)
  a +0 club
(29, 36, D:5)
  a +0 leather armour
(35, 50, D:5)
  a +0 hand axe of flaming

Level 6 of the Dungeon
(0, 0, D:6)
  21 bolts
(10, 4, D:6)
  a +0 dagger
  (unseen)
(-5, 7, D:6)
  a +0 whip
  a +0 hand crossbow
  2 bolts of flame
(0, 9, D:6)
  a bolt of flame
(1, 9, D:6)
  a bolt of flame

