Asterion

Level 1 of the Dungeon
(0, 0, D:1)
  a +0 animal skin
  a +0 club
(-3, 10, D:1)
  a +0 dagger
(2, 10, D:1)
  a +0 club
(20, 11, D:1)
  a +0 short sword
(28, 11, D:1)
  a +0 short sword
(30, 17, D:1)
  a stone
(32, 17, D:1)
  a +0 whip
(-8, 27, D:1)
  16 poisoned needles
(6, 31, D:1)
  a +0 short sword
(-11, 32, D:1)
  21 stones
(4, 35, D:1)
  18 stones
(3, 40, D:1)
  5 tomahawks

Level 2 of the Dungeon
(0, 0, D:2)
  a +0 club
  3 stones
(-1, 1, D:2)
  a +0 whip
(-18, 2, D:2)
  a +0 dagger
(-3, 3, D:2)
  a +0 dagger
(-19, 4, D:2)
  a +0 short sword
(-19, 7, D:2)
  a +0 dagger
(-3, 7, D:2)
  26 stones
(11, 8, D:2)
  a +0 ring mail
(-18, 9, D:2)
  a +0 club
(28, 11, D:2)
  a stone
(28, 12, D:2)
  a stone
(27, 13, D:2)
  a cursed -2 short sword
(28, 13, D:2)
  3 stones
(27, 14, D:2)
  a stone
(25, 16, D:2)
  a stone
(10, 19, D:2)
  a +0 short sword
(25, 26, D:2)
  a +0 club
(8, 29, D:2)
  a +0 short sword
(12, 29, D:2)
  a +0 whip
(-26, 31, D:2)
  16 stones

Level 3 of the Dungeon
(0, 0, D:3)
  a +0 club
(-13, 2, D:3)
  26 stones
(-9, 2, D:3)
  a +0 ring mail
(-9, 4, D:3)
  a +0 whip
(-8, 4, D:3)
  a +0 ring mail
(-18, 7, D:3)
  a +0 short sword
  a +0 ring mail
(-18, 8, D:3)
  2 stones
(-18, 9, D:3)
  a stone
(-17, 9, D:3)
  a +0 short sword
(-20, 10, D:3)
  a stone
(-19, 10, D:3)
  a stone
(-7, 10, D:3)
  a +0 club
(-47, 12, D:3)
  14 sling bullets
(-36, 19, D:3)
  a +0 spear
(-37, 20, D:3)
  25 arrows
(-18, 20, D:3)
  a +0 ring mail
(-49, 32, D:3)
  5 tomahawks
  17 stones
(-51, 35, D:3)
  16 arrows
(-46, 44, D:3)
  a cursed +0 ring mail

Level 4 of the Dungeon
(0, 0, D:4)
  25 stones
(-6, 2, D:4)
  a +0 mace
(-1, 4, D:4)
  4 stones
(0, 4, D:4)
  a +0 whip
  8 stones
  a +0 dagger
(1, 4, D:4)
  a +0 short sword
  4 stones
(-19, 5, D:4)
  10 poisoned arrows
(0, 6, D:4)
  a stone
(-1, 7, D:4)
  11 sling bullets
(-14, 9, D:4)
  a +0 club
(-14, 13, D:4)
  a +2 short sword of venom
(-2, 13, D:4)
  a +0 ring mail
(7, 13, D:4)
  a +0 giant club
(-2, 14, D:4)
  a +0 blowgun
  12 poisoned needles
(-1, 16, D:4)
  a poisoned needle
(-1, 17, D:4)
  a poisoned needle
(-1, 19, D:4)
  a poisoned needle
(-2, 21, D:4)
  a +0 club
(-2, 22, D:4)
  a +0 war axe
  a +0 ring mail
  a +0 war axe
(6, 23, D:4)
  a +0 scale mail
(5, 25, D:4)
  13 sling bullets
(-10, 28, D:4)
  a +0 ring mail
(-5, 43, D:4)
  a stone
(-6, 44, D:4)
  a stone
(-15, 45, D:4)
  a +0 robe
(-17, 47, D:4)
  12 stones
(-11, 47, D:4)
  a +0 dagger

Level 5 of the Dungeon
[Shop] Vynil's General Store
  a scroll of teleportation (42 gold)
  an uncursed ring of see invisible (210 gold)
  a scroll of summoning (133 gold)
  a cursed -1 whip (1 gold)
  a scroll of identify (28 gold)
  a potion of curing (28 gold)
  a scroll of magic mapping (49 gold)
  a scroll of recharging (133 gold)
  a scroll of remove curse (42 gold)
  a +2 hand axe of chopping (231 gold)
  3 tomahawks of returning (42 gold)
  a scroll of enchant armour (105 gold)
  26 stones (36 gold)
  a +0 helmet (63 gold)
  17 stones (23 gold)
(43, 0, D:5)
  a +0 robe
(30, 11, D:5)
  a +0 leather armour
  a +0 short sword
(31, 11, D:5)
  a +1 hand axe of flaming
(50, 13, D:5)
  a potion of mutation
(10, 18, D:5)
  a +0 dagger
  a +0 robe
(27, 34, D:5)
  15 poisoned needles
(37, 34, D:5)
  15 arrows
(1, 41, D:5)
  18 stones
(29, 42, D:5)
  a +0 club
  a stone
(32, 43, D:5)
  a cursed -1 whip
(-1, 54, D:5)
  a potion of lignification
  a scroll of random uselessness
  a scroll of amnesia
  an uncursed ring of poison resistance
(28, 55, D:5)
  19 sling bullets

Level 6 of the Dungeon
[Shop] Khael's Gadget Shop
  a disc of storms (240 gold)
  a wand of disintegration (4) (96 gold)
  a crystal ball of energy (240 gold)
  a wand of paralysis (6) (96 gold)
  a wand of hasting (6) (720 gold)
  a phial of floods (480 gold)
  a +0 lightning rod (11/11) (960 gold)
  a wand of lightning (7) (132 gold)
[Shop] Mimuaw's Food Emporium
  a fruit (18 gold)
  a meat ration (60 gold)
  a slice of pizza (18 gold)
  a bread ration (60 gold)
  a beef jerky (18 gold)
  5 fruits (90 gold)
  a meat ration (60 gold)
  a bread ration (60 gold)
  a bread ration (60 gold)
  a meat ration (60 gold)
  a meat ration (60 gold)
(0, 0, D:6)
  a +0 trident
(12, 0, D:6)
  a scroll of amnesia
(34, 2, D:6)
  a +0 leather armour
(19, 5, D:6)
  a +0 falchion
(19, 7, D:6)
  a +0 ring mail
(20, 7, D:6)
  a +0 robe
  a +0 dagger
(18, 9, D:6)
  a +0 club
  a +0 club
(21, 9, D:6)
  a +0 ring mail
(-17, 11, D:6)
  21 stones
(24, 12, D:6)
  a +0 scale mail
  a +0 falchion of holy wrath
(23, 13, D:6)
  a +0 long sword
  a +0 leather armour
  a +0 club
(24, 13, D:6)
  a +0 leather armour
  a cursed +0 ring mail
  a +0 club
(25, 13, D:6)
  a +0 ring mail
  a +0 club
(-9, 14, D:6)
  a cursed +0 ring mail
(-6, 17, D:6)
  a scroll of noise
(-22, 30, D:6)
  a stone
(-20, 30, D:6)
  a stone
(-19, 30, D:6)
  a stone
(-17, 30, D:6)
  a +0 dagger
  39 stones
  a +0 scale mail
(5, 33, D:6)
  a +0 scythe
  a +0 robe
(31, 33, D:6)
  a +0 flail
  a +0 leather armour
(4, 34, D:6)
  a +0 scythe
  a +0 robe
(5, 34, D:6)
  a +0 scythe
  a +0 robe
(6, 34, D:6)
  a +0 scythe
  a +0 robe
(33, 34, D:6)
  a +0 flail
(6, 35, D:6)
  a +0 scythe
  a +0 robe
(31, 35, D:6)
  a +0 ring mail
(33, 36, D:6)
  a +0 dagger
(37, 37, D:6)
  a +0 giant spiked club
(-3, 42, D:6)
  a +0 dagger
(3, 50, D:6)
  a +0 cutlass
(-1, 52, D:6)
  a +0 dagger of draining

Level 7 of the Dungeon
(0, 0, D:7)
  a +0 whip
(2, 9, D:7)
  a +0 halberd
(3, 9, D:7)
  a +0 spear
(20, 16, D:7)
  a +0 spear
(19, 17, D:7)
  a +0 shortbow
  2 arrows of frost
(20, 17, D:7)
  a +0 flail
(21, 19, D:7)
  2 arrows of frost
(2, 20, D:7)
  a +0 chain mail
(18, 20, D:7)
  an arrow of frost
(19, 20, D:7)
  an arrow of frost
(50, 23, D:7)
  a +0 club
(32, 26, D:7)
  a +0 robe
(39, 27, D:7)
  a +0 dagger
(25, 39, D:7)
  21 stones
(-5, 44, D:7)
  a +0 hand axe
  a +0 leather armour
(-4, 44, D:7)
  a +3 whip
  a +2 vampiric glaive
  a +0 flail
  a +0 mace
  a +0 flail
  a +0 leather armour
(42, 45, D:7)
  a +0 dagger
(21, 46, D:7)
  a +0 short sword
(26, 46, D:7)
  a stone
(41, 48, D:7)
  a +0 leather armour
(15, 50, D:7)
  a +0 club
(21, 53, D:7)
  a +0 leather armour
(45, 56, D:7)
  a +0 dagger
(55, 58, D:7)
  25 stones
(17, 61, D:7)
  a +0 flail

Level 8 of the Dungeon
(0, 0, D:8)
  a +0 flail
  a +0 war axe
  a +0 chain mail
(0, 1, D:8)
  a +0 ring mail
  a +0 flail
(29, 2, D:8)
  10 arrows
  a +2 shortbow of velocity
(8, 3, D:8)
  a tomahawk of returning
  a +0 hand axe
(9, 3, D:8)
  a +0 hand axe
(10, 3, D:8)
  a +0 hand axe
  2 tomahawks of returning
(12, 4, D:8)
  a +0 chain mail
(27, 4, D:8)
  a +0 giant club
(25, 6, D:8)
  2 arrows
(4, 7, D:8)
  a +0 hand axe
(5, 7, D:8)
  a +0 hand axe
  3 tomahawks of returning
(5, 8, D:8)
  a +0 hand axe
(19, 10, D:8)
  a +0 hand axe
(-22, 11, D:8)
  17 sling bullets of frost
(0, 13, D:8)
  16 arrows of frost
(19, 13, D:8)
  a +0 hand axe
(20, 13, D:8)
  a +0 hand axe
  3 tomahawks of returning
(20, 14, D:8)
  a tomahawk of returning
(0, 15, D:8)
  a +0 short sword
(-36, 17, D:8)
  8 stones
(-3, 17, D:8)
  a +0 war axe
(9, 17, D:8)
  a +0 hand axe
  a +0 hand axe
(0, 18, D:8)
  a +4 dagger
(9, 18, D:8)
  a +0 hand axe
  4 tomahawks of returning
(-25, 20, D:8)
  a +0 plate armour
(6, 20, D:8)
  a +0 robe
(33, 21, D:8)
  24 stones
  a +0 cutlass
(11, 22, D:8)
  14 poisoned needles
(-19, 36, D:8)
  a +0 spear
(-18, 36, D:8)
  a throwing net
  a +0 spear
(-2, 37, D:8)
  a +0 giant club
(-10, 38, D:8)
  17 arrows

Level 9 of the Dungeon
(0, 0, D:9)
  a +0 flail
(6, 5, D:9)
  a +0 whip
(7, 5, D:9)
  a +0 dagger
  a +4 dagger of chaos
  a +0 robe
  4 stones
(31, 5, D:9)
  a +0 robe
(7, 6, D:9)
  a +0 club
  a +0 short sword
(2, 8, D:9)
  a stone
(3, 10, D:9)
  a stone
(41, 10, D:9)
  a +0 leather armour
  a +0 cutlass
(2, 11, D:9)
  a stone
(3, 12, D:9)
  a stone
(30, 15, D:9)
  a +0 leather armour
  a +0 hand axe
(31, 15, D:9)
  a +0 whip
(32, 15, D:9)
  a +0 robe
  a +0 dagger
(30, 16, D:9)
  a +0 war axe
  a +0 leather armour
(20, 17, D:9)
  20 arrows of dispersal
(26, 17, D:9)
  a potion of mutation
(11, 18, D:9)
  a +0 quarterstaff
(11, 22, D:9)
  4 tomahawks
(37, 26, D:9)
  a +0 ring mail
(46, 26, D:9)
  23 sling bullets
(31, 27, D:9)
  a +2 cutlass of protection
(20, 31, D:9)
  a +0 club
(16, 36, D:9)
  a +0 ring mail
  a +0 club
(16, 37, D:9)
  a +0 robe
  a +0 whip
  a +0 dagger
  a +0 robe
  a +0 dagger
  a +0 robe
(17, 37, D:9)
  a +0 flail
  a +0 whip
(16, 38, D:9)
  a cursed -3 club
  a +0 whip
(17, 38, D:9)
  a +0 spear
(-3, 41, D:9)
  a +0 dagger
  a +0 leather armour
(-2, 41, D:9)
  a +0 falchion of protection
(-3, 42, D:9)
  a +0 club
  a +0 leather armour
(28, 45, D:9)
  a cursed +0 halberd
(10, 46, D:9)
  20 stones

Level 10 of the Dungeon
(0, 0, D:10)
  a +0 dagger
  a +0 scale mail
(20, 2, D:10)
  a +0 mace
(-9, 3, D:10)
  15 poisoned needles
(43, 6, D:10)
  14 stones
(29, 11, D:10)
  a +0 robe
(2, 14, D:10)
  a +0 scale mail
  a +0 falchion
(-9, 15, D:10)
  a +0 giant club
(2, 15, D:10)
  a +0 club
  a +0 leather armour
(42, 20, D:10)
  a +0 chain mail
(40, 23, D:10)
  a +0 shortbow
(29, 28, D:10)
  16 poisoned needles
(45, 32, D:10)
  a +0 giant spiked club
(4, 34, D:10)
  a +2 dagger of draining
  a +0 robe
(3, 38, D:10)
  2 stones
  a +0 hand axe
  a +0 leather armour
(3, 39, D:10)
  a +0 hand axe
  a +0 club
  a +0 leather armour
(4, 40, D:10)
  a +1 short sword of draining
  23 stones
(16, 42, D:10)
  a +0 giant club

Level 11 of the Dungeon
(0, 0, D:11)
  a cursed +0 short sword
  a +0 robe
(1, 0, D:11)
  a +3 trident
  a +0 robe
(-28, 1, D:11)
  a cursed +0 battleaxe
  a +0 robe
(-1, 1, D:11)
  a +0 battleaxe
  a +0 robe
(1, 1, D:11)
  a +0 war axe
  28 arrows
(2, 1, D:11)
  a +0 glaive
(0, 2, D:11)
  a cursed -3 dagger
  a +0 robe
(1, 2, D:11)
  a +0 mace
(-30, 4, D:11)
  a +0 long sword
  a +0 robe
(-26, 9, D:11)
  8 silver sling bullets
(-47, 11, D:11)
  a +0 club
(-45, 11, D:11)
  a cursed +2 hand axe
  a +0 robe
  a +0 war axe
  6 tomahawks
  a +0 chain mail
(-40, 12, D:11)
  a +0 quarterstaff
(0, 12, D:11)
  a +0 dagger
(-46, 13, D:11)
  a tomahawk
  a +0 club
  a +0 dagger
  a +0 ring mail
(-46, 14, D:11)
  a +3 antimagic spear
(-21, 14, D:11)
  a +0 giant club
(-47, 15, D:11)
  a tomahawk
(-24, 18, D:11)
  a +2 ring of intelligence
(-24, 19, D:11)
  a +0 trident
(5, 22, D:11)
  a +0 ring mail
  a +0 flail
(5, 23, D:11)
  a +0 robe
  a +0 dagger
(-33, 24, D:11)
  a +0 long sword
  a +0 chain mail
(4, 24, D:11)
  a +0 morningstar
(5, 24, D:11)
  a +0 dagger

Level 12 of the Dungeon
(0, 0, D:12)
  a wand of magic darts (13)
  a wand of flame (11)
  a wand of cold (8)
  a wand of disintegration (18)
(68, 10, D:12)
  a +0 dire flail
(3, 19, D:12)
  a potion of haste
(20, 21, D:12)
  a +0 giant club
(61, 25, D:12)
  the cursed +6 trident of the Revolution {elec, rF+ rN+}
    Occasionally, upon striking a foe, it will discharge some electrical energy
    and cause terrible harm.
    
    It protects you from fire.
    It protects you from negative energy.
    It has a curse placed upon it.
(34, 28, D:12)
  a +0 leather armour
(33, 29, D:12)
  a cursed -2 robe
(54, 35, D:12)
  a +0 short sword
(52, 48, D:12)
  a cursed -1 ring mail
(16, 54, D:12)
  a +0 scale mail
(75, 63, D:12)
  4 poisoned needles

Level 13 of the Dungeon
(-7, 5, D:13)
  a +0 dagger
(24, 5, D:13)
  15 stones
(23, 7, D:13)
  a +0 trident
(4, 9, D:13)
  a +0 war axe
  a +0 scale mail
(5, 12, D:13)
  14 stones
(-7, 15, D:13)
  a +0 giant club
(14, 16, D:13)
  a +0 club
  a +0 leather armour
  a +0 dagger
  a +0 robe
(-3, 17, D:13)
  a +2 plate armour of cold resistance
(12, 17, D:13)
  a +0 flail
  a +0 leather armour
(-25, 19, D:13)
  a +0 mace
(10, 19, D:13)
  a +0 giant spiked club
(28, 19, D:13)
  a +0 leather armour
(10, 20, D:13)
  a +0 dagger
(30, 20, D:13)
  an uncursed amulet of faith
  a wand of slowing (6)
  a wand of hasting (2)
  a wand of teleportation (0)
(9, 21, D:13)
  a +0 dagger
(10, 21, D:13)
  a +0 chain mail
(37, 21, D:13)
  a wand of enslavement (11)
(12, 32, D:13)
  the +0 pair of boots of Insecurity {Dex-5 Int-3}
    It affects your intelligence (-3).
    It affects your dexterity (-5).
(14, 33, D:13)
  a +0 shortbow
  12 arrows of flame
(10, 34, D:13)
  a +0 morningstar
(-13, 35, D:13)
  an arrow
(18, 35, D:13)
  an arrow of flame
(39, 35, D:13)
  a +0 shortbow
  6 arrows
(-17, 37, D:13)
  a +0 shortbow
  15 arrows
(-11, 37, D:13)
  an arrow
(28, 37, D:13)
  the +1 chain mail of Purpose {Int-1}
    It affects your intelligence (-1).
(29, 37, D:13)
  21 stones
(38, 37, D:13)
  a potion of lignification
(40, 37, D:13)
  an arrow
(-20, 38, D:13)
  26 stones
(-17, 38, D:13)
  a +0 shortbow
  10 arrows
(-16, 38, D:13)
  an arrow
(-12, 38, D:13)
  an arrow
(-11, 38, D:13)
  4 arrows
(28, 38, D:13)
  the +1 robe of Pragmatism {rC+ Curse}
    It protects you from cold.
    It may recurse itself when equipped.
(40, 38, D:13)
  an arrow
(-16, 39, D:13)
  a +0 shortbow
  16 arrows
(-15, 39, D:13)
  an arrow
(-14, 39, D:13)
  2 arrows
(-13, 39, D:13)
  2 arrows
(34, 39, D:13)
  a +0 arbalest
  16 bolts of penetration
(40, 39, D:13)
  2 arrows
(-13, 40, D:13)
  an arrow
(34, 40, D:13)
  a +0 great mace
  a cursed +0 plate armour
  a +0 dagger
  a +0 robe
(38, 40, D:13)
  21 arrows
(40, 40, D:13)
  an arrow
(-13, 41, D:13)
  an arrow
(32, 41, D:13)
  2 bolts of penetration
(34, 41, D:13)
  a +0 battleaxe
  a +0 plate armour
(38, 41, D:13)
  a cursed +0 chain mail
(2, 42, D:13)
  a poisoned arrow
(7, 42, D:13)
  a +1 longbow of flaming
  11 poisoned arrows
  a +0 centaur barding
(13, 42, D:13)
  a poisoned arrow
(30, 42, D:13)
  a +0 dagger
  a +0 robe
(32, 43, D:13)
  a scroll of amnesia
(37, 43, D:13)
  17 stones
(38, 43, D:13)
  a scroll of noise
(11, 44, D:13)
  a poisoned arrow
(13, 44, D:13)
  a poisoned arrow
(33, 45, D:13)
  a +1 rod of clouds (10/10)
  a +0 arbalest
  13 bolts
(10, 46, D:13)
  a bolt
(33, 46, D:13)
  a +0 battleaxe
  a +0 chain mail
(35, 47, D:13)
  a +3 dire flail of protection
(36, 48, D:13)
  a +0 hand axe
  a +0 plate armour
(11, 49, D:13)
  a cursed +0 arbalest
  a +0 war axe
  21 bolts
  a +0 ring mail
(13, 50, D:13)
  a +0 giant spiked club
(11, 55, D:13)
  a +0 war axe of distortion
  a +0 leather armour

Level 14 of the Dungeon
(0, 0, D:14)
  a +0 giant club
(-2, 1, D:14)
  23 arrows
(0, 1, D:14)
  a +0 shortbow
  16 arrows
(4, 1, D:14)
  an arrow
(8, 1, D:14)
  an arrow
(-33, 5, D:14)
  a +0 war axe of flaming
  a +0 leather armour
(-33, 6, D:14)
  a +0 falchion
(-32, 6, D:14)
  a cursed -2 mace
  a +0 leather armour
  a +0 long sword
  a cursed +0 plate armour
(-31, 6, D:14)
  a +0 club
  a +0 scale mail
(-9, 18, D:14)
  a large rock
(-50, 19, D:14)
  a +0 glaive
(-46, 19, D:14)
  30 stones
(-36, 19, D:14)
  a scroll of vulnerability
  a wand of polymorph (2)
(-8, 19, D:14)
  2 large rocks
(-7, 20, D:14)
  a large rock
(-31, 25, D:14)
  a +0 leather armour
(11, 29, D:14)
  a +0 shortbow
  21 arrows
(7, 30, D:14)
  a +0 war axe
(11, 32, D:14)
  an arrow
(10, 33, D:14)
  an arrow
(-13, 34, D:14)
  a +0 longbow
(-14, 35, D:14)
  9 stones
(-20, 38, D:14)
  a +0 scimitar
(-13, 43, D:14)
  14 stones
(-5, 45, D:14)
  a +0 falchion
(12, 47, D:14)
  a +0 leather armour

Level 15 of the Dungeon
(0, 0, D:15)
  a +0 trident
(4, 4, D:15)
  a +0 giant club
(12, 7, D:15)
  a +0 shortbow
  19 arrows
(5, 8, D:15)
  an arrow
(12, 8, D:15)
  a +0 shortbow
  26 arrows
(10, 9, D:15)
  an arrow
(12, 9, D:15)
  a +0 shortbow
  9 arrows of flame
(44, 12, D:15)
  a large rock
(29, 13, D:15)
  a +1 scimitar of flaming
  a +0 robe of magic resistance
(19, 15, D:15)
  a +0 robe
(41, 19, D:15)
  3 large rocks
(46, 23, D:15)
  13 stones
(16, 26, D:15)
  a scroll of random uselessness
(43, 26, D:15)
  a +0 shortbow
(17, 27, D:15)
  a +0 long sword
(25, 27, D:15)
  a +0 glaive
  a +0 leather armour
(26, 27, D:15)
  a +0 scimitar
  a +0 plate armour
(45, 28, D:15)
  a +0 giant club
  a +0 giant club
(18, 29, D:15)
  a +0 long sword
(19, 29, D:15)
  a +0 long sword
(25, 32, D:15)
  a +0 dagger
  a +0 robe
(37, 33, D:15)
  12 sling bullets
(23, 37, D:15)
  a +0 glaive
  a +0 long sword
(25, 37, D:15)
  a +0 dire flail
(23, 38, D:15)
  a +2 chain mail of fire resistance
  a +5 great mace of crushing
  a +1 buckler of cold resistance
  an uncursed ring of sustain abilities
  an uncursed ring of see invisible
(24, 39, D:15)
  a +4 dire flail of protection
(27, 39, D:15)
  a scroll of immolation
(35, 40, D:15)
  12 stones
(39, 40, D:15)
  a +0 long sword

Level 1 of the Orcish Mines
(0, 0, Orc:1)
  Sif Muna's Volume of Confrontation
    Spells                             Type                      Level
    Sting                              Conjuration/Poison           1
    
    
    Trog disapproves of the use of such an item.
(11, 5, Orc:1)
  a +0 flail
(34, 5, Orc:1)
  a +0 scimitar
  a +0 chain mail
(10, 6, Orc:1)
  a +0 leather armour
  a +0 flail
(10, 7, Orc:1)
  a +0 war axe
(11, 7, Orc:1)
  a +0 falchion
  a +0 leather armour
  a cursed -3 club
  a +0 dagger
(18, 7, Orc:1)
  a +0 ring mail
  a +0 whip
  a +0 club
(32, 7, Orc:1)
  a +0 leather armour
(6, 8, Orc:1)
  a +0 leather armour
(9, 8, Orc:1)
  a +0 chain mail
  a +0 trident
(32, 8, Orc:1)
  a +0 club
  a +0 leather armour
(17, 9, Orc:1)
  a +0 club
(29, 10, Orc:1)
  a +0 dagger
  a +0 hand axe
  a +0 dagger
  a +0 robe
  a +0 long sword
  a +0 plate armour
(31, 10, Orc:1)
  a +0 short sword
(32, 10, Orc:1)
  a +0 ring mail
(34, 10, Orc:1)
  a +0 club
(30, 11, Orc:1)
  a cursed +0 ring mail
  a +0 plate armour of poison resistance
(9, 16, Orc:1)
  a +0 leather armour
(-10, 24, Orc:1)
  3 tomahawks
(-3, 26, Orc:1)
  a +3 dire flail of crushing
(-8, 27, Orc:1)
  a tomahawk
(-7, 28, Orc:1)
  a +0 short sword
  a +0 scale mail
  a cursed +0 club
(-6, 29, Orc:1)
  a +0 flail
  a +0 short sword
(11, 29, Orc:1)
  a +0 club
(20, 29, Orc:1)
  a +0 whip
  a +0 dagger
  a +0 short sword
(21, 29, Orc:1)
  a +0 dagger
  a +0 robe
  a +0 flail
(-8, 30, Orc:1)
  a +0 war axe
(-7, 30, Orc:1)
  a +0 short sword
  a +0 whip
  a +0 leather armour
  a +0 whip
  a +0 leather armour
(-6, 30, Orc:1)
  a +0 club
  a tomahawk
  a +0 leather armour
(21, 30, Orc:1)
  a +0 flail
  a +0 scale mail
(-9, 31, Orc:1)
  a +0 trident
(-8, 31, Orc:1)
  a +0 flail
  a +0 leather armour
(-7, 31, Orc:1)
  a +0 club
(-6, 31, Orc:1)
  a +0 dagger
  a +0 robe
(15, 38, Orc:1)
  a +0 giant club

Level 2 of the Orcish Mines
[Shop] Wuguar's Antique Weapon Shoppe
  a +0 long sword (91 gold)
  a +0 trident (91 gold)
  a +0 shortbow (78 gold)
  a +0 war axe (91 gold)
  a +0 flail (91 gold)
  the +6 quarterstaff of the Forsaken Mice {drain, rC+} (234 gold)
    A truly terrible weapon, it drains the life of those it strikes.
    
    It protects you from cold.
  the +1 arbalest of Frikij {freeze, +Fly Dex+1} (247 gold)
    It turns projectiles fired from it into bolts of frost.
    
    It affects your dexterity (+1).
    It lets you fly.
  a +0 spear (78 gold)
  a +2 falchion of freezing (78 gold)
  a +0 hand crossbow (91 gold)
  a +0 falchion (78 gold)
(0, 0, Orc:2)
  a +0 ring mail
  a +0 dagger
(-1, 1, Orc:2)
  a +0 dagger
(0, 1, Orc:2)
  a +0 plate armour
  a +0 scimitar
(1, 1, Orc:2)
  a +0 chain mail
  a +0 flail
(-5, 2, Orc:2)
  a +0 robe
  a +0 dagger
  a +0 hand axe
  a +0 ring mail
(-4, 2, Orc:2)
  a +0 chain mail
  a +0 scimitar
(0, 6, Orc:2)
  a +0 leather armour
(1, 6, Orc:2)
  a +0 robe
  a +0 dagger
(-1, 7, Orc:2)
  a +0 robe
  a +0 dagger
(-6, 8, Orc:2)
  a +0 short sword
(-5, 8, Orc:2)
  a +0 club
  a +0 war axe
  a +0 leather armour
(-5, 9, Orc:2)
  a +0 leather armour
  a +4 short sword of electrocution
  a +0 dagger
  a +0 robe
(1, 10, Orc:2)
  a +2 flail of holy wrath
  a +0 leather armour
  a +0 trident
(2, 10, Orc:2)
  a +0 whip
(3, 10, Orc:2)
  a +0 leather armour
  a +0 flail
(1, 11, Orc:2)
  a +0 flail
(2, 11, Orc:2)
  a +0 leather armour
  a +0 dagger
(3, 11, Orc:2)
  a +2 short sword of holy wrath
  a +0 club
(1, 12, Orc:2)
  a +0 robe
  a +0 dagger
  a +0 dagger
  a +2 robe of cold resistance
(2, 12, Orc:2)
  a +0 ring mail
  a +0 hand axe
(3, 12, Orc:2)
  a +0 falchion
(18, 41, Orc:2)
  a +0 whip
(19, 41, Orc:2)
  a +0 club
(20, 41, Orc:2)
  a +0 leather armour
  a +0 flail
(17, 42, Orc:2)
  a +2 whip of electrocution
(18, 42, Orc:2)
  a cursed +0 hand axe
  a +0 ring mail
  a +0 mace
(19, 42, Orc:2)
  a +0 robe
  a +1 dagger of holy wrath
(16, 43, Orc:2)
  a +0 flail
(17, 43, Orc:2)
  a +0 flail
(18, 43, Orc:2)
  a +0 robe
  a +0 dagger
  a +0 club
  a +0 short sword
(19, 43, Orc:2)
  a +0 falchion
(20, 43, Orc:2)
  a +0 falchion
(16, 44, Orc:2)
  a +0 hand axe
  a +0 leather armour
  a +0 dagger
  a +0 robe
  a +0 flail
(17, 44, Orc:2)
  a +0 leather armour
(18, 44, Orc:2)
  a +0 short sword
(15, 45, Orc:2)
  a +0 leather armour
(16, 45, Orc:2)
  a +0 leather armour
  a +0 dagger
(6, 48, Orc:2)
  a +2 antimagic executioner's axe
(22, 52, Orc:2)
  a tomahawk
(22, 53, Orc:2)
  a tomahawk
(25, 54, Orc:2)
  a +0 dagger
  a +0 robe
(24, 55, Orc:2)
  a +0 dagger
  a cursed +0 robe
(29, 56, Orc:2)
  a +0 flail
(11, 59, Orc:2)
  a +0 ring mail
(21, 60, Orc:2)
  a +0 dire flail
  a +0 giant club

Level 3 of the Orcish Mines
(0, 0, Orc:3)
  a +1 whip of holy wrath
  a +0 chain mail
(-1, 1, Orc:3)
  a +0 leather armour
(-14, 3, Orc:3)
  a +0 giant club
(-15, 4, Orc:3)
  a +2 hand axe of chopping
(-14, 4, Orc:3)
  a +0 plate armour
  16 bolts
  a +0 war axe
  a +0 arbalest
  a +0 leather armour
  a +0 whip
  a +0 plate armour
  a +0 war axe
(-20, 5, Orc:3)
  a +0 dagger
(-18, 5, Orc:3)
  a +0 short sword
  a +0 hand axe
  a +0 ring mail
  a cursed +0 club
(-16, 5, Orc:3)
  a bolt
(-14, 5, Orc:3)
  a +0 scale mail
  a +0 mace
(-18, 6, Orc:3)
  a +0 ring mail
  a +0 flail
(-25, 7, Orc:3)
  a +0 hand axe
(-24, 7, Orc:3)
  a +0 chain mail
  a +0 whip
(-26, 8, Orc:3)
  a +0 robe
  a +0 dagger
(-25, 8, Orc:3)
  a +0 club
  a +0 robe
  a +0 giant spiked club
  a +0 hand axe
  a +0 short sword
  a +0 leather armour
(22, 10, Orc:3)
  a +0 whip
  a +0 dagger
(22, 11, Orc:3)
  a +0 flail
  a +0 ring mail
  a +0 club
(23, 11, Orc:3)
  a +2 trident of holy wrath
(-19, 18, Orc:3)
  a tomahawk
(-21, 19, Orc:3)
  a tomahawk
(2, 20, Orc:3)
  a +0 mace
(3, 20, Orc:3)
  a +0 club
  a +0 dagger
  a +0 robe
(4, 20, Orc:3)
  a +0 club
  a +0 leather armour
(-19, 21, Orc:3)
  a tomahawk
  a +0 ring mail
  a +0 flail
(-18, 21, Orc:3)
  a +0 hand axe
  a +0 club
(3, 21, Orc:3)
  a +0 dagger
  a +0 leather armour
(-20, 22, Orc:3)
  a +0 hand axe
  2 silver tomahawks
(-19, 22, Orc:3)
  a +0 leather armour
  a +0 chain mail
  a +0 hand axe of chopping
  a +0 ring mail
  a +0 mace
(-18, 22, Orc:3)
  a +0 leather armour
  a +0 flail
(-16, 22, Orc:3)
  a +0 leather armour
  a +0 flail
(-20, 23, Orc:3)
  a silver tomahawk
(-19, 23, Orc:3)
  a +0 leather armour
(-18, 23, Orc:3)
  a +0 leather armour
  a +0 ring mail
(-17, 23, Orc:3)
  a +0 leather armour
(-20, 24, Orc:3)
  2 silver tomahawks
(-19, 24, Orc:3)
  a +0 club
(-23, 25, Orc:3)
  a +0 scale mail
  a +0 short sword
(-3, 37, Orc:3)
  a +0 giant club
(3, 40, Orc:3)
  a +0 falchion

Level 4 of the Orcish Mines
[Shop] Cryown's Gadget Emporium
  a wand of fire (11) (450 gold)
  a cursed +4 rod of shadows (9/9) (1350 gold)
  a wand of digging (13) (510 gold)
  a disc of storms (300 gold)
  a wand of paralysis (7) (135 gold)
  a crystal ball of energy (300 gold)
  a -1 rod of striking (11/11) (975 gold)
  a box of beasts (300 gold)
  a wand of confusion (18) (225 gold)
  a sack of spiders (300 gold)
  an ornate deck of changes (300 gold)
  a crystal ball of energy (300 gold)
  a wand of magic darts (10) (54 gold)
[Shop] Gryd's Antique Weapon Boutique
  a +0 spear (96 gold)
  a +0 blowgun (80 gold)
  a +0 war axe of freezing (112 gold)
  a +0 short sword (96 gold)
  a cursed -2 club (32 gold)
  a +4 quarterstaff (128 gold)
  a +0 great sword (208 gold)
  a +2 vampiric hand axe (96 gold)
  a +1 longbow of evasion (144 gold)
  a +0 halberd (128 gold)
  a +0 blowgun (80 gold)
  a +2 flail of crushing (112 gold)
[Shop] Detih's Antique Weapon Boutique
  a +0 morningstar (104 gold)
  a +0 shortbow (78 gold)
  a +0 bardiche (234 gold)
  a +0 glaive (169 gold)
  a +0 war axe (91 gold)
  a +0 club (26 gold)
  a +0 hand crossbow (91 gold)
  a +0 falchion (78 gold)
  a +2 mace of draining (78 gold)
[Shop] Ghapt's Armour Emporium
  a +0 chain mail (72 gold)
  a +0 robe (11 gold)
  a +0 scale mail (64 gold)
  a +4 plate armour of fire resistance (800 gold)
  a +0 chain mail (72 gold)
  a +0 chain mail (72 gold)
  a +0 cloak (72 gold)
  a +0 buckler (72 gold)
  a +0 plate armour (368 gold)
  a +0 leather armour (32 gold)
  a +0 plate armour (368 gold)
  a cursed +0 cloak (56 gold)
  a +1 large shield of protection (264 gold)
  a +0 cloak (72 gold)
(0, 0, Orc:4)
  a +0 dagger
  a cursed +0 robe
(-2, 3, Orc:4)
  a cursed +0 chain mail
(-1, 3, Orc:4)
  a +0 trident
  a +0 leather armour
(-3, 4, Orc:4)
  a +0 hand axe
  a +0 leather armour
(-31, 6, Orc:4)
  a +0 dagger
(-23, 7, Orc:4)
  a +0 dagger
  a +0 robe
(-11, 7, Orc:4)
  a +0 mace
  a +0 leather armour
  a +0 leather armour
(-36, 8, Orc:4)
  a +0 giant club
(-25, 10, Orc:4)
  a +0 hand axe
(-27, 11, Orc:4)
  3 tomahawks
  a +0 dagger
  a +0 robe
(-24, 11, Orc:4)
  a tomahawk
(-21, 11, Orc:4)
  a +0 war axe
  a +0 plate armour
(-44, 14, Orc:4)
  a +0 scimitar
  a cursed +0 chain mail
(-14, 14, Orc:4)
  a cursed -2 trident
  a +0 plate armour
(-13, 14, Orc:4)
  a +0 hand axe
  a +0 ring mail
(-45, 15, Orc:4)
  a +0 short sword
  a cursed +0 chain mail
(-44, 15, Orc:4)
  a +0 dagger
(-43, 15, Orc:4)
  a +0 whip
(-15, 15, Orc:4)
  a +1 mace of crushing
  a +0 dagger
  a +0 robe
  a +0 dagger
  a +0 robe
(-14, 15, Orc:4)
  a +3 antimagic dire flail
  a +0 morningstar
  a +0 dagger
  a +0 scale mail
  a +0 dagger
  a +0 robe
(-15, 16, Orc:4)
  a +0 flail
(-14, 16, Orc:4)
  a +0 short sword
(-15, 17, Orc:4)
  a +0 short sword
(-20, 19, Orc:4)
  a +1 great sword of electrocution
  a +0 chain mail
(-24, 20, Orc:4)
  a +0 dagger
  a +0 robe
(-23, 21, Orc:4)
  a cursed -2 dagger
  a +0 robe
  a +0 war axe
  a +0 plate armour
  a +0 long sword
(-22, 21, Orc:4)
  a +0 dire flail
  a +0 plate armour
  a +0 dire flail
  a +0 chain mail
(-21, 21, Orc:4)
  a +0 scimitar
  a +0 plate armour
  a +0 dagger
  a +2 robe of magic resistance
  a +1 war axe of chopping
  a +0 plate armour
  a +0 dagger
  a +0 robe
(-26, 22, Orc:4)
  a +0 flail
  a +0 leather armour
(-22, 22, Orc:4)
  a +0 dagger
  a +2 robe of resistance
  a +0 short sword
(-21, 22, Orc:4)
  a +0 dagger
  a +2 robe
(-29, 23, Orc:4)
  a +0 mace
  a +0 chain mail
(-22, 23, Orc:4)
  a +0 hand axe
  a +0 leather armour
  a +0 glaive
  a +0 plate armour
  a +0 battleaxe
  a +0 chain mail
(-21, 23, Orc:4)
  a +0 flail
(-22, 24, Orc:4)
  a +0 halberd
(-21, 24, Orc:4)
  a cursed -3 battleaxe
  a +0 chain mail
(-10, 25, Orc:4)
  a +0 hand axe
(-8, 25, Orc:4)
  a +0 dagger
  a +0 robe
(-35, 26, Orc:4)
  a +0 hat
(-9, 26, Orc:4)
  a +0 short sword
(-39, 38, Orc:4)
  a +4 trident
(-38, 38, Orc:4)
  a +0 scale mail
  a +0 flail
(-38, 39, Orc:4)
  a +0 trident
(-19, 41, Orc:4)
  a +0 hand axe
(-18, 41, Orc:4)
  a +0 trident
(-17, 41, Orc:4)
  a +0 dagger
  a +0 robe
(-19, 42, Orc:4)
  a +0 whip
  a cursed +0 leather armour
(-35, 49, Orc:4)
  a +0 mace
(-34, 49, Orc:4)
  a +0 dagger
(-33, 49, Orc:4)
  a cursed -1 leather armour
  a +0 club
(-32, 49, Orc:4)
  a +0 robe
  a +0 ring mail
  a +0 dagger
  a +4 hand axe
(-25, 49, Orc:4)
  a +0 club
(-36, 50, Orc:4)
  a +0 mace
(-35, 50, Orc:4)
  a +0 chain mail
  a +0 halberd
(-26, 50, Orc:4)
  a +0 scale mail
  a +0 club
(-34, 51, Orc:4)
  a +0 leather armour
  a +0 falchion
  a +0 short sword

Level 1 of the Elven Halls
(0, 0, Elf:1)
  a meat ration
(4, 2, Elf:1)
  a +0 short sword
  a +0 leather armour

Level 1 of the Lair of Beasts
(0, 0, Lair:1)
  a +0 spear
(-12, 1, Lair:1)
  17 stones
(-13, 5, Lair:1)
  27 bolts
(33, 12, Lair:1)
  a +0 great sword
(-3, 13, Lair:1)
  17 stones
(36, 20, Lair:1)
  20 arrows
(15, 30, Lair:1)
  15 arrows
(-13, 31, Lair:1)
  a +0 war axe
  a throwing net
  a +0 ring mail
(11, 31, Lair:1)
  13 exploding sling bullets
(3, 41, Lair:1)
  a +0 falchion
(-16, 44, Lair:1)
  a +0 flail
(12, 48, Lair:1)
  a +0 hand axe

Level 2 of the Lair of Beasts
(0, 0, Lair:2)
  7 stones
(-7, 5, Lair:2)
  a +0 chain mail
(-15, 13, Lair:2)
  28 stones
(3, 15, Lair:2)
  a +3 demon whip of slashing
  a +0 plate armour
  a +2 quarterstaff of protection
  a wand of fire (7)
  a wand of cold (5)
  a +4 morningstar of protection
  an uncursed ring of fire
  an uncursed ring of fire
  a +4 antimagic long sword
(-15, 16, Lair:2)
  26 stones
(-12, 19, Lair:2)
  27 stones
(-23, 22, Lair:2)
  a wand of magic darts (6)
  a wand of slowing (13)
  a wand of digging (7)
  a wand of frost (10)
  a +2 great mace of holy wrath
  a +3 antimagic glaive
(11, 33, Lair:2)
  a +0 trident
(27, 37, Lair:2)
  a +0 quarterstaff
(-18, 40, Lair:2)
  13 arrows of frost
(2, 44, Lair:2)
  18 stones
(-27, 46, Lair:2)
  a +0 cloak

Level 3 of the Lair of Beasts
(0, 0, Lair:3)
  an uncursed amulet of inaccuracy
(-37, 1, Lair:3)
  23 stones
(-18, 1, Lair:3)
  24 arrows
(-18, 3, Lair:3)
  20 stones
(-8, 7, Lair:3)
  a throwing net
(-6, 8, Lair:3)
  29 stones
(14, 11, Lair:3)
  a +0 naga barding
(-37, 23, Lair:3)
  a potion of lignification
(-37, 24, Lair:3)
  a scroll of immolation
(-15, 27, Lair:3)
  21 arrows
(18, 32, Lair:3)
  25 stones

Level 4 of the Lair of Beasts
(0, 0, Lair:4)
  a +0 dagger
(15, 0, Lair:4)
  a +0 falchion
(10, 1, Lair:4)
  a +0 shortbow
(2, 12, Lair:4)
  a +0 dagger
(-2, 19, Lair:4)
  18 stones
(8, 19, Lair:4)
  a +0 trident
(-28, 26, Lair:4)
  a +0 war axe
(1, 29, Lair:4)
  a +0 buckler
(22, 29, Lair:4)
  a +0 flail
(22, 30, Lair:4)
  a +0 halberd
(-9, 48, Lair:4)
  a +0 cloak
(-30, 57, Lair:4)
  22 stones
(-6, 61, Lair:4)
  a scroll of noise

Level 5 of the Lair of Beasts
(-2, 3, Lair:5)
  a cursed +0 great sword
(6, 9, Lair:5)
  15 arrows
(8, 10, Lair:5)
  a +0 trident
(-4, 15, Lair:5)
  13 stones
(7, 23, Lair:5)
  28 arrows
(-43, 31, Lair:5)
  a +0 chain mail
(6, 48, Lair:5)
  a +0 great mace
(-7, 49, Lair:5)
  21 bolts

Level 6 of the Lair of Beasts
(0, 0, Lair:6)
  a +0 trident
(-12, 1, Lair:6)
  a +0 morningstar
(-17, 9, Lair:6)
  a cursed -2 robe
(6, 12, Lair:6)
  13 stones
(-19, 14, Lair:6)
  a scroll of noise
(-13, 15, Lair:6)
  the +11 quarterstaff of Tumult {venom, rElec Stlth-}
    It poisons the flesh of those it strikes.
    
    It insulates you from electricity.
    It makes you less stealthy.
(22, 16, Lair:6)
  10 sling bullets
(-9, 33, Lair:6)
  12 stones
(15, 36, Lair:6)
  a +0 arbalest
(19, 38, Lair:6)
  a +0 spear
(-10, 43, Lair:6)
  13 arrows
(-2, 46, Lair:6)
  a +0 cutlass

Level 7 of the Lair of Beasts
(0, 0, Lair:7)
  18 stones
(27, 0, Lair:7)
  a +0 ring mail
(-6, 3, Lair:7)
  15 poisoned needles
(-14, 9, Lair:7)
  a cursed +0 scale mail
(27, 12, Lair:7)
  a +0 morningstar
(-8, 19, Lair:7)
  a scroll of amnesia
(32, 40, Lair:7)
  a cursed +0 scale mail

Level 8 of the Lair of Beasts
(0, 0, Lair:8)
  a +0 chain mail
(7, 0, Lair:8)
  a +2 dagger of draining
  a +0 robe
  a +0 buckler
(8, 0, Lair:8)
  a +0 dagger
  a +0 robe
  a cursed -1 cutlass
  a +0 robe
(9, 0, Lair:8)
  a +0 dagger
  a +0 robe
(7, 1, Lair:8)
  a +0 spear
  a +0 blowgun
  2 curare-tipped needles
(30, 1, Lair:8)
  a +0 buckler
(-4, 2, Lair:8)
  a +4 antimagic morningstar
(13, 4, Lair:8)
  a +0 cutlass
  a +0 robe
(12, 6, Lair:8)
  a cursed +0 dagger
  a +0 robe
(17, 10, Lair:8)
  a +0 dagger
  a +0 robe
(19, 11, Lair:8)
  a +0 spear
(6, 12, Lair:8)
  a +0 spear
(7, 12, Lair:8)
  a +0 cutlass
  a +0 robe
(8, 12, Lair:8)
  a +0 cutlass
  a +0 robe
(10, 14, Lair:8)
  a +0 spear
(12, 14, Lair:8)
  19 stones
(44, 16, Lair:8)
  19 sling bullets
(53, 16, Lair:8)
  a cursed +0 long sword
(45, 26, Lair:8)
  2 potions of lignification
(13, 27, Lair:8)
  a scroll of noise
(63, 27, Lair:8)
  a Grand Grimoire
(28, 37, Lair:8)
  a +3 antimagic lajatang
(59, 40, Lair:8)
  a +0 quarterstaff
(59, 46, Lair:8)
  16 arrows
(19, 54, Lair:8)
  7 poisoned needles
(22, 56, Lair:8)
  a +0 ring mail

Level 1 of the Shoals
(0, 0, Shoals:1)
  a +0 trident
(4, 0, Shoals:1)
  a tomahawk
(8, 0, Shoals:1)
  a tomahawk
(5, 1, Shoals:1)
  2 tomahawks
(6, 1, Shoals:1)
  a tomahawk
(8, 5, Shoals:1)
  a scroll of immolation
(37, 11, Shoals:1)
  a +0 battleaxe
(4, 16, Shoals:1)
  a +0 cloak
(37, 18, Shoals:1)
  12 sling bullets
(13, 26, Shoals:1)
  a +0 trident
(12, 35, Shoals:1)
  a +0 chain mail
(29, 43, Shoals:1)
  a tomahawk
(28, 44, Shoals:1)
  a tomahawk
(36, 44, Shoals:1)
  a +0 trident
  2 tomahawks

Level 2 of the Shoals
(0, 0, Shoals:2)
  a +5 trident of protection
  a cursed +0 robe
(-8, 1, Shoals:2)
  19 bolts
(-20, 3, Shoals:2)
  the +2 pair of boots of the Assassin {Stlth++}
    It makes you much more stealthy.
(-12, 4, Shoals:2)
  a scroll of amnesia
(-24, 8, Shoals:2)
  a +0 broad axe
(-21, 8, Shoals:2)
  a +0 leather armour
(-19, 8, Shoals:2)
  a +0 trident
(-21, 12, Shoals:2)
  a +0 scale mail
(14, 18, Shoals:2)
  a +0 robe
(-17, 19, Shoals:2)
  a +0 robe
  a +2 trident of flaming
(-3, 25, Shoals:2)
  a scroll of random uselessness
(13, 25, Shoals:2)
  a stone
(14, 25, Shoals:2)
  2 potions of brilliance
  a wand of enslavement (5)
  a wand of disintegration (10)
  a wand of lightning (3)
  a wand of fireball (0)
(12, 26, Shoals:2)
  a +0 quarterstaff
  a +0 hunting sling
  5 stones
(13, 26, Shoals:2)
  a +0 spear
(11, 27, Shoals:2)
  a stone
(13, 27, Shoals:2)
  a +0 quarterstaff of protection
  a +0 hunting sling
  17 stones
(14, 27, Shoals:2)
  a +0 spear
  a +0 hunting sling
  22 stones
(-5, 28, Shoals:2)
  21 stones
  a +0 hunting sling
  a +0 spear
(-32, 30, Shoals:2)
  a +0 trident of flaming
  a +0 leather armour
(-29, 30, Shoals:2)
  a large rock
(-31, 31, Shoals:2)
  a large rock
(12, 31, Shoals:2)
  a +0 cloak
(15, 31, Shoals:2)
  20 stones
(-30, 32, Shoals:2)
  2 throwing nets
  3 large rocks
(11, 33, Shoals:2)
  a throwing net
(17, 37, Shoals:2)
  a +0 dagger
(-18, 38, Shoals:2)
  a +0 trident
(19, 38, Shoals:2)
  a +0 halberd
(21, 38, Shoals:2)
  a +0 halberd
(-1, 40, Shoals:2)
  15 stones
(21, 41, Shoals:2)
  a +0 vampiric trident
  a +0 robe
(20, 42, Shoals:2)
  a +2 vampiric spear
(-12, 43, Shoals:2)
  8 stones
(-12, 45, Shoals:2)
  a +0 whip

Level 3 of the Shoals
(0, 0, Shoals:3)
  a +0 spear
(-36, 3, Shoals:3)
  an uncursed staff of energy
(-30, 4, Shoals:3)
  2 large rocks
(-40, 6, Shoals:3)
  a +0 robe
(-25, 6, Shoals:3)
  15 stones
(-32, 7, Shoals:3)
  a large rock
(-32, 8, Shoals:3)
  a large rock
(-1, 8, Shoals:3)
  a throwing net
(-33, 10, Shoals:3)
  a large rock
(-8, 10, Shoals:3)
  a +0 trident
(-6, 10, Shoals:3)
  a +0 pair of gloves
(-38, 11, Shoals:3)
  a +0 spear
(-5, 11, Shoals:3)
  a +0 trident
(-34, 12, Shoals:3)
  a +1 trident of flaming
  a +0 leather armour
(-7, 12, Shoals:3)
  a +0 trident
(-25, 14, Shoals:3)
  a stone
(-7, 14, Shoals:3)
  a throwing net
(-23, 15, Shoals:3)
  a stone
(-24, 16, Shoals:3)
  a stone
(-15, 16, Shoals:3)
  a +0 robe
(-24, 17, Shoals:3)
  2 stones
(-24, 19, Shoals:3)
  8 stones
  a +0 spear
  a +0 hunting sling
(-22, 19, Shoals:3)
  a +0 quarterstaff
(-23, 20, Shoals:3)
  a +0 hunting sling
(-24, 24, Shoals:3)
  a +0 trident
(-15, 24, Shoals:3)
  a stone
(-14, 24, Shoals:3)
  2 stones
(3, 24, Shoals:3)
  16 stones
(-31, 25, Shoals:3)
  a +2 trident of holy wrath
(-10, 25, Shoals:3)
  a +3 ring mail
(-24, 26, Shoals:3)
  a stone
  a +0 spear
(-23, 26, Shoals:3)
  a stone
(-22, 26, Shoals:3)
  a +4 flail of protection
  a throwing net
(-26, 27, Shoals:3)
  11 stones
  a +0 hunting sling
  a +0 quarterstaff
(-27, 28, Shoals:3)
  2 large rocks
(-26, 28, Shoals:3)
  a large rock
(-24, 29, Shoals:3)
  2 large rocks
(-24, 30, Shoals:3)
  a large rock
(9, 43, Shoals:3)
  a +0 cloak

Level 4 of the Shoals
(0, 0, Shoals:4)
  a +0 trident

Level 1 of the Snake Pit
(0, 0, Snake:1)
  a +0 vampiric battleaxe
(1, 3, Snake:1)
  a +0 short sword
  a +0 robe
(22, 7, Snake:1)
  a +0 leather armour
(20, 9, Snake:1)
  18 sling bullets
(-8, 13, Snake:1)
  a +0 club
(-11, 15, Snake:1)
  5 poisoned tomahawks
  a +0 flail
(-9, 15, Snake:1)
  a +0 hand axe
  a +0 robe
(-13, 16, Snake:1)
  21 silver sling bullets
(-10, 16, Snake:1)
  a +0 scimitar
(33, 22, Snake:1)
  26 arrows
(34, 22, Snake:1)
  a +2 mace of draining
(19, 27, Snake:1)
  a +0 chain mail
(2, 39, Snake:1)
  a +0 hand axe
(5, 39, Snake:1)
  a +0 war axe
(28, 39, Snake:1)
  a +0 pair of gloves

Level 2 of the Snake Pit
(0, 0, Snake:2)
  24 arrows
(8, 2, Snake:2)
  a +0 robe
(15, 2, Snake:2)
  an arrow
(2, 5, Snake:2)
  14 stones
(6, 5, Snake:2)
  an arrow
  3 bolts of penetration
(26, 5, Snake:2)
  a +0 longbow
  a +0 battleaxe
  9 arrows
(27, 5, Snake:2)
  2 arrows
(28, 5, Snake:2)
  2 arrows
(2, 6, Snake:2)
  a +0 robe
  (unseen)
(6, 6, Snake:2)
  28 stones
  3 arrows
  2 bolts of penetration
(7, 6, Snake:2)
  a bolt of penetration
(2, 7, Snake:2)
  a black mamba corpse
(5, 7, Snake:2)
  an arrow
  18 gold pieces
  a water moccasin corpse
(6, 7, Snake:2)
  2 bolts of penetration
(4, 8, Snake:2)
  2 arrows
(-2, 9, Snake:2)
  2 bolts of flame
  a +0 shortbow
(1, 9, Snake:2)
  3 arrows
  a +0 halberd
  a +0 shortbow
(2, 9, Snake:2)
  2 arrows (still there?)
  a +0 scimitar of venom (still there?)
(3, 9, Snake:2)
  2 bolts of penetration
  an arrow
(6, 9, Snake:2)
  2 arrows
(-1, 10, Snake:2)
  a bolt of flame
(0, 10, Snake:2)
  a +0 robe
  a +0 dagger of venom
  a naga corpse
(1, 10, Snake:2)
  9 bolts of penetration
  (unseen)
(2, 10, Snake:2)
  a +0 robe (still there?)
  a +0 war axe (still there?)
(4, 10, Snake:2)
  2 bolts of flame
(15, 12, Snake:2)
  a potion of poison
(24, 12, Snake:2)
  a +0 chain mail
(-8, 13, Snake:2)
  4 fruits
(-8, 14, Snake:2)
  a +0 pair of boots
(0, 14, Snake:2)
  3 bolts of flame
(-1, 15, Snake:2)
  a +1 arbalest of velocity
  (unseen)
(-4, 17, Snake:2)
  a +0 spear
(0, 19, Snake:2)
  a meat ration
(22, 19, Snake:2)
  a +0 trident
(22, 20, Snake:2)
  a +4 scimitar of venom
  a +0 robe

Level 3 of the Snake Pit
(0, 0, Snake:3)
  a bolt
(2, 0, Snake:3)
  a scroll of teleportation
(3, 2, Snake:3)
  a +0 glaive
  (unseen)
(1, 4, Snake:3)
  2 bolts
  3 poisoned bolts
(2, 4, Snake:3)
  3 bolts
  2 poisoned bolts
(-12, 25, Snake:3)
  an uncursed ring of ice
  (unseen)

