Asterion

Level 1 of the Dungeon
(0, 0, D:1)
  a +0 spear
(2, 0, D:1)
  a +0 dagger
(14, 9, D:1)
  a +0 spear
(16, 12, D:1)
  a +0 club
(9, 19, D:1)
  a +0 short sword
(18, 33, D:1)
  13 bolts
(31, 33, D:1)
  a +0 short sword

Level 2 of the Dungeon
(0, 0, D:2)
  a +0 club
(-6, 1, D:2)
  a +0 club
(-38, 26, D:2)
  a +0 dagger
(-34, 28, D:2)
  8 poisoned needles
(-16, 43, D:2)
  a +0 club
(-34, 49, D:2)
  a +0 chain mail
(-13, 52, D:2)
  a cursed +0 scale mail

Level 3 of the Dungeon
(16, 5, D:3)
  a +0 club
(37, 6, D:3)
  25 stones
(13, 8, D:3)
  8 stones
(-22, 10, D:3)
  a +0 club
(8, 10, D:3)
  a +0 club
(31, 16, D:3)
  a +0 animal skin
(-10, 24, D:3)
  a +0 leather armour
  a cursed -1 mace
(-19, 25, D:3)
  20 arrows
(-10, 25, D:3)
  a +0 leather armour
  a +0 flail
(-10, 26, D:3)
  a +0 robe
  a +0 dagger
  a +0 hand axe
(21, 33, D:3)
  a +0 halberd

Level 4 of the Dungeon
(0, 0, D:4)
  a +0 giant spiked club
(-7, 5, D:4)
  a +0 war axe
(0, 5, D:4)
  a +0 centaur barding
(-45, 6, D:4)
  20 sling bullets
(-30, 6, D:4)
  a worker ant corpse
(-18, 8, D:4)
  a potion of invisibility
(-14, 12, D:4)
  a +0 leather armour
(-11, 12, D:4)
  a +0 dagger
  a +0 trident
  a +0 leather armour
(-13, 13, D:4)
  a tomahawk
(-12, 13, D:4)
  2 tomahawks
(-11, 13, D:4)
  a +0 robe
  a +0 dagger
(-11, 14, D:4)
  a +0 leather armour
  a +0 cutlass
(5, 20, D:4)
  a +0 spear
(7, 20, D:4)
  a +0 club
(5, 22, D:4)
  a stone
(9, 24, D:4)
  a stone
(10, 24, D:4)
  a stone
(-39, 27, D:4)
  a +0 chain mail
(-11, 28, D:4)
  a +0 leather armour
(16, 45, D:4)
  a +0 spear of piercing
(17, 45, D:4)
  a +0 spear
(17, 46, D:4)
  a +0 club
  a +0 robe
(2, 50, D:4)
  a +0 leather armour
(13, 51, D:4)
  a +0 club
(18, 53, D:4)
  a +0 dagger
(16, 55, D:4)
  a +0 hand axe
(-35, 60, D:4)
  a +0 ring mail

