Xombaby

Level 1 of the Dungeon
(-3, 6, D:1)
  a +0 dagger
(22, 7, D:1)
  a +0 dagger
(28, 18, D:1)
  11 bolts
(30, 22, D:1)
  a +0 whip
(23, 28, D:1)
  a +0 dagger
(21, 29, D:1)
  a +0 club
(-9, 32, D:1)
  a +0 club
(12, 40, D:1)
  a cursed -2 club

Level 2 of the Dungeon
(0, 0, D:2)
  24 arrows
(0, 2, D:2)
  a +0 spear
  a gnoll corpse
(0, 3, D:2)
  a +0 spear
(-13, 8, D:2)
  7 stones
(10, 9, D:2)
  a giant newt corpse
(-25, 12, D:2)
  a +0 ring mail
(-14, 12, D:2)
  a +0 mace
  a +0 scale mail
(-10, 13, D:2)
  a stone
(-18, 15, D:2)
  12 stones
(-33, 17, D:2)
  a +0 chain mail
(-4, 19, D:2)
  a +0 hunting sling
(14, 21, D:2)
  a +0 dagger

