Asterion

Level 1 of the Dungeon
(0, 0, D:1)
  23 stones
(-8, 4, D:1)
  a +0 club
  a +0 club
(8, 8, D:1)
  14 poisoned arrows
(-5, 13, D:1)
  21 stones
(30, 22, D:1)
  13 bolts
(10, 23, D:1)
  a +0 short sword
(9, 24, D:1)
  a +0 short sword
(10, 24, D:1)
  3 stones
(13, 24, D:1)
  27 stones
(20, 24, D:1)
  a +0 dagger
(-6, 25, D:1)
  a +0 dagger
(11, 25, D:1)
  a stone
(46, 26, D:1)
  a +0 club
(46, 27, D:1)
  a +0 club
(46, 29, D:1)
  a +0 whip
(11, 32, D:1)
  14 bolts
(22, 34, D:1)
  20 bolts
(-1, 40, D:1)
  a +0 animal skin
(-2, 42, D:1)
  a +0 club
(-2, 49, D:1)
  17 sling bullets of frost

Level 2 of the Dungeon
(0, 0, D:2)
  a book of Conjurations
(-28, 1, D:2)
  a +0 dagger
  a +0 club
(-19, 1, D:2)
  a cursed -3 club
(-33, 3, D:2)
  a +0 club
(-40, 7, D:2)
  20 arrows
(-23, 7, D:2)
  18 stones
(-43, 18, D:2)
  19 bolts
(4, 23, D:2)
  a +0 leather armour
(9, 23, D:2)
  15 stones
(10, 23, D:2)
  24 stones
(11, 23, D:2)
  a +0 robe
(-28, 24, D:2)
  13 stones
(17, 27, D:2)
  13 stones
(-36, 28, D:2)
  13 silver bolts
(4, 29, D:2)
  20 steel bolts
(13, 34, D:2)
  13 stones
(-40, 35, D:2)
  a +0 mace
(-16, 35, D:2)
  a +0 club
(-27, 39, D:2)
  a +0 dagger

Level 3 of the Dungeon
(0, 0, D:3)
  a +0 falchion
(-8, 11, D:3)
  a +0 club
(39, 15, D:3)
  a +0 club
  a +0 buckler
(28, 19, D:3)
  a +0 dagger
(30, 19, D:3)
  a +0 club
  a +0 chain mail
(31, 21, D:3)
  a +0 short sword
(-1, 23, D:3)
  3 scrolls of random uselessness
(26, 31, D:3)
  a +0 club
(2, 44, D:3)
  a potion of confusion
(25, 46, D:3)
  a stone
(25, 47, D:3)
  a stone
(28, 47, D:3)
  2 stones
(25, 48, D:3)
  2 stones
(26, 48, D:3)
  6 stones
(24, 49, D:3)
  4 stones
(25, 49, D:3)
  a stone
(25, 50, D:3)
  a stone
(27, 50, D:3)
  a stone
(26, 51, D:3)
  2 stones
(27, 51, D:3)
  4 stones
(34, 59, D:3)
  26 stones

Level 4 of the Dungeon
(0, 0, D:4)
  a +0 ring mail
(1, 0, D:4)
  23 stones
(6, 0, D:4)
  19 sling bullets
(22, 4, D:4)
  a cursed -2 animal skin
(22, 5, D:4)
  a +0 animal skin
  a +0 robe
  a +0 animal skin
(-12, 7, D:4)
  a +0 flail
(-19, 8, D:4)
  6 bolts
(-10, 9, D:4)
  a +0 spear
(26, 9, D:4)
  a +0 animal skin
(11, 10, D:4)
  a +0 giant club
(21, 14, D:4)
  21 arrows
(29, 17, D:4)
  a +0 mace
  a cursed -1 dagger
  a +0 robe
  a +0 leather armour
(29, 18, D:4)
  a +0 dagger
  a +0 robe
  a +0 dagger
  a +0 robe
(-17, 22, D:4)
  18 sling bullets
(-1, 22, D:4)
  a scroll of random uselessness
(-18, 25, D:4)
  the +4 dagger "Noasch" {stab, rN+ Dex+3}
    It inflicts extra damage upon your enemies.
    
    It affects your dexterity (+3).
    It protects you from negative energy.
(2, 25, D:4)
  a +0 short sword
(24, 32, D:4)
  a +0 hand axe
(-3, 35, D:4)
  a +0 long sword
(20, 35, D:4)
  20 stones

Level 5 of the Dungeon
[Shop] Suuty's Antique Weapon Emporium
  a cursed -3 longbow (126 gold)
  a +0 spear (84 gold)
  a +2 whip of draining (70 gold)
  a +0 falchion of freezing (84 gold)
  a +0 hand axe (84 gold)
  a +3 cutlass of electrocution (112 gold)
  a +4 trident of protection (98 gold)
  a +0 hand axe (84 gold)
  a +0 quarterstaff (112 gold)
  a cursed +0 blowgun (70 gold)
[Shop] Zin's Purification Station
  a potion of restore abilities (90 gold)
(0, 0, D:5)
  a +0 shortbow
  21 arrows
(-8, 1, D:5)
  a +0 short sword
(23, 1, D:5)
  20 stones
(0, 2, D:5)
  an arrow
(-1, 3, D:5)
  2 arrows
(-20, 9, D:5)
  a +0 leather armour
(27, 11, D:5)
  a +0 robe
(31, 11, D:5)
  a +1 scimitar
  a +0 robe
(27, 12, D:5)
  a +0 robe
(30, 12, D:5)
  a +0 leather armour
(31, 12, D:5)
  a +3 spear
  a +0 robe
(-4, 13, D:5)
  a +0 quarterstaff
(0, 16, D:5)
  a +0 club
(10, 20, D:5)
  a +0 flail
  a +0 chain mail
(10, 21, D:5)
  a +0 hand axe
(11, 21, D:5)
  a +0 dagger
  a cursed +0 club
  a +0 club
  a +0 chain mail
(12, 21, D:5)
  a cursed -2 dagger
(26, 27, D:5)
  a cursed +0 chain mail
  a +0 hand axe
(-12, 28, D:5)
  23 stones
(26, 28, D:5)
  a +0 mace
(28, 40, D:5)
  a tomahawk
(27, 42, D:5)
  a tomahawk
(27, 43, D:5)
  a +0 club
  a +0 ring mail
(26, 44, D:5)
  a +0 dagger
(26, 45, D:5)
  a +0 mace
  a +0 hand axe
(-32, 49, D:5)
  20 stones
(-25, 55, D:5)
  a +0 club
  21 arrows

Level 6 of the Dungeon
(0, 0, D:6)
  33 arrows
(24, 5, D:6)
  a +0 trident
(22, 6, D:6)
  a +0 dagger
  a +0 robe
(61, 6, D:6)
  a +0 flail
(23, 7, D:6)
  a cursed -2 club
  a +0 dagger
  a +0 robe
  a +0 dagger
  a +0 leather armour
(43, 22, D:6)
  a +0 giant club
(6, 43, D:6)
  2 scrolls of noise
  a +0 whip
  a +0 whip
(4, 51, D:6)
  a +0 leather armour
(7, 53, D:6)
  a +0 whip
  a +0 scale mail
(8, 53, D:6)
  a +0 dagger
  a cursed +0 robe
(21, 54, D:6)
  26 stones

Level 7 of the Dungeon
(0, 0, D:7)
  a +0 club
  a +0 leather armour
(1, 0, D:7)
  a +0 leather armour
(0, 1, D:7)
  a +0 dagger
  a cursed +0 robe
(1, 1, D:7)
  a +0 mace
(2, 1, D:7)
  a +0 club
(-9, 2, D:7)
  a cursed -1 robe
(-1, 2, D:7)
  22 sling bullets
(45, 4, D:7)
  a +0 short sword
(38, 9, D:7)
  a +0 giant club
(20, 11, D:7)
  13 sling bullets
(13, 17, D:7)
  24 stones
(12, 25, D:7)
  a +3 dagger
  a +0 ring mail
(12, 26, D:7)
  a +0 short sword
  a +0 scale mail
(12, 27, D:7)
  a +0 short sword
  a +0 leather armour
(13, 27, D:7)
  a +0 hand axe
  a +0 scale mail
(22, 28, D:7)
  a +0 giant spiked club
(-12, 36, D:7)
  a +0 hand axe
(-13, 37, D:7)
  a +0 mace
  a +0 leather armour
  a +0 short sword
  a +0 leather armour
(-12, 37, D:7)
  a +0 dagger
  a +0 scimitar
  a +0 plate armour
(-15, 38, D:7)
  a +0 dagger
(-13, 41, D:7)
  a cursed +0 dagger
  a +0 robe
(-12, 41, D:7)
  a +2 flail of protection
  a +0 short sword
  a +0 chain mail
(23, 43, D:7)
  a +0 dagger
(27, 48, D:7)
  a +0 whip
(28, 48, D:7)
  a +0 club
(29, 48, D:7)
  a +0 halberd
(30, 48, D:7)
  a cursed +0 spear

Level 8 of the Dungeon
(0, 0, D:8)
  a +0 chain mail
(-3, 10, D:8)
  a +0 hand axe
  a +0 chain mail
(-2, 10, D:8)
  a +3 short sword
(-2, 11, D:8)
  a +0 falchion
  an orc skeleton
(-13, 14, D:8)
  10 gold pieces
(-7, 14, D:8)
  a rat corpse
(-9, 15, D:8)
  a +0 club
  (unseen)
(-5, 15, D:8)
  a soldier ant corpse
(-8, 16, D:8)
  a +2 hunting sling of flaming
  a +0 scale mail
  a +0 hand axe
  a +0 dagger
  a cursed +0 robe
  an orc corpse
(-9, 17, D:8)
  a +0 dagger
  (unseen)

