Asterion

Level 1 of the Dungeon
(0, 0, D:1)
  a +0 club
(-2, 5, D:1)
  a cursed -3 spear
(29, 6, D:1)
  a +0 club
(29, 7, D:1)
  a +0 club
(25, 9, D:1)
  a +0 whip
(-1, 12, D:1)
  a +0 whip
(4, 21, D:1)
  a +0 club
(34, 22, D:1)
  4 needles of sleeping
(19, 36, D:1)
  a cursed +0 club
  a goblin corpse (skeletalised by now)
(15, 38, D:1)
  a +0 leather armour
(51, 38, D:1)
  a cursed -3 mace
(19, 41, D:1)
  a +0 ring mail
(44, 41, D:1)
  a +0 buckler
(31, 48, D:1)
  a +0 scale mail

Level 2 of the Dungeon
(0, 0, D:2)
  a +0 club
(-6, 9, D:2)
  the rotting goblin corpse of Ijyb
(-5, 11, D:2)
  2 rotting chunks of kobold flesh
  a kobold skeleton
(11, 15, D:2)
  a +0 shortbow
(4, 17, D:2)
  a rotting chunk of kobold flesh
(16, 17, D:2)
  an adder skeleton
(6, 19, D:2)
  a +0 club
(2, 22, D:2)
  20 stones

