Dracula

Level 1 of the Dungeon
(0, 0, D:1)
  a +0 hunting sling
(16, 0, D:1)
  a +0 hunting sling
(-23, 1, D:1)
  a +0 mace
(-19, 1, D:1)
  13 stones
(-28, 5, D:1)
  a meat ration
(-23, 8, D:1)
  3 javelins
(-18, 10, D:1)
  a +2 hand axe of flaming
(-15, 13, D:1)
  3 stones
(14, 13, D:1)
  a +0 mace
(-2, 14, D:1)
  a +0 club
  a hobgoblin corpse
(10, 14, D:1)
  a rotting bat corpse
(-18, 17, D:1)
  a giant gecko corpse
(10, 18, D:1)
  a +0 leather armour
(-15, 23, D:1)
  a meat ration
(10, 23, D:1)
  12 stones
(11, 24, D:1)
  a cursed -2 club
  a hobgoblin corpse (rotten by now)
(-16, 25, D:1)
  a +0 club
  a hobgoblin corpse
(2, 27, D:1)
  a +0 scale mail
(-18, 28, D:1)
  a meat ration
(3, 33, D:1)
  a stone
(-31, 34, D:1)
  a giant gecko skeleton
(-30, 36, D:1)
  a bat corpse
(0, 37, D:1)
  a beef jerky

