Iskenderun

Level 1 of the Dungeon
(0, 0, D:1)
  a +0 whip
(29, 1, D:1)
  a +0 dagger
(2, 2, D:1)
  a +0 club
(2, 5, D:1)
  a +0 hunting sling
(10, 5, D:1)
  a +0 short sword
  4 stones
(26, 5, D:1)
  a +0 club
(-13, 7, D:1)
  a +0 short sword
(20, 8, D:1)
  a +0 dagger
  a +0 leather armour
(-16, 24, D:1)
  a +0 club
(18, 35, D:1)
  a +0 dagger
(-9, 37, D:1)
  a +0 dagger
(20, 38, D:1)
  a +0 leather armour
(-14, 40, D:1)
  a +0 dagger

Level 2 of the Dungeon
(18, 1, D:2)
  a +0 dagger
(-35, 3, D:2)
  7 stones
(-16, 21, D:2)
  a +0 club
(-18, 24, D:2)
  a +0 dagger
  a stone
(-30, 28, D:2)
  16 stones
(-33, 29, D:2)
  a stone
(-30, 36, D:2)
  a +0 hunting sling
  a +0 dagger
  7 stones
(0, 40, D:2)
  a +0 ring mail
(15, 40, D:2)
  a +0 ring mail
(-29, 45, D:2)
  a +0 hunting sling

Level 3 of the Dungeon
(0, 0, D:3)
  a +0 scimitar
(22, 1, D:3)
  a bat skeleton
(17, 3, D:3)
  25 bolts
(-1, 8, D:3)
  a +0 ring mail
(5, 12, D:3)
  a +0 dagger
(13, 17, D:3)
  a cursed +0 dagger
  a +0 scale mail
(50, 28, D:3)
  a +0 ring mail
(53, 28, D:3)
  a +0 whip
(5, 29, D:3)
  a cursed -3 dagger
  a stone
  a kobold corpse (rotten by now)
(3, 30, D:3)
  a stone
(13, 42, D:3)
  a +0 whip
(40, 42, D:3)
  a +0 dagger
(13, 43, D:3)
  a +0 halberd
  a +0 spear
  a +0 robe
(37, 48, D:3)
  a giant newt skeleton
(3, 50, D:3)
  a +0 falchion
  a rotting orc corpse
(27, 50, D:3)
  a jackal skeleton
(30, 50, D:3)
  a jackal skeleton
(25, 53, D:3)
  3 stones
  a kobold corpse (skeletalised by now)
(49, 53, D:3)
  a +0 helmet
(52, 54, D:3)
  a +0 spear
(26, 62, D:3)
  a rat corpse (skeletalised by now)

Level 4 of the Dungeon
(0, 0, D:4)
  a +0 club
(9, 1, D:4)
  a wand of magic darts (6)

