Asterion

Level 1 of the Dungeon
(0, 0, D:1)
  16 arrows
(34, 0, D:1)
  a +0 hunting sling
(33, 7, D:1)
  20 stones
(18, 10, D:1)
  a +0 club
(33, 10, D:1)
  a +0 leather armour
(42, 10, D:1)
  a +0 club
(40, 11, D:1)
  16 arrows
(-1, 19, D:1)
  a cursed -2 dagger
(33, 23, D:1)
  a +0 leather armour
(1, 30, D:1)
  a +0 dagger
(28, 30, D:1)
  a +0 dagger of electrocution
(21, 36, D:1)
  10 stones
(18, 41, D:1)
  a +0 animal skin
(41, 42, D:1)
  a +0 club
(3, 55, D:1)
  3 tomahawks
(-14, 57, D:1)
  a +0 short sword
(7, 59, D:1)
  25 sling bullets

Level 2 of the Dungeon
(0, 0, D:2)
  a +2 hand axe of electrocution
(-9, 3, D:2)
  a +0 dagger
(-7, 4, D:2)
  a +0 whip
(-8, 6, D:2)
  a +0 dagger
(20, 6, D:2)
  a +2 spear of distortion
(35, 6, D:2)
  a +0 club
(24, 7, D:2)
  a +0 short sword
(-10, 12, D:2)
  13 stones
(28, 17, D:2)
  2 stones
(29, 19, D:2)
  a stone
(31, 21, D:2)
  2 stones
(35, 26, D:2)
  a +0 dagger
(35, 28, D:2)
  a +0 ring mail
(6, 35, D:2)
  a +0 short sword
(39, 35, D:2)
  9 stones

Level 3 of the Dungeon
(0, 0, D:3)
  a +0 hunting sling
(4, 2, D:3)
  11 stones
(-8, 7, D:3)
  20 arrows
(-7, 14, D:3)
  a +0 dagger
(-33, 16, D:3)
  a +0 flail
(-14, 26, D:3)
  a +0 dagger of chaos
(10, 26, D:3)
  a +0 whip
(-34, 31, D:3)
  12 sling bullets
(6, 36, D:3)
  5 stones
(-8, 37, D:3)
  18 arrows
(11, 39, D:3)
  26 arrows
(-6, 42, D:3)
  a +0 robe
(5, 42, D:3)
  19 stones

Level 4 of the Dungeon
(0, 0, D:4)
  14 stones
(-2, 1, D:4)
  10 bolts of flame
(-24, 3, D:4)
  a +0 whip
(-60, 9, D:4)
  18 stones
(-1, 9, D:4)
  a +0 club
(-20, 10, D:4)
  12 poisoned needles
(-54, 15, D:4)
  a +0 club
(-40, 16, D:4)
  a +0 whip
  a +0 dagger
  a +0 blowgun
  20 poisoned needles
(-40, 18, D:4)
  a poisoned needle
(-4, 18, D:4)
  a +0 scale mail
(-40, 21, D:4)
  a poisoned needle
(-35, 23, D:4)
  a +0 robe
(-1, 26, D:4)
  a +0 ring mail
(-30, 29, D:4)
  2 stones
(-33, 30, D:4)
  a stone
(-32, 30, D:4)
  a stone
(-44, 34, D:4)
  26 stones
(-13, 37, D:4)
  20 sling bullets
(-8, 37, D:4)
  a +0 club
(-6, 38, D:4)
  a +0 war axe
  a +0 leather armour
  a +0 short sword
  a +0 leather armour
(-9, 43, D:4)
  14 arrows of frost
(-33, 50, D:4)
  a +0 chain mail
  a +0 club

Level 5 of the Dungeon
(0, 0, D:5)
  a scroll of magic mapping
(-1, 3, D:5)
  a +0 long sword
(-2, 4, D:5)
  an arrow
(-20, 5, D:5)
  a +0 trident
(-3, 5, D:5)
  an arrow
(-19, 6, D:5)
  a +0 mace
  a +0 scale mail
  a +0 club
(-3, 6, D:5)
  an arrow
(-18, 7, D:5)
  a +0 whip
(-20, 10, D:5)
  a +0 flail
(-4, 10, D:5)
  an arrow
(-6, 14, D:5)
  an arrow
(-22, 20, D:5)
  a +0 dagger
(-19, 25, D:5)
  a +0 shortbow
  16 arrows
(-1, 27, D:5)
  17 stones
(-22, 28, D:5)
  an arrow
(-24, 30, D:5)
  3 arrows
(-24, 34, D:5)
  15 stones
(-1, 34, D:5)
  21 stones
(6, 42, D:5)
  a +0 giant club
(6, 44, D:5)
  a +0 dagger
  a +0 robe
(6, 45, D:5)
  a +0 short sword
  an orc skeleton
(7, 45, D:5)
  a +1 hand axe of freezing
(17, 45, D:5)
  a scroll of immolation

