Asterion

Level 1 of the Dungeon
(0, 0, D:1)
  14 stones
(-19, 2, D:1)
  a +0 dagger
(-27, 5, D:1)
  a +2 mace of protection
(-18, 10, D:1)
  a +0 club
(13, 11, D:1)
  8 needles of frenzy
(-22, 14, D:1)
  a +0 club
  a +0 club
(-21, 14, D:1)
  a +0 dagger
(-3, 17, D:1)
  a +0 robe
(2, 18, D:1)
  a cursed +0 short sword
(-28, 22, D:1)
  21 arrows
(18, 23, D:1)
  a +0 club
(18, 27, D:1)
  an adder skeleton
(-27, 28, D:1)
  a +0 animal skin
(-14, 43, D:1)
  a +2 dagger of venom

Level 2 of the Dungeon
(0, 0, D:2)
  a +0 whip
(7, 0, D:2)
  a rotting chunk of adder flesh
(9, 0, D:2)
  a +0 club
(8, 1, D:2)
  a +0 halberd
(7, 4, D:2)
  a rotting ball python corpse
(16, 15, D:2)
  a cursed -3 club
(8, 28, D:2)
  a +0 short sword
(1, 29, D:2)
  a cursed +0 ring mail

