Asterion

Level 1 of the Dungeon
(-14, 6, D:1)
  a +0 club
(-12, 7, D:1)
  a +0 club
(-11, 7, D:1)
  a +0 club
(11, 7, D:1)
  a cursed +0 short sword
(-22, 9, D:1)
  a +0 club
(-7, 9, D:1)
  12 stones
(-11, 10, D:1)
  3 stones
(-12, 15, D:1)
  a stone
(7, 24, D:1)
  a cursed -1 club
(17, 32, D:1)
  a +0 robe
(8, 38, D:1)
  a stone
(8, 39, D:1)
  a stone
(4, 40, D:1)
  17 poisoned needles
(8, 41, D:1)
  2 stones
(12, 41, D:1)
  11 stones
(-17, 42, D:1)
  a +0 animal skin
(8, 42, D:1)
  a stone
(19, 47, D:1)
  7 arrows of frost

Level 2 of the Dungeon
(0, 0, D:2)
  a cursed +0 ring mail
(14, 0, D:2)
  a +0 short sword
(31, 1, D:2)
  31 stones
(10, 7, D:2)
  a stone
(11, 10, D:2)
  4 stones
(32, 13, D:2)
  a +0 robe
(14, 16, D:2)
  a +0 leather armour
(24, 19, D:2)
  a +0 robe
(32, 24, D:2)
  a +0 buckler
(7, 25, D:2)
  a +0 dagger
(16, 33, D:2)
  a +0 short sword
(20, 33, D:2)
  a +0 dagger
(35, 39, D:2)
  a +0 club
(-2, 48, D:2)
  19 stones

Level 3 of the Dungeon
(0, 0, D:3)
  a +0 quarterstaff
(-15, 4, D:3)
  a +0 dagger
  a +0 hunting sling
  18 stones
(-19, 5, D:3)
  a +0 mace
(-15, 6, D:3)
  3 stones
(-14, 9, D:3)
  a cursed -2 flail
(-27, 14, D:3)
  a +0 dagger
(-28, 15, D:3)
  a +0 trident
(-34, 22, D:3)
  a +0 trident
(-36, 23, D:3)
  a +0 cloak
(-37, 24, D:3)
  a +0 robe
  a +0 dagger
  a +0 dagger
  a +0 ring mail
  a +0 chain mail
  a +0 dagger
  a +0 ring mail
  a +0 flail
(-36, 24, D:3)
  a +0 dagger
(-17, 26, D:3)
  a cursed -3 mace
  a +0 dagger
(-25, 27, D:3)
  32 arrows
(-17, 27, D:3)
  a +0 whip
(-8, 35, D:3)
  a +0 club
(-8, 36, D:3)
  a +0 ring mail
  a +0 mace
(-6, 36, D:3)
  a +0 hand axe

Level 4 of the Dungeon
(0, 0, D:4)
  3 large rocks
(8, 0, D:4)
  a +0 dagger
(-13, 3, D:4)
  a +0 cloak
(25, 12, D:4)
  a +0 club
(8, 16, D:4)
  a +0 scale mail
(16, 23, D:4)
  a +0 centaur barding
(2, 41, D:4)
  27 stones
(26, 44, D:4)
  a +0 whip
(-4, 45, D:4)
  a wand of fireball (3)
(21, 48, D:4)
  22 arrows of flame
(15, 50, D:4)
  a +0 giant club
(-11, 51, D:4)
  a bread ration

