Asterion

Level 1 of the Dungeon
(0, 0, D:1)
  a stone
(3, 3, D:1)
  21 sling bullets
(-13, 5, D:1)
  a +0 whip
(-12, 10, D:1)
  a +0 club
(-24, 21, D:1)
  a +0 dagger
(-31, 23, D:1)
  a +0 dagger
(-23, 23, D:1)
  a +0 hand axe
(-22, 33, D:1)
  a +0 club
(-36, 34, D:1)
  a cursed -2 club
(-36, 35, D:1)
  a +0 animal skin
(-48, 44, D:1)
  an uncursed ring of loudness
  a +3 ring of intelligence

Level 2 of the Dungeon
(0, 0, D:2)
  a +0 scale mail
(37, 1, D:2)
  a +0 short sword
(-5, 2, D:2)
  a +0 robe
(35, 2, D:2)
  30 arrows
(-11, 3, D:2)
  a +0 chain mail
(26, 3, D:2)
  a +0 dagger
  2 stones
(37, 3, D:2)
  a +0 dagger
(-12, 4, D:2)
  15 sling bullets
(23, 4, D:2)
  a stone
(24, 4, D:2)
  a stone
(26, 4, D:2)
  a +0 whip
(8, 14, D:2)
  a cursed -3 club
(22, 19, D:2)
  a +0 chain mail
(-14, 20, D:2)
  a +0 club
(42, 20, D:2)
  a +0 robe
(14, 22, D:2)
  a +0 ring mail
(23, 22, D:2)
  a cursed -2 falchion
(-8, 25, D:2)
  a +0 short sword
(30, 25, D:2)
  a +0 dagger
(-4, 30, D:2)
  21 stones
(14, 34, D:2)
  a +0 club
(24, 38, D:2)
  a +3 chain mail of cold resistance
(24, 39, D:2)
  a +0 club
(25, 43, D:2)
  a +0 club
  a +0 whip

Level 3 of the Dungeon
(0, 0, D:3)
  a +0 dagger of protection
(41, 0, D:3)
  a stone
(22, 1, D:3)
  a +0 short sword
(-6, 2, D:3)
  23 stones
(40, 5, D:3)
  23 bolts
(30, 6, D:3)
  a +0 mace
(36, 7, D:3)
  15 stones
(44, 7, D:3)
  a +0 robe
(8, 11, D:3)
  a cursed +0 dagger
(-5, 14, D:3)
  a +0 club
(-6, 19, D:3)
  a +0 dagger
(25, 20, D:3)
  a cursed -3 long sword
(-1, 28, D:3)
  a +0 dagger
(39, 28, D:3)
  a +0 long sword
(-7, 42, D:3)
  a +0 club
(-6, 42, D:3)
  a +0 dagger
(28, 43, D:3)
  a stone
(30, 43, D:3)
  a stone
(32, 43, D:3)
  a stone
(33, 43, D:3)
  a stone

Level 4 of the Dungeon
(0, 0, D:4)
  16 stones
(-14, 1, D:4)
  a +0 club
(2, 5, D:4)
  a +0 dagger
(-9, 11, D:4)
  a +0 dagger
(17, 13, D:4)
  a +0 dagger
(-1, 35, D:4)
  a +0 hand axe
  a cursed -3 flail
  a +0 leather armour
(0, 36, D:4)
  a +0 club
  a +0 scale mail
(0, 37, D:4)
  a +0 dagger
(-6, 39, D:4)
  a +0 dagger
  a +2 falchion of holy wrath
(-5, 39, D:4)
  a +0 dagger
  a +0 chain mail
  a +0 dagger
  a +0 robe
(3, 39, D:4)
  a +0 leather armour
(-12, 44, D:4)
  a +0 plate armour

Level 5 of the Dungeon
(0, 0, D:5)
  a +0 dagger
  a +0 robe
(-1, 1, D:5)
  a +0 hand axe
(0, 1, D:5)
  a +0 mace
  a +0 dagger
  a +0 robe
(-3, 4, D:5)
  a cursed +0 shortbow
  24 arrows
(-2, 4, D:5)
  a +0 shortbow
  16 arrows
(-2, 8, D:5)
  2 arrows
(-2, 9, D:5)
  an arrow
(-2, 10, D:5)
  an arrow
(0, 10, D:5)
  an arrow
(3, 13, D:5)
  a +0 dagger
(26, 15, D:5)
  a scroll of noise
(7, 18, D:5)
  a +0 dagger
(17, 27, D:5)
  a +0 plate armour
(-15, 30, D:5)
  15 stones
(0, 31, D:5)
  26 bolts
(-10, 34, D:5)
  a +0 club
(16, 35, D:5)
  a +0 chain mail
  a +0 robe
  a +0 dagger
(17, 35, D:5)
  a +0 robe
  a cursed +0 dagger
(16, 36, D:5)
  a +0 mace
(17, 36, D:5)
  a +0 club
(-11, 38, D:5)
  a +0 robe

Level 6 of the Dungeon
(0, 0, D:6)
  23 stones
(2, 6, D:6)
  4 stones
(3, 6, D:6)
  a stone
(18, 6, D:6)
  a +1 chain mail of magic resistance
(-13, 10, D:6)
  a +0 spear
(-12, 10, D:6)
  a +0 chain mail
(29, 13, D:6)
  19 bolts
(-7, 20, D:6)
  a +0 chain mail
(17, 28, D:6)
  a +8 club
(-11, 29, D:6)
  a +0 club
  a +0 hand axe
(31, 29, D:6)
  a +0 dagger
(-11, 30, D:6)
  a +0 whip
  a +0 chain mail
  a +0 whip
  a +0 club
  a +0 leather armour
(-10, 30, D:6)
  a +0 short sword
  a +0 chain mail
(-9, 30, D:6)
  6 poisoned tomahawks
(18, 31, D:6)
  a scroll of amnesia

Level 7 of the Dungeon
(0, 0, D:7)
  9 sling bullets
(-32, 11, D:7)
  a +0 animal skin
(-31, 11, D:7)
  a +0 animal skin
  a +0 animal skin
(-32, 12, D:7)
  a +1 robe
  a +0 whip of flaming
(-31, 12, D:7)
  a +0 animal skin
(-31, 13, D:7)
  a +0 dagger
(4, 17, D:7)
  a +1 dagger of venom
  a +0 robe
(5, 17, D:7)
  a +0 dagger
  a +0 robe
(6, 17, D:7)
  a +0 dagger
  a +0 robe
(-42, 21, D:7)
  a +0 robe
(-42, 27, D:7)
  13 arrows

Level 8 of the Dungeon
(0, 0, D:8)
  a book of the Sky
(-6, 4, D:8)
  15 arrows
(-8, 8, D:8)
  a +0 shortbow
  9 arrows
(-6, 8, D:8)
  a +0 shortbow
  5 arrows
(-8, 9, D:8)
  4 arrows
(-9, 10, D:8)
  an arrow
(-8, 10, D:8)
  an arrow
(-9, 11, D:8)
  2 arrows
(-10, 12, D:8)
  an arrow
(-4, 12, D:8)
  a +0 plate armour
(-11, 13, D:8)
  2 arrows
(-11, 14, D:8)
  an arrow
(19, 22, D:8)
  a +0 flail
(25, 25, D:8)
  a +0 giant club
  a +0 robe
(46, 26, D:8)
  a +0 leather armour
(-7, 27, D:8)
  a +0 giant club
(37, 33, D:8)
  28 stones
(20, 36, D:8)
  a cursed -2 dagger
  a +0 robe
(20, 37, D:8)
  a cursed -1 dagger
  a +0 robe
(22, 37, D:8)
  a +0 dagger
  a +0 robe
(-8, 43, D:8)
  a +2 ring of evasion
  an uncursed ring of see invisible
(40, 46, D:8)
  a +0 robe
(43, 49, D:8)
  a +0 cloak
  a +0 dagger
(43, 50, D:8)
  a +0 giant club
(44, 52, D:8)
  a +0 blowgun

Level 9 of the Dungeon
(0, 0, D:9)
  a +0 giant club
(14, 1, D:9)
  2 arrows of flame
(15, 1, D:9)
  an arrow of flame
(2, 2, D:9)
  a potion of poison
(45, 2, D:9)
  a throwing net
  a +0 spear
(15, 3, D:9)
  an arrow of flame
(-3, 6, D:9)
  a +0 long sword
  a +0 leather armour
(15, 6, D:9)
  a +0 shortbow
  7 arrows of flame
(49, 6, D:9)
  a plain deck of wonders
(15, 11, D:9)
  a +0 flail
(30, 13, D:9)
  a +0 dagger
(31, 14, D:9)
  17 arrows
(6, 16, D:9)
  a +0 hand axe
(28, 24, D:9)
  20 stones
(-4, 34, D:9)
  a +0 whip
  a +0 plate armour
(3, 34, D:9)
  a stone
(7, 35, D:9)
  3 stones
(4, 46, D:9)
  a +0 leather armour
(-9, 51, D:9)
  a +0 club

Level 10 of the Dungeon
(0, 0, D:10)
  a +0 dire flail
  a +0 dire flail
(4, 2, D:10)
  a +0 halberd
(33, 4, D:10)
  a +0 mace
(41, 14, D:10)
  a +0 giant club
(4, 21, D:10)
  a +0 scimitar
  a +0 plate armour
(-17, 22, D:10)
  2 scrolls of immolation
(-9, 22, D:10)
  a +0 dagger
  a +0 hand axe
  a +0 ring mail
  a +0 trident
(-8, 22, D:10)
  a +0 short sword
  a +0 leather armour
  a +0 dagger
  a +0 robe
(3, 22, D:10)
  a cursed +0 ring mail
  a +0 dagger of speed
(4, 22, D:10)
  a +0 dagger
  a +0 robe
  a +0 dagger
  a +0 robe
(-18, 23, D:10)
  a +0 spear
(-11, 23, D:10)
  a +0 war axe
  a +0 mace
(-10, 23, D:10)
  a +0 war axe
  a cursed +0 plate armour
  a +0 whip
  a +0 ring mail
(-9, 23, D:10)
  a +0 chain mail
  a +0 dagger
  a +0 robe
  a +0 dagger
  a cursed -1 flail
  a +0 leather armour
(-5, 23, D:10)
  a +0 hand axe
(-3, 23, D:10)
  a +1 whip of holy wrath
  a +1 mace of protection
(-2, 23, D:10)
  a +0 hand axe
  a cursed +0 leather armour
(-9, 24, D:10)
  a +0 mace
  a +0 leather armour
(-8, 24, D:10)
  a +0 short sword
  a +0 leather armour
(0, 25, D:10)
  a +0 club
  an orc corpse (skeletalised by now)
(39, 27, D:10)
  a scroll of amnesia
(-4, 28, D:10)
  a +0 whip
  a +0 leather armour
  a +0 leather armour
  a cursed -2 short sword
(-2, 29, D:10)
  a +0 club
(40, 32, D:10)
  a +0 vampiric dagger
  a +0 scale mail
  a +3 dagger of freezing
  a +0 robe
(40, 33, D:10)
  a +0 hand axe
  a +0 short sword
(5, 34, D:10)
  a cursed -1 war axe
  a +0 robe
(4, 35, D:10)
  a +0 trident
  a +0 robe
(5, 35, D:10)
  a +2 dire flail
  a +0 robe
(34, 35, D:10)
  a +0 trident
(20, 50, D:10)
  an uncursed ring of stealth
  a potion of degeneration

