Arya

Level 1 of the Dungeon
(4, 0, D:1)
  a +0 mace
(21, 0, D:1)
  a +0 dagger
(31, 0, D:1)
  a +0 robe
(5, 3, D:1)
  a +0 club
(38, 3, D:1)
  a +0 hunting sling
(41, 5, D:1)
  a +0 short sword
(12, 9, D:1)
  a meat ration
(-4, 11, D:1)
  a cursed -1 club
(-1, 13, D:1)
  a +0 leather armour
(28, 13, D:1)
  7 stones
(43, 15, D:1)
  a +0 leather armour
(34, 17, D:1)
  20 stones
(31, 28, D:1)
  a +0 dagger
(44, 30, D:1)
  a stone
(10, 32, D:1)
  13 stones
(37, 33, D:1)
  a +0 club
(47, 34, D:1)
  a stone
(46, 35, D:1)
  a +0 dagger
(48, 35, D:1)
  a +0 dagger
(23, 37, D:1)
  a cursed +0 short sword
  2 stones
(18, 39, D:1)
  a +0 club
(47, 40, D:1)
  10 poisoned needles
(55, 40, D:1)
  a +1 dagger
(10, 42, D:1)
  a +0 leather armour

Level 2 of the Dungeon
(-33, 5, D:2)
  11 bolts
(-4, 5, D:2)
  a +0 dagger
(30, 9, D:2)
  a cursed +0 leather armour
(15, 21, D:2)
  a +0 whip
(1, 23, D:2)
  21 bolts
(5, 29, D:2)
  a +0 short sword
(25, 31, D:2)
  a +0 hunting sling
(11, 32, D:2)
  16 stones
(-10, 33, D:2)
  15 poisoned needles
(8, 34, D:2)
  26 stones
(-26, 36, D:2)
  a +0 falchion
(-28, 52, D:2)
  a +0 hunting sling

Level 3 of the Dungeon
(45, 0, D:3)
  12 poisoned needles
(7, 1, D:3)
  a +0 dagger
(16, 2, D:3)
  27 stones
(35, 2, D:3)
  a +0 robe
(41, 5, D:3)
  a meat ration
(27, 9, D:3)
  23 sling bullets
(31, 9, D:3)
  a meat ration
(42, 9, D:3)
  a +0 dagger
  a +0 robe
(16, 11, D:3)
  19 stones
(52, 11, D:3)
  a +0 whip
(12, 12, D:3)
  a +0 club
(40, 15, D:3)
  a +0 club
(37, 16, D:3)
  a +0 leather armour
  a cursed +0 mace
  a +0 leather armour
(5, 17, D:3)
  a +0 dagger
  a +0 robe
(8, 17, D:3)
  a +0 dagger
  a +0 leather armour
(11, 17, D:3)
  a stone
(27, 17, D:3)
  a +0 club
(7, 19, D:3)
  3 stones
(59, 19, D:3)
  12 arrows
(14, 20, D:3)
  a +0 naga barding
(48, 26, D:3)
  a cursed -3 war axe
(34, 27, D:3)
  a +0 leather armour
(35, 28, D:3)
  a +0 robe
(39, 36, D:3)
  a +0 dagger
(44, 41, D:3)
  a +0 whip
(45, 41, D:3)
  6 arrows of dispersal
(46, 41, D:3)
  a +0 leather armour

Level 4 of the Dungeon
(-22, 1, D:4)
  a +0 giant spiked club
(-19, 2, D:4)
  6 steel tomahawks
(-18, 2, D:4)
  25 stones
(-10, 6, D:4)
  17 stones
(-4, 7, D:4)
  a +0 ring mail
(-23, 8, D:4)
  a +0 robe
(-18, 9, D:4)
  a +0 dagger
(-13, 14, D:4)
  a +0 whip
(-43, 17, D:4)
  a +0 club
(2, 23, D:4)
  a stone
(-1, 24, D:4)
  a stone
(1, 24, D:4)
  2 stones
(-2, 25, D:4)
  a +1 dagger of venom
(-1, 26, D:4)
  a +0 short sword
(-20, 29, D:4)
  a cursed +0 robe
(0, 29, D:4)
  a throwing net
(-5, 31, D:4)
  a +0 dagger
(-4, 31, D:4)
  a throwing net
(7, 33, D:4)
  a +0 trident
(7, 36, D:4)
  15 sling bullets
(-5, 38, D:4)
  15 stones
(-2, 38, D:4)
  18 arrows

Level 5 of the Dungeon
(0, 0, D:5)
  a +0 club
  a +0 hunting sling
  9 stones
(4, 4, D:5)
  a hobgoblin corpse
(-44, 13, D:5)
  22 stones
(-45, 22, D:5)
  10 gold pieces
(-50, 26, D:5)
  18 gold pieces
(-19, 31, D:5)
  a +0 shortbow
  13 arrows
  a centaur corpse
(-29, 34, D:5)
  a scorpion corpse

