Sanguine

Level 1 of the Dungeon
(0, 0, D:1)
  a +0 club
(22, 3, D:1)
  a +0 leather armour
(22, 4, D:1)
  a +0 club
(8, 12, D:1)
  a stone
(8, 16, D:1)
  a +0 dagger
(-32, 21, D:1)
  24 arrows
(-22, 22, D:1)
  a stone
(-4, 24, D:1)
  13 stones
(-1, 28, D:1)
  a +0 club
(-19, 40, D:1)
  16 arrows
(-15, 41, D:1)
  a +0 dagger
(-31, 42, D:1)
  a +0 whip

Level 2 of the Dungeon
(0, 0, D:2)
  16 poisoned needles
(1, 3, D:2)
  a +0 chain mail
  a +1 hand axe of freezing
(-8, 8, D:2)
  18 poisoned needles
(-26, 13, D:2)
  a +0 scythe
  a +2 robe of positive energy
(14, 14, D:2)
  a +0 leather armour
(15, 15, D:2)
  a +0 dagger
(-3, 22, D:2)
  a stone
(-3, 25, D:2)
  a stone
(26, 25, D:2)
  a +0 dagger
(-3, 26, D:2)
  a stone
(7, 34, D:2)
  22 sling bullets

Level 3 of the Dungeon
(0, 0, D:3)
  a +0 ring mail
  a scroll of noise
(3, 1, D:3)
  8 tomahawks
(7, 4, D:3)
  17 arrows
(-4, 14, D:3)
  4 large rocks
(-4, 15, D:3)
  17 stones
(22, 19, D:3)
  a cursed -2 club
(22, 22, D:3)
  15 stones
(15, 24, D:3)
  13 poisoned needles
(12, 28, D:3)
  a +0 trident
(18, 31, D:3)
  17 poisoned needles

Level 4 of the Dungeon
(-24, 1, D:4)
  a +1 whip of flaming
(-4, 24, D:4)
  a +0 trident
(-22, 34, D:4)
  a +1 whip of freezing
(-6, 48, D:4)
  a +0 giant club
(-25, 50, D:4)
  17 sling bullets of flame
(11, 51, D:4)
  a +0 spear
(-45, 54, D:4)
  a +0 trident
(15, 58, D:4)
  a +0 chain mail

Level 5 of the Dungeon
(0, 0, D:5)
  3 arrows of frost
(1, 0, D:5)
  2 arrows of frost
(2, 0, D:5)
  2 arrows of frost
(-10, 34, D:5)
  11 gold pieces

