Eric

Level 1 of the Dungeon
(-32, 2, D:1)
  a +0 dagger
(-48, 4, D:1)
  a +1 ring mail of poison resistance
(-47, 6, D:1)
  8 sling bullets
(-23, 8, D:1)
  a cursed +0 club
(-16, 10, D:1)
  a cursed +0 robe
(-34, 18, D:1)
  a cursed -2 hand axe
(-23, 19, D:1)
  a +0 club
(-50, 20, D:1)
  17 stones
(-10, 21, D:1)
  a +0 dagger
(-52, 22, D:1)
  a +0 leather armour
(-32, 22, D:1)
  25 stones
(-21, 22, D:1)
  a +0 short sword
(-5, 27, D:1)
  a +0 club
(-12, 32, D:1)
  a +0 leather armour
(-29, 34, D:1)
  9 stones
(-16, 34, D:1)
  a +0 dagger
(-5, 48, D:1)
  a +0 dagger
(-5, 50, D:1)
  a +0 club
(-10, 54, D:1)
  a +0 helmet

Level 2 of the Dungeon
(26, 5, D:2)
  a +0 whip
(3, 6, D:2)
  18 sling bullets
(1, 7, D:2)
  a +0 dagger
  21 stones
(3, 8, D:2)
  4 arrows
(1, 9, D:2)
  a cursed -3 whip
  3 stones
(1, 10, D:2)
  a +0 dagger
  a +0 club
(25, 10, D:2)
  a +0 leather armour
(0, 11, D:2)
  a stone
(0, 12, D:2)
  a stone
(-1, 15, D:2)
  3 stones
(-2, 16, D:2)
  a stone
(6, 17, D:2)
  a +0 short sword
(18, 17, D:2)
  a +0 dagger
(-4, 19, D:2)
  a +0 robe
(37, 21, D:2)
  10 gold pieces
(6, 24, D:2)
  a +0 club
(7, 25, D:2)
  a +0 leather armour
(23, 27, D:2)
  a +0 spear
  a rotting gnoll corpse
(25, 29, D:2)
  a +0 robe
(13, 30, D:2)
  8 stones
(22, 30, D:2)
  a +0 short sword
  a kobold skeleton
(12, 31, D:2)
  a +0 whip
(46, 41, D:2)
  13 stones

Level 3 of the Dungeon
(0, 0, D:3)
  an arrow
(0, 1, D:3)
  an arrow
(1, 1, D:3)
  a +0 blowgun
  (unseen)
(-1, 2, D:3)
  an arrow
(-3, 3, D:3)
  a +0 club
(-6, 4, D:3)
  2 poisoned needles
(-5, 4, D:3)
  a +0 club
(0, 5, D:3)
  a +0 dagger
(0, 6, D:3)
  a poisoned needle
(-5, 7, D:3)
  27 stones
(7, 7, D:3)
  a +0 whip
  a cursed +0 leather armour
  an orc corpse (skeletalised by now)
(1, 8, D:3)
  a poisoned needle
(-5, 9, D:3)
  2 arrows
(-4, 9, D:3)
  an arrow
(9, 9, D:3)
  a +0 club
(10, 10, D:3)
  a +0 club
  a goblin corpse (skeletalised by now)
(11, 11, D:3)
  17 sling bullets
(2, 12, D:3)
  a +0 trident
(17, 13, D:3)
  a giant newt skeleton
(23, 13, D:3)
  a scroll of enchant armour
(15, 14, D:3)
  a poisoned needle
(29, 14, D:3)
  12 gold pieces
(15, 15, D:3)
  12 gold pieces
(18, 21, D:3)
  a tomahawk
(13, 25, D:3)
  a +0 pair of gloves
(9, 27, D:3)
  a scroll of identify
(16, 32, D:3)
  a tomahawk
(16, 37, D:3)
  a +0 ring mail
(16, 38, D:3)
  a potion of haste

