Xombaby

Level 1 of the Dungeon
(0, 0, D:1)
  11 poisoned sling bullets
(-2, 6, D:1)
  a +0 club
(15, 6, D:1)
  a +0 club
  a +0 club
(16, 6, D:1)
  a cursed -3 club
(-16, 8, D:1)
  a cursed -2 whip
(-16, 9, D:1)
  a +0 whip
(-15, 10, D:1)
  a stone
(-14, 10, D:1)
  a stone
(24, 11, D:1)
  a +0 club
(-14, 12, D:1)
  a +0 dagger
(17, 12, D:1)
  a +0 club
(15, 30, D:1)
  a +0 scale mail
(-23, 37, D:1)
  a +0 hunting sling
(-12, 37, D:1)
  24 stones
(-1, 37, D:1)
  17 arrows
(-30, 42, D:1)
  a +0 robe
(-25, 43, D:1)
  a +0 dagger
(-21, 46, D:1)
  a +0 short sword
(-19, 49, D:1)
  a stone
(4, 54, D:1)
  21 stones
(1, 58, D:1)
  a +0 club

Level 2 of the Dungeon
(0, 0, D:2)
  a scroll of identify
(12, 2, D:2)
  a +0 dagger
(24, 7, D:2)
  a cursed -3 club
  a goblin corpse
(13, 8, D:2)
  a +0 ring mail
(-7, 38, D:2)
  a potion of brilliance

