Sanguine

Level 1 of the Dungeon
(0, 0, D:1)
  a +0 short sword
(2, 1, D:1)
  8 needles of paralysis
(14, 10, D:1)
  a +0 short sword
(-29, 18, D:1)
  a +0 leather armour
(-30, 19, D:1)
  a cursed +0 club
(-33, 22, D:1)
  a +0 club
(5, 24, D:1)
  9 bolts
(-4, 27, D:1)
  22 stones
(0, 31, D:1)
  a +0 club
(-13, 32, D:1)
  17 stones

Level 2 of the Dungeon
(0, 0, D:2)
  a +0 club
(4, 0, D:2)
  a +0 whip
(-4, 7, D:2)
  a +0 leather armour
(-17, 11, D:2)
  a +0 whip
(-21, 17, D:2)
  10 stones

Level 3 of the Dungeon
(0, 0, D:3)
  a +0 short sword
(4, 0, D:3)
  20 bolts
(8, 2, D:3)
  a +0 scale mail
(0, 4, D:3)
  a stone
(-9, 5, D:3)
  a +0 ring mail
(-8, 6, D:3)
  a throwing net
(-1, 6, D:3)
  2 stones
(-11, 7, D:3)
  a +0 dagger
(19, 7, D:3)
  21 poisoned needles
(-23, 9, D:3)
  a +0 club
(-13, 24, D:3)
  a +2 helmet
(29, 24, D:3)
  16 stones
(26, 29, D:3)
  a +0 hand axe
(-13, 30, D:3)
  a +0 short sword
(6, 40, D:3)
  a +0 hunting sling
(12, 43, D:3)
  a +0 club
(-4, 46, D:3)
  a +0 robe

Level 4 of the Dungeon
(0, 0, D:4)
  13 stones
(9, 5, D:4)
  a +0 whip
(49, 6, D:4)
  a +0 animal skin
  a +0 animal skin
(-2, 18, D:4)
  a +0 mace
  a +0 ring mail
(10, 20, D:4)
  17 gold pieces
(-15, 21, D:4)
  a +0 club
(32, 25, D:4)
  a +0 scale mail
(6, 29, D:4)
  9 gold pieces
(7, 33, D:4)
  a scroll of remove curse
(5, 34, D:4)
  a +0 dagger
(4, 39, D:4)
  an uncursed ring of protection from magic

