Sanguine

Level 1 of the Dungeon
(0, 0, D:1)
  a +0 leather armour
(-1, 1, D:1)
  a cursed +0 leather armour
(-33, 3, D:1)
  a +0 club
(-26, 7, D:1)
  a +0 short sword
(-26, 11, D:1)
  7 arrows of flame
(-21, 13, D:1)
  a +0 dagger
(-15, 15, D:1)
  a +0 dagger
(-43, 23, D:1)
  a +0 whip
(4, 25, D:1)
  a +0 whip
  3 stones
(6, 26, D:1)
  a stone
(-29, 27, D:1)
  a stone
(-14, 28, D:1)
  a +0 club
  21 stones
(-14, 29, D:1)
  a stone
(4, 31, D:1)
  a +0 leather armour
(11, 33, D:1)
  a +0 spear

Level 2 of the Dungeon
(0, 0, D:2)
  a +0 club
(25, 4, D:2)
  12 stones
(25, 5, D:2)
  a +0 dagger
(5, 7, D:2)
  a cursed -2 club
(63, 7, D:2)
  16 arrows of frost
(19, 8, D:2)
  a +1 dagger of freezing
  a +0 leather armour
(42, 16, D:2)
  a +1 short sword of venom
(16, 19, D:2)
  a stone
(20, 23, D:2)
  an uncursed ring of loudness
(27, 28, D:2)
  a +0 ring mail
(12, 29, D:2)
  17 arrows
(18, 32, D:2)
  a +0 whip
(18, 35, D:2)
  a stone
(18, 37, D:2)
  a stone
(19, 37, D:2)
  a stone
(6, 43, D:2)
  a +0 leather armour

Level 3 of the Dungeon
(0, 0, D:3)
  a cursed -3 hammer
(1, 3, D:3)
  a +2 quarterstaff of chaos
(37, 7, D:3)
  a stone
(39, 10, D:3)
  a stone
(40, 10, D:3)
  a stone
(11, 11, D:3)
  a +0 leather armour
(34, 11, D:3)
  a +0 dagger
  a +0 robe
(44, 11, D:3)
  2 stones
  a +0 leather armour
(31, 15, D:3)
  a +0 short sword
  a +0 leather armour
(19, 23, D:3)
  a book of Cantrips
(42, 27, D:3)
  a +0 hand axe
(0, 32, D:3)
  a +0 club
(-7, 35, D:3)
  18 arrows
(-10, 37, D:3)
  a +0 hunting sling
(33, 38, D:3)
  a +0 club
(11, 39, D:3)
  a +0 quarterstaff
(7, 42, D:3)
  a +0 ring mail
(55, 42, D:3)
  a +0 spear
(10, 43, D:3)
  a cursed -3 club
(52, 43, D:3)
  a +0 club

Level 4 of the Dungeon
(0, 0, D:4)
  a +0 giant club
(16, 2, D:4)
  a +0 dagger
(8, 9, D:4)
  a +0 pair of boots
(44, 12, D:4)
  a +0 dagger
(3, 16, D:4)
  a tomahawk
(4, 17, D:4)
  a tomahawk
(6, 18, D:4)
  a tomahawk
(6, 19, D:4)
  a tomahawk
(24, 19, D:4)
  18 stones
(3, 24, D:4)
  a +0 mace
  a +0 ring mail
(40, 24, D:4)
  a +0 flail
(4, 26, D:4)
  a +0 short sword
  a +0 dagger
  a +0 robe
  a +1 short sword of electrocution
  a +0 hand axe
(10, 27, D:4)
  a +0 leather armour
(48, 32, D:4)
  a +0 robe
  a +0 dagger
(42, 35, D:4)
  a stone
(-14, 36, D:4)
  13 sling bullets
(41, 36, D:4)
  a stone
(48, 39, D:4)
  a +0 club
  a +0 chain mail
  a +0 mace
  a +0 ring mail
(40, 40, D:4)
  a +0 dagger
(47, 40, D:4)
  a +0 falchion
(2, 44, D:4)
  18 poisoned needles
(-3, 46, D:4)
  a +0 dagger

Level 5 of the Dungeon
(0, 0, D:5)
  23 sling bullets
(30, 7, D:5)
  a +0 flail
  16 arrows
  a +0 shortbow
(31, 7, D:5)
  a cursed +0 robe
(28, 8, D:5)
  a +0 spear
(28, 9, D:5)
  a +0 spear
  a +0 spear
(15, 10, D:5)
  17 arrows
(6, 14, D:5)
  a +2 robe of magic resistance
(-1, 17, D:5)
  a +0 shortbow
  4 poisoned arrows
(0, 19, D:5)
  a poisoned arrow
(40, 20, D:5)
  22 stones
(20, 22, D:5)
  a +0 leather armour
  a +0 club
  a +0 ring mail
(21, 22, D:5)
  a +0 short sword
(40, 22, D:5)
  16 stones
(41, 22, D:5)
  19 stones
(42, 24, D:5)
  13 stones
(-5, 26, D:5)
  a +0 ring mail
(40, 26, D:5)
  17 stones
(1, 27, D:5)
  a stone
(21, 27, D:5)
  6 sling bullets
(30, 27, D:5)
  22 sling bullets
(-1, 28, D:5)
  a +0 club
  a stone
(41, 30, D:5)
  15 stones
(17, 32, D:5)
  a +0 quarterstaff
(28, 34, D:5)
  a +0 mace
(3, 37, D:5)
  20 stones
(35, 41, D:5)
  a +0 spear
(34, 42, D:5)
  a cursed -1 club
(45, 43, D:5)
  a +0 robe

Level 6 of the Dungeon
(0, 0, D:6)
  18 stones
(21, 0, D:6)
  a +0 robe
  a +0 dagger
(26, 0, D:6)
  a +0 short sword
(25, 2, D:6)
  a +0 robe
  a +0 dagger
(26, 2, D:6)
  a +0 robe
  a +0 dagger
(27, 4, D:6)
  an arrow
(27, 5, D:6)
  2 arrows
(-14, 6, D:6)
  the +4 ring mail "Wulem" {rC+}
    It protects you from cold.
  a book of Frost
  a scroll of noise
  a +0 helmet
(27, 6, D:6)
  an arrow
(28, 8, D:6)
  10 arrows
  a +0 shortbow
(-4, 14, D:6)
  18 bolts
(-22, 31, D:6)
  a +0 long sword
(-15, 32, D:6)
  a +0 club
(5, 34, D:6)
  a +0 club
(6, 34, D:6)
  a +0 flail
  a +0 chain mail
  a +0 dagger
  a +0 robe
(8, 34, D:6)
  a +0 hand axe
  a +0 chain mail
(-14, 40, D:6)
  20 arrows
(17, 43, D:6)
  a +0 ring mail
(-13, 46, D:6)
  a +0 chain mail

Level 7 of the Dungeon
(0, 0, D:7)
  12 stones
(-2, 10, D:7)
  a +0 robe
  a cursed +0 dagger
(-1, 10, D:7)
  a +0 ring mail
  a +0 whip
(0, 10, D:7)
  a +0 leather armour
(15, 14, D:7)
  a +0 club
(-13, 15, D:7)
  an arrow of flame
(-13, 16, D:7)
  an arrow of flame
(-13, 17, D:7)
  an arrow of flame
(23, 17, D:7)
  16 stones
(-10, 19, D:7)
  an arrow of flame
(10, 19, D:7)
  7 arrows
(-13, 20, D:7)
  an arrow of flame
(-12, 20, D:7)
  a stone
(0, 21, D:7)
  15 arrows
(-23, 22, D:7)
  20 stones
(23, 26, D:7)
  a cursed +0 ring mail
(-4, 27, D:7)
  a +0 short sword
(-15, 28, D:7)
  an arrow of flame
(34, 29, D:7)
  a +2 flail of protection
  a +0 scale mail
(-14, 30, D:7)
  a cursed +0 leather armour
(-11, 31, D:7)
  a stone
  an arrow of flame
(-14, 32, D:7)
  21 arrows
(-12, 34, D:7)
  an arrow of flame
(9, 34, D:7)
  5 poisoned arrows
  a +0 hand axe
  a cursed +0 animal skin
(-12, 38, D:7)
  a stone
(-23, 41, D:7)
  a +0 dagger
  a +0 shortbow
  a stone
  a +0 flail
  a cursed +0 ring mail
  a +0 dagger of protection
  a +0 robe
  2 arrows of flame
(-23, 42, D:7)
  a cursed +0 dagger
  a +0 robe
(-22, 42, D:7)
  a +0 short sword
  a +0 trident
  a +0 leather armour

Level 8 of the Dungeon
(30, 0, D:8)
  a +0 whip
(27, 4, D:8)
  a +0 club
(-9, 11, D:8)
  16 stones
(12, 26, D:8)
  9 sling bullets
(-15, 31, D:8)
  a +0 shortbow
  14 arrows
(-13, 31, D:8)
  an arrow
(-12, 31, D:8)
  an arrow
(-11, 31, D:8)
  an arrow
(-8, 31, D:8)
  an arrow
(-7, 31, D:8)
  an arrow
(15, 32, D:8)
  a potion of poison
(-1, 38, D:8)
  a +0 falchion
(21, 41, D:8)
  25 bolts
(12, 46, D:8)
  a +0 chain mail
(13, 46, D:8)
  a +0 whip
(-17, 49, D:8)
  a +0 trident
  a +0 plate armour
(-17, 50, D:8)
  a +0 flail
  a +0 halberd
(-17, 51, D:8)
  a +0 scale mail
  a +0 club
  a +0 halberd
(38, 51, D:8)
  2 potions of poison
(-17, 52, D:8)
  a +0 spear
  a +0 ring mail
(-17, 54, D:8)
  a +0 club
(-17, 56, D:8)
  a scroll of holy word

Level 9 of the Dungeon
(0, 0, D:9)
  a +0 giant club
(-25, 15, D:9)
  13 bolts
(-42, 17, D:9)
  Podikob's Handbook of Weightlessness and Battle Magic
    Spells                             Type                      Level
     a - Shock                        Conjuration/Air               1
     b - Flight                       Charms/Air                    3
     c - Conjure Ball Lightning       Conjuration/Air               6
     d - Tornado                      Air                           9
(-23, 23, D:9)
  a +0 ring mail
(-26, 27, D:9)
  a +0 falchion
  a +0 robe
(-33, 31, D:9)
  a cursed +3 hand axe of freezing
  a +0 robe
(-32, 31, D:9)
  a +1 morningstar
  a +0 robe
(-6, 33, D:9)
  an uncursed ring of stealth
(-7, 35, D:9)
  a +0 giant club

Level 10 of the Dungeon
(0, 0, D:10)
  a +0 mace
(-11, 3, D:10)
  14 stones
(-13, 4, D:10)
  a book of Frost
(-3, 7, D:10)
  17 bolts
(12, 14, D:10)
  an arrow
(13, 14, D:10)
  an arrow
(3, 17, D:10)
  a +0 ring mail
(13, 17, D:10)
  7 arrows
(-20, 18, D:10)
  a cursed -1 giant spiked club
(14, 18, D:10)
  a +0 shortbow
(-20, 19, D:10)
  a +0 giant spiked club
(-5, 19, D:10)
  a +0 leather armour
(9, 19, D:10)
  15 stones
(14, 20, D:10)
  22 stones
(12, 21, D:10)
  an arrow
(6, 22, D:10)
  an arrow
(9, 22, D:10)
  a +3 leather armour
(12, 22, D:10)
  a cursed +0 robe
(12, 23, D:10)
  4 arrows
(10, 24, D:10)
  an arrow
(13, 24, D:10)
  an arrow
(-30, 25, D:10)
  a +0 dagger
(7, 26, D:10)
  an arrow
(8, 26, D:10)
  7 arrows
(-29, 30, D:10)
  a +0 blowgun
(-32, 31, D:10)
  a poisoned needle
(-32, 32, D:10)
  a poisoned needle
(8, 32, D:10)
  15 arrows
(-28, 38, D:10)
  a +0 short sword
  4 stones
(-28, 39, D:10)
  4 stones
(-27, 39, D:10)
  a stone
(-26, 39, D:10)
  a +0 whip
  2 stones
(-25, 39, D:10)
  a stone
(-24, 39, D:10)
  a +0 giant club
  a stone
(-21, 39, D:10)
  a stone
(-18, 39, D:10)
  a stone
(3, 41, D:10)
  26 stones
(-6, 43, D:10)
  22 stones
(-8, 45, D:10)
  a +0 falchion
(3, 48, D:10)
  13 stones

Level 11 of the Dungeon
(0, 0, D:11)
  a +0 ring mail
(11, 0, D:11)
  an uncursed ring of poison resistance
(24, 0, D:11)
  a +0 flail
(37, 1, D:11)
  a cursed +0 short sword
  a cursed -2 chain mail
(14, 4, D:11)
  a +0 giant club
(29, 4, D:11)
  a cursed +0 robe
  a +0 dagger
(30, 4, D:11)
  a +0 leather armour
  a +0 flail
  a +0 ring mail
(14, 5, D:11)
  a +0 giant club
  a +0 long sword
  a +0 plate armour
  a +0 giant spiked club
(17, 6, D:11)
  12 stones
(-2, 7, D:11)
  a +0 mace
(36, 8, D:11)
  a +0 dagger
  5 stones
(37, 8, D:11)
  2 stones
(36, 9, D:11)
  a +0 dagger
  a +0 short sword
  a +0 hand crossbow
  26 bolts
  a +0 dagger
  7 stones
(35, 10, D:11)
  a wand of draining (0)
  a +1 helmet
(3, 11, D:11)
  a large rock
(3, 13, D:11)
  2 large rocks
(40, 15, D:11)
  an uncursed amulet of resist mutation
(13, 16, D:11)
  a +0 robe
(25, 18, D:11)
  an uncursed ring of ice
(13, 19, D:11)
  a +0 flail
  a +0 leather armour
(9, 20, D:11)
  a +0 robe
(-2, 21, D:11)
  a +0 robe
  a +0 dagger
(-2, 22, D:11)
  a +0 hand axe
(6, 23, D:11)
  21 arrows
  a +0 shortbow
(-1, 26, D:11)
  a +0 club
(37, 26, D:11)
  a +0 robe
(43, 30, D:11)
  a scroll of vulnerability
(34, 32, D:11)
  a scroll of noise
(18, 36, D:11)
  11 arrows
  a +1 shortbow of evasion
(49, 36, D:11)
  a +0 quarterstaff of freezing
  a +2 robe of cold resistance
(12, 39, D:11)
  an arrow
(12, 40, D:11)
  an arrow
(13, 40, D:11)
  an arrow
(22, 40, D:11)
  a book of Control
(24, 40, D:11)
  a +0 great mace
(12, 42, D:11)
  21 stones
(15, 42, D:11)
  16 arrows of flame
(32, 42, D:11)
  a +0 giant spiked club
  a +0 short sword
  a +0 chain mail
  a cursed -3 hand axe
  a +0 dagger
(14, 43, D:11)
  8 poisoned needles

Level 12 of the Dungeon
[Shop] Qonoida's Assorted Antiques
  a +0 quarterstaff (132 gold)
  a scroll of remove curse (99 gold)
  a +0 leather armour (66 gold)
  a scroll of random uselessness (33 gold)
  a wand of cold (1) (132 gold)
  a cursed +0 leather armour (66 gold)
  a +0 leather armour (66 gold)
  a +1 flail of draining (115 gold)
(0, 0, D:12)
  a cursed +0 chain mail
(2, 1, D:12)
  a +0 bardiche
(3, 4, D:12)
  21 arrows
(2, 5, D:12)
  a +0 trident
(-2, 13, D:12)
  3 large rocks
(-5, 18, D:12)
  a scroll of vulnerability
(18, 30, D:12)
  a +0 chain mail
(-17, 32, D:12)
  a +0 buckler
(-12, 32, D:12)
  a +0 ring mail of fire resistance
(11, 33, D:12)
  11 bolts
(8, 35, D:12)
  a +0 flail
(-6, 37, D:12)
  a +0 dagger
  a +0 robe

Level 13 of the Dungeon
(0, 0, D:13)
  a +0 ring mail
  a cursed -2 long sword
(-5, 4, D:13)
  an arrow
(-3, 4, D:13)
  an arrow
(5, 8, D:13)
  a scroll of holy word
(-6, 10, D:13)
  23 stones

Level 1 of the Orcish Mines
(0, 0, Orc:1)
  18 gold pieces
(-6, 1, Orc:1)
  a +0 ring mail
(1, 2, Orc:1)
  a +0 flail
(-11, 5, Orc:1)
  a +0 rapier
  a +0 leather armour
(-12, 7, Orc:1)
  a +2 short sword of venom
(-12, 9, Orc:1)
  a +0 short sword

Level 1 of the Lair of Beasts
(0, 0, Lair:1)
  a +0 ring mail
(-5, 2, Lair:1)
  27 stones
(19, 2, Lair:1)
  a book of Alchemy
  a scroll of random uselessness
  a wand of flame (0)
  a wand of magic darts (11)
  a wand of random effects (4)
(26, 2, Lair:1)
  a scroll of immolation
(0, 5, Lair:1)
  a +0 quarterstaff
(-2, 6, Lair:1)
  26 sling bullets
(-21, 7, Lair:1)
  a +0 mace
(-3, 7, Lair:1)
  a potion of poison
(-19, 10, Lair:1)
  6 javelins of returning
(-17, 21, Lair:1)
  a +0 hunting sling
(-18, 25, Lair:1)
  9 poisoned needles
(26, 29, Lair:1)
  a +0 flail
(7, 30, Lair:1)
  29 arrows
(-6, 31, Lair:1)
  an uncursed ring of poison resistance
(4, 31, Lair:1)
  a +0 chain mail
(17, 31, Lair:1)
  a scroll of vulnerability
(-20, 33, Lair:1)
  a +0 flail
(1, 46, Lair:1)
  a cursed ring of loudness

Level 2 of the Lair of Beasts
(0, 0, Lair:2)
  the +5 scimitar "Ovaekha" {slice, rElec Str+4}
    It inflicts extra damage upon your enemies.
    
    It affects your strength (+4).
    It insulates you from electricity.
(-17, 21, Lair:2)
  20 sling bullets
(-18, 30, Lair:2)
  a +0 leather armour
(14, 35, Lair:2)
  14 arrows
(20, 35, Lair:2)
  a potion of mutation
(32, 45, Lair:2)
  29 stones
(-1, 46, Lair:2)
  the +0 rapier of the Foot {holy, rPois MR- Str+2 Dex-3 SInv}
    It has been blessed by the Shining One to cause great damage to the undead
    and demons.
    
    It affects your strength (+2).
    It affects your dexterity (-3).
    It protects you from poison.
    It affects your resistance to hostile enchantments.
    It enhances your eyesight.
(-12, 51, Lair:2)
  a +0 leather armour
(3, 51, Lair:2)
  a cursed -1 great mace

Level 3 of the Lair of Beasts
(0, 0, Lair:3)
  a +0 glaive
(-14, 6, Lair:3)
  a +0 flail
(-10, 7, Lair:3)
  a +0 short sword
(-65, 10, Lair:3)
  a +0 chain mail
(-8, 37, Lair:3)
  a +0 flail
(-66, 43, Lair:3)
  a +0 trident
(-73, 52, Lair:3)
  a +0 cloak

Level 4 of the Lair of Beasts
(0, 0, Lair:4)
  a +0 robe
(8, 5, Lair:4)
  a +0 scale mail
(12, 13, Lair:4)
  a +0 robe
(6, 16, Lair:4)
  a +0 robe
  a +0 rapier
(7, 16, Lair:4)
  a +0 shortbow
(5, 17, Lair:4)
  a +0 trident
(40, 23, Lair:4)
  a +0 ring mail
(-15, 26, Lair:4)
  9 poisoned needles
(-13, 29, Lair:4)
  a cursed -3 war axe
(16, 29, Lair:4)
  an uncursed ring of positive energy
(17, 35, Lair:4)
  a +0 club
(-14, 44, Lair:4)
  9 poisoned needles
(-18, 45, Lair:4)
  8 sling bullets of flame

Level 5 of the Lair of Beasts
(0, 0, Lair:5)
  13 arrows
(-9, 12, Lair:5)
  a +0 chain mail
(-5, 15, Lair:5)
  16 arrows of dispersal
(12, 17, Lair:5)
  a potion of brilliance
(0, 22, Lair:5)
  18 bolts
(-41, 25, Lair:5)
  a +0 long sword
(-26, 26, Lair:5)
  a potion of magic
  a wand of random effects (35)
  a wand of frost (17)
  a wand of invisibility (0)
  a wand of digging (12)
  4 potions of brilliance
(-20, 29, Lair:5)
  a +0 ring mail
(-33, 31, Lair:5)
  a scroll of random uselessness

Level 6 of the Lair of Beasts
(0, 0, Lair:6)
  a +0 war axe
(-14, 1, Lair:6)
  a +1 whip of flaming
(-30, 2, Lair:6)
  an uncursed ring of flight
(12, 4, Lair:6)
  22 sling bullets
(-29, 10, Lair:6)
  a scroll of noise
(-32, 13, Lair:6)
  a +0 great sword
(6, 13, Lair:6)
  10 poisoned needles
(-38, 14, Lair:6)
  a +0 mace
(-4, 25, Lair:6)
  the +3 war axe of Trog's Approval {holy, Noisy +Rage Str+4 Int+2 Stlth-}
    It has been blessed by the Shining One to cause great damage to the undead
    and demons.
    
    It affects your strength (+4).
    It affects your intelligence (+2).
    It lets you go berserk.
    It may make noises in combat.
    It makes you less stealthy.
(-6, 26, Lair:6)
  a +0 rapier of draining
(-5, 26, Lair:6)
  4 curare-tipped needles
(3, 30, Lair:6)
  a +0 hand crossbow
(-18, 31, Lair:6)
  26 bolts
(-42, 37, Lair:6)
  a +0 robe
(-22, 38, Lair:6)
  a +0 war axe
(-8, 39, Lair:6)
  a potion of poison
(-52, 41, Lair:6)
  an uncursed ring of fire
(-52, 43, Lair:6)
  28 stones
(-30, 54, Lair:6)
  a wand of flame (14)
  a wand of frost (32)
  a wand of teleportation (2)
  a wand of polymorph (11)
  a book of Clouds
(-23, 55, Lair:6)
  a +0 glaive
(-7, 56, Lair:6)
  a +0 plate armour

Level 1 of the Shoals
[Shop] Cuogrop's Distillery
  2 potions of cancellation (224 gold)
  a potion of curing (42 gold)
  a potion of agility (56 gold)
  a potion of heal wounds (70 gold)
  a potion of curing (42 gold)
  2 potions of cancellation (224 gold)
  a potion of might (56 gold)
  a potion of poison (14 gold)
  2 potions of haste (280 gold)
  a potion of resistance (140 gold)
  a potion of agility (56 gold)
  a potion of haste (140 gold)
  a potion of agility (56 gold)
  a potion of lignification (42 gold)
[Shop] Annixoi's Antique Weapon Shoppe
  a +0 hand crossbow (105 gold)
  a +2 whip of draining (75 gold)
  a +0 club (30 gold)
  a +0 lajatang (450 gold)
  a +0 hand crossbow (105 gold)
  a +0 hand crossbow (105 gold)
  a +1 battleaxe of venom (195 gold)
  a +2 great mace of draining (195 gold)
  a +0 quarterstaff of speed (120 gold)
  the +9 scimitar of Tenacity {venom, rElec Str+3} (270 gold)
    It poisons the flesh of those it strikes.
    
    It affects your strength (+3).
    It insulates you from electricity.
[Shop] Zahuledd's Food Emporium
  (Shop contents are unknown)
(0, 0, Shoals:1)
  a cursed +0 scale mail
(-2, 2, Shoals:1)
  a +1 cloak
(46, 13, Shoals:1)
  a large rock
  a +0 trident
(46, 14, Shoals:1)
  a throwing net
  14 arrows
  4 large rocks
(46, 15, Shoals:1)
  an arrow
(40, 16, Shoals:1)
  a large rock
(36, 19, Shoals:1)
  a potion of poison
(32, 22, Shoals:1)
  an uncursed staff of death
(-6, 34, Shoals:1)
  a large rock
(-4, 35, Shoals:1)
  3 large rocks
(1, 35, Shoals:1)
  a large rock
(26, 36, Shoals:1)
  3 large rocks
(26, 37, Shoals:1)
  a harpy corpse
(-8, 40, Shoals:1)
  a large rock
(27, 43, Shoals:1)
  a bread ration
  (unseen)
(28, 43, Shoals:1)
  37 gold pieces
(12, 45, Shoals:1)
  a large rock
(12, 49, Shoals:1)
  2 large rocks
(27, 49, Shoals:1)
  9 gold pieces
(10, 50, Shoals:1)
  a large rock
(10, 51, Shoals:1)
  a large rock
(12, 52, Shoals:1)
  2 large rocks

