Asterion

Level 1 of the Dungeon
(0, 0, D:1)
  a +0 club
(0, 1, D:1)
  a +0 club
(0, 4, D:1)
  a +0 hunting sling
(22, 5, D:1)
  a stone
(34, 7, D:1)
  a +0 club
(-19, 8, D:1)
  a +0 club
(21, 15, D:1)
  a stone
(21, 17, D:1)
  a +0 short sword
(-14, 19, D:1)
  5 stones
(-7, 20, D:1)
  a +0 hunting sling
(23, 28, D:1)
  a +0 dagger
(23, 31, D:1)
  a +0 club
(25, 39, D:1)
  3 stones

Level 2 of the Dungeon
(0, 0, D:2)
  a +0 short sword
(4, 0, D:2)
  a stone
(5, 1, D:2)
  a stone
(8, 4, D:2)
  a +0 spear
(10, 5, D:2)
  a +0 leather armour
(31, 6, D:2)
  16 stones
(31, 8, D:2)
  a stone
(31, 9, D:2)
  a stone
(31, 10, D:2)
  a stone
(17, 11, D:2)
  14 bolts
(31, 11, D:2)
  a stone
(31, 12, D:2)
  a stone
(24, 16, D:2)
  a +0 club
(22, 24, D:2)
  2 tomahawks
(15, 35, D:2)
  a +0 mace
(18, 36, D:2)
  23 arrows
(29, 36, D:2)
  14 stones
(-13, 41, D:2)
  a stone
(-13, 42, D:2)
  a stone
(-13, 43, D:2)
  a stone
(-13, 47, D:2)
  a +0 short sword
(36, 47, D:2)
  a +2 robe
(21, 51, D:2)
  a +0 animal skin

Level 3 of the Dungeon
(0, 0, D:3)
  a +0 hunting sling
(-26, 1, D:3)
  a +0 falchion
  a +0 mace
(-24, 1, D:3)
  a +0 leather armour
  a +0 club
(-26, 2, D:3)
  a +0 leather armour
  a +0 flail
(-11, 2, D:3)
  18 arrows
(2, 6, D:3)
  a +0 dagger
(2, 7, D:3)
  a +0 club
(-11, 10, D:3)
  7 stones
(1, 23, D:3)
  a +0 dagger
(24, 25, D:3)
  19 bolts
(29, 35, D:3)
  21 bolts
(25, 40, D:3)
  6 needles of frenzy

Level 4 of the Dungeon
(1, 0, D:4)
  a +0 dagger
  a cursed +0 robe
(0, 6, D:4)
  Sif Muna's Almanac of the Escort
    Spells                             Type                      Level
     a - Summon Butterflies           Summoning                     1
    
    
    Trog disapproves of the use of such an item.
(17, 7, D:4)
  a +0 giant club
(44, 7, D:4)
  a +0 club
(51, 7, D:4)
  a +0 dagger
(1, 8, D:4)
  an uncursed amulet of stasis
(7, 12, D:4)
  a +0 dagger
  a +0 leather armour
(35, 17, D:4)
  a +0 leather armour
(38, 17, D:4)
  a +0 club
(5, 19, D:4)
  a +0 dagger
  2 tomahawks
  a +0 ring mail
(7, 21, D:4)
  a +2 hand axe of chopping
  a +0 hand axe
  a +0 leather armour
(9, 21, D:4)
  2 tomahawks
(31, 22, D:4)
  a +0 ring mail
(35, 23, D:4)
  a +0 leather armour
(5, 24, D:4)
  22 stones
(10, 24, D:4)
  a +0 hand axe
  a +0 dagger
  a +0 robe
(26, 25, D:4)
  a +0 leather armour
(31, 25, D:4)
  a +0 short sword
(13, 26, D:4)
  a +0 whip
(13, 30, D:4)
  a tomahawk
(14, 30, D:4)
  a tomahawk
(25, 33, D:4)
  15 sling bullets
(24, 36, D:4)
  a +0 falchion
(23, 39, D:4)
  a +0 war axe
(24, 39, D:4)
  a +0 short sword
  a +0 dagger
  a +0 robe
(27, 41, D:4)
  a +0 shortbow
(50, 42, D:4)
  15 stones
(44, 47, D:4)
  a +0 ring mail

Level 5 of the Dungeon
(0, 0, D:5)
  a +0 shortbow
  14 arrows of dispersal
(6, 0, D:5)
  19 stones
(2, 4, D:5)
  17 stones
(3, 7, D:5)
  a +0 halberd of chopping
(5, 7, D:5)
  a +0 dagger
(-1, 8, D:5)
  17 poisoned needles
(-26, 10, D:5)
  a +0 rapier
(29, 12, D:5)
  a cursed -1 animal skin
  a +2 whip of freezing
  a +2 robe of fire resistance
(27, 13, D:5)
  a +0 animal skin
(28, 13, D:5)
  a +0 animal skin
(1, 15, D:5)
  a +0 whip
(0, 16, D:5)
  a +0 club
(2, 16, D:5)
  a +0 whip
(21, 16, D:5)
  a book of Fire
(1, 17, D:5)
  a +0 spear of pain
  a +0 scale mail
(2, 17, D:5)
  a +0 flail
  a +0 halberd
(7, 17, D:5)
  a stone
(8, 19, D:5)
  a bolt
(9, 20, D:5)
  a bolt
(10, 20, D:5)
  a bolt
(12, 20, D:5)
  a +0 hand crossbow
  10 bolts
(-13, 21, D:5)
  a +0 dagger
  a +0 robe
(10, 21, D:5)
  a +0 dagger
  a +0 hunting sling
  12 stones
(-13, 23, D:5)
  a +0 rapier
  a +0 chain mail
(-31, 26, D:5)
  a +0 scale mail
(18, 28, D:5)
  a +0 club
(8, 39, D:5)
  a +0 chain mail

Level 6 of the Dungeon
(44, 10, D:6)
  a stone
(44, 12, D:6)
  a +0 dagger
(2, 14, D:6)
  a +0 chain mail
(19, 14, D:6)
  a +0 whip
(24, 15, D:6)
  3 tomahawks
(6, 18, D:6)
  21 arrows
(31, 18, D:6)
  20 stones
(38, 31, D:6)
  a cursed -3 long sword
(33, 32, D:6)
  18 stones
(42, 38, D:6)
  a +0 club
(7, 49, D:6)
  a stone
(0, 50, D:6)
  a +0 hunting sling
  13 stones
(2, 50, D:6)
  a stone
(8, 50, D:6)
  2 stones
(22, 50, D:6)
  9 stones

Level 7 of the Dungeon
[Shop] Toty's General Store
  a potion of ambrosia (112 gold)
  a +0 broad axe (56 gold)
  a scroll of noise (14 gold)
  a phantom mirror (420 gold)
  5 fruits (105 gold)
  a wand of confusion (32) (357 gold)
  17 stones (23 gold)
  a scroll of identify (28 gold)
(0, 0, D:7)
  a +0 dagger
(-37, 6, D:7)
  a +0 dire flail
  a +0 ring mail
(-36, 6, D:7)
  a +0 club
(-11, 8, D:7)
  a +0 giant club
(6, 13, D:7)
  a +0 club
  a +0 ring mail
(8, 14, D:7)
  a +0 flail
  a +0 leather armour
(8, 15, D:7)
  a +0 ring mail
(9, 16, D:7)
  a +2 flail of crushing
(10, 17, D:7)
  a +0 flail
  a +0 scale mail
(-4, 18, D:7)
  20 sling bullets
(-23, 21, D:7)
  a +0 shortbow
(-19, 22, D:7)
  11 stones
(12, 22, D:7)
  a cursed -2 club
(-10, 23, D:7)
  a +0 scythe
  a +0 robe
(-12, 24, D:7)
  28 bolts
(-14, 25, D:7)
  a +0 leather armour
(-5, 27, D:7)
  a +0 shortbow
  10 arrows
(-9, 28, D:7)
  an arrow
(-8, 28, D:7)
  2 arrows
(-7, 28, D:7)
  an arrow
(-2, 29, D:7)
  a +0 falchion
(-12, 30, D:7)
  an arrow
(-11, 30, D:7)
  an arrow
(-15, 34, D:7)
  14 bolts of frost
(1, 34, D:7)
  a +0 club
(-29, 35, D:7)
  a +0 club

Level 8 of the Dungeon
(0, 0, D:8)
  a cursed -3 dagger
(7, 1, D:8)
  18 stones
(4, 7, D:8)
  a +0 club
(8, 7, D:8)
  a +3 antimagic morningstar
  a +0 falchion
(-26, 9, D:8)
  a +0 short sword
(-25, 9, D:8)
  a +0 short sword of venom
(-27, 10, D:8)
  a +0 whip
  a +0 leather armour
(-26, 10, D:8)
  a +0 dagger
  a +0 robe
(-25, 10, D:8)
  a +2 dagger of venom
  a +0 robe
(22, 17, D:8)
  a +0 flail of protection
(-14, 20, D:8)
  a +0 long sword
(9, 20, D:8)
  a +0 giant club
(-19, 25, D:8)
  7 tomahawks
(13, 28, D:8)
  26 stones
(-17, 31, D:8)
  a +0 antimagic giant spiked club
(-17, 33, D:8)
  a +0 antimagic war axe
(6, 33, D:8)
  a tomahawk
(5, 34, D:8)
  a tomahawk
(-18, 35, D:8)
  18 stones
(0, 35, D:8)
  a +0 hand axe
  a +0 dagger
  a +0 scale mail
(1, 35, D:8)
  3 tomahawks
  a +0 short sword
(0, 36, D:8)
  a +0 leather armour
  2 tomahawks
  a +0 club
(18, 36, D:8)
  a cursed +0 dagger
  a +0 robe
(30, 46, D:8)
  23 stones

Level 9 of the Dungeon
[Shop] Kovu's Antique Armour Shoppe
  a +0 scale mail (96 gold)
  the cursed -6 robe "Foigu" {rPois rC- Dex+8} (136 gold)
    It affects your dexterity (+8).
    It makes you vulnerable to cold.
    It protects you from poison.
    It has a curse placed upon it.
  a +0 plate armour (552 gold)
  a +0 leather armour of poison resistance (48 gold)
  a +0 chain mail (108 gold)
  a +0 scale mail (96 gold)
  a +0 chain mail (108 gold)
  a +0 scale mail (96 gold)
  a +3 plate armour of poison resistance (552 gold)
  a +0 ring mail (96 gold)
(0, 0, D:9)
  5 arrows
  a +0 shortbow
(-25, 1, D:9)
  a +0 pair of gloves
(-5, 1, D:9)
  a +0 robe
  a +0 dagger
(-4, 1, D:9)
  a +0 whip
(-2, 1, D:9)
  a +0 robe
  a +0 dagger
(-1, 1, D:9)
  a +0 short sword
(-7, 2, D:9)
  a +0 plate armour
  a +0 war axe
(-1, 2, D:9)
  2 arrows
(-1, 3, D:9)
  an arrow
(-24, 4, D:9)
  a +0 whip
(-1, 4, D:9)
  an arrow
(-1, 5, D:9)
  an arrow
(-18, 6, D:9)
  a +0 quarterstaff
(-2, 6, D:9)
  an arrow
(21, 17, D:9)
  a +0 flail
  a +0 leather armour
(-4, 21, D:9)
  22 stones
(-9, 24, D:9)
  a +2 pair of boots
  a +2 pair of gloves
(-13, 25, D:9)
  2 potions of brilliance
(-12, 25, D:9)
  a wand of slowing (10)
  an uncursed amulet of rage
  an uncursed ring of positive energy
  an uncursed amulet of stasis
(-11, 25, D:9)
  a +1 plate armour
(-27, 29, D:9)
  a +0 robe
(3, 30, D:9)
  a +3 leather armour
(-11, 36, D:9)
  a +0 ring mail
(-28, 41, D:9)
  a +0 plate armour
(-15, 41, D:9)
  14 stones
(-33, 43, D:9)
  a cursed -1 quarterstaff
  a +0 hunting sling
  28 sling bullets
  a +0 leather armour
(-19, 46, D:9)
  a +0 leather armour

Level 10 of the Dungeon
(0, 0, D:10)
  a cursed -3 short sword
(2, 2, D:10)
  a +0 whip
(1, 4, D:10)
  a +0 robe of fire resistance
  a +0 dagger
(-4, 5, D:10)
  a tomahawk
(-4, 6, D:10)
  a +0 scale mail
(-7, 9, D:10)
  a tomahawk
(-1, 10, D:10)
  a +0 chain mail
  a +0 mace
(-2, 11, D:10)
  a +0 mace
  a -3 short sword
(-11, 14, D:10)
  a +0 war axe
  a +0 flail
(-3, 14, D:10)
  a +0 plate armour
  a +0 long sword
  a +0 flail
  a cursed -2 club
  a +0 chain mail
(-2, 14, D:10)
  a +0 mace
(-14, 15, D:10)
  a +0 chain mail
  a +2 trident of freezing
(-11, 15, D:10)
  a +0 club
(-10, 15, D:10)
  a +0 leather armour
  a +0 dagger of venom
(-6, 15, D:10)
  a +0 ring mail
  a +0 mace
  a +0 leather armour
  a cursed +0 club
(-22, 16, D:10)
  a poisoned arrow
(-19, 16, D:10)
  a poisoned arrow
(-17, 16, D:10)
  a poisoned arrow
  a +0 chain mail
  a +0 scimitar
(-16, 16, D:10)
  a poisoned arrow
(-14, 16, D:10)
  9 poisoned arrows
  a +0 shortbow
(-11, 16, D:10)
  a +0 dagger
(-27, 17, D:10)
  a +0 leather armour
  (unseen)
(-22, 17, D:10)
  a +0 robe
  a +0 dagger
(-20, 22, D:10)
  a +0 short sword
(-18, 23, D:10)
  6 tomahawks
(-24, 25, D:10)
  a +0 short sword
(6, 25, D:10)
  a scroll of immolation
(-24, 26, D:10)
  a +0 club
  a +0 leather armour
(-6, 29, D:10)
  14 bolts
(7, 32, D:10)
  a +0 scale mail
  a +0 short sword
(18, 34, D:10)
  a +0 scimitar
(6, 37, D:10)
  a +0 quarterstaff
(-1, 42, D:10)
  22 stones
(4, 47, D:10)
  a cursed +0 scale mail
(1, 51, D:10)
  a +0 giant spiked club
(0, 56, D:10)
  an arrow
(-5, 57, D:10)
  a +0 shortbow
  13 arrows
(-3, 57, D:10)
  an arrow
(0, 57, D:10)
  2 arrows

Level 1 of the Orcish Mines
(0, 0, Orc:1)
  a +0 dagger
(6, 2, Orc:1)
  a +0 leather armour
  a +0 dagger
(-1, 4, Orc:1)
  a +0 flail
(2, 7, Orc:1)
  a +0 ring mail
  a +5 flail
(0, 8, Orc:1)
  a +0 giant club
(17, 11, Orc:1)
  a +0 chain mail
  a +0 whip
(16, 12, Orc:1)
  a +0 leather armour
(18, 13, Orc:1)
  a +0 mace
(17, 14, Orc:1)
  a +0 falchion
(18, 14, Orc:1)
  a +3 great sword of holy wrath
  a +0 hand axe
  a cursed +0 scale mail
  a +0 club
(18, 15, Orc:1)
  a +0 plate armour
  a +0 halberd
  a +0 scale mail
(17, 16, Orc:1)
  a +0 trident
(18, 16, Orc:1)
  a +0 chain mail
  5 tomahawks
  a +0 glaive
  a +0 scale mail
  a +0 flail
  a +0 leather armour
  a +0 whip
  a +0 plate armour
  a +0 long sword
(19, 17, Orc:1)
  a +0 chain mail
  a +0 war axe
(16, 18, Orc:1)
  a tomahawk
(13, 43, Orc:1)
  a +0 mace
  a +0 war axe
(14, 43, Orc:1)
  a +0 hand axe
(12, 44, Orc:1)
  a +0 leather armour
  a +0 flail
  a +0 ring mail
  a +0 dagger
  a cursed +0 leather armour
  a +0 club
  a +0 dagger
(13, 44, Orc:1)
  4 tomahawks of returning
(14, 44, Orc:1)
  a cursed +0 dagger
(15, 44, Orc:1)
  a +0 whip
  a +0 leather armour
  a +0 trident
(12, 45, Orc:1)
  a +0 scale mail
  a +0 short sword
  a +0 leather armour
  a +0 mace
  a cursed -2 short sword
(14, 45, Orc:1)
  a +0 ring mail
  a +0 short sword
  a +1 dagger of holy wrath
  a +0 robe
(14, 46, Orc:1)
  a +0 leather armour
  a +0 flail

Level 2 of the Orcish Mines
(0, 0, Orc:2)
  a +0 scale mail
  a +0 trident
(-2, 1, Orc:2)
  a +0 club
  a +0 glaive
  a +0 plate armour
(-1, 1, Orc:2)
  a +0 chain mail
  a +0 hand axe
(0, 1, Orc:2)
  a +0 dagger
(1, 1, Orc:2)
  a +2 mace of distortion
(-14, 2, Orc:2)
  a +0 short sword
(-2, 2, Orc:2)
  a +0 club
  a +0 ring mail
(-1, 2, Orc:2)
  a +0 antimagic flail
  a +0 ring mail
  a +0 club
  a cursed -2 scale mail
  a +0 flail
  a +0 chain mail
  a +0 battleaxe
(0, 2, Orc:2)
  a +0 club
(1, 2, Orc:2)
  a +0 club
(-4, 3, Orc:2)
  a +0 leather armour
  a +0 club
(-2, 3, Orc:2)
  a +0 leather armour
  a +0 mace
  a +0 flail
(-1, 3, Orc:2)
  a +0 ring mail
  5 tomahawks
  a +0 hand axe
(-15, 4, Orc:2)
  a +0 short sword
  a +0 plate armour
  a +0 long sword
(-4, 4, Orc:2)
  2 tomahawks
(-3, 4, Orc:2)
  a cursed +0 robe
  a cursed -3 dagger
  a cursed +0 robe
  a +0 dagger
  a +0 leather armour
  a +0 mace
  a +0 club
  a +0 leather armour of magic resistance
  a +0 whip
  a +0 plate armour
  a +0 battleaxe
(-2, 4, Orc:2)
  a +0 whip
  a +0 club
  a +0 leather armour of fire resistance
(-4, 5, Orc:2)
  a tomahawk
(-3, 5, Orc:2)
  a +0 ring mail
  a cursed -1 falchion
(-5, 6, Orc:2)
  a +0 scale mail
  a +0 flail
(-8, 7, Orc:2)
  a +0 robe
  a cursed -2 dagger
(-7, 7, Orc:2)
  a tomahawk
  a +0 robe
  a +0 dagger
  a +0 dagger
(-5, 7, Orc:2)
  a +0 leather armour
  3 tomahawks
  a +0 whip
  a cursed -1 whip
(6, 9, Orc:2)
  a +0 flail
(10, 9, Orc:2)
  a +3 falchion of holy wrath
(12, 9, Orc:2)
  a +0 hand axe
  a +0 scale mail
  a +0 dagger
(6, 10, Orc:2)
  a cursed -3 dagger
(12, 10, Orc:2)
  a +0 robe
  a +1 dagger of protection
(-11, 12, Orc:2)
  a cursed -2 ring mail
  a +0 flail
(12, 15, Orc:2)
  3 potions of poison
(6, 17, Orc:2)
  a +0 flail
(27, 29, Orc:2)
  a +0 dagger
(28, 30, Orc:2)
  a +0 mace
  a +0 falchion
(29, 30, Orc:2)
  a +0 dagger
  a +0 robe
(-4, 34, Orc:2)
  a +0 trident
(-3, 34, Orc:2)
  2 tomahawks
(-3, 35, Orc:2)
  a +0 robe
  a +0 dagger
(-2, 35, Orc:2)
  a +0 leather armour
  a cursed +0 short sword
(-3, 36, Orc:2)
  a +0 flail
(22, 42, Orc:2)
  a +0 giant spiked club
  a +0 giant club

Level 3 of the Orcish Mines
(0, 0, Orc:3)
  a +0 club
(1, 0, Orc:3)
  a +0 mace
  a +0 chain mail
  a +0 dagger
  a +0 robe
(2, 0, Orc:3)
  a +0 hand axe
(0, 1, Orc:3)
  a cursed +0 club
  a +0 ring mail
  a +0 dagger
(2, 1, Orc:3)
  a +0 mace
  a +0 dagger
  a +0 robe
(0, 2, Orc:3)
  a +0 club
  a +0 mace
  a +0 chain mail
  a cursed -3 war axe
  a +0 plate armour
(1, 2, Orc:3)
  a +0 mace
  a +0 mace
  a +0 mace
  a +0 chain mail
(2, 2, Orc:3)
  a +0 club
  a +0 giant club
(-35, 31, Orc:3)
  a +0 club
  a +0 chain mail
(-34, 31, Orc:3)
  a +0 club
  a +0 leather armour
(-35, 32, Orc:3)
  2 potions of mutation
  a +0 mace
(-45, 33, Orc:3)
  a +0 mace
  a +0 leather armour
  a +0 dagger
  a +0 dagger
  a +0 robe
  a +1 flail of protection
  a +0 mace
(-46, 34, Orc:3)
  a +0 dagger
(-45, 34, Orc:3)
  a cursed -2 war axe
  a +0 leather armour
  a +0 flail
  a +0 mace
  a +0 flail
(-44, 34, Orc:3)
  a +3 vampiric scimitar
(-11, 34, Orc:3)
  a +0 mace
  a +0 club
  a +0 scale mail
  a +0 flail
  a +0 ring mail
(-47, 35, Orc:3)
  2 tomahawks
(-45, 35, Orc:3)
  a +0 hand axe
  a +0 club
(-10, 35, Orc:3)
  a +0 trident
  a +0 scale mail
(-49, 36, Orc:3)
  a +0 dagger
  a +0 robe
  a +0 mace
  3 tomahawks
  a +0 ring mail
(-48, 36, Orc:3)
  a +0 hand axe
  a +0 scale mail
  a +0 short sword
  a +0 ring mail
  a +0 ring mail
  a +0 hand axe
  a cursed +0 leather armour
(-47, 36, Orc:3)
  a +0 morningstar
  a +0 leather armour
(-49, 37, Orc:3)
  a +0 falchion
  a +0 dagger
  a +0 leather armour
(-48, 37, Orc:3)
  a +0 whip
  a +0 ring mail
  a +0 whip
  a +0 leather armour
(-5, 37, Orc:3)
  a +0 flail
(-3, 37, Orc:3)
  a +0 club
(-19, 38, Orc:3)
  a +0 war axe
  a +0 leather armour
(-3, 38, Orc:3)
  a +0 dagger
(-49, 39, Orc:3)
  a +0 flail
(-12, 43, Orc:3)
  a +0 hand axe
(-12, 44, Orc:3)
  a +0 dagger
(-12, 48, Orc:3)
  a +0 falchion
  a +0 dagger
  a +0 robe
  a +0 ring mail
(-31, 49, Orc:3)
  a +0 war axe
(-33, 50, Orc:3)
  a cursed -1 club
(-31, 50, Orc:3)
  a +0 flail
  a +0 ring mail
  a +0 war axe
(-36, 54, Orc:3)
  a cursed +0 chain mail
  a +0 halberd
(-37, 55, Orc:3)
  a +0 robe
  a +0 dagger
(-36, 55, Orc:3)
  a cursed -1 hand axe
(-38, 56, Orc:3)
  a +0 ring mail
  a +0 short sword
(-36, 56, Orc:3)
  a +0 short sword of venom
  a +0 dagger
  a +0 robe

Level 4 of the Orcish Mines
[Shop] Themes' Antique Weapon Shoppe
  a +0 morningstar (96 gold)
  a +2 great sword of electrocution (156 gold)
  a +5 morningstar of draining (96 gold)
  a +0 scimitar (96 gold)
  a +0 hand axe (72 gold)
  the +8 shortbow of Doubt {speed, rF+ MP-9 Int+2 SInv Stlth+} (192 gold)
    Attacks with this weapon are significantly faster.
    
    It affects your intelligence (+2).
    It protects you from fire.
    It affects your magic capacity (-9).
    It lets you see invisible.
    It makes you more stealthy.
[Shop] Kaawaaj's Weapon Emporium
  a +0 falchion (42 gold)
  a +0 hand axe (42 gold)
  a +0 flail (49 gold)
  a +0 quarterstaff (56 gold)
  12 sling bullets (84 gold)
  a +0 morningstar of protection (95 gold)
  a +0 short sword (42 gold)
  20 sling bullets (140 gold)
[Shop] Beutib's Armour Shoppe
  a +0 plate armour (414 gold)
  a +0 robe (12 gold)
  a +2 robe of fire resistance (318 gold)
  a +0 pair of gloves (81 gold)
  a +0 helmet (81 gold)
  a +0 chain mail (81 gold)
  a +0 chain mail (81 gold)
  a cursed +0 pair of boots (27 gold)
[Shop] Hazxyan's Armour Shoppe
  a +0 plate armour (391 gold)
  a +0 scale mail (68 gold)
  a +2 pair of gloves (280 gold)
  a +0 troll leather armour (255 gold)
  a +0 leather armour (34 gold)
  a +2 chain mail of magic resistance (365 gold)
  a +2 buckler (280 gold)
  a cursed +0 robe (1 gold)
  a +0 chain mail (76 gold)
  a cursed +0 leather armour (1 gold)
  a +0 robe (11 gold)
  a +2 pair of gloves of dexterity (365 gold)
  a cursed +0 leather armour (17 gold)
(-36, 2, Orc:4)
  a +0 whip
  a +0 club
(-18, 3, Orc:4)
  a +0 trident
  a +0 ring mail
(-17, 3, Orc:4)
  a +0 long sword
  a +0 plate armour
(-16, 3, Orc:4)
  a +2 trident of venom
  6 tomahawks
  a +0 chain mail
(-14, 3, Orc:4)
  a +0 hand axe
  a +0 chain mail
(-16, 4, Orc:4)
  a cursed -3 dagger
  a +0 leather armour
  a +0 flail
  a +0 short sword
  a +0 plate armour
  a +0 club
  a cursed -1 club
  a +0 leather armour
(-14, 4, Orc:4)
  a +0 battleaxe
  a +0 flail
  a +0 chain mail
(-16, 5, Orc:4)
  a +0 war axe
  a +0 chain mail
  a +0 dire flail
  7 tomahawks
  a +0 plate armour
  a +0 great mace
  a +0 plate armour
  a +0 battleaxe
  a +0 chain mail
(-15, 5, Orc:4)
  a +0 trident
  a +0 leather armour
  a cursed +0 mace
  a +0 chain mail
  a +0 halberd
  a +0 chain mail
  a +0 ring mail
  a +0 dagger
  a +0 whip
(-14, 5, Orc:4)
  a cursed +0 battleaxe
  a +0 plate armour
  a +0 war axe
  8 tomahawks
  a +0 chain mail
(-15, 6, Orc:4)
  a +0 hand axe
  a +0 plate armour
(-14, 6, Orc:4)
  a cursed -3 short sword
(-39, 10, Orc:4)
  a +0 battleaxe
  a +0 arbalest
  17 bolts
  a +0 chain mail
(-38, 10, Orc:4)
  a +0 hand axe
  4 tomahawks
(-40, 11, Orc:4)
  a +4 antimagic great sword
(-39, 12, Orc:4)
  a +0 short sword
(-39, 13, Orc:4)
  a +0 battleaxe
  a +0 chain mail
  a +0 mace
  a +0 ring mail
(-39, 14, Orc:4)
  a +0 long sword
  a +0 chain mail
  a +0 battleaxe
  a +0 chain mail
  a +0 halberd
  7 tomahawks
  a +0 plate armour
(-38, 15, Orc:4)
  a +0 dagger
  a +0 leather armour
  a +0 short sword
  a +0 leather armour
(-37, 15, Orc:4)
  a +0 glaive
  3 tomahawks
  a +0 chain mail
(-34, 17, Orc:4)
  a tomahawk
(-12, 20, Orc:4)
  a +0 morningstar
(-30, 21, Orc:4)
  a +0 leather armour
  a +0 falchion
  a +0 chain mail
  a +0 battleaxe
  a +0 dagger
  a +0 plate armour
  a +0 dire flail
  a +0 ring mail
  a +0 hand axe
  a cursed +0 ring mail
  a cursed -2 club
  a +0 club
(-28, 21, Orc:4)
  a +2 plate armour of cold resistance
  a +1 halberd of venom
(-14, 21, Orc:4)
  a +0 club
(-13, 21, Orc:4)
  a +0 plate armour
  a +0 battleaxe
  a +0 club
  a +0 leather armour
  a +0 falchion
(-12, 21, Orc:4)
  a +0 leather armour
  a cursed +0 short sword
  a +0 club
  a +0 ring mail
  a +0 chain mail
  a +0 great sword
  a +0 leather armour
  a +0 leather armour
  a +0 flail
  a +0 chain mail
  a +0 mace
(-11, 21, Orc:4)
  a +0 robe
  a +0 ring mail
  a +0 dagger
  a +0 mace
(-13, 22, Orc:4)
  a +0 chain mail
  a +0 glaive
(-5, 22, Orc:4)
  a +0 chain mail
(-30, 23, Orc:4)
  a +0 falchion
  a +0 ring mail
  a +2 hand axe of electrocution
(-29, 23, Orc:4)
  a +0 mace
(-5, 23, Orc:4)
  a +0 war axe
(7, 23, Orc:4)
  a +0 leather armour
(-12, 24, Orc:4)
  a +0 club
(-11, 24, Orc:4)
  a +0 leather armour
  a +3 whip
  a +0 plate armour
  a +0 mace
  a +0 chain mail
  a +0 flail
(-10, 24, Orc:4)
  a +0 plate armour
  a +0 trident
(-8, 24, Orc:4)
  a +0 falchion
  a +0 club
  a +3 whip
  a +0 leather armour
(-7, 24, Orc:4)
  a +3 hunting sling of velocity
  a +0 club
  a +0 whip
(-6, 24, Orc:4)
  a +0 long sword
  a +0 plate armour
(-5, 24, Orc:4)
  a +0 scimitar
  a +0 chain mail
(-3, 24, Orc:4)
  a tomahawk
(-2, 24, Orc:4)
  a tomahawk
(-1, 24, Orc:4)
  a tomahawk
(0, 24, Orc:4)
  a tomahawk
(7, 24, Orc:4)
  a +0 whip
  a +0 leather armour
(-10, 25, Orc:4)
  a +0 hand axe
(-5, 25, Orc:4)
  a +0 hand axe
(7, 25, Orc:4)
  a +0 ring mail
(-21, 26, Orc:4)
  a +0 short sword
(-18, 26, Orc:4)
  a +0 flail
(-11, 26, Orc:4)
  a +0 trident
  a +0 plate armour
(-10, 26, Orc:4)
  a +0 ring mail
  a +0 robe
  a +0 dagger
(-8, 26, Orc:4)
  a +0 flail
  a +0 leather armour
  a cursed -2 hand axe
(-46, 27, Orc:4)
  a cursed +0 leather armour
  a +0 trident
(-21, 27, Orc:4)
  a cursed -1 dagger
  a +0 chain mail
(-19, 27, Orc:4)
  a +0 war axe
  a +0 arbalest
  13 bolts
  a +0 plate armour
(-18, 27, Orc:4)
  a +0 long sword
  a +0 chain mail
(-15, 27, Orc:4)
  a +0 plate armour
  a +0 great mace
(-52, 29, Orc:4)
  a +0 club
(-50, 30, Orc:4)
  a +0 leather armour
  a +0 hand axe
  a +0 club
  a +0 chain mail
(-26, 30, Orc:4)
  a +0 dagger
  a +0 robe
(-50, 31, Orc:4)
  a +0 leather armour
  a cursed +0 flail
(-49, 32, Orc:4)
  a +0 robe
  a +0 dagger
(-32, 34, Orc:4)
  3 tomahawks
  a +0 club
(-23, 34, Orc:4)
  a +0 leather armour
  a +0 trident
(-31, 35, Orc:4)
  a +0 flail
(-26, 35, Orc:4)
  a +0 club
(-30, 36, Orc:4)
  a tomahawk
(-29, 36, Orc:4)
  a +0 club

Level 1 of the Elven Halls
(0, 0, Elf:1)
  a +1 long sword of electrocution
(-14, 1, Elf:1)
  a scroll of random uselessness
(1, 2, Elf:1)
  a +0 leather armour
  (unseen)
(-12, 3, Elf:1)
  an arrow
(-2, 3, Elf:1)
  a wand of cold (8)
(-12, 5, Elf:1)
  a +0 longbow
  a +0 long sword
  12 arrows
(2, 6, Elf:1)
  a +0 long sword
(-13, 7, Elf:1)
  a +0 short sword
(2, 7, Elf:1)
  an arrow of frost
(-12, 8, Elf:1)
  a +0 long sword
  a +0 long sword
  a +0 ring mail
(3, 8, Elf:1)
  an arrow of frost
(-12, 9, Elf:1)
  2 arrows
  a +0 short sword
  a +0 longbow
  23 poisoned arrows
(10, 9, Elf:1)
  a +0 short sword
  a +0 leather armour
  a +0 buckler
(-12, 10, Elf:1)
  a +0 scimitar of electrocution
  2 arrows
(-11, 10, Elf:1)
  a +0 dagger
  a +0 ring mail
(10, 10, Elf:1)
  a +0 scimitar
(-13, 11, Elf:1)
  a +1 long sword of slicing
  a +0 shortbow
  5 arrows
(-10, 11, Elf:1)
  an arrow
(4, 11, Elf:1)
  a +0 long sword
  a +0 scimitar
(-12, 12, Elf:1)
  an arrow
  a +0 short sword
  a +0 buckler
(10, 12, Elf:1)
  a +0 shortbow
  a +0 long sword
  10 arrows of frost
  a cursed +0 short sword
  a +0 scale mail
(-10, 13, Elf:1)
  3 arrows
(-9, 13, Elf:1)
  a +0 long sword
(-8, 13, Elf:1)
  a +0 spear
  a +0 longbow
  21 arrows of frost
(13, 13, Elf:1)
  a +3 short sword of venom
(14, 13, Elf:1)
  a +0 short sword
(-10, 14, Elf:1)
  the +4 scimitar of Anxiety {slice, rF++}
    It inflicts extra damage upon your enemies.
    
    It greatly protects you from fire.
(-9, 14, Elf:1)
  a cursed -2 short sword
  a +0 leather armour
(1, 14, Elf:1)
  a +0 short sword of venom
(2, 14, Elf:1)
  28 sling bullets
(4, 14, Elf:1)
  an arrow of frost
(6, 14, Elf:1)
  an arrow of frost
(7, 14, Elf:1)
  an arrow of frost
(-11, 15, Elf:1)
  a +3 vampiric demon blade
  a +0 ring mail
  a +0 shield
  a +0 short sword
  a +0 shortbow
  12 arrows
  a +0 leather armour
(-7, 15, Elf:1)
  a +0 chain mail
  a +0 long sword
(2, 15, Elf:1)
  2 arrows of frost
(3, 15, Elf:1)
  a +0 chain mail
  a +0 glaive
(5, 15, Elf:1)
  an arrow of frost
(-5, 16, Elf:1)
  a +0 chain mail
  a +0 short sword
  a +3 short sword of holy wrath
  a +0 ring mail
(14, 16, Elf:1)
  a +0 short sword
  a +0 leather armour
(-2, 17, Elf:1)
  a +0 short sword
(1, 17, Elf:1)
  a +0 ring mail
  (unseen)
(14, 17, Elf:1)
  a +0 scimitar
(13, 18, Elf:1)
  a +0 long sword
(13, 19, Elf:1)
  a +0 short sword
(12, 20, Elf:1)
  a +0 long sword
  a +0 chain mail
(-7, 23, Elf:1)
  a +0 rapier
  a +0 ring mail
(-28, 25, Elf:1)
  a scroll of random uselessness
(17, 28, Elf:1)
  a +0 scimitar
  a +0 leather armour
(10, 31, Elf:1)
  a book of Ice
(11, 36, Elf:1)
  25 stones
(-29, 37, Elf:1)
  a book of Frost
(-25, 44, Elf:1)
  a +0 war axe
(-28, 45, Elf:1)
  a +0 glaive
(-29, 46, Elf:1)
  a +0 falchion

Level 2 of the Elven Halls
[Shop] Bezel's Weapon Shop
  a +0 spear of piercing (104 gold)
  a +0 hand axe (48 gold)
  a +0 rapier (64 gold)
  31 stones (49 gold)
  a +0 battleaxe (104 gold)
  a +0 short sword (48 gold)
  a +0 executioner's axe (160 gold)
  a +0 hand axe (48 gold)
  a +0 short sword of protection (89 gold)
  a +0 mace (48 gold)
[Shop] Jymuheys's Weapon Shoppe
  a +1 glaive of venom (207 gold)
  13 poisoned bolts (72 gold)
  a +0 hand axe (42 gold)
  24 stones (33 gold)
  a +0 shortbow (42 gold)
  18 stones (25 gold)
  a +0 scythe (42 gold)
  a +0 whip (35 gold)
  the +2 blowgun of Governance {evade, rF+} (378 gold)
    It affects your evasion (+5 to EV).
    
    It protects you from fire.
  a +0 rapier of venom (95 gold)
  a +1 dire flail of protection (165 gold)
  a +0 quarterstaff (56 gold)
  11 stones (15 gold)
  a +2 dagger of electrocution (238 gold)
(0, 0, Elf:2)
  a +0 leather armour
(41, 0, Elf:2)
  a +3 antimagic battleaxe
(14, 2, Elf:2)
  a +3 antimagic double sword
  a wand of lightning (3)
  a wand of teleportation (1)
(-8, 4, Elf:2)
  a +0 scimitar
  a +0 leather armour
(43, 4, Elf:2)
  a +2 flail of protection
(6, 12, Elf:2)
  an arrow
(9, 12, Elf:2)
  26 arrows
  a +0 shortbow
  a +0 short sword
(5, 14, Elf:2)
  a +0 short sword
(7, 15, Elf:2)
  an arrow
  a +0 scimitar
  a +0 ring mail
(8, 16, Elf:2)
  a +0 scale mail
  a +0 short sword
(1, 17, Elf:2)
  a +0 long sword
  a +0 ring mail
(3, 17, Elf:2)
  a +0 broad axe
  a +0 leather armour
  6 arrows
  a +0 shortbow
  a +0 short sword
(5, 17, Elf:2)
  an arrow
  a +0 short sword
(6, 17, Elf:2)
  an arrow
  a +4 short sword
  a +0 long sword
  a +0 leather armour
(7, 17, Elf:2)
  a cursed -2 flail
(4, 18, Elf:2)
  a +0 leather armour
  a +0 long sword
(8, 19, Elf:2)
  12 arrows of dispersal
  a +0 shortbow
(8, 24, Elf:2)
  a +2 mace of protection
(35, 24, Elf:2)
  a +0 battleaxe
(6, 25, Elf:2)
  a +0 leather armour
  a +0 short sword
(8, 25, Elf:2)
  5 arrows
  a +0 dire flail
(10, 25, Elf:2)
  a cursed +0 chain mail
  a +0 long sword
(14, 25, Elf:2)
  a +0 rapier
(35, 25, Elf:2)
  a +1 mace of protection
(7, 26, Elf:2)
  7 arrows
  a +0 long sword
  a +0 shortbow
  a +0 leather armour
  15 arrows of frost
  a +0 long sword
  a +0 shortbow
  a +0 long sword
  a +0 rapier
  a +0 short sword
  a +0 buckler
  a +0 leather armour
  a +0 short sword
(9, 26, Elf:2)
  a +0 dire flail
(34, 26, Elf:2)
  a +0 mace
(36, 26, Elf:2)
  a +4 mace
(37, 27, Elf:2)
  a +0 morningstar
(41, 27, Elf:2)
  a +1 halberd of chopping
  a +0 long sword
(36, 28, Elf:2)
  a +0 mace
(40, 28, Elf:2)
  a +4 flail of protection
(41, 28, Elf:2)
  a +4 long sword of holy wrath
  a +0 scale mail
  a +0 long sword of protection
(30, 29, Elf:2)
  a +0 war axe
(33, 29, Elf:2)
  a +0 scimitar of holy wrath
(37, 29, Elf:2)
  a +0 short sword
(39, 29, Elf:2)
  a +0 flail of holy wrath
(41, 29, Elf:2)
  6 arrows
(20, 30, Elf:2)
  a +0 leather armour
(37, 30, Elf:2)
  a +0 mace
(41, 30, Elf:2)
  an arrow
  a +2 halberd of flaming
(44, 30, Elf:2)
  a +3 trident of venom
(24, 31, Elf:2)
  a +0 scale mail
  a +0 battleaxe
(34, 31, Elf:2)
  a +2 long sword of electrocution
(36, 31, Elf:2)
  a +0 dagger
(38, 31, Elf:2)
  a +0 war axe
(44, 31, Elf:2)
  a +4 battleaxe of chopping
(-21, 32, Elf:2)
  a +0 great mace
(23, 32, Elf:2)
  a +4 dagger
(23, 33, Elf:2)
  a +0 falchion
(26, 33, Elf:2)
  a +0 hunting sling
(44, 33, Elf:2)
  a +0 dagger
  a +6 triple sword of holy wrath
(21, 34, Elf:2)
  a +6 halberd of protection
(22, 34, Elf:2)
  a +0 short sword
(21, 35, Elf:2)
  a +0 scimitar
  a +1 war axe of distortion
(21, 36, Elf:2)
  a cursed +0 leather armour
  a +0 rapier
(43, 36, Elf:2)
  a +0 long sword
  a +0 leather armour
(44, 36, Elf:2)
  a +0 short sword
  a +0 buckler
(21, 37, Elf:2)
  a +2 eveningstar of freezing
  a +0 trident of venom
(43, 37, Elf:2)
  a +0 scimitar
  a +0 leather armour
(-2, 38, Elf:2)
  a wand of random effects (22)
(21, 38, Elf:2)
  a +2 trident of venom
(41, 38, Elf:2)
  a +0 long sword
(42, 38, Elf:2)
  a +0 short sword
(21, 39, Elf:2)
  a +5 vampiric trident
(41, 39, Elf:2)
  a +0 short sword
  a +0 shortbow
  6 arrows
  a +0 long sword
(39, 40, Elf:2)
  a +6 dire flail of holy wrath
(44, 40, Elf:2)
  an arrow
(46, 40, Elf:2)
  an arrow
(19, 43, Elf:2)
  20 bolts
(-13, 44, Elf:2)
  a potion of berserk rage
  a potion of brilliance

Level 1 of the Lair of Beasts
(0, 0, Lair:1)
  a scroll of immolation
(-15, 1, Lair:1)
  10 poisoned bolts
(12, 6, Lair:1)
  a +1 scimitar of holy wrath
(-14, 9, Lair:1)
  a wand of cold (11)
(-15, 15, Lair:1)
  a +0 arbalest
(20, 17, Lair:1)
  a wand of confusion (5)
(1, 23, Lair:1)
  a +0 ring mail
(-7, 27, Lair:1)
  a +0 morningstar
(36, 28, Lair:1)
  a plain deck of summoning
(19, 32, Lair:1)
  a +0 chain mail
(2, 44, Lair:1)
  a +0 falchion of pain
(-10, 45, Lair:1)
  17 stones
(-8, 49, Lair:1)
  a +0 robe

Level 2 of the Lair of Beasts
(0, 0, Lair:2)
  a wand of frost (31)
(-9, 22, Lair:2)
  a +0 broad axe
(29, 42, Lair:2)
  16 stones
(28, 43, Lair:2)
  an uncursed ring of loudness
(3, 52, Lair:2)
  a +0 robe
(37, 53, Lair:2)
  a +0 scale mail

Level 3 of the Lair of Beasts
(0, 0, Lair:3)
  a +2 antimagic long sword
(19, 3, Lair:3)
  a wand of slowing (34)
  a wand of cold (11)
(43, 3, Lair:3)
  a +0 leather armour
(17, 5, Lair:3)
  a scroll of torment
(30, 11, Lair:3)
  25 stones
(15, 12, Lair:3)
  a +2 antimagic great sword
(-4, 14, Lair:3)
  17 poisoned needles
(19, 19, Lair:3)
  a +0 robe
(5, 27, Lair:3)
  a +0 robe
(42, 29, Lair:3)
  an uncursed ring of protection from cold
  an uncursed ring of wizardry
(38, 37, Lair:3)
  5 bolts
(11, 47, Lair:3)
  19 sling bullets
(7, 50, Lair:3)
  a +2 arbalest of freezing

Level 4 of the Lair of Beasts
(0, 0, Lair:4)
  21 stones
(-44, 13, Lair:4)
  26 stones
(-20, 20, Lair:4)
  a +0 ring mail
(-6, 28, Lair:4)
  2 needles of sleeping
(-38, 29, Lair:4)
  17 stones
(-26, 31, Lair:4)
  13 sling bullets
(-59, 36, Lair:4)
  21 stones

Level 5 of the Lair of Beasts
(0, 0, Lair:5)
  a +0 shortbow
(-5, 3, Lair:5)
  a +0 giant spiked club
(32, 4, Lair:5)
  a +0 robe
(-16, 15, Lair:5)
  22 stones
(42, 15, Lair:5)
  a +2 antimagic great sword
(34, 21, Lair:5)
  a +0 leather armour
(-9, 22, Lair:5)
  19 sling bullets
(4, 23, Lair:5)
  a +0 hand crossbow
(35, 23, Lair:5)
  an uncursed staff of energy
(40, 25, Lair:5)
  17 stones
(14, 32, Lair:5)
  a potion of poison
(-12, 35, Lair:5)
  a +0 long sword
(5, 35, Lair:5)
  20 stones
(24, 35, Lair:5)
  8 needles of frenzy
(16, 40, Lair:5)
  an uncursed ring of protection from cold
(15, 46, Lair:5)
  a +0 robe

Level 6 of the Lair of Beasts
(0, 0, Lair:6)
  a +0 chain mail
(42, 1, Lair:6)
  a +0 robe
(23, 7, Lair:6)
  13 arrows
(20, 13, Lair:6)
  5 javelins
(-5, 14, Lair:6)
  a +0 short sword
(0, 18, Lair:6)
  a +0 short sword
(16, 19, Lair:6)
  a +0 spear
(0, 20, Lair:6)
  25 sling bullets
(20, 33, Lair:6)
  a +0 robe
(7, 38, Lair:6)
  15 arrows
(-10, 39, Lair:6)
  25 stones

Level 7 of the Lair of Beasts
(0, 0, Lair:7)
  a +1 long sword of slicing
(-12, 2, Lair:7)
  11 sling bullets
(15, 12, Lair:7)
  a +2 mace of crushing
(35, 18, Lair:7)
  a scroll of torment
(22, 20, Lair:7)
  the +2 quarterstaff of the Seven Deaths {crush, *Noise rF+ Str+3}
    It inflicts extra damage upon your enemies.
    
    It affects your strength (+3).
    It protects you from fire.
    It may make noises in combat.
(5, 22, Lair:7)
  a throwing net
(29, 25, Lair:7)
  a +0 club
(51, 28, Lair:7)
  13 stones
(44, 29, Lair:7)
  a +1 hand axe of freezing
(46, 38, Lair:7)
  a +0 scale mail
(-12, 48, Lair:7)
  a +0 flail

Level 8 of the Lair of Beasts
(0, 0, Lair:8)
  a cursed +0 ring mail
(2, 0, Lair:8)
  a cursed ring of loudness
  a +0 leather armour
(1, 1, Lair:8)
  a scroll of vulnerability
  19 silver bolts
(31, 1, Lair:8)
  a +0 spear
  27 stones
(34, 2, Lair:8)
  a stone
(35, 2, Lair:8)
  a stone
(39, 2, Lair:8)
  a +0 quarterstaff
  a +0 robe
  a cursed -3 dagger
  a +0 robe
(30, 3, Lair:8)
  a +0 dagger
  a +0 robe
  a +0 buckler
(50, 7, Lair:8)
  a book of Frost
(-3, 8, Lair:8)
  a +6 antimagic great sword
  a +7 rod of shadows (13/13)
  5 potions of berserk rage
  a +3 ring of strength
  11 poisoned arrows
(39, 8, Lair:8)
  a +0 rapier
  a +0 robe
(37, 10, Lair:8)
  a +0 quarterstaff
  a +0 robe
(49, 11, Lair:8)
  a +0 chain mail
(35, 13, Lair:8)
  a +0 dagger
  a +0 robe
(34, 14, Lair:8)
  the +10 scimitar of Skirmishing {slice, rC+ Str+4}
    It inflicts extra damage upon your enemies.
    
    It affects your strength (+4).
    It protects you from cold.
(35, 14, Lair:8)
  a +2 antimagic rapier
(34, 16, Lair:8)
  an uncursed ring of protection from fire
(47, 18, Lair:8)
  a +0 chain mail
(-1, 21, Lair:8)
  25 sling bullets
(52, 25, Lair:8)
  2 potions of degeneration
(34, 26, Lair:8)
  a cursed +0 robe
  a +0 rapier
(36, 26, Lair:8)
  a cursed +0 robe
  a cursed -3 rapier
(36, 27, Lair:8)
  a stone
(33, 28, Lair:8)
  22 stones
  a +2 spear of venom
  a +0 buckler
(35, 28, Lair:8)
  an uncursed ring of see invisible
  a +0 robe
  a +0 short sword
(13, 33, Lair:8)
  a wand of paralysis (9)
(4, 34, Lair:8)
  a swamp dragon hide
(57, 40, Lair:8)
  a book of Power
(11, 41, Lair:8)
  a +0 dagger
(59, 42, Lair:8)
  a +1 dagger of venom
  a +0 robe
(17, 43, Lair:8)
  a +0 scimitar
(29, 46, Lair:8)
  a scroll of amnesia
(30, 50, Lair:8)
  a +0 dagger
(-1, 51, Lair:8)
  a cursed +0 scale mail
(23, 51, Lair:8)
  17 stones

Level 1 of the Swamp
(0, 0, Swamp:1)
  9 arrows
(3, 1, Swamp:1)
  a +0 spear
(2, 2, Swamp:1)
  a +0 spear
(15, 4, Swamp:1)
  22 stones
(47, 9, Swamp:1)
  a +0 shortbow
(48, 13, Swamp:1)
  12 bolts
(45, 19, Swamp:1)
  a +0 leather armour
(14, 20, Swamp:1)
  a +0 buckler
  a +0 spear
(23, 22, Swamp:1)
  5 tomahawks
(14, 23, Swamp:1)
  a +0 spear
(14, 25, Swamp:1)
  a +0 buckler
  a +3 blowgun
  a +0 spear
  a +0 spear
(29, 26, Swamp:1)
  26 stones

Level 2 of the Swamp
(0, 0, Swamp:2)
  19 sling bullets
(31, 1, Swamp:2)
  3 potions of magic
  a scroll of noise
  a potion of brilliance
(28, 5, Swamp:2)
  24 stones
(4, 8, Swamp:2)
  19 poisoned sling bullets
(32, 14, Swamp:2)
  2 curare-tipped needles
(8, 18, Swamp:2)
  12 stones
(9, 26, Swamp:2)
  18 sling bullets
(32, 30, Swamp:2)
  16 poisoned needles

Level 3 of the Swamp
(0, 0, Swamp:3)
  a book of Fire
(1, 13, Swamp:3)
  16 arrows
(24, 14, Swamp:3)
  17 stones
(19, 22, Swamp:3)
  a +0 blowgun
(9, 25, Swamp:3)
  a +0 robe
  a +0 quarterstaff
(9, 27, Swamp:3)
  a +0 spear
(-4, 32, Swamp:3)
  20 arrows
(12, 44, Swamp:3)
  a scroll of noise

Level 4 of the Swamp
(0, 0, Swamp:4)
  a +0 quarterstaff
(-35, 1, Swamp:4)
  a +0 longbow
(-14, 2, Swamp:4)
  3 large rocks
(-8, 2, Swamp:4)
  a book of Unlife
(-15, 5, Swamp:4)
  a +0 morningstar
(-15, 6, Swamp:4)
  10 arrows
(-10, 10, Swamp:4)
  4 tomahawks
(6, 17, Swamp:4)
  9 stones
(3, 20, Swamp:4)
  22 poisoned needles
(1, 27, Swamp:4)
  a +0 short sword

Level 5 of the Swamp
(0, 0, Swamp:5)
  a +0 war axe
(-47, 5, Swamp:5)
  8 silver javelins
(1, 8, Swamp:5)
  2 curare-tipped needles
  a +0 spear
  a +0 blowgun
(5, 11, Swamp:5)
  a cursed +0 robe
(-39, 16, Swamp:5)
  an uncursed staff of poison
(-19, 17, Swamp:5)
  a +0 spear
  a +0 buckler
(-18, 18, Swamp:5)
  a +0 spear
(-15, 20, Swamp:5)
  22 stones
(2, 20, Swamp:5)
  a +2 ring of slaying
  5 tomahawks of dispersal
(-28, 25, Swamp:5)
  a +0 chain mail
(-13, 32, Swamp:5)
  20 stones
(-42, 38, Swamp:5)
  a plain deck of defence
(3, 44, Swamp:5)
  2 needles of sleeping
(-40, 48, Swamp:5)
  a +0 long sword
(-44, 51, Swamp:5)
  a +0 blowgun

Level 1 of the Spider Nest
(0, 0, Spider:1)
  21 stones
(28, 12, Spider:1)
  a book of Spatial Translocations
  a manual of Slings
(56, 26, Spider:1)
  a +0 great sword
(30, 28, Spider:1)
  a scroll of noise
(54, 38, Spider:1)
  an uncursed ring of see invisible
  an uncursed ring of sustain attributes
(5, 43, Spider:1)
  a book of the Tempests
(56, 48, Spider:1)
  24 stones
(2, 51, Spider:1)
  a cursed +0 robe
  an uncursed staff of earth
(3, 51, Spider:1)
  a +2 falchion of protection

Level 2 of the Spider Nest
(0, 0, Spider:2)
  an uncursed amulet of rage
(5, 3, Spider:2)
  a scroll of vulnerability
  a scroll of amnesia
(-25, 6, Spider:2)
  a +0 leather armour
(-6, 8, Spider:2)
  19 stones
(16, 8, Spider:2)
  2 potions of brilliance
(-32, 11, Spider:2)
  11 stones
(-8, 12, Spider:2)
  a scroll of random uselessness
(28, 17, Spider:2)
  7 stones
(-32, 19, Spider:2)
  24 stones
(-23, 24, Spider:2)
  the +3 plate armour of Muad {rF+}
    It protects you from fire.
(-22, 24, Spider:2)
  a wand of fireball (7)
(26, 25, Spider:2)
  the +9 falchion of Trog's Fury {speed, rF+ Str-2 Int+5}
    Attacks with this weapon are significantly faster.
    
    It affects your strength (-2).
    It affects your intelligence (+5).
    It protects you from fire.
(23, 28, Spider:2)
  a +0 large shield
(26, 36, Spider:2)
  17 poisoned needles
(20, 48, Spider:2)
  a +0 pair of gloves
(21, 52, Spider:2)
  10 bolts

Level 3 of the Spider Nest
(0, 0, Spider:3)
  the +0 plate armour of the Vestibule of Hell {rF- rC+ Dex-3 SInv}
    It affects your dexterity (-3).
    It makes you vulnerable to fire.
    It protects you from cold.
    It lets you see invisible.
(7, 2, Spider:3)
  20 stones
(26, 7, Spider:3)
  21 sling bullets
(27, 9, Spider:3)
  a lantern of shadows
(16, 24, Spider:3)
  a cursed +0 robe
(5, 35, Spider:3)
  19 stones
(33, 48, Spider:3)
  an uncursed staff of energy
(12, 55, Spider:3)
  a wand of confusion (26)

Level 4 of the Spider Nest
(0, 0, Spider:4)
  a +0 robe
(-12, 1, Spider:4)
  a +0 mace
(-41, 20, Spider:4)
  a wand of slowing (24)
(-51, 22, Spider:4)
  a +2 falchion of holy wrath
(-18, 43, Spider:4)
  15 arrows
(-19, 45, Spider:4)
  a scroll of amnesia

Level 5 of the Spider Nest
(0, 0, Spider:5)
  a book of Cantrips
(-4, 16, Spider:5)
  8 needles of slowing
(-38, 19, Spider:5)
  a +0 quarterstaff
(-38, 20, Spider:5)
  8 tomahawks
(-21, 21, Spider:5)
  a +0 dagger
(32, 24, Spider:5)
  17 stones
(-33, 27, Spider:5)
  a scroll of noise
(1, 29, Spider:5)
  18 stones
(-19, 30, Spider:5)
  18 arrows
(-1, 30, Spider:5)
  22 stones
(-13, 35, Spider:5)
  17 stones
(-3, 47, Spider:5)
  a +0 mace

Level 1 of the Pits of Slime
(0, 0, Slime:1)
  a +3 demon blade of venom
(-12, 40, Slime:1)
  a +2 antimagic dagger

Level 2 of the Pits of Slime
(0, 0, Slime:2)
  a +1 long sword of slicing

Level 5 of the Pits of Slime
(0, 0, Slime:5)
  a +4 falchion of electrocution

