Vlad

Level 1 of the Dungeon
(-28, 6, D:1)
  a slice of pizza
(-24, 7, D:1)
  a +0 dagger
(-33, 8, D:1)
  a +0 club
(-35, 9, D:1)
  a +0 short sword
(-22, 10, D:1)
  a cursed +0 leather armour
(-17, 10, D:1)
  a +0 club
  a +0 dagger
  a +0 club
(8, 10, D:1)
  a +0 dagger
(-22, 11, D:1)
  a stone
(-20, 12, D:1)
  a +0 dagger
  a stone
(-19, 12, D:1)
  a stone
(-10, 12, D:1)
  a +0 club
(-16, 13, D:1)
  a +0 club
  a +0 short sword
  a +0 club
(-7, 14, D:1)
  a +0 club
  a cursed +0 leather armour
(-16, 15, D:1)
  a +0 club
(-4, 19, D:1)
  a +0 robe
(4, 20, D:1)
  a +0 hand axe
(6, 23, D:1)
  a slice of pizza
(-7, 25, D:1)
  a +0 spear
(2, 25, D:1)
  18 poisoned needles
(-10, 34, D:1)
  a +0 short sword
(-3, 37, D:1)
  18 bolts
(-3, 41, D:1)
  a +0 short sword
(-6, 42, D:1)
  a +0 dagger
(3, 51, D:1)
  a +0 short sword
(12, 51, D:1)
  a +0 ring mail

Level 2 of the Dungeon
(0, 0, D:2)
  a +0 hand axe
(16, 2, D:2)
  16 bolts
(-32, 6, D:2)
  a +0 scale mail
(-40, 10, D:2)
  a +0 leather armour
(-7, 10, D:2)
  14 gold pieces
(-35, 13, D:2)
  a +0 whip
(-46, 17, D:2)
  a +0 flail
(-4, 18, D:2)
  a +0 club
(-43, 19, D:2)
  a +0 robe
(-30, 20, D:2)
  a +1 robe
  a +0 dagger
(-35, 21, D:2)
  a +0 robe
(-29, 21, D:2)
  a +0 scythe
(15, 21, D:2)
  a +0 club
(-20, 22, D:2)
  a +2 helmet
(-26, 23, D:2)
  a +0 club
  a +0 dagger
  a +0 dagger
(-26, 33, D:2)
  a +0 dagger
(7, 39, D:2)
  a +2 quarterstaff of chaos
  a +0 cloak
(8, 39, D:2)
  a +0 hammer
(-40, 40, D:2)
  a cursed +0 leather armour
(-28, 42, D:2)
  a +0 dagger
(2, 43, D:2)
  25 bolts
(-42, 55, D:2)
  a +0 ring mail

Level 3 of the Dungeon
(0, 0, D:3)
  12 stones
(1, 3, D:3)
  a slice of pizza
(-15, 4, D:3)
  a slice of pizza
(-8, 6, D:3)
  2 fruits
(-22, 7, D:3)
  2 stones
(-18, 7, D:3)
  a +2 dagger
(-24, 10, D:3)
  a +0 dagger
(-35, 12, D:3)
  a +0 robe
(-22, 13, D:3)
  a cursed -3 club
  a +0 club
(-25, 15, D:3)
  a +0 club
(3, 17, D:3)
  a cursed +0 leather armour
(-26, 21, D:3)
  11 stones
(4, 30, D:3)
  15 sling bullets of frost
(4, 31, D:3)
  a +0 club
(11, 38, D:3)
  a +0 cloak
(1, 41, D:3)
  a poisoned needle
(2, 42, D:3)
  a poisoned needle
(3, 43, D:3)
  a poisoned needle
(5, 44, D:3)
  a +0 short sword
  a +0 blowgun
  11 poisoned needles
(7, 50, D:3)
  a poisoned needle
(10, 50, D:3)
  a +0 blowgun
  18 poisoned needles

Level 4 of the Dungeon
[Shop] Ewuuc's Armour Shop
  a +2 chain mail of positive energy (185 gold)
  a +0 ring mail (40 gold)
  a +0 pair of gloves (45 gold)
  a +1 robe of cold resistance (127 gold)
  a +0 ring mail (40 gold)
  a +0 leather armour (20 gold)
  a +2 robe of magic resistance (177 gold)
  a +0 scale mail (40 gold)
  a cursed +0 robe (1 gold)
(0, 0, D:4)
  a +0 short sword
  a kobold corpse (skeletalised by now)
(8, 2, D:4)
  a +0 mace
(-19, 7, D:4)
  a scroll of immolation
  a stone
(-29, 13, D:4)
  9 arrows of flame
(-13, 14, D:4)
  an uncursed amulet of rage
  a potion of lignification
  a +0 hand axe
  a +0 scale mail
(-7, 14, D:4)
  a +0 flail
  a +0 ring mail
(-37, 17, D:4)
  a +0 hunting sling
(1, 17, D:4)
  a goblin corpse (skeletalised by now)
(-27, 18, D:4)
  22 bolts
(3, 27, D:4)
  a +0 robe
(-38, 28, D:4)
  a +2 whip of flaming
  a +0 robe
(-37, 29, D:4)
  a +0 animal skin
(-37, 30, D:4)
  a +0 animal skin
(-27, 33, D:4)
  a giant cockroach corpse (rotten by now)
(-3, 34, D:4)
  a bread ration
(-27, 36, D:4)
  a meat ration

Level 5 of the Dungeon
(25, 4, D:5)
  a rat corpse
(3, 5, D:5)
  a beef jerky
(27, 13, D:5)
  a meat ration
(31, 17, D:5)
  a cursed +2 falchion
  a +0 robe
  a +0 scimitar
  a +0 robe
  a +0 robe
(20, 19, D:5)
  16 gold pieces
(33, 20, D:5)
  a +3 flail
  a +0 robe
(-3, 23, D:5)
  a cursed -2 hand axe
  a cursed +0 leather armour
(25, 25, D:5)
  a book of Battle

