Arya

Level 1 of the Dungeon
(0, 0, D:1)
  a +0 hunting sling
(-4, 4, D:1)
  2 poisoned javelins
(-2, 4, D:1)
  a meat ration
(-27, 5, D:1)
  a stone
(-25, 5, D:1)
  14 stones
(5, 5, D:1)
  3 curare-tipped needles
(-5, 7, D:1)
  a stone
(-29, 9, D:1)
  a +0 club
(-5, 10, D:1)
  a cursed +0 robe
(-6, 11, D:1)
  a +0 short sword
(-40, 13, D:1)
  14 poisoned needles
(-14, 13, D:1)
  a +0 scale mail
(-10, 14, D:1)
  12 stones
(-11, 16, D:1)
  a cursed -2 club
(-15, 17, D:1)
  a +0 leather armour
(-38, 32, D:1)
  a +0 ring mail
(-40, 38, D:1)
  7 stones

Level 2 of the Dungeon
(0, 0, D:2)
  21 sling bullets
(10, 5, D:2)
  a +0 buckler
(-8, 10, D:2)
  a +0 club
(19, 11, D:2)
  16 stones
(14, 15, D:2)
  15 stones
(-15, 18, D:2)
  a +0 club
(21, 20, D:2)
  15 stones
(3, 24, D:2)
  a +0 hunting sling
(-7, 25, D:2)
  a +0 dagger
(-20, 38, D:2)
  a +0 club
(-35, 41, D:2)
  21 stones
(-30, 50, D:2)
  a +0 scale mail

Level 3 of the Dungeon
(0, 0, D:3)
  a +0 short sword
(-54, 4, D:3)
  a +0 dagger
  4 stones
(-36, 11, D:3)
  7 poisoned needles
  a +0 blowgun
(-13, 17, D:3)
  a +0 dagger
(-38, 19, D:3)
  a +0 club
(-37, 21, D:3)
  7 stones
(-61, 26, D:3)
  a cursed -2 club
(-62, 30, D:3)
  a cursed +0 leather armour
(-63, 31, D:3)
  a +0 trident
(-67, 32, D:3)
  22 stones
(-13, 39, D:3)
  a +0 mace
  a +0 hand axe
(-19, 49, D:3)
  a +0 large shield
(-9, 52, D:3)
  a cursed +0 ring mail
(-49, 55, D:3)
  a +0 halberd
  a +0 leather armour
(-25, 55, D:3)
  a +0 plate armour
(-48, 56, D:3)
  a +0 flail
(-46, 56, D:3)
  a +0 whip

Level 4 of the Dungeon
(0, 0, D:4)
  20 arrows of flame
(-18, 3, D:4)
  a +0 short sword
(-37, 8, D:4)
  a +0 whip
  a +0 scale mail
(-2, 9, D:4)
  a +0 spear
(-36, 10, D:4)
  a +0 dagger
  a cursed +0 robe
(-36, 11, D:4)
  a +0 hand axe
(-41, 12, D:4)
  a +0 dagger
(-38, 12, D:4)
  a +4 flail
(-2, 12, D:4)
  a +0 spear
(-39, 13, D:4)
  a +0 short sword
(-53, 15, D:4)
  a +0 club
(-18, 16, D:4)
  a +0 dagger
(-35, 24, D:4)
  a +0 flail
  a +0 hand axe
  a +0 mace
  a +0 leather armour
(-1, 25, D:4)
  a +0 club
(-43, 31, D:4)
  a +0 club
(-46, 40, D:4)
  17 stones
(-11, 40, D:4)
  18 stones
(-61, 43, D:4)
  a +0 dagger
(-55, 43, D:4)
  a +0 club
  a +0 mace
(-20, 46, D:4)
  a +0 short sword
(-18, 46, D:4)
  a +0 short sword
  a +0 scale mail
(-11, 46, D:4)
  10 stones
(-8, 46, D:4)
  a +0 giant spiked club
(-23, 48, D:4)
  a +0 morningstar of protection
(-14, 49, D:4)
  a +0 falchion
(-18, 52, D:4)
  a +0 club

Level 5 of the Dungeon
(0, 0, D:5)
  a +0 ring mail
(19, 8, D:5)
  a +0 ring mail
(23, 17, D:5)
  28 arrows
(22, 24, D:5)
  a +0 dagger
(-4, 25, D:5)
  a scroll of immolation
(14, 26, D:5)
  a +0 short sword
(39, 32, D:5)
  a +0 flail
(9, 39, D:5)
  a +0 dagger
  a +0 robe
(9, 40, D:5)
  a +0 dagger
  a +0 robe
  a +0 flail
  a +0 ring mail
(36, 47, D:5)
  4 silver javelins
(-16, 52, D:5)
  24 stones
(-28, 53, D:5)
  15 poisoned needles
(-16, 55, D:5)
  a +0 giant club
(-2, 56, D:5)
  15 stones
(-4, 60, D:5)
  a cursed +0 mace

Level 6 of the Dungeon
(0, 0, D:6)
  a +0 club
(-7, 6, D:6)
  a hound corpse (rotten by now)
(0, 6, D:6)
  a +0 ring mail
(9, 6, D:6)
  15 bolts
(-4, 7, D:6)
  a +0 dagger
(28, 12, D:6)
  a +0 war axe
(-8, 13, D:6)
  a +0 dagger
(7, 13, D:6)
  a +0 short sword
(25, 13, D:6)
  a +0 flail
(2, 14, D:6)
  a cursed +0 club
  an iguana corpse (skeletalised by now)
  a goblin corpse (skeletalised by now)
(40, 16, D:6)
  a +0 hammer
(30, 18, D:6)
  a +0 club
  a hobgoblin corpse (skeletalised by now)
(39, 18, D:6)
  a +0 cloak
  a +3 quarterstaff of chaos
(30, 22, D:6)
  a +0 club
(20, 25, D:6)
  a giant frog corpse (skeletalised by now)
(5, 30, D:6)
  a +0 club
(22, 34, D:6)
  a rotting hobgoblin corpse
(9, 35, D:6)
  20 poisoned needles
(20, 36, D:6)
  a cursed -2 club
(15, 38, D:6)
  a +0 giant spiked club
(15, 39, D:6)
  2 arrows
(18, 45, D:6)
  an arrow
(19, 48, D:6)
  a +0 giant spiked club
(19, 49, D:6)
  a +0 shortbow
  13 arrows
(19, 50, D:6)
  an arrow
(22, 50, D:6)
  5 arrows

Level 7 of the Dungeon
(0, 0, D:7)
  a +0 robe
(-16, 1, D:7)
  a worker ant corpse
(6, 4, D:7)
  a killer bee corpse
(0, 5, D:7)
  18 stones
(-6, 6, D:7)
  a killer bee corpse
(-24, 8, D:7)
  a +0 robe
(-33, 16, D:7)
  a +0 giant spiked club
(-17, 17, D:7)
  15 bolts
(-3, 23, D:7)
  a +0 shortbow
  26 arrows
  a centaur corpse (rotten by now)
(-3, 24, D:7)
  a hound corpse (rotten by now)
(3, 32, D:7)
  a scroll of teleportation
(-3, 33, D:7)
  a +0 flail
  a +0 leather armour
  an orc corpse (rotten by now)

the Ecumenical Temple

