Sanguine

Level 1 of the Dungeon
(0, 0, D:1)
  a cursed -3 club
(15, 0, D:1)
  a +0 robe
(7, 3, D:1)
  a stone
(8, 3, D:1)
  a stone
(12, 3, D:1)
  a cursed -1 dagger
(2, 5, D:1)
  a +0 leather armour
(38, 6, D:1)
  a +0 club
(20, 13, D:1)
  13 stones
(27, 13, D:1)
  a +0 whip
(37, 13, D:1)
  a +0 ring mail
(35, 14, D:1)
  18 bolts
(-14, 15, D:1)
  14 steel sling bullets
(8, 19, D:1)
  a +0 short sword
(24, 19, D:1)
  27 arrows
(32, 19, D:1)
  25 stones
(8, 20, D:1)
  a +0 club
(25, 29, D:1)
  a cursed -2 club
(-8, 32, D:1)
  23 sling bullets
(45, 34, D:1)
  a +0 leather armour

Level 2 of the Dungeon
(0, 0, D:2)
  a +0 whip
  a kobold corpse
(1, 0, D:2)
  a +0 club
(9, 1, D:2)
  22 sling bullets
(-20, 5, D:2)
  a +0 club
(-20, 6, D:2)
  a cursed -2 dagger
(0, 8, D:2)
  9 gold pieces
(-32, 16, D:2)
  a +0 pair of gloves
(-27, 18, D:2)
  24 arrows

