Asterion

Level 1 of the Dungeon
(0, 0, D:1)
  a +0 whip
(-20, 5, D:1)
  a +0 leather armour
(23, 6, D:1)
  a +0 robe
(-24, 7, D:1)
  a +0 club
(-2, 7, D:1)
  a +0 whip
(-7, 12, D:1)
  a +0 animal skin
(-1, 20, D:1)
  4 stones
(-24, 26, D:1)
  17 sling bullets
(12, 30, D:1)
  a +0 dagger
(5, 33, D:1)
  a +0 whip

Level 2 of the Dungeon
(0, 0, D:2)
  a +0 ring mail
(-3, 3, D:2)
  17 stones
(-11, 5, D:2)
  a +0 ring mail
(30, 9, D:2)
  11 stones
(-20, 11, D:2)
  a +0 club
(8, 19, D:2)
  a +0 club
(1, 24, D:2)
  a +0 dagger
(-21, 30, D:2)
  a +0 mace
(21, 30, D:2)
  a +0 ring mail
(23, 31, D:2)
  a +0 club
(3, 40, D:2)
  22 stones
(19, 41, D:2)
  20 stones

Level 3 of the Dungeon
(0, 0, D:3)
  a +0 hand axe
  11 stones
(-3, 9, D:3)
  a +0 scimitar of freezing
(-12, 10, D:3)
  a +0 spear
(-23, 12, D:3)
  a +0 ring mail
(-17, 13, D:3)
  a +0 club
(7, 23, D:3)
  19 stones
(-3, 25, D:3)
  24 sling bullets
(-7, 33, D:3)
  24 bolts
(-30, 34, D:3)
  a +0 cutlass
(-1, 34, D:3)
  19 stones
(-11, 41, D:3)
  a +0 ring mail
(-19, 49, D:3)
  a cursed -3 long sword
(-9, 54, D:3)
  a +0 hunting sling
(-16, 62, D:3)
  a cursed -1 hunting sling

Level 4 of the Dungeon
(0, 0, D:4)
  21 arrows
(13, 0, D:4)
  a +2 falchion of venom
(2, 5, D:4)
  a +0 centaur barding
(2, 6, D:4)
  a +0 ring mail
(1, 7, D:4)
  a +0 falchion
(20, 15, D:4)
  a +0 leather armour
(13, 16, D:4)
  a +0 giant club
(-16, 17, D:4)
  25 stones
(-18, 19, D:4)
  a +0 dagger
(-12, 27, D:4)
  18 stones
(28, 28, D:4)
  a +0 chain mail
(-18, 32, D:4)
  a +0 club
(-30, 36, D:4)
  a +0 club
(-19, 39, D:4)
  a +0 hunting sling
(-34, 42, D:4)
  26 sling bullets

Level 5 of the Dungeon
(0, 0, D:5)
  a +0 leather armour
(10, 1, D:5)
  a +1 antimagic war axe
  a +0 robe
(17, 4, D:5)
  a +0 spear
(22, 5, D:5)
  a +0 club
(21, 7, D:5)
  a +0 club
(-26, 9, D:5)
  a stone
(-26, 10, D:5)
  a stone
(-28, 15, D:5)
  a +0 giant spiked club
(5, 15, D:5)
  a +0 scale mail
(-28, 16, D:5)
  3 stones
(-1, 18, D:5)
  a +0 giant club
(3, 18, D:5)
  a plain deck of defence
(-13, 29, D:5)
  a +0 mace
(-7, 35, D:5)
  a +0 mace
(-6, 35, D:5)
  a +0 short sword
(-5, 35, D:5)
  a +0 dagger
  a +0 robe
  a +1 short sword of venom
  a cursed -1 dire flail
  a +0 leather armour
  a +0 whip
(-4, 35, D:5)
  a cursed +0 leather armour
(-14, 44, D:5)
  13 poisoned needles

Level 6 of the Dungeon
(0, 0, D:6)
  18 stones
(4, 17, D:6)
  a +0 short sword
  a +0 chain mail
  a scroll of immolation
(5, 18, D:6)
  a +0 falchion
  a cursed -1 ring mail
(-13, 20, D:6)
  a scroll of amnesia
(9, 31, D:6)
  a +0 leather armour
(9, 32, D:6)
  a bolt
(11, 32, D:6)
  17 bolts
  a +0 hand crossbow
(4, 33, D:6)
  a bolt
(6, 33, D:6)
  a bolt
(8, 33, D:6)
  a bolt
(-16, 34, D:6)
  22 arrows
  a +0 shortbow of flaming
(-16, 35, D:6)
  a +0 club
(-14, 36, D:6)
  a +0 leather armour
  a +0 dagger
(4, 36, D:6)
  11 sling bullets
(-15, 37, D:6)
  a +0 short sword
(-14, 37, D:6)
  a +0 robe
  a +0 dagger
(-18, 40, D:6)
  20 stones
(-19, 41, D:6)
  13 arrows of frost
(-4, 44, D:6)
  a +0 dagger
  a +0 robe
(-3, 45, D:6)
  a +0 club
(17, 45, D:6)
  18 sling bullets
(1, 46, D:6)
  a +0 hand axe
  a +0 scale mail

Level 7 of the Dungeon
[Shop] Cyahaxyr's Weapon Shoppe
  a +0 spear (45 gold)
  a +2 hunting sling of freezing (220 gold)
  a +0 falchion (45 gold)
  a +0 shortbow (45 gold)
  a +0 cutlass (60 gold)
  a +0 war axe (52 gold)
  7 poisoned sling bullets (105 gold)
  a +0 mace (45 gold)
  23 stones (34 gold)
  a +0 hand crossbow (52 gold)
(0, 0, D:7)
  an adder skeleton
(35, 0, D:7)
  27 stones
(27, 8, D:7)
  16 stones
(22, 10, D:7)
  a +0 giant spiked club
  a black bear skeleton
(15, 11, D:7)
  a +0 falchion
(10, 15, D:7)
  a +0 hand axe
(1, 19, D:7)
  a +0 short sword
  a +0 dagger
  5 stones
  a cursed -1 short sword
  a +0 robe
(2, 19, D:7)
  a scroll of amnesia
  a +2 dagger of speed
  a +2 long sword
  a +0 robe
(2, 20, D:7)
  a stone
(28, 20, D:7)
  11 gold pieces
(29, 20, D:7)
  5 gold pieces
(30, 20, D:7)
  16 gold pieces
(31, 20, D:7)
  18 gold pieces
(32, 20, D:7)
  16 gold pieces
(13, 24, D:7)
  a +0 robe
(5, 25, D:7)
  a +0 falchion
  a +0 robe
(38, 26, D:7)
  a potion of degeneration
(33, 27, D:7)
  a +2 whip of venom
  a kobold corpse
(31, 28, D:7)
  a potion of curing
(33, 28, D:7)
  a big kobold corpse
(31, 33, D:7)
  a beef jerky

