Sanguine

Level 1 of the Dungeon
(12, 0, D:1)
  a +0 club
(-17, 4, D:1)
  22 arrows
(2, 8, D:1)
  a +0 scale mail
(5, 13, D:1)
  7 stones
(20, 14, D:1)
  a +0 dagger
(-5, 16, D:1)
  a stone
(-10, 19, D:1)
  a +0 club
  a stone
(-9, 21, D:1)
  20 stones
(4, 23, D:1)
  a +0 leather armour
(0, 29, D:1)
  a +0 club

Level 2 of the Dungeon
(0, 0, D:2)
  a +0 spear
(20, 7, D:2)
  24 stones
(34, 12, D:2)
  a +0 dagger
  5 stones
  a +0 dagger
(34, 13, D:2)
  a +0 robe
(49, 13, D:2)
  17 bolts
(13, 15, D:2)
  a +0 whip
(44, 16, D:2)
  14 exploding sling bullets
(19, 19, D:2)
  a +0 leather armour
(33, 21, D:2)
  21 stones
  a +0 leather armour
(9, 22, D:2)
  a +0 club
(12, 23, D:2)
  a +4 dagger
(18, 35, D:2)
  a +0 hand axe
(38, 36, D:2)
  a +0 short sword
(40, 37, D:2)
  a stone
(8, 38, D:2)
  12 bolts of penetration
(49, 38, D:2)
  a stone
(14, 39, D:2)
  2 stones
(38, 39, D:2)
  4 stones
(45, 39, D:2)
  3 stones
(48, 39, D:2)
  a stone
(45, 40, D:2)
  a +1 helmet of see invisible
(48, 40, D:2)
  18 stones
(14, 44, D:2)
  a +0 long sword

Level 3 of the Dungeon
(0, 0, D:3)
  a +0 club
(-2, 1, D:3)
  20 arrows
(2, 5, D:3)
  a +0 whip
(29, 8, D:3)
  15 stones
(-14, 11, D:3)
  a cursed +0 leather armour
(37, 12, D:3)
  a cursed -3 hunting sling
  a +0 dagger
  18 sling bullets
(-6, 14, D:3)
  a +0 chain mail
(39, 14, D:3)
  a sling bullet
(41, 15, D:3)
  a +0 hunting sling
(23, 17, D:3)
  33 sling bullets
(32, 18, D:3)
  a +2 leather armour of fire resistance
(19, 20, D:3)
  a +0 quarterstaff
(31, 21, D:3)
  13 poisoned needles
(26, 28, D:3)
  a +0 club
(-4, 29, D:3)
  a poisoned needle
(-3, 29, D:3)
  a poisoned needle
(31, 30, D:3)
  a +0 whip
(-7, 31, D:3)
  7 poisoned needles
  a +0 blowgun
  a +0 short sword
(-6, 33, D:3)
  a +0 trident

Level 4 of the Dungeon
(0, 0, D:4)
  22 sling bullets
(-51, 2, D:4)
  a +0 spear
(-32, 3, D:4)
  27 arrows
(-7, 4, D:4)
  21 bolts
(-27, 6, D:4)
  a +0 leather armour
  a +0 trident
(-26, 7, D:4)
  a +0 leather armour
  a +0 dagger
  a +0 whip
  a +0 chain mail
(-14, 9, D:4)
  a +0 leather armour
(-22, 15, D:4)
  a +0 club
(-43, 17, D:4)
  a +4 hunting sling
(-38, 18, D:4)
  a +0 chain mail
(-23, 19, D:4)
  a cursed +0 buckler
(-24, 30, D:4)
  a +0 leather armour

Level 5 of the Dungeon
(0, 0, D:5)
  a +0 flail
(-28, 6, D:5)
  4 arrows
(-41, 15, D:5)
  20 poisoned needles
(-29, 21, D:5)
  21 poisoned arrows
(-18, 24, D:5)
  14 arrows
  a +0 shortbow
(-18, 26, D:5)
  an arrow
(-17, 27, D:5)
  an arrow
(-19, 28, D:5)
  a throwing net
(-16, 28, D:5)
  2 arrows
(-15, 29, D:5)
  an arrow
(-33, 30, D:5)
  a +1 falchion
(-53, 32, D:5)
  a +0 scale mail
(-16, 33, D:5)
  4 poisoned needles
(-7, 35, D:5)
  a +0 robe
  a +0 scythe
(-39, 40, D:5)
  a +0 war axe
(-2, 42, D:5)
  a +0 chain mail
(5, 43, D:5)
  a +0 robe

Level 6 of the Dungeon
[Shop] Mewuheen's Weapon Shop
  a +0 flail (52 gold)
  14 stones (21 gold)
  a +0 dagger (30 gold)
  the +10 shortbow of Xyudwypu {venom, +Inv +Fly MR+ Stlth-} (1108 gold)
    It poisons the ammo it fires.
    
    It affects your resistance to hostile enchantments.
    It lets you turn invisible.
    It lets you fly.
    It makes you less stealthy.
  a +0 falchion (45 gold)
  a +0 quarterstaff (60 gold)
  a +0 falchion (45 gold)
  a +0 rapier (60 gold)
  a +0 spear (45 gold)
  a +0 hand axe (45 gold)
(0, 0, D:6)
  24 arrows
(-12, 2, D:6)
  a cursed +0 flail
(-11, 2, D:6)
  a cursed -1 flail
(9, 2, D:6)
  a +0 halberd
(-7, 3, D:6)
  a +0 spear of venom
(-52, 5, D:6)
  a +0 club
(-37, 5, D:6)
  a +0 morningstar
(-11, 5, D:6)
  a +0 spear
  a +0 flail
(-11, 6, D:6)
  a +0 halberd
  9 stones
(-8, 7, D:6)
  a stone
(-7, 7, D:6)
  a cursed -3 spear
  a +0 flail
(-6, 7, D:6)
  a stone
(-4, 7, D:6)
  a +0 flail
  a +0 halberd
(0, 7, D:6)
  a +0 flail
(3, 7, D:6)
  a +0 cloak
(-7, 8, D:6)
  a +0 quarterstaff
(-5, 8, D:6)
  a stone
(13, 8, D:6)
  a +0 halberd
(-28, 9, D:6)
  a +0 halberd
(-1, 11, D:6)
  a +0 club
  a +0 halberd
(-38, 12, D:6)
  a cursed -1 ring mail
(-3, 14, D:6)
  a +0 halberd
  a +0 halberd
(12, 14, D:6)
  a +0 spear
(-16, 15, D:6)
  a +0 halberd
(5, 15, D:6)
  a +0 spear
(9, 16, D:6)
  a +0 flail
(-26, 17, D:6)
  a +0 club
(5, 17, D:6)
  a +0 giant club
(9, 17, D:6)
  a +3 flail of holy wrath
(0, 20, D:6)
  a +0 club
(1, 20, D:6)
  a +0 halberd
(-35, 21, D:6)
  a +0 whip
(-24, 22, D:6)
  a +0 buckler of protection
(4, 22, D:6)
  a +0 flail
(8, 24, D:6)
  a +0 whip
(10, 24, D:6)
  a +0 short sword
  a +0 leather armour
(12, 24, D:6)
  a +0 whip
  a +0 leather armour
  a +0 dire flail
  a +0 plate armour
(2, 25, D:6)
  a cursed -2 whip
(0, 27, D:6)
  a +0 long sword
(-14, 30, D:6)
  a +0 ring mail
  a +0 robe
  a +0 dagger
(-45, 31, D:6)
  a +0 quarterstaff
(-21, 31, D:6)
  a +0 whip
  a +0 flail
(-14, 31, D:6)
  a +0 robe
  a +0 dagger
(-22, 32, D:6)
  a +0 hand axe
(5, 32, D:6)
  a +0 club
(-19, 47, D:6)
  a +0 dagger
(-21, 48, D:6)
  a +0 scale mail
(-18, 48, D:6)
  an uncursed ring of ice

Level 7 of the Dungeon
(0, 0, D:7)
  a +0 shortbow
  16 arrows
(-33, 1, D:7)
  3 large rocks
(1, 1, D:7)
  a +0 leather armour
  a +0 dagger
  a +0 robe
  a +2 hand axe of freezing
  2 tomahawks
  a +0 hand axe
  a +0 plate armour
(1, 2, D:7)
  a tomahawk
  2 arrows
(-30, 4, D:7)
  a stone
(2, 4, D:7)
  an arrow
(-15, 5, D:7)
  a +0 club
(17, 5, D:7)
  a +0 dagger
(-18, 10, D:7)
  14 arrows
(8, 19, D:7)
  a +0 whip
  a +0 spear
(9, 19, D:7)
  a +0 halberd
  a +0 whip
  a +0 leather armour
(-28, 20, D:7)
  14 stones
(2, 20, D:7)
  a +0 club
(4, 20, D:7)
  a cursed -1 dagger
  a +0 robe
  a +3 short sword of venom
(5, 20, D:7)
  a +0 hand axe
  a +0 chain mail
(-28, 22, D:7)
  a stone
(-21, 32, D:7)
  a +0 leather armour
(-12, 33, D:7)
  2 stones
(-11, 35, D:7)
  a stone
  a +0 whip
  a +0 ring mail
(-17, 36, D:7)
  an uncursed staff of energy

Level 8 of the Dungeon
(0, 0, D:8)
  a +0 leather armour
(-26, 8, D:8)
  a +0 plate armour
(-10, 17, D:8)
  a +0 mace
  a +0 chain mail
(-9, 17, D:8)
  a +0 hand axe
  a +0 leather armour
(-8, 17, D:8)
  a +0 war axe
  a +0 leather armour
(-29, 18, D:8)
  20 stones
(-10, 18, D:8)
  a +0 club
  a +0 ring mail
(-1, 18, D:8)
  21 arrows
(12, 18, D:8)
  a +0 rapier
(6, 20, D:8)
  a +0 club
(8, 20, D:8)
  a +0 dagger
  a +0 robe
(-34, 22, D:8)
  15 stones
(7, 22, D:8)
  a +0 long sword
  a +0 plate armour
(-32, 23, D:8)
  a +0 leather armour
(14, 27, D:8)
  a +0 trident
(-22, 29, D:8)
  a +0 short sword
  a +0 blowgun
  3 poisoned needles
(-20, 30, D:8)
  a poisoned needle
(7, 31, D:8)
  a +0 dagger
  a +0 robe
(-18, 32, D:8)
  a poisoned needle
(-17, 32, D:8)
  a poisoned needle
(1, 32, D:8)
  a scroll of amnesia
  2 potions of brilliance
  a book of Clouds
  a book of Ice
  a potion of poison
  a potion of degeneration
  a +0 plate armour
(7, 32, D:8)
  a +0 long sword
  a cursed +0 leather armour
(8, 32, D:8)
  a +0 flail
(-17, 33, D:8)
  a poisoned needle

Level 9 of the Dungeon
(0, 0, D:9)
  a +0 club
(23, 0, D:9)
  20 sling bullets
(-21, 2, D:9)
  13 stones
(28, 10, D:9)
  a +0 dagger
(29, 10, D:9)
  2 tomahawks
(-17, 11, D:9)
  a +0 hand axe
(-16, 11, D:9)
  a +0 flail of holy wrath
(28, 11, D:9)
  a +0 club
  a +0 leather armour
(29, 11, D:9)
  a +0 dagger
  a +0 leather armour
(-18, 12, D:9)
  a +0 morningstar
(29, 12, D:9)
  a +0 halberd
  a +0 chain mail
(-15, 13, D:9)
  a +0 ring mail
(30, 19, D:9)
  3 stones
(-12, 23, D:9)
  a +0 club
  a +0 hand axe
  a +0 plate armour
  a +0 leather armour
  a +0 whip
(25, 24, D:9)
  a +0 hand axe
(2, 25, D:9)
  a +0 dagger
(9, 25, D:9)
  a +0 giant club
(14, 32, D:9)
  a +0 scale mail
(30, 33, D:9)
  16 arrows
(32, 40, D:9)
  a +0 dagger
  a +0 robe
(-21, 44, D:9)
  a stone
(-19, 44, D:9)
  a stone
(-17, 44, D:9)
  2 stones

Level 10 of the Dungeon
[Shop] Kotac's Book Shoppe
  a book of the Tempests (910 gold)
  a manual of Bows (1435 gold)
  a book of Frost (455 gold)
  a book of Debilitation (520 gold)
  a book of Spatial Translocations (845 gold)
  the Handbook of Unholy Confrontation (806 gold)
    Spells                             Type                      Level
     a - Pain                         Necromancy                    1
     b - Stone Arrow                  Conjuration/Earth             3
     c - Sticky Flame                 Conjuration/Fire              4
     d - Freezing Cloud               Conjuration/Ice/Air           6
     e - Death Channel                Necromancy                    6
  the Grimoire of Transformation and Clay (877 gold)
    Spells                             Type                      Level
     a - Stoneskin                    Transmutation/Earth           2
     b - Bolt of Magma                Conjuration/Fire/Earth        5
     c - Hydra Form                   Transmutation                 6
     d - Dragon Form                  Transmutation                 7
  a book of Frost (455 gold)
  a book of Debilitation (520 gold)
[Shop] Bugaled's General Store
  a +0 hand crossbow (42 gold)
  a scroll of noise (12 gold)
  a beef jerky (18 gold)
  a scroll of recharging (114 gold)
  a potion of haste (120 gold)
  a +0 battleaxe (78 gold)
  a +0 leather armour (24 gold)
  14 stones (16 gold)
(0, 0, D:10)
  a +0 club
(-13, 10, D:10)
  29 sling bullets
(-9, 11, D:10)
  a +0 dagger
  a +0 robe
(-8, 13, D:10)
  a cursed +0 short sword
(-7, 13, D:10)
  a +0 ring mail
(21, 16, D:10)
  a large rock
(15, 18, D:10)
  a book of Air
(21, 18, D:10)
  4 large rocks
(-9, 20, D:10)
  a +0 giant spiked club
(11, 20, D:10)
  a cursed +2 hand axe
  a +0 robe
(12, 20, D:10)
  a +0 spear
  a cursed +0 robe
(4, 23, D:10)
  a +0 halberd
(5, 23, D:10)
  a +0 spear
(8, 23, D:10)
  a +0 trident
  a cursed +0 robe
(10, 23, D:10)
  a +2 trident
  a +0 robe
(6, 24, D:10)
  a +0 whip
  a throwing net
(8, 24, D:10)
  a +3 spear
  a +0 robe
(-2, 33, D:10)
  17 stones
(36, 44, D:10)
  a +0 leather armour
(36, 46, D:10)
  a stone
  a cursed +0 battleaxe
  a +0 robe
  a +0 scale mail
(35, 47, D:10)
  a stone
(35, 49, D:10)
  3 stones
(35, 50, D:10)
  a +1 falchion
  a +0 robe
(36, 50, D:10)
  a +3 mace of freezing
  a +0 robe
(34, 51, D:10)
  a +0 robe
(35, 51, D:10)
  a +2 short sword
  a +0 robe

the Ecumenical Temple

