Sanguine

Level 1 of the Dungeon
(0, 0, D:1)
  a +0 ring mail
(26, 1, D:1)
  a +0 club
(30, 4, D:1)
  12 arrows
(25, 15, D:1)
  a +0 club
(3, 17, D:1)
  a +0 dagger
(-18, 18, D:1)
  a +0 leather armour
(23, 22, D:1)
  a +0 hand axe
(22, 23, D:1)
  a +0 ring mail
(28, 25, D:1)
  a +0 club
(30, 31, D:1)
  a +0 dagger
(-1, 32, D:1)
  a +0 club
(7, 34, D:1)
  a +0 dagger
(5, 38, D:1)
  a +0 dagger
(18, 39, D:1)
  a +0 dagger
(-14, 46, D:1)
  a +0 club
(20, 46, D:1)
  11 arrows of dispersal
(9, 48, D:1)
  a +0 hunting sling

Level 2 of the Dungeon
(0, 0, D:2)
  a +0 leather armour
(-12, 8, D:2)
  a giant cockroach corpse
(-11, 8, D:2)
  a +0 mace
(-10, 10, D:2)
  a +0 dagger of venom
  a kobold corpse
(-26, 24, D:2)
  14 sling bullets
(-26, 25, D:2)
  a quokka skeleton
(-30, 37, D:2)
  21 stones

