Sanguine

Level 1 of the Dungeon
(0, 0, D:1)
  a +0 hand axe
(3, 14, D:1)
  a +0 whip
(-7, 15, D:1)
  a +0 robe
(-2, 15, D:1)
  20 bolts
(3, 17, D:1)
  a +0 club
(28, 17, D:1)
  a +0 leather armour
(4, 20, D:1)
  a +0 hunting sling
(-13, 24, D:1)
  a +0 club
(-12, 24, D:1)
  a +2 dagger of venom
(-13, 33, D:1)
  a stone
(17, 34, D:1)
  a +0 club
(-13, 35, D:1)
  a stone
(-4, 35, D:1)
  a +0 dagger
(-9, 36, D:1)
  a stone

Level 2 of the Dungeon
(0, 0, D:2)
  a +0 flail
(5, 4, D:2)
  6 poisoned bolts
(-10, 9, D:2)
  a +0 rapier
(-4, 21, D:2)
  a +0 large shield
(-12, 26, D:2)
  a +0 long sword
(-5, 32, D:2)
  a +0 dagger

