Perseus

Level 1 of the Dungeon
(0, 0, D:1)
  a +0 whip
(-24, 3, D:1)
  a +0 club
(-2, 4, D:1)
  a +0 scale mail
(-16, 6, D:1)
  a +0 hunting sling
(-33, 12, D:1)
  a rat corpse (skeletalised by now)
(-6, 15, D:1)
  a +0 club
(-39, 17, D:1)
  20 arrows
(-12, 18, D:1)
  a +0 leather armour
(-11, 20, D:1)
  a +1 dagger of speed
(-24, 24, D:1)
  a +0 short sword
(-27, 36, D:1)
  a stone
(-27, 37, D:1)
  a stone
(11, 39, D:1)
  a +0 club

Level 2 of the Dungeon
(0, 0, D:2)
  a rat corpse
(1, 2, D:2)
  a hobgoblin corpse

