Sanguine

Level 1 of the Dungeon
(0, 0, D:1)
  a +0,+0 club
(-2, 5, D:1)
  a -1,+0 orcish club
(12, 12, D:1)
  a +0,+1 orcish club
(-7, 23, D:1)
  a -1,+1 orcish club
(-7, 25, D:1)
  a +0,+0 club
(6, 28, D:1)
  18 sling bullets
(-26, 29, D:1)
  a +2,+0 whip
(3, 29, D:1)
  a +0,+0 club
(16, 32, D:1)
  a -1,+1 orcish dagger
(17, 35, D:1)
  21 arrows
(-22, 38, D:1)
  14 darts
(9, 38, D:1)
  a dart
(9, 39, D:1)
  a dart
(1, 40, D:1)
  22 arrows

Level 2 of the Dungeon
(0, 0, D:2)
  a +0,+0 club
(27, 0, D:2)
  a +0,+1 orcish club
(11, 1, D:2)
  19 arrows
(9, 3, D:2)
  17 darts
(33, 3, D:2)
  11 darts
(-11, 6, D:2)
  a +0,+0 whip
(14, 7, D:2)
  26 stones
(1, 14, D:2)
  a +0,+1 orcish club
(-6, 16, D:2)
  a +0,+0 sling
  14 stones
(6, 25, D:2)
  18 sling bullets
(-4, 26, D:2)
  a +0,+0 club
(22, 27, D:2)
  a +0,+0 club
(-1, 29, D:2)
  10 arrows of flame
(23, 32, D:2)
  a +0,+0 club

Level 3 of the Dungeon
(0, 0, D:3)
  a gnoll corpse
(0, 7, D:3)
  a scroll of identify

