Asterion

Level 1 of the Dungeon
(0, 0, D:1)
  a +0 short sword
(15, 3, D:1)
  a +0 animal skin
(-6, 6, D:1)
  a +0 club
(44, 7, D:1)
  a +0 hunting sling
(10, 8, D:1)
  2 stones
(18, 8, D:1)
  a stone
(-9, 12, D:1)
  a +0 scale mail
(1, 16, D:1)
  11 stones
(22, 16, D:1)
  a scroll of remove curse
(2, 18, D:1)
  19 arrows
(36, 20, D:1)
  a +0 dagger
(37, 21, D:1)
  a +0 dagger
(20, 23, D:1)
  a +0 dagger
(36, 23, D:1)
  a cursed -2 dagger
(22, 25, D:1)
  a stone
(20, 28, D:1)
  a stone
(36, 28, D:1)
  a stone
(23, 29, D:1)
  a stone
(24, 29, D:1)
  a stone
(28, 29, D:1)
  a cursed -3 whip
(30, 29, D:1)
  a +0 spear of venom
(0, 30, D:1)
  18 sling bullets
(18, 30, D:1)
  a +0 short sword
  a stone

Level 2 of the Dungeon
(0, 0, D:2)
  a +0 dagger
(27, 8, D:2)
  a +0 ring mail
(-33, 9, D:2)
  2 stones
(-2, 9, D:2)
  a +0 club
(-2, 16, D:2)
  a cursed -2 hand axe
  a +0 chain mail
  a cursed -1 club
(0, 17, D:2)
  16 arrows
(6, 18, D:2)
  a +0 dagger
(-17, 25, D:2)
  4 poisoned needles
(6, 26, D:2)
  a +0 leather armour
(3, 31, D:2)
  a +1 hunting sling of flaming
(-9, 49, D:2)
  a stone
(-24, 50, D:2)
  a +0 club
(-7, 50, D:2)
  a cursed -2 dagger
  2 stones

Level 3 of the Dungeon
(0, 0, D:3)
  a +0 leather armour
(-19, 2, D:3)
  a +0 dagger
  a +0 robe
  a +0 club
  a cursed +0 leather armour
(-6, 8, D:3)
  a +0 short sword
(-2, 8, D:3)
  a +0 club
(-8, 15, D:3)
  a +0 club
(8, 17, D:3)
  a +0 dagger
(17, 19, D:3)
  a +0 club
(18, 22, D:3)
  a +0 leather armour
(-22, 25, D:3)
  a +0 falchion
(-19, 25, D:3)
  a +0 dagger
  a +0 robe
(-15, 25, D:3)
  21 stones
(7, 25, D:3)
  a +0 club
(-19, 26, D:3)
  a +0 dagger
  a +0 flail
  3 stones
(13, 26, D:3)
  13 stones
(-11, 29, D:3)
  a +0 short sword
(21, 29, D:3)
  a +0 dagger
(-5, 31, D:3)
  21 poisoned needles
(-21, 32, D:3)
  9 arrows
(0, 32, D:3)
  24 poisoned sling bullets
(10, 34, D:3)
  a +0 leather armour
(-23, 36, D:3)
  a +0 chain mail
(7, 37, D:3)
  a +0 dagger

Level 4 of the Dungeon
(0, 0, D:4)
  14 poisoned needles
(-22, 3, D:4)
  3 tomahawks of returning
(-28, 13, D:4)
  a +0 leather armour
(3, 26, D:4)
  a +0 leather armour
(-29, 30, D:4)
  10 sling bullets
(-1, 30, D:4)
  a +0 ring mail
(-26, 33, D:4)
  a +2 dagger of speed
(-1, 33, D:4)
  15 arrows
(0, 35, D:4)
  a +0 leather armour
(-30, 36, D:4)
  10 stones
(4, 36, D:4)
  18 stones
(15, 36, D:4)
  a cursed +0 ring mail
(-1, 38, D:4)
  a +0 shield

Level 5 of the Dungeon
(0, 0, D:5)
  a +0 club
(13, 0, D:5)
  25 stones
(-2, 1, D:5)
  a stone
(0, 4, D:5)
  2 poisoned arrows
(1, 4, D:5)
  a +0 club
(7, 5, D:5)
  25 stones
(0, 7, D:5)
  7 poisoned arrows
  a +0 shortbow
(-23, 12, D:5)
  a +0 giant club
(13, 20, D:5)
  a cursed -2 whip
(12, 22, D:5)
  a +0 leather armour
(-22, 23, D:5)
  a +0 mace
  2 arrows
(-22, 24, D:5)
  a +0 dagger
  a +0 robe
(-23, 25, D:5)
  an arrow
  a +0 short sword of speed
(2, 25, D:5)
  a +0 mace
(-22, 26, D:5)
  a +0 whip
(-24, 28, D:5)
  a +0 shortbow
  19 arrows
(-12, 33, D:5)
  a cursed -3 flail
  4 tomahawks
(-8, 33, D:5)
  a tomahawk
(-13, 34, D:5)
  a +0 halberd
  a +0 chain mail
(-12, 34, D:5)
  a +0 dagger
  a +0 robe
  a +0 club
  a +0 scale mail
(-9, 34, D:5)
  a tomahawk
(-31, 35, D:5)
  a +0 dagger
(-12, 35, D:5)
  a +0 club
(-14, 37, D:5)
  a +0 leather armour
(-17, 38, D:5)
  22 arrows

Level 6 of the Dungeon
(0, 0, D:6)
  a +0 whip of flaming
  a +0 robe
(-9, 4, D:6)
  5 javelins
(-13, 5, D:6)
  a +0 quarterstaff
(7, 5, D:6)
  a +2 morningstar
  a +0 robe
(7, 6, D:6)
  a +0 war axe
  a +0 robe
(-7, 7, D:6)
  a +0 mace
(-5, 7, D:6)
  a +0 spear
(7, 7, D:6)
  a +0 spear
  a +0 robe
(8, 7, D:6)
  a +0 halberd
  a +0 robe
  a +2 hand axe
  a +0 robe
(-7, 9, D:6)
  a +0 falchion
(-5, 9, D:6)
  a +0 hand axe
(-2, 14, D:6)
  a +0 leather armour
(15, 15, D:6)
  a +0 mace
(15, 16, D:6)
  a +0 dagger
  a +0 leather armour
  a +0 hand axe
(16, 16, D:6)
  a +0 short sword
  a +0 scale mail
(12, 24, D:6)
  18 arrows of frost
(19, 29, D:6)
  9 stones
(27, 29, D:6)
  a +3 falchion
(4, 41, D:6)
  28 stones

Level 7 of the Dungeon
(0, 0, D:7)
  15 stones
(9, 3, D:7)
  19 stones
(-9, 8, D:7)
  a +0 giant club
(37, 11, D:7)
  a +3 war axe
  14 stones
  a +0 robe
(38, 11, D:7)
  a cursed +1 halberd
  a +0 robe
(29, 12, D:7)
  a +0 short sword
(35, 13, D:7)
  a stone
  a +0 dagger
  a +0 robe
(12, 14, D:7)
  a +0 falchion
(13, 14, D:7)
  a +0 trident
  a +0 chain mail
(35, 14, D:7)
  a cursed +0 mace
  a +0 robe
  a +1 scimitar
  a +0 robe
(6, 15, D:7)
  a +0 giant club
(4, 19, D:7)
  a +0 hand axe
(18, 24, D:7)
  an arrow
(19, 24, D:7)
  an arrow
(20, 24, D:7)
  an arrow
(14, 25, D:7)
  a +2 shortbow of freezing
  5 arrows
(16, 25, D:7)
  an arrow
(17, 25, D:7)
  an arrow
(1, 27, D:7)
  a +0 club
(43, 29, D:7)
  a potion of lignification
(9, 31, D:7)
  a +0 leather armour
(35, 35, D:7)
  a +0 ring mail
(-18, 37, D:7)
  13 stones
(37, 37, D:7)
  a +0 whip
(29, 45, D:7)
  a +0 leather armour
(3, 48, D:7)
  a +0 falchion
(28, 51, D:7)
  a +0 robe
(0, 54, D:7)
  a stone
(-1, 55, D:7)
  a stone
(-3, 57, D:7)
  a +0 dagger
  2 stones
(0, 61, D:7)
  a +0 chain mail

Level 8 of the Dungeon
(-31, 2, D:8)
  a +0 shortbow
  22 arrows
(-15, 2, D:8)
  a potion of confusion
(-5, 14, D:8)
  a +0 shortbow
  11 arrows
(-4, 14, D:8)
  a +1 great sword of electrocution
  an arrow
(-1, 16, D:8)
  2 arrows
(7, 16, D:8)
  a +0 ring mail
(-1, 17, D:8)
  2 arrows
(-15, 20, D:8)
  a +0 giant spiked club
  a +0 robe
(-13, 22, D:8)
  a +0 robe
(-12, 23, D:8)
  a +0 flail
(12, 29, D:8)
  a +0 short sword
  a +0 leather armour
  19 stones
(12, 30, D:8)
  a +0 flail
  a +0 ring mail
(27, 31, D:8)
  a +0 scale mail
(-13, 35, D:8)
  a +0 short sword
(-1, 44, D:8)
  19 stones

Level 9 of the Dungeon
[Shop] Pleybau's Assorted Antiques
  a book of Conjurations (345 gold)
  a scroll of enchant armour (172 gold)
  a scroll of identify (46 gold)
  a scroll of amnesia (80 gold)
  a potion of cancellation (126 gold)
  a potion of might (20 gold)
  a scroll of summoning (23 gold)
  a scroll of identify (46 gold)
  an uncursed ring of flight (115 gold)
  a wand of digging (12) (184 gold)
  a +0 war axe (80 gold)
(0, 0, D:9)
  a +0 club
(-1, 1, D:9)
  a +0 dagger
  a +0 leather armour
(0, 1, D:9)
  a +0 whip
  a +0 war axe
  a +0 ring mail
  a +0 dagger
  a +0 robe of fire resistance
(0, 2, D:9)
  a tomahawk
(0, 3, D:9)
  2 tomahawks
(-25, 6, D:9)
  the +4 hand axe of the Wraith {freeze, rElec rPois rF+ rC+ rN+}
    It has been specially enchanted to freeze those struck by it, causing extra
    injury to most foes and up to double damage against particularly susceptible
    opponents. It can also slow down cold-blooded creatures.
    
    It protects you from fire.
    It protects you from cold.
    It insulates you from electricity.
    It protects you from poison.
    It protects you from negative energy.
(9, 8, D:9)
  a +0 dire flail
  a +0 robe
(10, 8, D:9)
  a cursed +2 long sword
  a cursed +0 robe
(9, 10, D:9)
  a cursed +0 dagger
  a +0 robe
(-27, 14, D:9)
  a +0 trident
(-27, 18, D:9)
  5 needles of sleeping
(11, 18, D:9)
  a +0 dire flail
(13, 19, D:9)
  an uncursed ring of wizardry
  an uncursed ring of magical power
(-6, 21, D:9)
  a +0 scale mail
(-21, 27, D:9)
  a +0 club

Level 10 of the Dungeon
[Shop] Ematod's Antique Armour Shoppe
  a +2 scale mail of fire resistance (136 gold)
  a +0 pair of gloves (153 gold)
  a +0 ring mail (136 gold)
  the +2 leather armour of the Sun {rElec rN+} (238 gold)
    It insulates you from electricity.
    It protects you from negative energy.
  the +1 robe "Dikhoe Bree" {Str+4} (193 gold)
    It affects your strength (+4).
  a +0 leather armour (68 gold)
  the +1 pair of gloves of Jil Cosh {+Rage} (323 gold)
    It lets you go berserk.
  a +0 robe (23 gold)
  a +0 leather armour (68 gold)
  a +0 scale mail (136 gold)
  a +0 ring mail (136 gold)
(0, 0, D:10)
  a +0 club
(8, 0, D:10)
  11 stones
(8, 1, D:10)
  a +0 dagger
(10, 1, D:10)
  a +0 robe
  a +0 dagger
(2, 2, D:10)
  a +0 cutlass
(8, 4, D:10)
  a +0 falchion
(30, 4, D:10)
  a +0 hand axe
(31, 4, D:10)
  a +0 giant club
  a +0 mace
  a +0 scale mail
  a +0 dagger
  a +0 chain mail
  a +0 war axe
  a +0 chain mail
(33, 4, D:10)
  a tomahawk
(36, 4, D:10)
  a tomahawk
(9, 5, D:10)
  a +1 chain mail
  a +0 long sword
  a +0 flail
  a +0 hand axe
  a +2 flail of protection
(10, 5, D:10)
  a +0 chain mail
  a +0 war axe
(11, 5, D:10)
  a +0 robe
  a +0 dagger
(-11, 7, D:10)
  2 curare-tipped needles
(-6, 8, D:10)
  an uncursed staff of cold
(-16, 18, D:10)
  20 stones
(36, 19, D:10)
  15 stones
(-14, 20, D:10)
  a +0 cutlass
(-3, 21, D:10)
  2 javelins
(22, 26, D:10)
  a +0 shortbow
  13 arrows
(23, 27, D:10)
  an arrow
(19, 28, D:10)
  an uncursed staff of cold
  a +1 robe of cold resistance
(23, 28, D:10)
  an arrow
(41, 28, D:10)
  14 sling bullets
(21, 29, D:10)
  an uncursed ring of ice
(22, 29, D:10)
  2 arrows
(23, 29, D:10)
  an arrow
(22, 30, D:10)
  an arrow
(23, 30, D:10)
  an arrow
(22, 31, D:10)
  an arrow
(22, 32, D:10)
  an arrow
  a +0 helmet
(23, 33, D:10)
  13 stones
(22, 34, D:10)
  an arrow
(31, 34, D:10)
  a potion of confusion

the Ecumenical Temple

Level 1 of the Orcish Mines
(6, 0, Orc:1)
  a +0 club
  a +0 leather armour
  a +0 dagger
  a +0 club
  a +0 hand axe
(7, 0, Orc:1)
  a +0 whip
  a +0 plate armour
  a +0 dagger
  a +0 ring mail
  a +0 glaive
(5, 1, Orc:1)
  a +1 robe of fire resistance
  a +0 dagger
  a +0 dagger of electrocution
  a cursed -1 hand axe
(7, 1, Orc:1)
  a +0 robe
  a +0 dagger
  a +0 hand axe
(12, 1, Orc:1)
  a +1 dagger of speed
(5, 2, Orc:1)
  a +0 dagger
  a +0 mace
  a +0 war axe
  a +0 plate armour
  a +0 whip
  a +0 dagger
  a +0 robe
(6, 2, Orc:1)
  a +0 robe
  a +0 dagger
  a +0 long sword
  a +0 plate armour
  a +0 hand axe
(7, 2, Orc:1)
  a cursed -1 flail
  a +0 battleaxe
  a +0 plate armour
  a +0 giant club
  a +0 leather armour
(16, 2, Orc:1)
  a +2 hand axe of chopping
  a +0 leather armour
(5, 3, Orc:1)
  a +0 trident
(6, 3, Orc:1)
  a +0 leather armour
  a +0 whip
(7, 3, Orc:1)
  a +0 chain mail
  a +0 mace
(16, 3, Orc:1)
  a +0 club
(-1, 4, Orc:1)
  a +0 dagger
  a +0 robe
(6, 4, Orc:1)
  a +0 leather armour
  a +0 mace
(15, 4, Orc:1)
  a +0 war axe
  a +0 leather armour
(-1, 8, Orc:1)
  a +0 flail
(-1, 9, Orc:1)
  a +0 scale mail
  a +0 dagger
  a +0 club
(0, 9, Orc:1)
  a +0 scale mail
(26, 9, Orc:1)
  a +0 giant spiked club
  (unseen)
(24, 10, Orc:1)
  a tomahawk
(26, 11, Orc:1)
  a tomahawk
(27, 12, Orc:1)
  a tomahawk
(27, 13, Orc:1)
  a +0 hand axe (still there?)
  9 gold pieces (still there?)
(28, 13, Orc:1)
  2 tomahawks
(29, 13, Orc:1)
  a +4 long sword
  (unseen)
(29, 14, Orc:1)
  a +0 mace
  (unseen)
(3, 16, Orc:1)
  a +0 falchion
  a rotting orc corpse
(6, 17, Orc:1)
  a +0 short sword
  a +0 ring mail
(7, 18, Orc:1)
  a +0 mace
  a +0 leather armour
(7, 22, Orc:1)
  a +0 club

