Asterion

Level 1 of the Dungeon
(-17, 8, D:1)
  a +0 short sword
  2 stones
(-19, 10, D:1)
  a stone
(-13, 10, D:1)
  a +0 robe
(0, 15, D:1)
  a +0 robe
(8, 19, D:1)
  23 stones
(-8, 29, D:1)
  a +0 club
(-26, 32, D:1)
  a +0 hunting sling
(-37, 37, D:1)
  24 stones
(-30, 37, D:1)
  a +0 leather armour
(-17, 53, D:1)
  a +0 leather armour

Level 2 of the Dungeon
(0, 0, D:2)
  a +0 dagger
(22, 10, D:2)
  27 sling bullets
(44, 15, D:2)
  14 sling bullets
(43, 19, D:2)
  29 stones
(16, 24, D:2)
  a +0 quarterstaff
(25, 24, D:2)
  a stone
(24, 25, D:2)
  a stone
(-7, 30, D:2)
  a +0 shield
(33, 30, D:2)
  11 poisoned needles
(-15, 38, D:2)
  a +0 pair of gloves
(37, 39, D:2)
  a +0 dagger
(15, 42, D:2)
  a cursed +0 mace

Level 3 of the Dungeon
(0, 0, D:3)
  a +0 club
(-10, 6, D:3)
  a giant newt skeleton
(1, 11, D:3)
  a +0 dagger
  a +0 leather armour
(-40, 16, D:3)
  a +0 short sword
(3, 16, D:3)
  22 bolts
(6, 19, D:3)
  26 arrows
(-20, 22, D:3)
  a +0 animal skin
(-4, 25, D:3)
  a +0 club
(19, 25, D:3)
  a +0 robe
(-36, 27, D:3)
  a +0 club
(-24, 33, D:3)
  a +0 dagger
(17, 34, D:3)
  a stone
(14, 35, D:3)
  a +0 whip
(20, 35, D:3)
  19 bolts
(-15, 47, D:3)
  9 bolts of penetration

