Sanguine

Level 1 of the Dungeon
(0, 0, D:1)
  a +0 club
(14, 3, D:1)
  a cursed -2 short sword
  a +0 club
(6, 6, D:1)
  a stone
(13, 6, D:1)
  a stone
(3, 7, D:1)
  a +0 short sword
  3 stones
(5, 7, D:1)
  a stone
(33, 7, D:1)
  a +2 dagger of flaming
(14, 11, D:1)
  a +0 club
(10, 13, D:1)
  a stone
(42, 14, D:1)
  a +0 club
(39, 16, D:1)
  a +0 dagger
(39, 17, D:1)
  a +0 club
  a +0 club
(10, 19, D:1)
  a +0 club
(2, 27, D:1)
  a +0 spear
(-4, 36, D:1)
  21 stones
(-7, 38, D:1)
  a +0 leather armour

Level 2 of the Dungeon
(0, 0, D:2)
  a stone
(26, 3, D:2)
  a +0 club
(-2, 7, D:2)
  a +0 dagger
(33, 10, D:2)
  23 arrows
(13, 13, D:2)
  a +0 mace
(27, 16, D:2)
  a +0 club
(32, 33, D:2)
  11 stones
(27, 37, D:2)
  a +0 whip
(16, 40, D:2)
  a +0 scale mail
(2, 42, D:2)
  a +0 hunting sling
(12, 42, D:2)
  14 stones
(2, 43, D:2)
  a +1 spear of flaming

Level 3 of the Dungeon
(0, 0, D:3)
  a +0 short sword
  a +0 club
(14, 0, D:3)
  a +0 club
(26, 3, D:3)
  a +0 short sword
(1, 4, D:3)
  a +0 ring mail
(19, 5, D:3)
  a +0 long sword
(26, 5, D:3)
  a +0 war axe
(28, 14, D:3)
  a +0 dagger
  an uncursed staff of air
(28, 17, D:3)
  a +0 dagger
(33, 18, D:3)
  a +0 club
  a +0 leather armour
(27, 19, D:3)
  a +0 short sword
(29, 21, D:3)
  14 poisoned needles
(23, 22, D:3)
  a +0 hand axe
(28, 22, D:3)
  a stone
  a +0 club
(16, 24, D:3)
  a stone
(17, 25, D:3)
  a stone
(30, 25, D:3)
  a stone
(19, 28, D:3)
  a +0 short sword
  2 stones
(41, 28, D:3)
  a giant cockroach corpse
(41, 29, D:3)
  a +0 dagger
  2 stones
(-9, 30, D:3)
  a +0 short sword
(9, 31, D:3)
  a +0 whip
  a +0 leather armour

