Sanguine

Level 1 of the Dungeon
(0, 0, D:1)
  a +0 dagger
(-2, 6, D:1)
  a +0 whip
(-14, 7, D:1)
  a +0 leather armour
(20, 13, D:1)
  a +0 dagger
(20, 14, D:1)
  a cursed -3 dagger
(-7, 17, D:1)
  a +0 hunting sling
(4, 17, D:1)
  a +0 dagger
(-15, 18, D:1)
  a +0 chain mail
(-12, 21, D:1)
  a +0 club
(1, 22, D:1)
  25 stones
(11, 23, D:1)
  a +0 ring mail
(-3, 40, D:1)
  a +0 ring mail
(-3, 43, D:1)
  a +0 club

Level 2 of the Dungeon
(0, 0, D:2)
  a +0 dagger
(-34, 1, D:2)
  a +0 ring mail
(-28, 2, D:2)
  13 arrows
(14, 7, D:2)
  a stone
(14, 8, D:2)
  a stone
(13, 9, D:2)
  a stone
(12, 12, D:2)
  a +0 short sword
(1, 15, D:2)
  a stone
(-44, 16, D:2)
  a stone
(-46, 17, D:2)
  7 stones
(-42, 17, D:2)
  a +0 hunting sling
  5 stones
(-31, 21, D:2)
  4 stones
(1, 23, D:2)
  a +0 club
(-51, 29, D:2)
  21 stones
(-29, 33, D:2)
  20 poisoned arrows
(-39, 34, D:2)
  19 stones
(-50, 45, D:2)
  13 stones
(-30, 45, D:2)
  a +0 club
(-25, 45, D:2)
  a +0 pair of gloves
(11, 45, D:2)
  a +0 shield
(-30, 58, D:2)
  26 stones

Level 3 of the Dungeon
(0, 0, D:3)
  a +0 club
(22, 3, D:3)
  a cursed -2 hammer
(13, 5, D:3)
  a +0 club
(15, 15, D:3)
  a +0 dagger
(40, 16, D:3)
  a +0 spear
(5, 22, D:3)
  a +0 ring mail
(6, 32, D:3)
  a +0 scale mail

