Dracula

Level 1 of the Dungeon
(0, 0, D:1)
  a +2,+0 dagger
(-33, 3, D:1)
  18 stones
(-36, 6, D:1)
  a +0,+0 dagger
(-23, 10, D:1)
  a +0,+1 orcish club
(6, 10, D:1)
  19 stones
(-26, 13, D:1)
  12 poisoned bolts
(10, 14, D:1)
  a choko
(10, 26, D:1)
  a cursed -2,-1 short sword
(-24, 39, D:1)
  a bread ration
(-12, 44, D:1)
  a -1,+0 orcish club
(-6, 45, D:1)
  10 sling bullets
(-4, 45, D:1)
  a +0,+0 whip
  a +0,+0 club
  7 darts
(27, 51, D:1)
  a cursed -3,-2 orcish club
(7, 54, D:1)
  an apple

Level 2 of the Dungeon
(-7, 1, D:2)
  an apple
(10, 2, D:2)
  a +0 dwarven chain mail
(30, 5, D:2)
  a +0 ring mail
(42, 7, D:2)
  an adder corpse (skeletalised by now)
(43, 7, D:2)
  a rat corpse (skeletalised by now)
(-6, 8, D:2)
  a +2,+0 elven short sword
(-5, 8, D:2)
  7 javelins
(38, 9, D:2)
  a bat corpse (skeletalised by now)
(3, 11, D:2)
  12 arrows
(26, 16, D:2)
  19 bolts
(17, 17, D:2)
  a +0 shield
(34, 17, D:2)
  a plain deck of defence
(43, 22, D:2)
  a +2,+0 spear of venom
(44, 23, D:2)
  a ball python skeleton
(4, 25, D:2)
  a +0,+0 club
(46, 25, D:2)
  a cursed -4,-3 orcish dagger
(14, 27, D:2)
  a stone
(28, 27, D:2)
  a bread ration
(13, 28, D:2)
  a stone
(36, 28, D:2)
  20 stones
(10, 30, D:2)
  a bat corpse (skeletalised by now)
(11, 31, D:2)
  a +0,+1 orcish dagger of venom
  a +0,+0 sling
  19 stones
(13, 32, D:2)
  18 bolts

Level 3 of the Dungeon
(0, 0, D:3)
  a +0,+0 sling
(-32, 9, D:3)
  a stone
(-33, 10, D:3)
  a stone
(-30, 10, D:3)
  a stone
(-30, 11, D:3)
  a stone
(-19, 12, D:3)
  a throwing net
(-14, 12, D:3)
  a +0,+0 mace
(-25, 13, D:3)
  a stone
(-14, 13, D:3)
  a pear
(-34, 17, D:3)
  a scroll of remove curse
(-19, 17, D:3)
  a bread ration
(-34, 18, D:3)
  a scroll of teleportation
(-4, 35, D:3)
  a scroll of identify

Level 4 of the Dungeon
(0, 0, D:4)
  a bat skeleton

