Asterion

Level 1 of the Dungeon
(0, 0, D:1)
  a +0 animal skin
(4, 3, D:1)
  a +0 club
(0, 13, D:1)
  a +0 centaur barding
(24, 22, D:1)
  a +0 club
(32, 25, D:1)
  a +0 club
(31, 27, D:1)
  a +0 robe
(-26, 28, D:1)
  a +0 short sword
(3, 28, D:1)
  a +0 dagger
(-4, 31, D:1)
  a +0 club
(-25, 32, D:1)
  a stone
(-2, 46, D:1)
  a +0 buckler
(-10, 55, D:1)
  a +0 club

Level 2 of the Dungeon
(0, 0, D:2)
  a cursed -2 club
(-10, 7, D:2)
  a +0 club
(-2, 8, D:2)
  a +0 scale mail
(24, 12, D:2)
  15 stones
(14, 16, D:2)
  a +0 hunting sling
(16, 16, D:2)
  a +0 naga barding
(21, 16, D:2)
  a +0 hunting sling
(27, 16, D:2)
  a stone
(20, 17, D:2)
  a cursed +0 long sword
(28, 17, D:2)
  a stone
(15, 18, D:2)
  a +0 club
(26, 18, D:2)
  a +0 dagger
(27, 19, D:2)
  a +0 short sword
(29, 19, D:2)
  a +0 club
  a +0 club
  a +0 club
(-15, 21, D:2)
  20 stones
(-12, 21, D:2)
  a +0 ring mail
(-18, 29, D:2)
  a +0 club
(-9, 36, D:2)
  a +0 robe

Level 3 of the Dungeon
(0, 0, D:3)
  3 tomahawks
(5, 1, D:3)
  a +0 dagger
(15, 3, D:3)
  a +0 hand axe
  a +0 ring mail
(16, 3, D:3)
  a +0 hand axe
(60, 3, D:3)
  a +3 quarterstaff of chaos
(17, 4, D:3)
  a +0 flail
(63, 4, D:3)
  a +0 hammer
(48, 7, D:3)
  a +0 trident
(0, 8, D:3)
  2 tomahawks
(22, 8, D:3)
  a +0 short sword
(22, 9, D:3)
  a +2 hand axe of flaming
(10, 12, D:3)
  a +0 dagger
(36, 16, D:3)
  a +0 club
(43, 17, D:3)
  a +0 dagger
  a +0 robe
(44, 17, D:3)
  a +0 scale mail
  a +0 mace
  a +0 ring mail
(47, 22, D:3)
  2 stones
(48, 24, D:3)
  a stone
(49, 24, D:3)
  2 stones
(0, 26, D:3)
  a +0 helmet
(51, 28, D:3)
  a +0 club
(39, 31, D:3)
  a +0 club
(36, 32, D:3)
  a +0 club
(54, 36, D:3)
  a +0 whip
  a +0 chain mail
(17, 40, D:3)
  an uncursed amulet of inaccuracy
(22, 40, D:3)
  a +0 buckler
(41, 41, D:3)
  a +0 club
(46, 41, D:3)
  a +0 leather armour
(47, 41, D:3)
  a +0 club
(32, 51, D:3)
  a stone
(32, 52, D:3)
  5 poisoned javelins
  a +0 dagger
(32, 53, D:3)
  a +0 whip
  4 stones

Level 4 of the Dungeon
(0, 0, D:4)
  4 javelins of penetration
(26, 0, D:4)
  a +0 trident
  a cursed -2 robe
(15, 9, D:4)
  a +0 scale mail
(23, 11, D:4)
  a +0 club
(-10, 12, D:4)
  20 stones
(52, 14, D:4)
  12 stones
(42, 16, D:4)
  a +0 hand axe
(31, 20, D:4)
  15 bolts
(34, 22, D:4)
  a throwing net
(34, 34, D:4)
  a +0 mace
(35, 34, D:4)
  a cursed -1 dagger
  a +0 ring mail
(36, 34, D:4)
  a cursed +0 dagger
  a +0 robe
(36, 35, D:4)
  a +0 club
  a +0 leather armour

Level 5 of the Dungeon
(0, 0, D:5)
  2 chunks of scorpion flesh (rotten by now)
(3, 1, D:5)
  a +0 ring mail
(4, 1, D:5)
  a +0 dagger
  a +0 ring mail
(29, 5, D:5)
  a +0 war axe
(9, 7, D:5)
  a +0 war axe
(-4, 9, D:5)
  23 stones
(46, 10, D:5)
  12 arrows
(45, 13, D:5)
  23 stones
(1, 18, D:5)
  26 bolts
(34, 20, D:5)
  a scroll of amnesia
(46, 25, D:5)
  a +0 robe
(16, 31, D:5)
  a +0 mace
  a +0 leather armour
(16, 32, D:5)
  a +0 hand axe
(17, 32, D:5)
  a +0 dagger
  a cursed +0 robe
  a +0 dagger
  a +0 robe
(6, 39, D:5)
  a +0 falchion
(43, 39, D:5)
  a stone
(12, 40, D:5)
  26 bolts
(43, 40, D:5)
  17 bolts
(17, 46, D:5)
  a +0 hat

Level 6 of the Dungeon
(0, 0, D:6)
  2 chunks of kobold flesh
(-8, 7, D:6)
  a meat ration
(-8, 8, D:6)
  17 gold pieces
(-8, 9, D:6)
  a +0 helmet
(8, 9, D:6)
  a +0 spear
(9, 9, D:6)
  a +0 whip
  a +0 whip
(10, 9, D:6)
  a +0 whip
(-8, 10, D:6)
  a +0 scale mail
(-8, 11, D:6)
  a scroll of recharging
(2, 11, D:6)
  a +0 long sword

