Sanguine

Level 1 of the Dungeon
(0, 0, D:1)
  a +0 leather armour
(52, 4, D:1)
  a +0 dagger
  18 stones
(6, 5, D:1)
  a +0 club
(51, 5, D:1)
  a +0 club
(4, 16, D:1)
  a +0 club
(35, 23, D:1)
  a +0 club
(8, 24, D:1)
  a +0 dagger
(9, 24, D:1)
  a +0 short sword
  5 stones
(14, 24, D:1)
  a +0 pair of boots
(41, 32, D:1)
  18 sling bullets
(20, 36, D:1)
  a +0 club
(4, 37, D:1)
  9 sling bullets
(36, 37, D:1)
  20 bolts
(-1, 38, D:1)
  a +0 club
(39, 38, D:1)
  12 arrows
(24, 40, D:1)
  a +0 club
(35, 40, D:1)
  a cursed -3 club
(-3, 48, D:1)
  16 poisoned bolts
(11, 48, D:1)
  a +0 short sword

Level 2 of the Dungeon
(0, 0, D:2)
  22 bolts
(16, 13, D:2)
  a +0 flail
  a +0 spear
  a gnoll corpse

