Sanguine

Level 1 of the Dungeon
(0, 0, D:1)
  a +0 ring mail
(1, 2, D:1)
  a +0 club
(23, 7, D:1)
  a +0 short sword
(10, 9, D:1)
  a +0 dagger
(-12, 11, D:1)
  a stone
(24, 11, D:1)
  a stone
(-11, 13, D:1)
  4 stones
(24, 14, D:1)
  a +0 robe
(-21, 16, D:1)
  10 poisoned needles
(-4, 16, D:1)
  a +0 dagger
(-21, 17, D:1)
  23 sling bullets
(-18, 20, D:1)
  a +0 hunting sling
(-4, 21, D:1)
  a +0 hunting sling
(17, 24, D:1)
  23 stones
(-15, 25, D:1)
  2 stones
(-15, 26, D:1)
  a stone
(-13, 30, D:1)
  a +0 leather armour

Level 2 of the Dungeon
(-16, 2, D:2)
  16 stones
(-10, 3, D:2)
  a +0 ring mail
(-29, 6, D:2)
  a +0 club
(-2, 12, D:2)
  a +0 mace
(-44, 16, D:2)
  15 poisoned bolts
(-43, 16, D:2)
  a +0 hand axe
(-10, 16, D:2)
  a +0 dagger
(-23, 20, D:2)
  a +0 leather armour
(-42, 24, D:2)
  a +0 club
(-4, 32, D:2)
  a +0 ring mail

Level 3 of the Dungeon
(0, 0, D:3)
  11 arrows
(38, 4, D:3)
  4 javelins
(2, 6, D:3)
  a +0 short sword
  a stone
(37, 7, D:3)
  a +0 flail
(3, 8, D:3)
  a stone
(16, 8, D:3)
  16 stones
(4, 9, D:3)
  a +0 ring mail
(1, 11, D:3)
  11 arrows of flame
(4, 12, D:3)
  a stone
(6, 12, D:3)
  4 stones
(6, 13, D:3)
  a stone
(4, 14, D:3)
  a stone
(-5, 15, D:3)
  a +0 falchion
  a +2 hand axe of venom
  a +0 dagger
(3, 15, D:3)
  a stone
  a cursed -1 dagger
(6, 15, D:3)
  a stone
(-5, 16, D:3)
  a +0 mace
(0, 18, D:3)
  16 stones
  a +0 hunting sling
(12, 22, D:3)
  a large rock
(16, 26, D:3)
  a +0 dagger
(12, 27, D:3)
  13 stones
(14, 27, D:3)
  a +0 dagger
(-2, 32, D:3)
  a +0 short sword
  a +0 leather armour
  a +0 club
(-2, 33, D:3)
  a +0 dagger
  a cursed -1 club
(9, 33, D:3)
  a +0 dagger
(-2, 34, D:3)
  a +0 short sword

Level 4 of the Dungeon
(0, 0, D:4)
  16 arrows
(-19, 5, D:4)
  11 gold pieces
(-21, 6, D:4)
  a scroll of identify
(-14, 24, D:4)
  a +0 club
  a +0 robe
  the human skeleton of Jessica
(-10, 25, D:4)
  a +0 hand axe
  a tomahawk
(-10, 27, D:4)
  a tomahawk
(-10, 28, D:4)
  a tomahawk
(-10, 29, D:4)
  a tomahawk

