Sanguine

Level 1 of the Dungeon
(0, 0, D:1)
  5 needles of sleeping
(-4, 4, D:1)
  a +0 leather armour
(43, 4, D:1)
  2 stones
(-2, 5, D:1)
  15 stones
(-5, 7, D:1)
  16 bolts
(47, 7, D:1)
  a +0 short sword
(8, 15, D:1)
  a +0 leather armour
(15, 16, D:1)
  5 large rocks
(12, 20, D:1)
  20 stones
(36, 24, D:1)
  a +0 robe
(35, 26, D:1)
  a +0 hand axe
(39, 37, D:1)
  a +0 scale mail
(11, 41, D:1)
  a +0 short sword
(11, 47, D:1)
  a +0 hunting sling

Level 2 of the Dungeon
(0, 0, D:2)
  a +0 scale mail
(48, 0, D:2)
  a +0 dagger
(26, 4, D:2)
  a +0 dagger
(-1, 5, D:2)
  a +0 club
(37, 12, D:2)
  a +0 club
(37, 13, D:2)
  22 arrows
(16, 18, D:2)
  a stone
(19, 18, D:2)
  a stone
  a +0 dagger
(22, 18, D:2)
  a stone
(24, 18, D:2)
  a +4 short sword of electrocution
(16, 19, D:2)
  a +0 scythe
  a +0 robe
(18, 19, D:2)
  a stone
(23, 19, D:2)
  5 tomahawks
(28, 19, D:2)
  15 stones
(1, 20, D:2)
  a +0 leather armour of fire resistance
(15, 30, D:2)
  a +0 club
(34, 32, D:2)
  a cursed -2 dagger
(41, 34, D:2)
  25 arrows
(47, 38, D:2)
  a +0 hunting sling
  26 stones
  a +0 dagger
  a +0 animal skin
(39, 39, D:2)
  a stone
(39, 40, D:2)
  a stone
  a +0 club
(39, 41, D:2)
  a +0 dagger
(39, 42, D:2)
  a +0 club
  a +0 hunting sling
  17 stones
(49, 49, D:2)
  a +0 ring mail

Level 3 of the Dungeon
(0, 0, D:3)
  a +0 rapier
(-1, 1, D:3)
  a +0 short sword
(-15, 2, D:3)
  a +0 club
(1, 5, D:3)
  27 stones
(4, 6, D:3)
  21 stones
(38, 8, D:3)
  an uncursed staff of power
(-13, 11, D:3)
  a +0 club
(20, 15, D:3)
  a poisoned needle
(20, 16, D:3)
  a +0 blowgun
  8 poisoned needles
(33, 20, D:3)
  29 stones
(-14, 25, D:3)
  a +0 club
(15, 32, D:3)
  25 stones
(7, 35, D:3)
  a +0 helmet
(29, 39, D:3)
  16 arrows
(31, 46, D:3)
  15 arrows
(34, 46, D:3)
  a +0 short sword
  a +0 vampiric dagger
  a +0 robe of cold resistance
  a cursed -1 dagger
(36, 46, D:3)
  a +0 hand axe

Level 4 of the Dungeon
(0, 0, D:4)
  a +0 giant spiked club
(-15, 4, D:4)
  a stone
(37, 4, D:4)
  a +0 flail
(-18, 6, D:4)
  a +0 club
  a +0 hunting sling
  21 stones
(6, 7, D:4)
  15 stones
(9, 7, D:4)
  a stone
(11, 8, D:4)
  a stone
(19, 9, D:4)
  a +0 flail
(15, 11, D:4)
  2 potions of magic
  2 scrolls of noise
(-1, 12, D:4)
  a +0 short sword
(35, 15, D:4)
  a +0 club
(16, 24, D:4)
  a +0 leather armour
  a +3 mace
(17, 24, D:4)
  a +0 mace
(16, 26, D:4)
  a +0 robe
  a +0 dagger
(-4, 30, D:4)
  Sif Muna's Grimoire of Battle Magic
    Spells                             Type                      Level
     a - Sting                        Conjuration/Poison            1
(35, 31, D:4)
  9 poisoned needles
(-22, 41, D:4)
  a +0 club
(18, 48, D:4)
  a +0 club
(2, 51, D:4)
  a +0 war axe
(20, 51, D:4)
  a tomahawk
(21, 51, D:4)
  a tomahawk
(24, 52, D:4)
  a +0 ring mail

Level 5 of the Dungeon
(0, 0, D:5)
  24 bolts
(12, 1, D:5)
  a scroll of noise
(11, 3, D:5)
  a +0 short sword
(7, 4, D:5)
  4 fruits
(8, 10, D:5)
  18 stones
(35, 13, D:5)
  2 javelins
(20, 17, D:5)
  a +0 ring mail
(23, 18, D:5)
  a +0 spear
(10, 23, D:5)
  a +0 dagger
(6, 24, D:5)
  a +0 whip
(10, 27, D:5)
  a +0 spear
(17, 33, D:5)
  an arrow of frost
(17, 34, D:5)
  an arrow of frost
(20, 34, D:5)
  an arrow of frost
(21, 34, D:5)
  a +0 shortbow
  8 arrows of frost
(19, 35, D:5)
  a +0 scale mail
  a +2 flail of holy wrath
(20, 35, D:5)
  a +3 dagger
(19, 36, D:5)
  a +0 spear
  a +0 robe
(21, 36, D:5)
  a +0 falchion
(4, 40, D:5)
  a scroll of identify

