Xombaby

Level 1 of the Dungeon
(0, 0, D:1)
  3 stones
(10, 0, D:1)
  a +0 club
(1, 1, D:1)
  a stone
  a +0 club
(5, 2, D:1)
  a +0 dagger
(30, 11, D:1)
  19 arrows
(15, 12, D:1)
  4 stones
(16, 12, D:1)
  a stone
(21, 12, D:1)
  a cursed -3 short sword
(19, 23, D:1)
  a +0 club
(35, 24, D:1)
  a +0 club
(30, 34, D:1)
  a +0 leather armour

Level 2 of the Dungeon
(0, 0, D:2)
  19 arrows
(-14, 5, D:2)
  a stone
(7, 8, D:2)
  24 stones
(-14, 9, D:2)
  a +0 club
  a +0 whip
  2 stones
(29, 10, D:2)
  12 stones
(0, 11, D:2)
  29 sling bullets
(-6, 20, D:2)
  20 stones
(30, 21, D:2)
  26 arrows
(-12, 28, D:2)
  a +0 robe
(28, 35, D:2)
  a +0 club

Level 3 of the Dungeon
(0, 0, D:3)
  18 arrows
(-2, 5, D:3)
  a +0 leather armour
(9, 5, D:3)
  a +0 club
(10, 8, D:3)
  a +0 short sword
(5, 10, D:3)
  21 stones
(2, 15, D:3)
  18 stones
  a +0 robe
(11, 16, D:3)
  16 stones
(5, 23, D:3)
  a bat corpse (skeletalised by now)
(12, 23, D:3)
  3 tomahawks
(11, 24, D:3)
  a +0 short sword
  a tomahawk
(12, 24, D:3)
  a +0 short sword
(13, 24, D:3)
  a +0 dagger
  a +0 robe
(14, 26, D:3)
  a +0 scale mail
(-18, 31, D:3)
  26 stones
(-6, 33, D:3)
  a +0 ring mail

Level 4 of the Dungeon
(0, 0, D:4)
  an iguana corpse (skeletalised by now)
(5, 7, D:4)
  a +0 giant club
  an ogre corpse
(-9, 13, D:4)
  the +4 mace of Beogh's Wrath {pain, +Inv}
    In the hands of one skilled in necromantic magic, it inflicts extra damage
    on living creatures.
    
    It lets you turn invisible.
(0, 17, D:4)
  a +0 dagger
  a +0 robe
  an orc corpse
(11, 20, D:4)
  a +0 scale mail
  an orc corpse
(10, 21, D:4)
  a +0 club
  a +0 leather armour
  an orc corpse
(6, 25, D:4)
  3 stones
  a kobold skeleton

