Sanguine

Level 1 of the Dungeon
(0, 0, D:1)
  a +0 short sword
(-18, 2, D:1)
  a +0 club
(-45, 6, D:1)
  a +0 robe
(-44, 6, D:1)
  26 stones
(-46, 8, D:1)
  a +0 hunting sling
(-45, 8, D:1)
  a +0 whip
(-42, 9, D:1)
  a stone
(-40, 11, D:1)
  2 stones
(-36, 12, D:1)
  18 stones
(-13, 13, D:1)
  a +0 mace
(-22, 15, D:1)
  26 sling bullets
(-51, 16, D:1)
  a +0 dagger
(-40, 17, D:1)
  a +0 leather armour
(-19, 17, D:1)
  a +0 hand axe
(-33, 26, D:1)
  a +0 robe
(-46, 27, D:1)
  a stone
(-12, 28, D:1)
  a +0 club
(-36, 30, D:1)
  a +0 club
(-15, 36, D:1)
  20 arrows
(-36, 37, D:1)
  a +0 short sword
(-36, 38, D:1)
  a stone
(-16, 40, D:1)
  a +0 club
(-18, 41, D:1)
  a +0 club
(-26, 44, D:1)
  a +0 ring mail

Level 2 of the Dungeon
(22, 11, D:2)
  15 stones
(36, 11, D:2)
  a +0 robe
(34, 18, D:2)
  a +0 hand axe
(-6, 24, D:2)
  a +0 club
(-3, 25, D:2)
  a +0 leather armour
(43, 28, D:2)
  a +0 club
(49, 33, D:2)
  a +0 hand axe
(47, 37, D:2)
  a +0 leather armour
(17, 39, D:2)
  a +3 leather armour
(55, 45, D:2)
  a cursed +0 club

Level 3 of the Dungeon
(0, 0, D:3)
  a +0 short sword
  a +0 dagger
  a +0 robe
  an orc corpse (skeletalised by now)
  an orc corpse (skeletalised by now)
(0, 1, D:3)
  a potion of restore abilities
(2, 2, D:3)
  a +0 short sword
  a +0 leather armour
  an orc skeleton
(3, 2, D:3)
  a +2 whip of electrocution
  an orc corpse
(4, 2, D:3)
  2 tomahawks

