Sanguine

Level 1 of the Dungeon
(0, 0, D:1)
  a stone
(-18, 1, D:1)
  a +0 club
(0, 1, D:1)
  a stone
(8, 2, D:1)
  a +0 shield
(-2, 3, D:1)
  a +0 short sword
  3 stones
  22 arrows
(23, 3, D:1)
  a +0 helmet
(-28, 5, D:1)
  a +0 club
(-10, 8, D:1)
  a +0 robe
(17, 16, D:1)
  a +0 robe
(12, 18, D:1)
  a +0 ring mail
(-10, 31, D:1)
  a +0 hand axe
(1, 37, D:1)
  7 poisoned needles
(32, 40, D:1)
  a +0 whip
  a stone
(-7, 41, D:1)
  a +0 short sword
(15, 51, D:1)
  9 poisoned needles

Level 2 of the Dungeon
(0, 0, D:2)
  a jackal corpse
(-2, 1, D:2)
  a cursed -1 hunting sling
  (unseen)

