Sanguine

Level 1 of the Dungeon
(0, 0, D:1)
  a +0 dagger
(12, 0, D:1)
  a +0 dagger
(27, 0, D:1)
  a +1 leather armour
(1, 2, D:1)
  21 arrows
(13, 32, D:1)
  a stone
(-13, 36, D:1)
  a +0 leather armour
(-13, 42, D:1)
  a +0 dagger
(31, 45, D:1)
  a cursed +0 hunting sling
(-16, 47, D:1)
  a +0 whip
(-13, 49, D:1)
  a +0 club
(-3, 49, D:1)
  a +0 hunting sling

Level 2 of the Dungeon
(0, 0, D:2)
  34 stones
(-1, 2, D:2)
  23 stones
(-26, 3, D:2)
  a +0 club
(-23, 10, D:2)
  a +0 dagger
(13, 13, D:2)
  a +0 club
(-16, 14, D:2)
  a +0 chain mail
  a +0 dagger
  the goblin corpse of Ijyb (skeletalised by now)
(6, 19, D:2)
  13 steel sling bullets

