Asterion

Level 1 of the Dungeon
(0, 0, D:1)
  6 javelins of penetration
(-2, 3, D:1)
  a +0 club
  13 stones
(5, 8, D:1)
  29 stones
(7, 8, D:1)
  27 stones
(9, 13, D:1)
  a +0 club
(8, 19, D:1)
  a +0 hunting sling
(-26, 28, D:1)
  a +0 dagger
(27, 29, D:1)
  a +0 dagger
(-15, 31, D:1)
  a +0 dagger
(21, 31, D:1)
  a +0 dagger
(-19, 33, D:1)
  a +0 club
(2, 33, D:1)
  a +0 dagger
(-1, 35, D:1)
  a +0 dagger
(-14, 42, D:1)
  a +0 robe
(-21, 45, D:1)
  a stone
(-21, 46, D:1)
  a stone
(8, 46, D:1)
  a +0 club
(-21, 48, D:1)
  a +2 dagger of speed

Level 2 of the Dungeon
(0, 0, D:2)
  15 stones
(-45, 4, D:2)
  7 curare-tipped needles
  a +0 short sword
(5, 8, D:2)
  a +0 animal skin
(-40, 9, D:2)
  13 arrows of frost
(-34, 11, D:2)
  a +0 dagger
(-25, 16, D:2)
  a +0 dagger
(-32, 17, D:2)
  a throwing net
(9, 17, D:2)
  a beef jerky
(6, 32, D:2)
  a +0 scale mail
(4, 33, D:2)
  a +0 dagger
(-7, 34, D:2)
  25 bolts
(-7, 37, D:2)
  a +0 club
  a +0 club
(-8, 39, D:2)
  a +0 helmet

Level 3 of the Dungeon
(0, 0, D:3)
  a +0 club
(6, 2, D:3)
  a +0 quarterstaff
(7, 2, D:3)
  17 stones
(-5, 4, D:3)
  15 stones
(-14, 11, D:3)
  a +0 blowgun
  14 poisoned needles
(-8, 12, D:3)
  4 large rocks
(-17, 13, D:3)
  a poisoned needle
(-30, 14, D:3)
  a +0 ring mail
(-46, 15, D:3)
  12 stones
(-45, 28, D:3)
  a +0 dagger
  a +0 ring mail
(-24, 28, D:3)
  29 sling bullets
(-40, 39, D:3)
  a +0 hunting sling

Level 4 of the Dungeon
(0, 0, D:4)
  a +0 ring mail
(-2, 5, D:4)
  a +0 dagger
(5, 5, D:4)
  a stone
(6, 7, D:4)
  a stone
(7, 9, D:4)
  a stone
(-9, 12, D:4)
  a +0 robe
(-19, 14, D:4)
  a stone
(-20, 15, D:4)
  a stone
(-21, 16, D:4)
  a stone
(-13, 16, D:4)
  a +0 scale mail
(-22, 17, D:4)
  a stone
(-28, 22, D:4)
  27 arrows
(-30, 25, D:4)
  a +0 leather armour
(-11, 25, D:4)
  a +0 whip

Level 5 of the Dungeon
[Shop] Paleut's Assorted Antiques
  a +0 ring mail (116 gold)
  a potion of flight (26 gold)
  a +0 rapier (116 gold)
  a scroll of teleportation (29 gold)
  a potion of agility (26 gold)
  a +4 ring mail of positive energy (116 gold)
  a wand of confusion (13) (116 gold)
  a +2 scale mail of magic resistance (116 gold)
(0, 0, D:5)
  29 bolts
(33, 4, D:5)
  a +0 giant club
(-4, 8, D:5)
  a +0 short sword
(-4, 9, D:5)
  a +0 dagger
  a +0 robe
(-3, 9, D:5)
  a +0 short sword
  a +0 leather armour
(42, 9, D:5)
  an uncursed staff of cold
(-1, 11, D:5)
  a +0 halberd
(49, 11, D:5)
  a +0 chain mail
(-2, 12, D:5)
  a +0 mace
  a +0 scale mail
  a +0 whip
(-1, 12, D:5)
  a +0 dagger
  3 stones
  a +0 spear
(-14, 13, D:5)
  a +0 mace
  a cursed +0 ring mail
(17, 14, D:5)
  a +0 club
(2, 23, D:5)
  a +0 whip
(4, 23, D:5)
  a +0 giant club
(23, 35, D:5)
  a +0 club
(24, 35, D:5)
  a +0 shortbow
  28 arrows
(-7, 36, D:5)
  15 stones
(20, 39, D:5)
  an arrow
(21, 39, D:5)
  an arrow
(39, 39, D:5)
  a cursed -2 flail
(40, 39, D:5)
  a +0 flail
(27, 40, D:5)
  a +0 trident
(18, 43, D:5)
  17 stones
(-9, 46, D:5)
  a +0 leather armour
(40, 56, D:5)
  a +0 hand axe

Level 6 of the Dungeon
(0, 0, D:6)
  a cursed +0 mace
(3, 16, D:6)
  a +0 chain mail
  a +0 trident
(4, 17, D:6)
  a cursed -3 trident
(5, 17, D:6)
  a +0 leather armour
  4 tomahawks
  a +0 hand axe
(31, 17, D:6)
  a +0 flail
(4, 18, D:6)
  a +0 robe
  a +0 dagger
(31, 18, D:6)
  a +0 club
  a +0 spear
(5, 19, D:6)
  a +0 falchion of protection
(-2, 30, D:6)
  14 arrows
(16, 30, D:6)
  10 arrows
  a +0 shortbow of freezing
(18, 30, D:6)
  10 arrows
  a +0 shortbow
(17, 31, D:6)
  6 arrows
(18, 31, D:6)
  an arrow
(19, 31, D:6)
  an arrow
(23, 35, D:6)
  a +0 club
(-8, 41, D:6)
  a +0 giant spiked club
(-16, 44, D:6)
  5 needles of sleeping

Level 7 of the Dungeon
(0, 0, D:7)
  2 tomahawks
  a +0 flail
(0, 1, D:7)
  a tomahawk
(1, 1, D:7)
  a +0 robe
  a +0 plate armour
  a +0 dagger
  a +0 hand axe
(1, 2, D:7)
  a +0 mace
(10, 5, D:7)
  a +0 club
(16, 19, D:7)
  a cursed -3 whip
(11, 30, D:7)
  a +0 war axe
(-15, 36, D:7)
  a +0 club
  a +0 blowgun
  7 poisoned needles
  a +0 club
  3 stones
(2, 36, D:7)
  a +0 giant club
(-15, 37, D:7)
  a +0 dagger
(-14, 37, D:7)
  3 stones
(20, 37, D:7)
  15 stones
(-3, 47, D:7)
  16 stones
(13, 49, D:7)
  a +2 quarterstaff of chaos
(12, 52, D:7)
  a +0 hammer

Level 8 of the Dungeon
(0, 0, D:8)
  a bread ration
(-22, 3, D:8)
  2 stones
  a cursed -3 short sword
(-21, 5, D:8)
  a stone
(-31, 8, D:8)
  a +0 short sword
  a +0 cloak
(-27, 18, D:8)
  15 sling bullets
(-35, 19, D:8)
  4 bolts
(6, 25, D:8)
  28 arrows
(-19, 36, D:8)
  a tomahawk
(0, 36, D:8)
  a +0 hand axe
(-21, 38, D:8)
  a +0 club
(0, 38, D:8)
  a +0 dagger
  a +0 robe
(-21, 39, D:8)
  a +0 giant spiked club
(-17, 39, D:8)
  a +0 ring mail
  2 tomahawks
(0, 39, D:8)
  a +0 dagger
  a +0 robe
(-26, 42, D:8)
  2 needles of confusion
(-9, 42, D:8)
  a +0 leather armour
(-21, 43, D:8)
  a +0 plate armour
(-30, 45, D:8)
  a +0 club

Level 9 of the Dungeon
(0, 0, D:9)
  a +0 scale mail
(-1, 2, D:9)
  18 stones
(-31, 3, D:9)
  a +0 club
  19 stones
(16, 3, D:9)
  a +0 giant club
(17, 3, D:9)
  a +3 dire flail of protection
(-31, 4, D:9)
  16 sling bullets
(-28, 5, D:9)
  a +0 giant club
(-28, 6, D:9)
  2 stones
(-1, 7, D:9)
  7 silver sling bullets
(23, 15, D:9)
  a +0 flail
(-11, 17, D:9)
  a +0 spear
(-10, 17, D:9)
  a +0 spear
(-11, 18, D:9)
  a cursed +0 spear
(-10, 19, D:9)
  a +0 short sword
(-11, 20, D:9)
  a +0 spear
(-10, 20, D:9)
  a +1 whip of venom
  a +0 halberd
  a +0 chain mail
(-11, 21, D:9)
  a cursed +0 plate armour
  a +0 short sword
(-10, 21, D:9)
  a +0 chain mail
(-11, 22, D:9)
  a +0 club
(-18, 25, D:9)
  11 steel sling bullets
(-1, 36, D:9)
  a +0 spear
  a +0 spear
  a +0 ring mail
  a +0 buckler
(23, 36, D:9)
  a +0 leather armour
(-2, 37, D:9)
  a +0 scale mail
  a +0 long sword of protection
(0, 37, D:9)
  a +1 halberd of venom
(-3, 38, D:9)
  a +0 halberd
(-1, 38, D:9)
  a +0 whip
(-2, 39, D:9)
  a +0 whip
(-3, 40, D:9)
  a +0 club
(-28, 46, D:9)
  a +0 long sword
(21, 46, D:9)
  a +0 scale mail
(-6, 47, D:9)
  8 tomahawks

Level 10 of the Dungeon
(0, 0, D:10)
  a cursed -2 giant spiked club
(25, 0, D:10)
  10 stones
(40, 7, D:10)
  an arrow
(41, 8, D:10)
  an arrow
(44, 8, D:10)
  a cursed -2 falchion
(42, 9, D:10)
  an arrow
(43, 9, D:10)
  an arrow
(45, 9, D:10)
  a +0 dagger
  a +0 chain mail
  a +0 hand axe
(40, 10, D:10)
  a +0 flail
(45, 10, D:10)
  22 arrows
  a +0 shortbow
  a +0 short sword
(4, 15, D:10)
  a fan of gales
(15, 15, D:10)
  a cursed -2 lajatang
(41, 17, D:10)
  10 stones
(36, 24, D:10)
  22 arrows
(22, 28, D:10)
  22 stones
(12, 30, D:10)
  25 arrows
(22, 32, D:10)
  a +0 giant spiked club
(36, 32, D:10)
  a +0 dagger
  a +0 club
  a +0 scale mail
(37, 32, D:10)
  a +1 vampiric dagger
  a +0 falchion
  a +0 leather armour
(38, 36, D:10)
  2 tomahawks
(40, 37, D:10)
  a phantom mirror
(12, 40, D:10)
  a +0 plate armour
(30, 40, D:10)
  a +0 chain mail
(27, 44, D:10)
  a +0 pair of gloves
(15, 46, D:10)
  a +0 giant club

Level 11 of the Dungeon
(0, 0, D:11)
  21 stones
(-26, 7, D:11)
  a +0 giant spiked club
(-35, 8, D:11)
  a +0 dagger
  a +0 ring mail
  a +0 flail
(-35, 9, D:11)
  a +3 dagger
  a cursed +0 robe
(1, 11, D:11)
  a +0 giant club
(-30, 14, D:11)
  a +0 giant club
(17, 18, D:11)
  a +0 dagger
  a +0 robe
(-19, 26, D:11)
  a +0 dagger of venom
  a cursed -1 dagger
  a +0 robe
(-21, 27, D:11)
  a cursed -2 dagger
  a +0 robe
(-20, 27, D:11)
  a +0 hand axe
  a +0 leather armour
  a +0 dagger
  a +0 robe
  a +0 club
  a +0 ring mail
(-20, 29, D:11)
  a +0 leather armour
(2, 30, D:11)
  a +0 quarterstaff of protection
(14, 31, D:11)
  28 stones

Level 12 of the Dungeon
[Shop] Xagigoa's Distillery
  a potion of berserk rage (70 gold)
  2 potions of heal wounds (140 gold)
  a potion of invisibility (112 gold)
  a potion of curing (42 gold)
  a potion of cancellation (112 gold)
  2 potions of curing (84 gold)
  a potion of resistance (140 gold)
  a potion of brilliance (56 gold)
  a potion of poison (14 gold)
  a potion of lignification (42 gold)
  a potion of agility (56 gold)
  a potion of curing (42 gold)
  a potion of curing (42 gold)
[Shop] Khilaiw's Antique Armour Shoppe
  a +0 ring mail (104 gold)
  a +0 pair of gloves (117 gold)
  a +2 scale mail of poison resistance (104 gold)
  the +2 robe of Zas Epau {rC+ MR+ Str+2 Stlth-} (148 gold)
    It affects your strength (+2).
    It protects you from cold.
    It affects your resistance to hostile enchantments.
    It makes you less stealthy.
  a +0 leather armour (52 gold)
  a +0 scale mail (104 gold)
  a +0 robe (18 gold)
  a +0 scale mail (104 gold)
  a +2 robe of the Archmagi (18 gold)
  a +0 robe (18 gold)
  a +0 leather armour (52 gold)
  a +0 robe (18 gold)
[Shop] Gaosheex's Assorted Antiques
  a +0 great sword (149 gold)
  a potion of resistance (230 gold)
  a scroll of recharging (218 gold)
  a +2 war axe of pain (80 gold)
  a scroll of identify (46 gold)
  a +0 short sword (69 gold)
  a scroll of teleportation (69 gold)
  a +0 hunting sling of evasion (34 gold)
  a potion of curing (69 gold)
  3 scrolls of amnesia (241 gold)
[Shop] Idiss' Antique Armour Emporium
  a +0 ring mail (136 gold)
  a +0 cloak (153 gold)
  a +0 ring mail (136 gold)
  a +0 buckler (153 gold)
  a +0 ice dragon armour (2040 gold)
  the +7 chain mail of the Barracuda {-Cast +Blink MR+ Str+2 Int+4} (323 gold)
    It affects your strength (+2).
    It affects your intelligence (+4).
    It affects your resistance to hostile enchantments.
    It lets you blink.
    It prevents spellcasting.
  a +0 leather armour (68 gold)
  a +0 pair of gloves (153 gold)
  a +0 ring mail (136 gold)
[Shop] Giat's Antique Weapon Emporium
  a +0 flail (91 gold)
  a +0 mace (78 gold)
  a +0 arbalest (117 gold)
  a +0 war axe (91 gold)
  a +0 whip (65 gold)
  the +6 dagger "Zeuk" {pierce, rElec rPois rC- Str+9} (182 gold)
    It inflicts extra damage upon your enemies.
    
    It affects your strength (+9).
    It makes you vulnerable to cold.
    It insulates you from electricity.
    It protects you from poison.
  a +0 hunting sling (39 gold)
  a +0 spear (78 gold)
  a +3 scythe (78 gold)
(0, 0, D:12)
  a +0 dagger
  a +0 chain mail
(2, 0, D:12)
  a +0 dagger
  a +0 robe
(3, 0, D:12)
  a +0 falchion
  a +0 leather armour
  a +0 dagger
  a +0 dire flail
  a +0 chain mail
(-40, 4, D:12)
  12 arrows
  a +0 shortbow
(-15, 4, D:12)
  a +0 plate armour
(-39, 6, D:12)
  an arrow
(-38, 7, D:12)
  an arrow
(-44, 12, D:12)
  3 tomahawks of dispersal
  a +0 club
  a +0 ring mail
(-43, 12, D:12)
  a +0 whip
  a +0 ring mail
  a +0 mace
(-44, 13, D:12)
  a +0 short sword
(6, 15, D:12)
  a +0 dagger
  a +2 robe of magic resistance
(7, 16, D:12)
  a sling bullet
  a +0 war axe
(8, 16, D:12)
  a +0 trident
  a +0 plate armour
(9, 16, D:12)
  a +0 quarterstaff
  a +0 hunting sling
  30 sling bullets
  a +0 ring mail
(9, 17, D:12)
  a +0 trident
  a +0 chain mail
(-5, 21, D:12)
  a +0 mace
(-42, 22, D:12)
  a large rock
(11, 22, D:12)
  a +0 dagger
  a +0 robe
(-44, 24, D:12)
  5 large rocks
(-43, 24, D:12)
  a +0 leather armour
  a +0 dagger
  a +0 leather armour
  a +0 chain mail
  a +0 short sword
(3, 27, D:12)
  a +0 club
(4, 27, D:12)
  an uncursed ring of magical power
(4, 28, D:12)
  7 steel javelins
(6, 30, D:12)
  a tomahawk
(7, 31, D:12)
  a tomahawk
(-21, 32, D:12)
  a +1 robe of magic resistance
  a +3 dagger of chaos
(-48, 33, D:12)
  the +8 morningstar of the Dwarven Hall {elec, rElec MR+ MP-9 Str+4}
    Occasionally, upon striking a foe, it will discharge some electrical energy
    and cause terrible harm.
    
    It affects your strength (+4).
    It insulates you from electricity.
    It affects your resistance to hostile enchantments.
    It affects your magic capacity (-9).
(13, 35, D:12)
  a +0 trident
(-37, 38, D:12)
  14 arrows of flame
(0, 38, D:12)
  21 stones
(-2, 43, D:12)
  a +0 dagger
  a +0 robe
(-3, 44, D:12)
  a +0 dagger
  a +0 robe
(-2, 44, D:12)
  a +0 flail of protection
  a +3 scale mail
  a +0 dagger
  a +0 robe
(-2, 45, D:12)
  a +0 dagger
  a +0 robe
(-1, 47, D:12)
  a +0 robe
(-44, 48, D:12)
  5 needles of confusion
(-32, 49, D:12)
  a +0 giant spiked club
(-8, 53, D:12)
  a +0 short sword
  a +0 leather armour
(0, 54, D:12)
  22 stones
(10, 56, D:12)
  a +0 leather armour

Level 13 of the Dungeon
(0, 0, D:13)
  a +2 falchion of slicing
(-37, 2, D:13)
  a +3 ring of strength
  an arrow
(-38, 3, D:13)
  an arrow
(-30, 3, D:13)
  a +0 robe of magic resistance
(-39, 4, D:13)
  2 arrows
(-29, 4, D:13)
  a +0 mace
(-40, 5, D:13)
  a +0 shortbow
  16 arrows
(-29, 5, D:13)
  a +0 war axe
  a +0 robe
(-28, 5, D:13)
  2 arrows
  a +0 flail
  a +0 whip
  a +3 halberd
  a +0 robe
(-28, 6, D:13)
  7 arrows
(-27, 6, D:13)
  an arrow
  a +2 dagger
  a +0 robe
(-28, 7, D:13)
  an arrow
(-49, 8, D:13)
  a +0 hand crossbow
(-28, 8, D:13)
  2 arrows
(-27, 9, D:13)
  3 arrows
(-27, 10, D:13)
  2 arrows
(-26, 11, D:13)
  a +0 shortbow
  5 arrows
(-49, 12, D:13)
  a +0 giant spiked club
  a +0 giant club
(-28, 12, D:13)
  a +1 shortbow of evasion
  7 arrows
(-27, 12, D:13)
  a +0 longbow
  8 arrows
(-26, 12, D:13)
  a +0 shortbow
  20 arrows
(-28, 13, D:13)
  2 large rocks
(-27, 15, D:13)
  a large rock
(-15, 15, D:13)
  a +0 giant spiked club
(-51, 17, D:13)
  a book of the Warp
(-24, 19, D:13)
  a large rock
(-39, 21, D:13)
  a +0 ring mail
(-5, 28, D:13)
  a cursed +0 long sword
  a +0 robe
(-4, 28, D:13)
  a +1 long sword of freezing
  a +0 robe
(-4, 29, D:13)
  a +0 flail
  a +0 robe
(-3, 29, D:13)
  a cursed +1 short sword
  a +0 robe
(-1, 31, D:13)
  a cursed +0 scimitar
  a +0 robe
(-5, 33, D:13)
  22 stones
(-35, 36, D:13)
  a cursed -1 shortbow
  11 arrows
(-35, 37, D:13)
  a +0 shortbow
  21 arrows
(-26, 37, D:13)
  16 stones
(-35, 38, D:13)
  a cursed +0 shortbow
  a +0 shortbow
  38 arrows
(-35, 39, D:13)
  a +0 shortbow
  a +0 shortbow
  42 arrows
(-34, 40, D:13)
  2 arrows
(-33, 40, D:13)
  an arrow
(-10, 40, D:13)
  a +0 giant spiked club
  a +0 giant club
(-35, 41, D:13)
  a +0 giant club
  a +0 flail
(-34, 41, D:13)
  a +0 flail
  a +0 plate armour
(-33, 41, D:13)
  a +0 long sword
(-31, 41, D:13)
  a +0 giant club
(-35, 42, D:13)
  a +0 short sword
  a +0 leather armour
(-12, 42, D:13)
  a +1 scimitar of flaming
(-6, 45, D:13)
  a cursed +0 chain mail
(-36, 51, D:13)
  15 stones
(-36, 52, D:13)
  21 arrows
(-54, 54, D:13)
  a book of the Earth
  a book of Air
  2 potions of mutation
  a wand of disintegration (13)

Level 1 of the Orcish Mines
(0, 0, Orc:1)
  a +0 club
  a +0 leather armour
(0, 1, Orc:1)
  a +0 falchion
  a +0 ring mail
(1, 4, Orc:1)
  a +0 ring mail
(1, 9, Orc:1)
  a +0 robe
  a cursed -1 dagger
(2, 10, Orc:1)
  a +0 robe
  a +0 dagger
(3, 10, Orc:1)
  a +0 leather armour
  a +0 falchion
(1, 11, Orc:1)
  a cursed -2 whip
(1, 12, Orc:1)
  a +0 club
(3, 12, Orc:1)
  a +0 short sword
(4, 14, Orc:1)
  a +0 club
(20, 21, Orc:1)
  a cursed +0 ring mail
(21, 21, Orc:1)
  a +0 ring mail
  a +0 flail
(20, 22, Orc:1)
  a +0 dagger
  a +0 plate armour
  a +0 war axe
(21, 22, Orc:1)
  a +0 leather armour
  a +0 club
  a +0 leather armour
(21, 23, Orc:1)
  a +0 leather armour
  a +0 dagger
(23, 23, Orc:1)
  a +0 dagger
(21, 24, Orc:1)
  a +0 ring mail
  a +0 dagger
(22, 24, Orc:1)
  a +0 war axe
  2 tomahawks
  a +0 leather armour
  a +0 falchion
(23, 24, Orc:1)
  a +0 club
  5 tomahawks
  a +0 chain mail
  a +0 flail
  a +0 morningstar of freezing
(40, 24, Orc:1)
  a +0 short sword
(23, 25, Orc:1)
  4 tomahawks
  a +0 dagger
  a +0 flail
(24, 25, Orc:1)
  a +0 ring mail
  a +0 club
(23, 26, Orc:1)
  a tomahawk
(24, 26, Orc:1)
  a +0 flail
  a +0 flail
(24, 27, Orc:1)
  a +0 leather armour
  a +0 hand axe
(25, 27, Orc:1)
  2 tomahawks
  a +0 leather armour
  a +0 whip
(28, 27, Orc:1)
  a +0 robe
  a +0 dagger
(26, 28, Orc:1)
  a +0 flail
(27, 28, Orc:1)
  a +0 ring mail
  a +0 club
(28, 28, Orc:1)
  a +0 leather armour
  a +2 dagger of holy wrath
(24, 29, Orc:1)
  a +0 falchion
(27, 29, Orc:1)
  a +0 flail
(30, 29, Orc:1)
  a +0 dagger
  a +0 robe
(31, 29, Orc:1)
  a +0 club
(29, 30, Orc:1)
  a +0 short sword
(30, 30, Orc:1)
  a +0 trident
(30, 31, Orc:1)
  a +0 short sword
(31, 31, Orc:1)
  a +0 war axe

Level 2 of the Orcish Mines
(10, 2, Orc:2)
  a cursed -2 trident
  a +0 plate armour
(-3, 3, Orc:2)
  a +0 ring mail
(11, 3, Orc:2)
  a +0 battleaxe
  a +0 plate armour
  a +0 giant spiked club
(0, 4, Orc:2)
  a +0 club
(11, 4, Orc:2)
  a +0 dagger
  a +0 robe
  a +0 halberd
  a +0 chain mail
  2 tomahawks
(12, 4, Orc:2)
  a +4 war axe
  a +0 plate armour
(0, 5, Orc:2)
  a +0 war axe
  a +0 scale mail
  a +0 war axe of flaming
  a +0 leather armour
(11, 5, Orc:2)
  a +0 whip
  a +0 war axe
  a +0 plate armour
(12, 5, Orc:2)
  a +0 scimitar
  3 tomahawks
  a +0 plate armour
(0, 6, Orc:2)
  a +0 trident
(0, 7, Orc:2)
  a +0 whip
  a +0 leather armour
(11, 7, Orc:2)
  a tomahawk
(-4, 9, Orc:2)
  a +0 club
  a +0 leather armour
(1, 9, Orc:2)
  a +0 whip
  a +0 leather armour
  a +0 dagger
  a +0 robe
(-2, 10, Orc:2)
  a +0 mace
  a tomahawk of dispersal
  a +0 leather armour
  a +0 dagger
  a +0 robe
  a cursed -2 dagger
  a +0 robe
(-1, 10, Orc:2)
  a +0 whip
  a +0 leather armour
(1, 10, Orc:2)
  a +0 dagger
  a +0 robe
  a +0 dagger
(2, 10, Orc:2)
  a +0 war axe
  a +0 plate armour
(0, 11, Orc:2)
  a +0 battleaxe
  a +0 chain mail
(1, 11, Orc:2)
  a +0 dagger
  a +0 robe
  a cursed -1 battleaxe
  a +0 chain mail
  a +0 long sword
  a +0 plate armour
  a +0 long sword
  a +0 plate armour
(14, 11, Orc:2)
  a +0 halberd
(0, 12, Orc:2)
  a +0 hand axe
  a +0 plate armour of cold resistance
(-1, 18, Orc:2)
  a +0 battleaxe
  a +0 chain mail
(-3, 19, Orc:2)
  a +2 glaive of protection
  a +0 chain mail
(-2, 19, Orc:2)
  a +0 halberd
  a +0 plate armour
(-2, 20, Orc:2)
  a +1 antimagic triple sword
  a +0 long sword
  a cursed +0 plate armour
  a +0 battleaxe
  a +0 chain mail
(-1, 20, Orc:2)
  a cursed -1 great sword
  a +4 plate armour of cold resistance
(-2, 21, Orc:2)
  a +0 dagger
  a +0 robe
(-1, 21, Orc:2)
  a +0 broad axe
  a +0 chain mail
(-17, 27, Orc:2)
  a steel tomahawk
(-18, 29, Orc:2)
  a steel tomahawk
(-20, 31, Orc:2)
  a +0 short sword
  a +0 leather armour
  a +0 dagger
  a +0 robe
(-19, 31, Orc:2)
  a +0 ring mail
(-13, 31, Orc:2)
  a +0 war axe
(-20, 32, Orc:2)
  a steel tomahawk
(-19, 32, Orc:2)
  a +0 flail
  a +0 leather armour
  a +0 great mace
  7 javelins
  a +0 chain mail
  a +0 whip of electrocution
(-18, 32, Orc:2)
  a +0 club
(-15, 32, Orc:2)
  a +0 flail
(-14, 32, Orc:2)
  a +0 mace
  a +0 plate armour
  a +0 club
  a +0 chain mail
(-21, 33, Orc:2)
  a +0 war axe
(-20, 33, Orc:2)
  a cursed -1 mace
  a +0 hand axe
  a +0 chain mail
  a +0 battleaxe
  a +0 plate armour
(-19, 33, Orc:2)
  a cursed -1 long sword
  a +0 chain mail
  a +1 falchion of slicing
  a +0 leather armour
(-18, 33, Orc:2)
  a +0 dagger
(-15, 33, Orc:2)
  a +0 battleaxe
  a +0 plate armour
(-14, 33, Orc:2)
  a +0 trident
  a +0 chain mail
(-11, 33, Orc:2)
  a +0 dagger
(-19, 34, Orc:2)
  a +0 flail
  a +0 ring mail
(-17, 34, Orc:2)
  a +0 short sword
(-16, 34, Orc:2)
  a +0 club
(-15, 34, Orc:2)
  a +0 hand axe
  a +0 chain mail
(-17, 35, Orc:2)
  a +0 dagger
(-16, 35, Orc:2)
  a +0 flail
  a +0 mace
  a +0 leather armour
(-45, 41, Orc:2)
  a +0 leather armour
  a +0 flail of protection
(-45, 42, Orc:2)
  a +0 chain mail
  7 tomahawks
  a +0 glaive
(-45, 43, Orc:2)
  a +0 hand axe
(-43, 43, Orc:2)
  a cursed -3 dagger
(-41, 43, Orc:2)
  a cursed +0 trident
(-44, 44, Orc:2)
  a +0 short sword
(-43, 44, Orc:2)
  a +0 leather armour
  a +0 flail
(-42, 44, Orc:2)
  a +0 mace
  a +0 club
  a +0 scale mail
(-40, 44, Orc:2)
  a +0 ring mail
  a +0 dagger
(-20, 44, Orc:2)
  a +0 falchion
  3 tomahawks
(-44, 45, Orc:2)
  a +0 club
(-42, 45, Orc:2)
  a tomahawk
(-41, 45, Orc:2)
  a +2 dagger of venom
(-22, 45, Orc:2)
  a +0 club
(-21, 45, Orc:2)
  a +0 dagger
  a +0 robe
(-19, 45, Orc:2)
  a +0 hand axe
  a +0 chain mail
(-47, 47, Orc:2)
  a +0 short sword
(-46, 47, Orc:2)
  a +0 club
(-45, 47, Orc:2)
  a +0 scale mail
  a +0 war axe
(-46, 48, Orc:2)
  a +0 war axe
(-35, 49, Orc:2)
  a +0 club

Level 3 of the Orcish Mines
(0, 0, Orc:3)
  a +0 dagger
  a +0 leather armour
(1, 0, Orc:3)
  a +0 whip
  a cursed -3 club
  a +0 dagger
  a +0 robe
  a +0 dire flail
  a +0 plate armour
(2, 0, Orc:3)
  a +0 short sword
  a +0 chain mail
(0, 1, Orc:3)
  a +0 chain mail
(1, 1, Orc:3)
  a +0 ring mail
(33, 7, Orc:3)
  a +2 rapier of venom
  a +0 plate armour
  a +0 dire flail
(33, 9, Orc:3)
  a +0 club
  a +0 leather armour
  a +0 ring mail
(34, 9, Orc:3)
  a +0 robe
  a +0 dagger
(35, 9, Orc:3)
  a tomahawk
  a +0 morningstar
  a +0 leather armour
(34, 10, Orc:3)
  a +0 ring mail
  a +0 war axe
(38, 11, Orc:3)
  4 tomahawks
  a +0 flail
(44, 11, Orc:3)
  a wand of paralysis (14)
  a +0 dagger
  a +0 leather armour
(24, 27, Orc:3)
  a +0 mace
  a +0 chain mail
(29, 29, Orc:3)
  a +0 flail
(31, 31, Orc:3)
  a +0 club
(32, 31, Orc:3)
  a +0 glaive
  a +4 chain mail of poison resistance
(33, 31, Orc:3)
  a +0 club
  a +0 scale mail
(33, 32, Orc:3)
  a +0 hand axe
  a +0 leather armour
(33, 33, Orc:3)
  a +0 dagger

Level 4 of the Orcish Mines
[Shop] Huoher Orao's Magic Scroll Emporium
  a scroll of enchant weapon (127 gold)
  a scroll of remove curse (51 gold)
  a scroll of vulnerability (127 gold)
  a scroll of identify (34 gold)
  a scroll of identify (34 gold)
  a scroll of identify (34 gold)
  a scroll of summoning (161 gold)
  a scroll of blinking (127 gold)
  a scroll of random uselessness (17 gold)
  a scroll of remove curse (51 gold)
  a scroll of random uselessness (17 gold)
[Shop] Iruqiu's Assorted Antiques
  a disc of storms (600 gold)
  a scroll of fog (60 gold)
  a +2 fire dragon armour (1800 gold)
  2 potions of berserk rage (300 gold)
  a +2 buckler (135 gold)
  a potion of heal wounds (150 gold)
  a +0 mace (90 gold)
  a potion of berserk rage (150 gold)
[Shop] Psuch's Jewellery Shoppe
  a cursed -3 ring of dexterity (26 gold)
  an uncursed ring of protection from fire (325 gold)
  a cursed ring of teleportation (188 gold)
  an uncursed ring of protection from cold (325 gold)
  an uncursed amulet of faith (520 gold)
  an uncursed ring of magical power (260 gold)
  an uncursed ring of ice (325 gold)
  an uncursed amulet of stasis (227 gold)
  a +4 ring of strength (351 gold)
  a +6 ring of protection (1014 gold)
  an uncursed amulet of clarity (260 gold)
[Shop] Frirchai's Jewellery Boutique
  a cursed amulet of inaccuracy (28 gold)
  a +2 ring of protection (140 gold)
  a +3 ring of strength (219 gold)
  the amulet "Tigriygo" {Inacc Str-4 Int+6} (107 gold)
    [amulet of inaccuracy]
    
    It reduces the accuracy of all your attacks.
    It affects your strength (-4).
    It affects your intelligence (+6).
  a +4 ring of strength (378 gold)
  the amulet of Diavu {Stasis Str+4} (460 gold)
    [amulet of stasis]
    
    It prevents you from being teleported, slowed, hasted or paralysed.
    It affects your strength (+4).
  an uncursed ring of protection from cold (350 gold)
  the cursed ring "Feadgh" {+Blink Str-2 Stlth+} (186 gold)
    [ring of strength]
    
    It affects your strength (-2).
    It lets you blink.
    It makes you more stealthy.
    It has a curse placed upon it.
  an uncursed ring of ice (350 gold)
  an uncursed ring of ice (350 gold)
  an uncursed amulet of rage (560 gold)
[Shop] Kleesk's Jewellery Boutique
  an uncursed ring of poison resistance (280 gold)
  an uncursed amulet of warding (210 gold)
  the ring of Ryufyto {rF+ MR+} (526 gold)
    [ring of protection from fire]
    
    It protects you from fire.
    It affects your resistance to hostile enchantments.
  the ring of the Mage {Wiz MR++ Int+3} (723 gold)
    [ring of wizardry]
    
    It improves your spell success rate.
    It affects your intelligence (+3).
    It affects your resistance to hostile enchantments.
  a +2 ring of strength (105 gold)
  an uncursed ring of invisibility (420 gold)
  an uncursed amulet of rage (560 gold)
  an uncursed amulet of guardian spirit (420 gold)
  an uncursed ring of flight (245 gold)
  a +2 ring of strength (105 gold)
  an uncursed ring of sustain abilities (245 gold)
[Shop] Vuid Obu's General Store
  a wand of random effects (31) (198 gold)
  a +0 war axe (42 gold)
  a plain deck of defence (168 gold)
  a +0 ring mail (48 gold)
  a +0 hand crossbow (42 gold)
  a beef jerky (18 gold)
  a +0 leather armour (24 gold)
  a potion of poison (12 gold)
  a wand of polymorph (15) (204 gold)
  a scroll of remove curse (36 gold)
  3 fruits (54 gold)
[Shop] Fuadat's Weapon Shoppe
  a +0 club (12 gold)
  a +0 flail (42 gold)
  a +0 quarterstaff (48 gold)
  17 arrows (40 gold)
  a +0 great sword (78 gold)
  a +0 trident (42 gold)
  a +0 hand axe of flaming (88 gold)
  11 arrows of flame (66 gold)
  a +0 falchion of slicing (78 gold)
  14 stones (16 gold)
(0, 0, Orc:4)
  a cursed -2 giant club
  a +0 giant club
  a +0 giant club
  a +0 giant club
  a +0 giant club
(-1, 1, Orc:4)
  a +0 giant club
  a +0 giant club
  a +0 giant spiked club
  a +0 giant club
(0, 1, Orc:4)
  a +2 antimagic great mace
  a +0 giant club
  a +0 giant club
  a +0 giant spiked club
  a +0 giant club
  a +0 giant club
  a +0 giant club
  a +0 giant club
  a +0 giant spiked club
  a +0 giant spiked club
(1, 1, Orc:4)
  a +0 giant spiked club
(0, 2, Orc:4)
  a +0 giant club
  a +0 robe
  a +0 giant club
  a cursed -1 giant club
  a +0 whip
  a +0 robe
  a +0 giant club
  a +0 flail
  a +0 robe
  a +0 giant club
  a +0 giant club
  a +0 giant spiked club
  a +0 giant club
  a +0 giant club
(1, 2, Orc:4)
  a +0 giant spiked club
  a +0 giant club
  a +0 dire flail
  a +0 giant spiked club
  a +0 giant club
  a cursed -2 giant club
(-1, 3, Orc:4)
  a +0 giant spiked club
  a +0 giant club
  a +0 giant spiked club
  a +0 giant club
(0, 3, Orc:4)
  a +0 giant spiked club
  a +0 giant club
  a +0 giant spiked club
  a +0 giant club
  a +0 giant spiked club
(1, 3, Orc:4)
  a +0 giant spiked club
  a +0 giant club
(0, 7, Orc:4)
  a +0 whip
  a +0 robe
(10, 9, Orc:4)
  a +0 club
(-33, 14, Orc:4)
  a +1 dagger of flaming
  a +0 robe
(-32, 14, Orc:4)
  a +0 dagger
  a +0 robe
(-30, 14, Orc:4)
  a +0 dagger
  a +0 robe
(-30, 15, Orc:4)
  a +0 dagger
  a +0 robe
(-35, 16, Orc:4)
  a +0 club
(0, 16, Orc:4)
  a +0 trident
  a cursed +0 scale mail
(-31, 20, Orc:4)
  a +0 club
  a +0 leather armour
(-30, 20, Orc:4)
  a +0 dagger
  a +0 robe
  a +0 dagger
  a +0 robe
(-29, 20, Orc:4)
  4 tomahawks
  a +0 dagger
  a +0 dagger
  a +0 leather armour
(-28, 20, Orc:4)
  a +0 mace
  a +0 ring mail
(4, 27, Orc:4)
  a +0 dagger
  a +0 robe
(-21, 28, Orc:4)
  a +0 war axe of venom
  a +0 leather armour
  a +0 leather armour
(-20, 28, Orc:4)
  a +0 short sword
  a +0 chain mail
(3, 28, Orc:4)
  a +0 mace
  3 tomahawks
  a +0 chain mail
(6, 28, Orc:4)
  2 tomahawks
(-20, 29, Orc:4)
  a +2 hand axe of chopping
(3, 29, Orc:4)
  a +0 falchion
(4, 29, Orc:4)
  a +0 flail
  a +0 chain mail
(15, 35, Orc:4)
  a +0 dagger of freezing
  a +0 robe
(13, 36, Orc:4)
  a +0 whip of electrocution
(15, 36, Orc:4)
  the -2 spear of the Six Ships {pierce, *Rage rPois rF+ MR+ SInv}
    It inflicts extra damage upon your enemies.
    
    It protects you from fire.
    It protects you from poison.
    It affects your resistance to hostile enchantments.
    It enhances your eyesight.
    It may make you go berserk in combat.
  a +0 club
  a +0 ring mail
(16, 36, Orc:4)
  a +0 dagger
  a +0 robe
(-16, 37, Orc:4)
  a +0 mace
  a +0 ring mail
(13, 37, Orc:4)
  a +0 club
(14, 37, Orc:4)
  a +0 short sword
(15, 37, Orc:4)
  a +0 dagger
(16, 37, Orc:4)
  a +1 trident of protection
  a +0 scale mail
(-14, 40, Orc:4)
  a +0 mace
(9, 47, Orc:4)
  an Akashic Record {highlevel}
  a Grand Grimoire {highlevel}
  a wand of polymorph (11)
  a +0 giant club

Level 1 of the Elven Halls
(0, 0, Elf:1)
  a +0 robe
(-1, 7, Elf:1)
  the +7 longbow "Piercer" {penet, EV-2}
    Ammo fired by it will pass through the targets it hits, potentially hitting
    all targets in its path until it reaches maximum range.
    
    It affects your evasion (-2).
(0, 7, Elf:1)
  a +0 short sword
(2, 8, Elf:1)
  a +0 long sword of draining
(-3, 9, Elf:1)
  a +4 long sword of draining
(2, 10, Elf:1)
  a +2 long sword of slicing (still there?)
  12 arrows (still there?)
  a cursed -3 scimitar (still there?)
  a +0 shortbow (still there?)
(-3, 13, Elf:1)
  a +0 rapier (still there?)
  a wand of slowing (14) (still there?)

Level 1 of the Lair of Beasts
(0, 0, Lair:1)
  25 stones
(-20, 1, Lair:1)
  a +0 ring mail
(-22, 9, Lair:1)
  14 stones
(4, 22, Lair:1)
  a +0 robe
(-28, 23, Lair:1)
  17 stones
(2, 25, Lair:1)
  a cursed -1 flail
(8, 36, Lair:1)
  2 scrolls of vulnerability
  a wand of disintegration (14)
  a wand of disintegration (18)
  a cursed +0 ring mail
(-41, 38, Lair:1)
  17 sling bullets
(-12, 39, Lair:1)
  a +6 antimagic demon whip
(-8, 42, Lair:1)
  19 arrows
(1, 42, Lair:1)
  an uncursed staff of air

Level 2 of the Lair of Beasts
(0, 0, Lair:2)
  a +0 war axe
(50, 1, Lair:2)
  17 stones
(13, 5, Lair:2)
  a +0 war axe
(30, 5, Lair:2)
  a +0 chain mail
(20, 9, Lair:2)
  17 stones
(32, 15, Lair:2)
  24 stones
(55, 16, Lair:2)
  a +0 pair of gloves
(15, 23, Lair:2)
  25 stones
(32, 37, Lair:2)
  a +0 ring mail
(48, 38, Lair:2)
  25 stones

Level 3 of the Lair of Beasts
(39, 3, Lair:3)
  a +0 ring mail
(-14, 10, Lair:3)
  a +0 hunting sling
(40, 12, Lair:3)
  a +0 scythe
(38, 13, Lair:3)
  a +0 trident
(23, 17, Lair:3)
  24 stones
(33, 31, Lair:3)
  a +0 flail of draining
(37, 31, Lair:3)
  a wand of frost (0)
(22, 34, Lair:3)
  a throwing net
(-7, 39, Lair:3)
  18 arrows
(-4, 43, Lair:3)
  a +0 glaive
(39, 44, Lair:3)
  22 arrows

Level 4 of the Lair of Beasts
(0, 0, Lair:4)
  a cursed -1 dire flail
(-43, 19, Lair:4)
  a +0 large shield
(-32, 21, Lair:4)
  a +5 antimagic short sword
(-25, 26, Lair:4)
  a +0 chain mail
(-33, 28, Lair:4)
  26 sling bullets
(-19, 32, Lair:4)
  19 arrows
(-26, 40, Lair:4)
  17 arrows
(-24, 40, Lair:4)
  a wand of disintegration (0)
(-18, 44, Lair:4)
  a plain deck of defence
(-55, 47, Lair:4)
  19 steel sling bullets
(-11, 52, Lair:4)
  19 stones

Level 5 of the Lair of Beasts
(0, 0, Lair:5)
  a +0 robe
(-56, 4, Lair:5)
  a scroll of vulnerability
(-20, 4, Lair:5)
  a +0 chain mail
(-50, 7, Lair:5)
  a +2 antimagic great mace
(-26, 9, Lair:5)
  2 potions of brilliance
  2 potions of berserk rage
(-14, 9, Lair:5)
  a +4 antimagic dire flail
  a +3 antimagic great mace
(7, 11, Lair:5)
  23 stones
(-10, 14, Lair:5)
  3 stones
(0, 14, Lair:5)
  a wand of fireball (1)
  a wand of disintegration (9)
  a scroll of immolation
(-7, 16, Lair:5)
  a stone
(-6, 17, Lair:5)
  a +0 shortbow
  28 arrows
(-5, 17, Lair:5)
  a +0 rapier
  12 stones
  a +0 robe
(-15, 19, Lair:5)
  a +0 hunting sling
(-13, 22, Lair:5)
  a +0 morningstar
(-17, 26, Lair:5)
  a +0 short sword
(-37, 29, Lair:5)
  23 stones
(-43, 37, Lair:5)
  9 stones
(-51, 45, Lair:5)
  11 arrows
(-21, 45, Lair:5)
  a potion of poison
(-21, 48, Lair:5)
  a cursed -2 dagger
(-6, 50, Lair:5)
  a +0 leather armour
(-67, 52, Lair:5)
  an uncursed ring of stealth

Level 6 of the Lair of Beasts
(0, 0, Lair:6)
  19 sling bullets
(13, 3, Lair:6)
  a +0 short sword
(-22, 4, Lair:6)
  a +0 leather armour
(-21, 8, Lair:6)
  a +0 short sword
(-19, 10, Lair:6)
  25 stones
(-21, 12, Lair:6)
  a +0 scale mail
(-26, 14, Lair:6)
  a +0 long sword
(-8, 20, Lair:6)
  22 stones
(24, 24, Lair:6)
  a +0 leather armour
(30, 28, Lair:6)
  18 stones
(9, 32, Lair:6)
  a +0 pair of gloves
(7, 34, Lair:6)
  a +0 robe
(-7, 40, Lair:6)
  28 arrows

Level 7 of the Lair of Beasts
(0, 0, Lair:7)
  a scroll of immolation
(33, 1, Lair:7)
  17 stones
(-32, 2, Lair:7)
  a +2 dagger of speed
(34, 3, Lair:7)
  a wand of disintegration (5)
  a wand of fire (0)
(-22, 10, Lair:7)
  a +0 double sword
(12, 10, Lair:7)
  a book of Fire
  a book of Burglary
  an uncursed ring of fire
(-1, 14, Lair:7)
  a +2 pair of gloves
(4, 17, Lair:7)
  19 stones
(22, 27, Lair:7)
  the +7 chain mail "Odoeryos" {Contam +Blink Regen+ Dex+6 Slay-2}
    It affects your dexterity (+6).
    It affects your accuracy and damage with ranged weapons and melee attacks
    (-2).
    It lets you blink.
    It causes magical contamination when unequipped.
    It increases your rate of regeneration.
(11, 30, Lair:7)
  a +0 robe
(-14, 33, Lair:7)
  an uncursed amulet of resist corrosion
(-4, 36, Lair:7)
  a +2 antimagic executioner's axe
(7, 37, Lair:7)
  a +0 blowgun
(2, 39, Lair:7)
  9 arrows
(0, 41, Lair:7)
  a potion of poison
(-19, 46, Lair:7)
  a +0 hand crossbow

Level 8 of the Lair of Beasts
(0, 0, Lair:8)
  9 stones
(3, 2, Lair:8)
  the Volume of Summoning
    Spells                             Type                      Level
     a - Summon Butterflies           Summoning                     1
     b - Abjuration                   Summoning                     3
     c - Spellforged Servitor         Conjuration/Summoning         7
     d - Summon Hydra                 Summoning                     7
    
    
    Trog disapproves of the use of such an item.
(-12, 9, Lair:8)
  an uncursed staff of poison
(17, 9, Lair:8)
  11 stones
(-13, 10, Lair:8)
  the cursed -5 chain mail of the Mutiny {rF+ rC+ Int+3}
    It affects your intelligence (+3).
    It protects you from fire.
    It protects you from cold.
    It has a curse placed upon it.
(-2, 12, Lair:8)
  a +0 morningstar
(-16, 13, Lair:8)
  14 poisoned arrows
(16, 15, Lair:8)
  a +0 battleaxe
(-16, 18, Lair:8)
  a +3 antimagic battleaxe
(-20, 28, Lair:8)
  a +0 ring mail
(0, 35, Lair:8)
  a +0 centaur barding
(5, 35, Lair:8)
  14 sling bullets
(16, 38, Lair:8)
  a potion of poison
(25, 38, Lair:8)
  a +0 scale mail
(23, 44, Lair:8)
  a cursed -2 hand crossbow

Level 1 of the Swamp
(0, 0, Swamp:1)
  18 stones
(-3, 12, Swamp:1)
  a potion of brilliance
  a wand of disintegration (10)
  a wand of fireball (5)
  a wand of frost (9)
  a wand of magic darts (8)
  a wand of enslavement (17)
  an uncursed ring of teleport control
  an uncursed amulet of clarity
  a +4 antimagic great mace
(10, 24, Swamp:1)
  25 stones
(9, 25, Swamp:1)
  a +0 ring mail
(-5, 32, Swamp:1)
  a scroll of amnesia
(6, 43, Swamp:1)
  a +0 leather armour

Level 2 of the Swamp
(0, 0, Swamp:2)
  a +0 short sword
(30, 6, Swamp:2)
  a +0 plate armour
(51, 15, Swamp:2)
  a +2 flail of draining
(7, 16, Swamp:2)
  a +0 pair of boots
(17, 18, Swamp:2)
  a +0 lajatang of protection
  a +0 robe
(-5, 19, Swamp:2)
  13 stones
(41, 30, Swamp:2)
  17 sling bullets
(51, 37, Swamp:2)
  22 stones
(42, 40, Swamp:2)
  a +0 flail
(38, 42, Swamp:2)
  a potion of ambrosia

Level 3 of the Swamp
(0, 0, Swamp:3)
  a +0 spear
(2, 4, Swamp:3)
  28 stones
(-4, 10, Swamp:3)
  14 stones
(22, 10, Swamp:3)
  a +2 ring of strength
(-26, 14, Swamp:3)
  3 tomahawks
(-4, 15, Swamp:3)
  a +1 quarterstaff of draining
  a +0 robe
(-4, 16, Swamp:3)
  the +6 great sword of Psonloxi {vamp, MR+ SInv}
    It inflicts no extra harm, but heals its wielder somewhat when it strikes a
    living foe.
    
    It affects your resistance to hostile enchantments.
    It enhances your eyesight.
(-22, 22, Swamp:3)
  an uncursed ring of protection from fire
(-6, 23, Swamp:3)
  a +0 leather armour
  a +0 broad axe
(-15, 37, Swamp:3)
  a +0 flail
(-1, 40, Swamp:3)
  a +0 trident

Level 4 of the Swamp
(0, 0, Swamp:4)
  23 sling bullets
(43, 0, Swamp:4)
  22 bolts
(13, 1, Swamp:4)
  a +0 hand axe
(36, 2, Swamp:4)
  a cursed +0 robe
  a +0 quarterstaff
(41, 2, Swamp:4)
  19 stones
(21, 6, Swamp:4)
  a +0 war axe
(28, 12, Swamp:4)
  a +1 antimagic mace
(16, 22, Swamp:4)
  a +0 dagger
(-4, 23, Swamp:4)
  a +0 spear
(-16, 24, Swamp:4)
  a cursed +0 arbalest
(-3, 24, Swamp:4)
  a +0 dagger
  a +0 robe
(-2, 24, Swamp:4)
  a cursed +0 plate armour
  a +1 broad axe of flaming
(-1, 24, Swamp:4)
  a cursed -1 plate armour
  a +0 trident
  a +0 dagger
  a +0 dire flail
  a +0 plate armour
(-2, 25, Swamp:4)
  a cursed -1 chain mail
  a +0 scimitar of slicing
(34, 26, Swamp:4)
  a +0 plate armour
(-13, 30, Swamp:4)
  19 bolts of frost
(-12, 30, Swamp:4)
  a +0 giant spiked club
(13, 30, Swamp:4)
  a +0 dagger
  a +0 robe
(11, 31, Swamp:4)
  a +0 war axe
  a cursed +0 plate armour
(14, 31, Swamp:4)
  a +6 quarterstaff of speed
(42, 31, Swamp:4)
  a +0 spear
(0, 32, Swamp:4)
  an uncursed ring of fire
(1, 32, Swamp:4)
  a +0 short sword
  a +0 robe
(-1, 33, Swamp:4)
  a cursed +0 spear
  a +2 buckler
(0, 33, Swamp:4)
  a +0 quarterstaff
  a +0 robe

Level 5 of the Swamp
(0, 0, Swamp:5)
  a meat ration
(-6, 4, Swamp:5)
  a scroll of immolation
(-5, 10, Swamp:5)
  a wand of confusion (25)
(-10, 12, Swamp:5)
  a +0 morningstar
(4, 14, Swamp:5)
  a potion of restore abilities
(2, 15, Swamp:5)
  25 stones
(3, 16, Swamp:5)
  a scroll of acquirement
(11, 16, Swamp:5)
  a cursed +0 shortbow
(13, 24, Swamp:5)
  a +0 spear
(10, 32, Swamp:5)
  a spiny frog corpse (skeletalised by now)
(-7, 35, Swamp:5)
  a swamp drake skeleton
(12, 37, Swamp:5)
  a +0 spear
(11, 38, Swamp:5)
  3 curare-tipped needles
  a +0 buckler
  a +0 spear
  a +0 blowgun

Level 1 of the Spider Nest
(0, 0, Spider:1)
  a +0 war axe
(-24, 3, Spider:1)
  a +9 great mace of holy wrath
(-21, 12, Spider:1)
  9 poisoned arrows
(-59, 20, Spider:1)
  13 stones
(-37, 28, Spider:1)
  a +0 chain mail
(-30, 32, Spider:1)
  a potion of poison
(-31, 52, Spider:1)
  25 bolts
(-38, 58, Spider:1)
  a +0 plate armour
(-22, 58, Spider:1)
  a +0 flail

Level 2 of the Spider Nest
(0, 0, Spider:2)
  a +0 lajatang
(18, 3, Spider:2)
  a +0 hand axe
(22, 13, Spider:2)
  a +0 glaive
(13, 17, Spider:2)
  4 arrows of flame
(12, 18, Spider:2)
  a +0 chain mail
(-4, 28, Spider:2)
  a +0 hand axe
  a +0 plate armour
(-6, 32, Spider:2)
  a +3 shortbow of freezing
(12, 38, Spider:2)
  a +0 scale mail
(8, 41, Spider:2)
  a +0 trident

Level 3 of the Spider Nest
(0, 0, Spider:3)
  a +1 antimagic morningstar
(4, 2, Spider:3)
  20 bolts of frost
(0, 3, Spider:3)
  a +0 robe
(-24, 6, Spider:3)
  27 stones
(-12, 8, Spider:3)
  15 arrows
(-17, 11, Spider:3)
  3 tomahawks
  a +4 lajatang of electrocution
(6, 14, Spider:3)
  14 stones
(11, 18, Spider:3)
  a scroll of random uselessness
(-15, 30, Spider:3)
  a +0 chain mail
(7, 34, Spider:3)
  the +0 leather armour "Kiuxtus" {+Blink Dex+5 Stlth+}
    It affects your dexterity (+5).
    It lets you blink.
    It makes you more stealthy.
(6, 37, Spider:3)
  a +0 giant club
(-2, 39, Spider:3)
  15 arrows
(-20, 54, Spider:3)
  a wand of cold (0)
  an uncursed ring of fire
(-27, 55, Spider:3)
  a wand of paralysis (7)
  a wand of random effects (30)
  a book of the Warp
  a wand of frost (21)
  the -1 large shield "Fanimn" {rElec MR+ Int+4}
    It affects your intelligence (+4).
    It insulates you from electricity.
    It affects your resistance to hostile enchantments.
(7, 57, Spider:3)
  a +0 long sword

