Dracula

Level 1 of the Dungeon
(0, 0, D:1)
  a +0 dagger
(18, 5, D:1)
  a cursed -1 club
(6, 6, D:1)
  3 stones
(7, 6, D:1)
  a stone
(9, 6, D:1)
  a stone
(10, 6, D:1)
  a stone
(5, 8, D:1)
  a stone
(6, 8, D:1)
  3 stones
(7, 8, D:1)
  2 stones
(9, 8, D:1)
  4 stones
(10, 8, D:1)
  3 stones
(7, 9, D:1)
  4 stones
(8, 9, D:1)
  4 stones
(11, 9, D:1)
  a stone
(8, 10, D:1)
  3 stones
(9, 10, D:1)
  a stone
(-10, 17, D:1)
  a +0 ring mail
(7, 19, D:1)
  14 arrows
(-7, 20, D:1)
  a +2 short sword of venom
(8, 22, D:1)
  a +2 short sword of speed
(-6, 23, D:1)
  18 arrows
(5, 23, D:1)
  a bread ration
(8, 23, D:1)
  a +0 club
(28, 28, D:1)
  24 arrows
(-15, 32, D:1)
  a meat ration
(14, 32, D:1)
  a +0 club
(21, 33, D:1)
  a bread ration
(-13, 37, D:1)
  15 stones
(2, 41, D:1)
  a +0 robe
(10, 50, D:1)
  a +0 leather armour

Level 2 of the Dungeon
(0, 0, D:2)
  3 fruits
(-15, 6, D:2)
  a +0 cloak
(-12, 6, D:2)
  a cursed -2 club
  a +0 club
(6, 6, D:2)
  a +0 club
(8, 6, D:2)
  33 stones
  a +0 club
  a +0 hunting sling
(-19, 7, D:2)
  a +0 club
(7, 7, D:2)
  an adder skeleton
(7, 8, D:2)
  a +0 club
(-8, 11, D:2)
  a bread ration
(1, 12, D:2)
  a +0 dagger
  a +0 animal skin
(15, 14, D:2)
  a +0 centaur barding
(-29, 16, D:2)
  a +1 spear of piercing
(1, 16, D:2)
  7 tomahawks
(-8, 18, D:2)
  5 gold pieces
(-7, 18, D:2)
  a +0 cloak
(-1, 19, D:2)
  12 silver bolts
(-24, 32, D:2)
  a +0 club
(-20, 33, D:2)
  a bread ration
(-25, 38, D:2)
  a +0 spear
  4 stones
(-15, 40, D:2)
  19 stones
(-6, 42, D:2)
  a +0 dagger
(-19, 43, D:2)
  a +0 chain mail
(-3, 45, D:2)
  a +0 dagger
(-20, 48, D:2)
  a meat ration

Level 3 of the Dungeon
(0, 0, D:3)
  14 gold pieces

