Arya

Level 1 of the Dungeon
(0, 0, D:1)
  a +0 short sword
(2, 0, D:1)
  a +0 robe
(12, 0, D:1)
  a +0 dagger
(20, 6, D:1)
  a rat corpse (rotten by now)
(8, 7, D:1)
  a +0 dagger
(55, 7, D:1)
  15 arrows
(15, 8, D:1)
  a +0 robe
(50, 9, D:1)
  29 arrows
(-1, 11, D:1)
  a beef jerky
(51, 12, D:1)
  a +0 club
(18, 13, D:1)
  a bat corpse
(29, 13, D:1)
  a rotting hobgoblin corpse
(33, 13, D:1)
  a +0 leather armour
(55, 13, D:1)
  a meat ration
(47, 15, D:1)
  a +0 club
(13, 16, D:1)
  a goblin corpse (skeletalised by now)
(55, 18, D:1)
  a +0 short sword
(35, 23, D:1)
  a giant newt corpse (skeletalised by now)
(44, 24, D:1)
  a bat skeleton
(24, 28, D:1)
  19 stones
(29, 39, D:1)
  a +0 leather armour
(59, 40, D:1)
  a +0 dagger
(59, 42, D:1)
  a +0 mace
(30, 43, D:1)
  a +0 club

Level 2 of the Dungeon
(0, 0, D:2)
  a +0 hand axe
(-4, 4, D:2)
  a giant cockroach corpse
(5, 7, D:2)
  a +0 club
(2, 9, D:2)
  a scroll of teleportation
(-4, 13, D:2)
  a bread ration

