Sanguine

Level 1 of the Dungeon
(0, 0, D:1)
  20 stones
(-18, 5, D:1)
  a +0 club
(-17, 5, D:1)
  a +0 dagger
(-5, 8, D:1)
  a +0 mace
(-24, 9, D:1)
  18 arrows
(-2, 13, D:1)
  a +0 leather armour
(-27, 17, D:1)
  a +0 club
(-25, 17, D:1)
  a +0 dagger
(-28, 18, D:1)
  a +0 club
  a +2 dagger of holy wrath
(-13, 23, D:1)
  a +0 dagger
(-32, 27, D:1)
  a +0 leather armour
(-21, 27, D:1)
  a +0 dagger
(-30, 32, D:1)
  a +0 short sword
(-29, 42, D:1)
  a +0 leather armour

Level 2 of the Dungeon
(0, 0, D:2)
  a giant cockroach corpse
(-2, 5, D:2)
  a +0 spear
(-2, 17, D:2)
  a +2 short sword of flaming

