Asterion

Level 1 of the Dungeon
(0, 0, D:1)
  a +0 club
(-15, 5, D:1)
  a +0 hunting sling of flaming
(-10, 5, D:1)
  17 sling bullets
(10, 14, D:1)
  a +0 club
(-4, 19, D:1)
  a +0 club
(20, 20, D:1)
  a +0 hand axe
(22, 20, D:1)
  a +0 club
(21, 29, D:1)
  21 stones

Level 2 of the Dungeon
(0, 0, D:2)
  a +0 hunting sling
  15 stones
(2, 0, D:2)
  a stone
(2, 3, D:2)
  a +0 dagger
(2, 4, D:2)
  a +0 dagger
(10, 4, D:2)
  a +1 dagger of flaming
  a +0 club
  a cursed -1 club
(-6, 6, D:2)
  a +0 mace
(-6, 7, D:2)
  a stone
(-18, 8, D:2)
  a +4 vampiric war axe
(-6, 8, D:2)
  a stone
(3, 9, D:2)
  a stone
(4, 9, D:2)
  a stone
(-1, 11, D:2)
  a +0 hunting sling
  12 stones
(0, 11, D:2)
  a stone
(11, 12, D:2)
  24 bolts
(1, 13, D:2)
  a +0 hunting sling
  9 stones
(7, 14, D:2)
  7 tomahawks
(-11, 21, D:2)
  20 arrows
(-40, 22, D:2)
  a +0 club
(-46, 26, D:2)
  a +0 short sword
(-20, 27, D:2)
  a +0 robe
(-56, 30, D:2)
  a +0 dagger
(-50, 38, D:2)
  a +0 mace
(-53, 54, D:2)
  19 stones

Level 3 of the Dungeon
(0, 0, D:3)
  an uncursed staff of summoning
(27, 1, D:3)
  a +0 animal skin
(27, 4, D:3)
  a +0 club
(-20, 14, D:3)
  a +0 dagger
(18, 19, D:3)
  a +0 helmet
(-16, 22, D:3)
  a +0 leather armour
(-5, 26, D:3)
  a +0 hunting sling
(10, 26, D:3)
  a +0 club

Level 4 of the Dungeon
(0, 0, D:4)
  8 needles of confusion
(-19, 5, D:4)
  a +0 hand axe
(-18, 5, D:4)
  a +0 dagger
(-20, 6, D:4)
  a +0 dagger
  a +0 robe
(-20, 7, D:4)
  a +0 mace
(4, 9, D:4)
  26 arrows
(-10, 18, D:4)
  a +0 hand axe
  a +0 scale mail
(20, 20, D:4)
  a +0 giant club
(13, 23, D:4)
  22 stones
(-10, 27, D:4)
  a +0 short sword
(-3, 36, D:4)
  a +0 spear
(-2, 36, D:4)
  a cursed -3 spear

Level 5 of the Dungeon
[Shop] Smemam's Gadget Boutique
  a plain deck of changes (196 gold)
  a wand of cold (6) (280 gold)
  a +0 rod of clouds (10/10) (1050 gold)
  a crystal ball of energy (280 gold)
  a wand of draining (3) (98 gold)
  a crystal ball of energy (280 gold)
  a crystal ball of energy (280 gold)
  a wand of confusion (12) (147 gold)
  a +0 rod of inaccuracy (14/14) (1330 gold)
  a phial of floods (560 gold)
  a wand of disintegration (14) (252 gold)
  a wand of enslavement (20) (308 gold)
  a lantern of shadows (280 gold)
(0, 0, D:5)
  9 arrows of frost
(5, 9, D:5)
  a +0 robe
  a cursed +0 dagger
(6, 9, D:5)
  a +0 ring mail
  a +0 club
(1, 19, D:5)
  a +0 ring mail
(-5, 20, D:5)
  a +0 leather armour
(-7, 21, D:5)
  a cursed -2 robe
(-16, 27, D:5)
  29 stones
(-24, 28, D:5)
  a cursed +0 trident
(8, 31, D:5)
  4 stones
  a +0 dagger
(5, 34, D:5)
  a stone
(-4, 41, D:5)
  a +2 ring of intelligence
  an uncursed amulet of rage
(-15, 48, D:5)
  a +0 club
(-18, 61, D:5)
  22 stones

Level 6 of the Dungeon
(0, 0, D:6)
  12 stones
(33, 2, D:6)
  a cursed -3 short sword
(49, 7, D:6)
  a +0 chain mail
(35, 9, D:6)
  a +0 club
(36, 9, D:6)
  a +0 hand axe
(37, 9, D:6)
  a +0 dagger
  a +0 robe
  a +0 trident
(49, 9, D:6)
  an uncursed staff of summoning
(31, 15, D:6)
  a +0 club
(31, 18, D:6)
  a stone
(9, 19, D:6)
  a +0 shortbow
  19 arrows
(31, 19, D:6)
  a stone
(41, 19, D:6)
  a +0 falchion
(42, 19, D:6)
  a +0 trident
  a +0 plate armour
(42, 20, D:6)
  a +0 war axe
(31, 21, D:6)
  2 stones
(7, 22, D:6)
  an arrow
(6, 30, D:6)
  a +0 club
(9, 31, D:6)
  a +0 shortbow
(50, 33, D:6)
  22 stones
(40, 35, D:6)
  a +0 dagger
(1, 39, D:6)
  a +0 dagger
(27, 41, D:6)
  a cursed +1 trident
  a +0 robe
(21, 42, D:6)
  a +0 scale mail
(30, 42, D:6)
  a cursed +1 dagger
  a +0 robe
  a +0 halberd
  a +0 robe
(38, 42, D:6)
  a +0 club
(29, 43, D:6)
  a +0 halberd
  a +0 robe
(30, 43, D:6)
  a cursed +0 spear
  a +0 robe
(51, 43, D:6)
  a +0 spear
(-3, 55, D:6)
  a +0 club
(14, 55, D:6)
  15 arrows

Level 7 of the Dungeon
[Shop] Ylouh's Assorted Antiques
  a scroll of acquirement (25 gold)
  a potion of lignification (22 gold)
  a +0 robe (17 gold)
  the cursed -1 plate armour of Liberalism {Stlth++} (700 gold)
    It makes you much more stealthy.
    It has a curse placed upon it.
  a wand of slowing (9) (100 gold)
  a +0 ring mail (100 gold)
  a potion of confusion (25 gold)
  an uncursed ring of protection from fire (125 gold)
  a potion of agility (62 gold)
[Shop] Ofaas' Antique Armour Emporium
  a +0 plate armour (575 gold)
  a +0 plate armour (575 gold)
  a +0 scale mail (100 gold)
  a +0 ring mail (100 gold)
  a +0 robe (17 gold)
  a +0 leather armour (50 gold)
  a +0 scale mail (100 gold)
  a +4 plate armour of poison resistance (575 gold)
  a cursed +0 robe (17 gold)
  a +0 pair of boots (112 gold)
  a +0 scale mail (100 gold)
  a +2 ring mail of fire resistance (100 gold)
  a +0 chain mail (112 gold)
  a +0 scale mail (100 gold)
[Shop] Ylouh's Gadget Shoppe
  a disc of storms (280 gold)
  a wand of fire (11) (420 gold)
  a stone of tremors (560 gold)
  a wand of magic darts (8) (42 gold)
  a wand of lightning (4) (112 gold)
  a box of beasts (280 gold)
  a wand of enslavement (4) (84 gold)
  a +0 rod of inaccuracy (14/14) (1330 gold)
  a +0 rod of the swarm (14/14) (1330 gold)
  a wand of magic darts (10) (50 gold)
  a wand of polymorph (13) (210 gold)
  a crystal ball of energy (280 gold)
(-3, 10, D:7)
  a +0 hat
(11, 11, D:7)
  a +0 club
  a +0 leather armour
(17, 11, D:7)
  a +2 antimagic spear
  a +0 scale mail
(18, 11, D:7)
  a +0 whip
  a stone
  a +0 mace
(3, 12, D:7)
  3 arrows
(5, 12, D:7)
  an arrow
(8, 12, D:7)
  an arrow
(10, 12, D:7)
  a +0 shortbow
  12 arrows
(17, 12, D:7)
  a +0 halberd
(18, 12, D:7)
  a +3 spear
(21, 12, D:7)
  a +0 club
(34, 19, D:7)
  a +0 hand axe
  a +0 robe
(20, 20, D:7)
  a +0 short sword
(36, 20, D:7)
  a cursed +1 scimitar
  a +0 robe
(34, 22, D:7)
  a +0 robe
(-13, 23, D:7)
  a +0 cutlass
(-2, 24, D:7)
  a +0 club
(19, 26, D:7)
  a cursed +0 club
  a +0 blowgun
  a +0 scale mail
(-1, 28, D:7)
  a +0 whip
(15, 33, D:7)
  9 arrows of frost
(19, 35, D:7)
  a +0 helmet
(27, 36, D:7)
  a +0 spear
(32, 36, D:7)
  a +0 club
(-3, 39, D:7)
  a +0 chain mail
  a cursed -3 flail
(22, 42, D:7)
  30 stones
(25, 43, D:7)
  a +0 ring mail
(12, 44, D:7)
  a +0 ring mail
(26, 45, D:7)
  a +0 ring mail
(41, 49, D:7)
  a +0 flail

Level 8 of the Dungeon
(0, 6, D:8)
  a stone
(-1, 7, D:8)
  a stone
(-2, 8, D:8)
  a stone
(2, 8, D:8)
  a +0 club
(31, 11, D:8)
  11 poisoned needles
(33, 11, D:8)
  a cursed -3 war axe
  a +0 dagger
  a +0 leather armour
(34, 12, D:8)
  a +0 club
(-8, 16, D:8)
  a +0 whip
(-7, 16, D:8)
  a +0 flail
(-7, 17, D:8)
  a cursed -2 spear
(-17, 18, D:8)
  20 arrows
(-8, 18, D:8)
  a +0 scale mail
  a +0 trident
(-7, 18, D:8)
  a +0 club
  a +0 whip
  a +0 flail
(-4, 18, D:8)
  a +0 cutlass
(-7, 19, D:8)
  a tomahawk
  a +0 club
(-23, 20, D:8)
  4 arrows
(-7, 20, D:8)
  a tomahawk
(1, 20, D:8)
  a +0 short sword of flaming
(-7, 21, D:8)
  a tomahawk
  a +0 robe
  a +0 dagger
(-5, 21, D:8)
  a stone
(2, 21, D:8)
  a stone
(4, 21, D:8)
  a stone
(3, 22, D:8)
  a stone
(8, 24, D:8)
  a stone
(8, 25, D:8)
  a stone
(-13, 27, D:8)
  a +0 spear
(10, 32, D:8)
  a +0 blowgun
  3 poisoned needles
(11, 32, D:8)
  a +0 short sword
(12, 32, D:8)
  a +0 short sword
  2 stones
(11, 34, D:8)
  a stone
(11, 35, D:8)
  a stone
  a poisoned needle
(2, 38, D:8)
  11 arrows of dispersal
(44, 47, D:8)
  a +0 leather armour
(45, 48, D:8)
  a +0 short sword

Level 9 of the Dungeon
(0, 0, D:9)
  a +0 giant club
(-32, 1, D:9)
  a +2 hand axe of freezing
(-31, 1, D:9)
  a +0 chain mail
  a +0 mace
  a +0 leather armour
(12, 6, D:9)
  a scroll of amnesia
(-13, 8, D:9)
  20 stones
(8, 13, D:9)
  21 stones
(-4, 14, D:9)
  a stone
(-12, 15, D:9)
  a scroll of amnesia
(-3, 15, D:9)
  a stone
(-2, 15, D:9)
  a stone
(1, 16, D:9)
  a kobold corpse (skeletalised by now)
(-11, 20, D:9)
  an arrow
(-11, 22, D:9)
  an arrow
(4, 22, D:9)
  a +0 trident
(-16, 23, D:9)
  an arrow
(-15, 23, D:9)
  an arrow
(-13, 23, D:9)
  an arrow
(-12, 23, D:9)
  an arrow
(-11, 23, D:9)
  an arrow
(0, 23, D:9)
  14 stones
(-18, 24, D:9)
  a +0 shortbow
  14 arrows
(-31, 29, D:9)
  a +0 flail
(-31, 30, D:9)
  a +0 whip
(-7, 30, D:9)
  a cursed +0 chain mail
(-2, 30, D:9)
  an arrow
(-31, 31, D:9)
  a +0 dagger
  a +0 robe
  a cursed -1 club
(-7, 31, D:9)
  a cursed +0 club
(-6, 31, D:9)
  an arrow
(0, 31, D:9)
  a +0 robe
  a +0 giant club
(-7, 32, D:9)
  a +0 shortbow
  19 arrows
(-24, 36, D:9)
  an arrow
(8, 38, D:9)
  a +0 club
(-24, 39, D:9)
  a +0 shortbow
  10 arrows

Level 10 of the Dungeon
(0, 0, D:10)
  a cursed -1 spear
(5, 2, D:10)
  a potion of heal wounds
(3, 3, D:10)
  19 gold pieces
(-3, 5, D:10)
  an arrow
(-4, 6, D:10)
  an arrow
(-3, 6, D:10)
  a bat corpse
(-7, 8, D:10)
  a +0 short sword
(-6, 8, D:10)
  an arrow
(-7, 10, D:10)
  a troll hide
  a +0 giant spiked club
(9, 14, D:10)
  12 stones
(20, 14, D:10)
  a +0 triple crossbow
(0, 16, D:10)
  21 poisoned needles
(22, 19, D:10)
  a potion of poison
(-3, 20, D:10)
  17 stones
(22, 22, D:10)
  12 stones
(11, 27, D:10)
  a +0 trident
(11, 28, D:10)
  a +0 hand axe
  a +0 mace
  a +0 leather armour
(12, 28, D:10)
  a +1 cutlass of venom
  a cursed +0 club
  a +0 leather armour
(10, 29, D:10)
  the -1 leather armour "Yzetziza" {+Fly Str-1}
    It affects your strength (-1).
    It lets you fly.
  a +0 dagger
  a +0 dire flail
  a +0 plate armour
  a +0 dagger
  a +0 club
  a +0 scale mail
  a +0 falchion
  a +0 hand axe
  a +0 club
  a +0 dagger
  a +0 ring mail
  a +0 short sword

the Ecumenical Temple

