Asterion

Level 1 of the Dungeon
(0, 0, D:1)
  a +0 dagger
(18, 0, D:1)
  a +0 animal skin
(-7, 8, D:1)
  a +0 ring mail
(12, 12, D:1)
  a +0 club
(3, 13, D:1)
  a +0 spear
(57, 14, D:1)
  a +2 ring mail of fire resistance
(1, 17, D:1)
  a +0 robe
(27, 22, D:1)
  a +0 club
(27, 24, D:1)
  a cursed -2 club
(6, 27, D:1)
  21 arrows of frost
(40, 29, D:1)
  25 arrows
(-9, 31, D:1)
  a +0 club
(-10, 32, D:1)
  a +0 dagger
(-7, 37, D:1)
  a +0 dagger
(57, 41, D:1)
  a +0 dagger
(-9, 44, D:1)
  a +0 robe
(-13, 51, D:1)
  a +0 dagger
(14, 51, D:1)
  a +0 robe

Level 2 of the Dungeon
(0, 0, D:2)
  a +0 dagger
(-17, 5, D:2)
  21 sling bullets
(22, 11, D:2)
  29 stones
(12, 12, D:2)
  a +0 club
(11, 14, D:2)
  a +0 dagger
(15, 16, D:2)
  15 stones
(-4, 17, D:2)
  a +0 club
(-11, 26, D:2)
  a +0 dagger
(-35, 30, D:2)
  25 sling bullets
(-9, 35, D:2)
  a +0 club
(2, 45, D:2)
  a +0 robe

Level 3 of the Dungeon
(0, 0, D:3)
  a +0 war axe
(5, 0, D:3)
  a +0 ring mail
(-19, 1, D:3)
  14 stones
(-5, 1, D:3)
  a +0 whip
(-9, 2, D:3)
  a +2 mace of holy wrath
(-4, 3, D:3)
  8 curare-tipped needles
(1, 3, D:3)
  a +0 flail
  a +0 ring mail
(4, 3, D:3)
  a +0 trident
(1, 4, D:3)
  a +0 hand axe
  a +0 ring mail
(2, 4, D:3)
  a +0 club
  a +0 robe
(3, 5, D:3)
  a +0 club
  a +0 robe
(-17, 10, D:3)
  a +0 club
(-8, 10, D:3)
  a +0 club
(-18, 11, D:3)
  a +0 dagger
  a +0 leather armour
(-15, 12, D:3)
  a +0 scale mail
(-14, 16, D:3)
  a +0 mace
(-13, 17, D:3)
  a +0 flail
(-2, 17, D:3)
  a +0 hand axe
(-13, 18, D:3)
  a +0 dagger of venom
  a +0 robe
(12, 25, D:3)
  a stone
(10, 26, D:3)
  a +0 dagger
  a stone
(13, 26, D:3)
  a +0 dagger
(18, 26, D:3)
  a +0 ring mail
(13, 31, D:3)
  a +0 chain mail
(-20, 32, D:3)
  a +0 robe
(-9, 35, D:3)
  a +0 ring mail

Level 4 of the Dungeon
(0, 0, D:4)
  a +0 flail
(-1, 23, D:4)
  a +0 club
(2, 26, D:4)
  a +0 club
(-15, 27, D:4)
  a +2 vampiric halberd
(-15, 28, D:4)
  a +0 spear
(-14, 29, D:4)
  a +0 spear
(-24, 37, D:4)
  a +0 short sword
(-20, 37, D:4)
  a stone

Level 5 of the Dungeon
(0, 0, D:5)
  an uncursed ring of ice
  a scroll of amnesia
  3 scrolls of random uselessness
  3 scrolls of immolation
(0, 1, D:5)
  a +1 short sword of protection
(-2, 5, D:5)
  a +0 animal skin
(6, 7, D:5)
  a +0 whip
(21, 7, D:5)
  a +0 hand axe
(22, 7, D:5)
  a cursed +0 dagger
(5, 8, D:5)
  3 stones
(20, 8, D:5)
  a cursed -2 flail
  a +0 ring mail
(4, 9, D:5)
  a +0 war axe
  10 stones
(19, 9, D:5)
  a +0 mace
  a +0 leather armour
(4, 10, D:5)
  7 stones
  a +0 short sword
(20, 11, D:5)
  10 sling bullets
(7, 12, D:5)
  a +2 dagger of pain
(3, 13, D:5)
  a stone
(4, 13, D:5)
  2 stones
(4, 17, D:5)
  a stone
(-8, 25, D:5)
  a +0 mace
  a +2 robe of magic resistance
(-8, 26, D:5)
  a cursed -1 animal skin
(-4, 31, D:5)
  a +0 club
(3, 31, D:5)
  a +0 animal skin
(-4, 33, D:5)
  a +0 club
  a +0 ring mail
(17, 35, D:5)
  a +1 spear of chaos
(17, 36, D:5)
  a +0 spear of chaos
(16, 42, D:5)
  a +1 spear of chaos
(16, 43, D:5)
  a +0 spear of chaos

Level 6 of the Dungeon
(0, 0, D:6)
  a +0 robe
(19, 3, D:6)
  a +0 ring mail
(-8, 8, D:6)
  13 stones
(-22, 10, D:6)
  an arrow
(-17, 10, D:6)
  a +0 shortbow
  20 arrows
(-20, 11, D:6)
  an arrow
(-4, 12, D:6)
  a +0 club
(-7, 14, D:6)
  21 sling bullets
(-12, 15, D:6)
  a +0 ring mail
(-17, 16, D:6)
  a +0 pair of boots
(-10, 17, D:6)
  2 stones
(17, 17, D:6)
  26 stones
(8, 20, D:6)
  a +0 robe
(22, 20, D:6)
  26 stones
(-15, 23, D:6)
  a +0 war axe
(-11, 23, D:6)
  a stone
(-14, 24, D:6)
  a +0 buckler
(-13, 25, D:6)
  a +0 spear
(23, 25, D:6)
  a +1 trident of freezing
(-1, 27, D:6)
  14 stones
(3, 31, D:6)
  20 arrows
(17, 43, D:6)
  a +0 club

Level 7 of the Dungeon
(0, 0, D:7)
  a +0 club
(15, 14, D:7)
  21 stones
(49, 17, D:7)
  a +0 hand axe
  a +0 ring mail
(-7, 18, D:7)
  a +0 club
  a +0 ring mail
(-6, 18, D:7)
  a cursed +0 falchion
  a +0 scale mail
(39, 20, D:7)
  28 bolts
(15, 22, D:7)
  23 stones
(-5, 25, D:7)
  a +0 ring mail
(4, 27, D:7)
  a +0 chain mail
(10, 29, D:7)
  a +0 dagger
(11, 29, D:7)
  a +0 giant club
(-17, 30, D:7)
  a potion of brilliance
  a scroll of immolation
  a scroll of noise
(20, 30, D:7)
  an arrow
(21, 30, D:7)
  2 arrows
(21, 31, D:7)
  an arrow
(-16, 33, D:7)
  11 arrows
(21, 33, D:7)
  an arrow
(21, 34, D:7)
  an arrow
(21, 36, D:7)
  a +0 shortbow
  13 arrows
(32, 36, D:7)
  a +0 scale mail
  a +3 flail of venom
(7, 43, D:7)
  a +0 scythe
(23, 43, D:7)
  a cursed -1 club
(28, 43, D:7)
  a +0 flail
(30, 44, D:7)
  15 stones
(38, 47, D:7)
  a +0 dagger
(3, 52, D:7)
  15 stones

Level 8 of the Dungeon
(0, 0, D:8)
  an uncursed ring of stealth
(8, 8, D:8)
  20 stones
(-10, 9, D:8)
  a +0 trident
  a +0 robe
  a +0 dagger
(-9, 9, D:8)
  a +0 dagger of electrocution
  a +0 robe
  a +0 dagger
(-18, 13, D:8)
  17 stones
(-13, 17, D:8)
  a +0 short sword
(6, 17, D:8)
  15 arrows of flame
(13, 17, D:8)
  a +0 scale mail
(12, 19, D:8)
  9 stones
(23, 26, D:8)
  22 stones
(13, 35, D:8)
  a +0 shortbow
  4 arrows
(13, 37, D:8)
  an arrow
(13, 39, D:8)
  2 arrows
(14, 41, D:8)
  an arrow

Level 9 of the Dungeon
(0, 0, D:9)
  a +0 short sword
  a +0 leather armour
  a +0 club
  a +0 short sword
  a cursed +0 chain mail
(1, 0, D:9)
  a cursed -2 mace
  a +0 ring mail
(17, 0, D:9)
  a +0 whip
(17, 2, D:9)
  a +0 whip
(-28, 4, D:9)
  a +0 ring mail
(-12, 4, D:9)
  a +0 giant spiked club
(-1, 7, D:9)
  a +0 chain mail
  a +0 short sword
(-21, 8, D:9)
  a +0 giant spiked club
(-1, 9, D:9)
  3 tomahawks
(0, 9, D:9)
  a +0 leather armour
  a +0 flail
(1, 9, D:9)
  a +0 robe
  a +0 dagger
(17, 10, D:9)
  a +0 club
(0, 14, D:9)
  a tomahawk
(-25, 15, D:9)
  14 stones
(-27, 17, D:9)
  a +2 dire flail of holy wrath
(-16, 19, D:9)
  14 arrows
(30, 28, D:9)
  14 arrows
(9, 29, D:9)
  a +0 short sword
(9, 30, D:9)
  a stone
(10, 30, D:9)
  a +0 whip
(-14, 42, D:9)
  a +0 quarterstaff
(-4, 44, D:9)
  a +0 ring mail
  a +0 dagger
  a cursed -1 dagger
  a +0 robe
  a +0 hand axe
  a +0 ring mail
(-2, 44, D:9)
  a +0 chain mail
(-2, 45, D:9)
  a +0 leather armour
  a +0 mace
(3, 45, D:9)
  a +0 chain mail
(-11, 46, D:9)
  a +0 robe
  a +0 dagger
(-10, 46, D:9)
  a +0 robe
  a +0 dagger
  a +0 robe
  a +0 dagger of venom
(-11, 47, D:9)
  a wand of fire (4)
  a +0 leather armour
  a +0 falchion
  a wand of fire (5)
  a +0 scimitar
  a +0 dagger
  a +0 plate armour
  a cursed +0 flail
  a potion of poison
  a +1 chain mail of fire resistance
(-24, 48, D:9)
  a +0 robe
  a +0 dagger
(-11, 48, D:9)
  a +0 chain mail
  a +0 hand axe
  a +0 flail
(-25, 49, D:9)
  a cursed -3 trident
(-24, 49, D:9)
  a +0 hand axe
  a +0 chain mail
  a +0 halberd
(-23, 49, D:9)
  a +2 triple sword of slicing
(-24, 50, D:9)
  a +0 whip
(-23, 50, D:9)
  a +0 leather armour
  a +0 club
(29, 51, D:9)
  20 arrows

Level 10 of the Dungeon
[Shop] Grosm's Distillery
  a potion of cure mutation (560 gold)
  2 potions of ambrosia (256 gold)
  2 potions of cancellation (256 gold)
  a potion of curing (48 gold)
  a potion of cancellation (128 gold)
  a potion of ambrosia (128 gold)
  a potion of invisibility (128 gold)
  a potion of cancellation (128 gold)
  2 potions of brilliance (128 gold)
  a potion of flight (48 gold)
  a potion of heal wounds (80 gold)
  a potion of heal wounds (80 gold)
(0, 0, D:10)
  a +0 dagger
  a +0 robe
(-46, 1, D:10)
  the ring "Ogups" {rC+ Int+4 Stlth+}
    [ring of stealth]
    
    It affects your intelligence (+4).
    It protects you from cold.
    It makes you more stealthy.
  a potion of poison
  an uncursed ring of sustain abilities
  a wand of magic darts (9)
  a wand of cold (7)
  a wand of magic darts (15)
  an uncursed ring of teleportation
  a cursed ring of positive energy
  a cursed +2 whip of flaming
(1, 2, D:10)
  a +0 falchion
(0, 3, D:10)
  a +0 leather armour
(-11, 13, D:10)
  15 stones
(-4, 13, D:10)
  2 poisoned arrows
(-42, 17, D:10)
  an arrow
(-3, 17, D:10)
  a poisoned arrow
(-45, 18, D:10)
  22 arrows
  a +0 shortbow
(-3, 18, D:10)
  a poisoned arrow
(-24, 19, D:10)
  a +0 giant club
(-8, 20, D:10)
  a +0 club
(-2, 20, D:10)
  a +0 shortbow
  12 poisoned arrows
(-20, 30, D:10)
  a +0 robe
  a cursed -2 giant club
(-18, 33, D:10)
  a +0 dagger of draining
  a +0 blowgun
(-16, 34, D:10)
  2 curare-tipped needles
(-2, 34, D:10)
  2 tomahawks
(-1, 34, D:10)
  a +2 long sword of draining
  a +0 chain mail
(0, 34, D:10)
  a +0 dagger
  a +0 robe of resistance
  a +0 hand axe
  a +0 leather armour
  a +0 dagger
  a tomahawk
  a +0 scale mail
(2, 34, D:10)
  a +1 dagger of venom
  a +0 robe
(-44, 35, D:10)
  a +0 pair of gloves
(-42, 35, D:10)
  a +0 club
(-16, 35, D:10)
  a curare-tipped needle
(-42, 36, D:10)
  a +0 giant spiked club
  a +0 giant spiked club
(-17, 37, D:10)
  a curare-tipped needle
(-16, 38, D:10)
  a curare-tipped needle
(-15, 39, D:10)
  a curare-tipped needle
(-20, 41, D:10)
  a curare-tipped needle

Level 11 of the Dungeon
(0, 0, D:11)
  13 stones
(11, 2, D:11)
  a cursed -3 whip
(11, 3, D:11)
  a +0 dagger of speed
  a +0 robe
(-23, 9, D:11)
  a +0 giant club
(-1, 9, D:11)
  a +0 dire flail
  a +0 chain mail
(-1, 10, D:11)
  a +0 flail
  a +0 long sword
  a +0 leather armour of positive energy
(-43, 11, D:11)
  a +0 giant spiked club
(6, 11, D:11)
  a +0 giant club
(-27, 13, D:11)
  a cursed -1 quarterstaff
  a +0 hunting sling
  21 sling bullets
  a +0 leather armour
(-25, 13, D:11)
  a +0 club
  a +0 chain mail
(-27, 14, D:11)
  a +0 mace
  a +0 ring mail
(-27, 15, D:11)
  a +0 flail
(-5, 15, D:11)
  a +0 giant spiked club
(-52, 19, D:11)
  a +0 club
(-49, 26, D:11)
  a +0 dagger
  a +0 blowgun
(-49, 28, D:11)
  a +0 blowgun
  a +0 short sword
  6 poisoned needles
(-50, 29, D:11)
  2 poisoned needles
  a stone
  a +0 short sword
(-49, 29, D:11)
  a +0 dagger
  a +1 short sword of electrocution
  a cursed -3 whip
  8 stones
  a +0 short sword
  a +0 dagger
(1, 29, D:11)
  a +0 ring mail
  a +0 flail
(-50, 30, D:11)
  3 stones
(1, 32, D:11)
  a tomahawk
(1, 35, D:11)
  a tomahawk
(10, 41, D:11)
  a stone
  a +0 blowgun
  3 poisoned needles
  a +0 whip
(10, 42, D:11)
  a +0 club
  a +0 dagger
  a +0 club
  a +3 blowgun
  11 poisoned needles
  a +0 short sword
  a +0 short sword
(10, 43, D:11)
  a stone
  3 poisoned needles
(9, 44, D:11)
  2 stones
(9, 45, D:11)
  a poisoned needle
  a stone
(9, 47, D:11)
  a throwing net
(8, 49, D:11)
  a +0 mace
  a throwing net
  a +0 ring mail

Level 12 of the Dungeon
(0, 0, D:12)
  2 large rocks
(2, 1, D:12)
  5 javelins of returning
(11, 1, D:12)
  a +0 robe
  a +0 dagger
  a +0 dagger
  a +0 robe
(11, 2, D:12)
  15 stones
  a +0 glaive
  a +0 chain mail
(16, 2, D:12)
  a stone
(17, 2, D:12)
  a stone
(19, 2, D:12)
  2 stones
  a cursed +0 giant spiked club
(31, 2, D:12)
  a +0 giant club
(-7, 3, D:12)
  22 arrows
(3, 3, D:12)
  2 large rocks
(15, 20, D:12)
  a +0 whip of electrocution
(14, 22, D:12)
  a +0 short sword
(16, 26, D:12)
  14 stones
(2, 29, D:12)
  the +3 dire flail of Trog's Castigation {crush, rC+ Int+4}
    It inflicts extra damage upon your enemies.
    
    It affects your intelligence (+4).
    It protects you from cold.

Level 13 of the Dungeon
[Shop] Kiuroeni's Antique Armour Shoppe
  a +0 cloak (148 gold)
  a +2 chain mail of positive energy (148 gold)
  a +0 robe (23 gold)
  a +0 robe (23 gold)
  a +0 leather armour (66 gold)
  a +0 leather armour (66 gold)
  the +3 leather armour of the Nine Runes {rPois rF- Dex+8 Stlth-} (231 gold)
    It affects your dexterity (+8).
    It makes you vulnerable to fire.
    It protects you from poison.
    It makes you less stealthy.
  a +0 ring mail (132 gold)
  a +0 leather armour (66 gold)
  the +1 scale mail "Byrerovoet" {Contam rC+ Str+3 Int+3} (297 gold)
    It affects your strength (+3).
    It affects your intelligence (+3).
    It protects you from cold.
    It causes magical contamination when unequipped.
  a +0 robe (23 gold)
  a +0 scale mail (132 gold)
(0, 0, D:13)
  a +0 giant club
(5, 18, D:13)
  a +0 giant club
  a +0 giant club
(-39, 20, D:13)
  a +0 longbow
  5 arrows
(-43, 22, D:13)
  a +0 dagger
  a cursed +0 robe
  21 stones
(-42, 22, D:13)
  a +0 shortbow
  17 arrows
  a +0 giant club
(-41, 22, D:13)
  2 arrows
(-43, 23, D:13)
  a +0 flail
  a +0 chain mail
  a +0 battleaxe
  a +0 plate armour
(-42, 23, D:13)
  9 arrows
(-42, 25, D:13)
  an arrow
(-40, 25, D:13)
  2 arrows
(-41, 26, D:13)
  2 arrows
(7, 26, D:13)
  23 stones
(2, 27, D:13)
  a +0 spear
(5, 29, D:13)
  a +0 flail
(-3, 34, D:13)
  a +0 dagger
  a +0 robe
(-45, 35, D:13)
  a +0 chain mail
  a +0 short sword
(-4, 35, D:13)
  a +2 scimitar of flaming
(-5, 36, D:13)
  a +0 club
  a +0 dagger
  a +0 ring mail
(-4, 36, D:13)
  a +0 flail
(-10, 41, D:13)
  a cursed staff of fire
(-27, 44, D:13)
  a +0 flail
(-50, 45, D:13)
  21 stones
(13, 45, D:13)
  a +0 giant club
  a +0 giant spiked club
(-13, 47, D:13)
  a +1 hand axe of flaming
  a cursed +0 leather armour
(-14, 48, D:13)
  a +0 mace
  a cursed +0 ring mail
  a +0 hand axe
  a +0 scale mail
(-14, 49, D:13)
  a +0 short sword
  a +0 leather armour
(12, 50, D:13)
  a +0 giant spiked club

Level 14 of the Dungeon
(0, 0, D:14)
  a +4 ring of dexterity

the Ecumenical Temple

Level 1 of the Orcish Mines
(0, 0, Orc:1)
  a tomahawk
(0, 2, Orc:1)
  a +0 leather armour
  a +0 mace
(-1, 3, Orc:1)
  2 tomahawks
(0, 3, Orc:1)
  a +0 short sword
  a +0 flail
(1, 3, Orc:1)
  a +0 robe
  a +0 dagger
  2 steel tomahawks
(0, 4, Orc:1)
  a +0 flail
  a +0 dagger
  a +0 hand axe
  a +0 scale mail
(-5, 5, Orc:1)
  a +0 scale mail
  a +0 dagger
(0, 5, Orc:1)
  a +0 mace
(-9, 6, Orc:1)
  a +0 robe
  a +2 dagger of venom
(-8, 6, Orc:1)
  a +0 ring mail
  a +0 mace
(3, 6, Orc:1)
  a steel tomahawk
(-8, 7, Orc:1)
  a +0 robe
  a +0 dagger
  a cursed -1 mace
  a +0 club
(2, 9, Orc:1)
  a +0 scale mail
  a +0 whip
(4, 9, Orc:1)
  a +0 leather armour
  a +0 trident
(6, 9, Orc:1)
  a +0 plate armour
  a steel tomahawk
  a +0 trident
(2, 10, Orc:1)
  a cursed -1 flail
  a +0 club
(3, 10, Orc:1)
  a +0 hand axe
  a +0 falchion
(11, 17, Orc:1)
  a tomahawk
(12, 17, Orc:1)
  a tomahawk
(11, 18, Orc:1)
  a tomahawk
(9, 19, Orc:1)
  2 stones
(11, 20, Orc:1)
  a tomahawk
(11, 22, Orc:1)
  a stone
(9, 24, Orc:1)
  a stone
(8, 25, Orc:1)
  a +0 leather armour
  a +0 whip
(9, 27, Orc:1)
  8 stones
  a +0 dagger
  a +0 hunting sling

Level 2 of the Orcish Mines
[Shop] Imiagori's Book Boutique
  a book of Battle (520 gold)
  a book of Changes (325 gold)
  a book of the Sky (845 gold)
  a book of Party Tricks (650 gold)
  a book of Control (845 gold)
  a book of Beasts (715 gold)
  a book of the Tempests (910 gold)
  the Volume of the Escort (1105 gold)
    Spells                             Type                      Level
     a - Call Canine Familiar         Summoning                     3
     b - Summon Demon                 Summoning                     5
     c - Spellforged Servitor         Conjuration/Summoning         7
    
    
    Trog disapproves of the use of such an item.
(0, 0, Orc:2)
  a +0 war axe
  a +0 leather armour
(10, 9, Orc:2)
  a +0 hand axe
  a +0 leather armour
  a +0 hand axe
(11, 9, Orc:2)
  a +0 leather armour
  a +0 leather armour
(12, 9, Orc:2)
  a +0 club
(8, 10, Orc:2)
  a +0 short sword
  a +0 leather armour
(9, 10, Orc:2)
  a +1 dagger of venom
(10, 10, Orc:2)
  a +0 short sword
  a +0 ring mail
  a +2 dagger of speed
  a +0 robe
(11, 10, Orc:2)
  a +0 flail
(12, 10, Orc:2)
  a +0 club
  a +0 dagger
  a +0 robe
(11, 11, Orc:2)
  a +0 battleaxe
  a +0 plate armour
(12, 11, Orc:2)
  a +0 falchion
(14, 15, Orc:2)
  a +0 flail
(13, 22, Orc:2)
  a steel tomahawk
(-1, 23, Orc:2)
  a +0 club
(12, 23, Orc:2)
  a +0 dagger
  a +0 robe
(-2, 27, Orc:2)
  a +0 leather armour
(-1, 27, Orc:2)
  a +1 dire flail of holy wrath
(-2, 28, Orc:2)
  a +0 flail
(-1, 28, Orc:2)
  a cursed -1 whip
(0, 28, Orc:2)
  a +0 robe
  a +0 dagger
  a +0 mace
(-2, 29, Orc:2)
  a scroll of vulnerability
  a scroll of immolation
  a +5 rod of inaccuracy (11/11)
(-14, 32, Orc:2)
  a +0 club
(-13, 34, Orc:2)
  a +0 dagger
(3, 43, Orc:2)
  9 gold pieces
(5, 47, Orc:2)
  a +0 dagger
  a +0 robe

Level 3 of the Orcish Mines
(0, 0, Orc:3)
  a +0 giant spiked club
  a +0 giant spiked club
(16, 1, Orc:3)
  a +0 club
(23, 13, Orc:3)
  a +0 dagger
  a +0 robe
(23, 14, Orc:3)
  a +0 scale mail
(19, 16, Orc:3)
  a +0 flail
  a +0 flail
  a cursed +0 scale mail
  a +0 mace
(20, 16, Orc:3)
  a +2 flail of protection
  a +0 ring mail
(8, 20, Orc:3)
  a +0 dagger
(8, 21, Orc:3)
  a +0 leather armour
(8, 22, Orc:3)
  a +0 dagger
(9, 22, Orc:3)
  a +0 mace
(10, 22, Orc:3)
  a +0 trident
  a +4 chain mail
(35, 28, Orc:3)
  4 large rocks
(34, 30, Orc:3)
  a large rock
(62, 30, Orc:3)
  a +0 hunting sling
  17 stones
(56, 31, Orc:3)
  a stone
(57, 31, Orc:3)
  a stone
(58, 31, Orc:3)
  a stone
(60, 31, Orc:3)
  a stone
(62, 31, Orc:3)
  a +0 dagger
(60, 32, Orc:3)
  2 stones
(61, 32, Orc:3)
  a +0 leather armour
(61, 33, Orc:3)
  a +0 hand axe
(12, 34, Orc:3)
  a +0 hand axe
  3 tomahawks
(13, 36, Orc:3)
  a tomahawk
(40, 36, Orc:3)
  a +0 mace
  a +0 giant club
(40, 37, Orc:3)
  a +0 flail
(40, 38, Orc:3)
  a +2 dagger of venom
  a +0 scale mail
(48, 39, Orc:3)
  a +0 flail
  a +0 chain mail
  a +0 dagger
(49, 39, Orc:3)
  a +0 flail
  a +0 leather armour
(50, 39, Orc:3)
  a +0 club
  a +0 leather armour
(56, 39, Orc:3)
  a +0 flail
  a +0 glaive
  a +0 chain mail
(57, 39, Orc:3)
  a +0 dagger
  a +0 great mace
  a +0 chain mail
(58, 39, Orc:3)
  a cursed +0 ring mail
  a +0 leather armour
  a +0 dagger
  a +0 leather armour
(49, 40, Orc:3)
  a +0 dagger
  a +0 robe
  a +0 flail
  a +0 leather armour
(50, 40, Orc:3)
  a +0 club
  a +0 leather armour
(51, 40, Orc:3)
  a +0 short sword
  a +0 leather armour
  a +0 whip
  a +0 chain mail
(57, 40, Orc:3)
  a +0 club
  a +0 club
  a +0 mace
  a +0 ring mail
(50, 41, Orc:3)
  a +0 antimagic long sword
  a +0 chain mail
(51, 41, Orc:3)
  a +0 hand axe
(57, 41, Orc:3)
  a +0 long sword
  a +0 plate armour
  a +0 glaive
  a +0 arbalest
  18 steel bolts
  a +0 plate armour
(50, 42, Orc:3)
  a +5 antimagic flail
  a +0 trident
(59, 42, Orc:3)
  a +0 hand axe
  a +0 whip
  a +0 chain mail
(61, 43, Orc:3)
  a +0 war axe
(15, 48, Orc:3)
  a +0 dagger

Level 1 of the Lair of Beasts
(0, 0, Lair:1)
  a +0 war axe
(18, 1, Lair:1)
  a +0 hand axe
(32, 3, Lair:1)
  a +0 dagger of venom
  a +0 robe
(14, 21, Lair:1)
  20 arrows
(43, 29, Lair:1)
  a +0 hunting sling
(-23, 34, Lair:1)
  17 poisoned bolts
(-19, 45, Lair:1)
  a +0 chain mail
(-9, 49, Lair:1)
  a cursed +0 ring mail
(-9, 55, Lair:1)
  a potion of magic
(-2, 56, Lair:1)
  25 arrows

Level 2 of the Lair of Beasts
(0, 0, Lair:2)
  a +0 chain mail
(-7, 6, Lair:2)
  17 stones
(14, 7, Lair:2)
  26 stones
(0, 8, Lair:2)
  8 tomahawks
(15, 15, Lair:2)
  a +0 dagger
(-21, 26, Lair:2)
  a +1 antimagic quarterstaff
(-41, 28, Lair:2)
  a +0 leather armour
(-28, 49, Lair:2)
  7 bolts
(-4, 52, Lair:2)
  17 stones

Level 3 of the Lair of Beasts
(0, 0, Lair:3)
  a wand of slowing (34)
  a wand of flame (27)
  a wand of disintegration (5)
  a +4 great mace of holy wrath
  a +2 great mace of draining
  a wand of confusion (7)
  an uncursed ring of protection from cold
  2 scrolls of magic mapping
(-27, 5, Lair:3)
  13 arrows
(-40, 6, Lair:3)
  19 stones
(-27, 6, Lair:3)
  10 poisoned needles
(-40, 8, Lair:3)
  a +0 chain mail
(-22, 9, Lair:3)
  2 throwing nets
(-28, 15, Lair:3)
  23 stones
(-21, 16, Lair:3)
  a +0 halberd
  a +0 robe
(-19, 16, Lair:3)
  a +0 robe
  a +0 battleaxe
  a +0 hand axe
(-21, 17, Lair:3)
  a +0 battleaxe
(-25, 25, Lair:3)
  10 stones
(20, 28, Lair:3)
  21 stones
(-19, 31, Lair:3)
  a +0 cloak
(7, 32, Lair:3)
  a wand of fire (6)
(-6, 41, Lair:3)
  a +0 dagger
(15, 42, Lair:3)
  a +0 scale mail
(21, 42, Lair:3)
  a +0 long sword

Level 4 of the Lair of Beasts
(0, 0, Lair:4)
  14 arrows
(18, 1, Lair:4)
  a scroll of vulnerability
(5, 13, Lair:4)
  13 stones
(-14, 19, Lair:4)
  19 arrows
(5, 21, Lair:4)
  a +0 leather armour
(-12, 23, Lair:4)
  the cursed +1 dagger of Integrity {flame, +Blink rPois rF- rN++ MR-}
    It has been specially enchanted to burn those struck by it, causing extra
    injury to most foes and up to half again as much damage against particularly
    susceptible opponents.
    
    It makes you vulnerable to fire.
    It protects you from poison.
    It greatly protects you from negative energy.
    It affects your resistance to hostile enchantments.
    It lets you blink.
    It has a curse placed upon it.
(20, 24, Lair:4)
  a +0 rapier
(44, 24, Lair:4)
  11 bolts
(-2, 31, Lair:4)
  a +2 antimagic short sword

Level 5 of the Lair of Beasts
(0, 0, Lair:5)
  a +0 trident
(0, 17, Lair:5)
  a +0 quarterstaff
(32, 18, Lair:5)
  a +0 leather armour
(-13, 25, Lair:5)
  a +0 ring mail
(-4, 27, Lair:5)
  a +0 hand axe
(38, 28, Lair:5)
  a +0 flail
(33, 33, Lair:5)
  a +4 dire flail of protection
(31, 35, Lair:5)
  a +0 scale mail
  a +1 vampiric battleaxe
(22, 36, Lair:5)
  a +0 leather armour
(-6, 39, Lair:5)
  a +0 blowgun
(27, 41, Lair:5)
  a +0 club
(46, 42, Lair:5)
  a +0 hunting sling
(17, 43, Lair:5)
  a +0 shortbow

Level 6 of the Lair of Beasts
(15, 4, Lair:6)
  an uncursed ring of protection from cold
(35, 12, Lair:6)
  a +1 shortbow of flaming
(-7, 20, Lair:6)
  a +0 whip
(2, 30, Lair:6)
  a +0 long sword
(-13, 31, Lair:6)
  a +0 dagger
(40, 33, Lair:6)
  20 stones
(43, 39, Lair:6)
  a +0 battleaxe

Level 7 of the Lair of Beasts
(0, 0, Lair:7)
  a +0 helmet

Level 1 of the Swamp
(0, 0, Swamp:1)
  a potion of poison
(0, 2, Swamp:1)
  a scroll of fog
(4, 5, Swamp:1)
  an ugly thing corpse
(4, 6, Swamp:1)
  a +2 antimagic great mace
(5, 6, Swamp:1)
  an ugly thing corpse
(2, 10, Swamp:1)
  a +0 scale mail
(3, 13, Swamp:1)
  a cursed -2 ring of protection

