Sanguine

Level 1 of the Dungeon
(0, 0, D:1)
  a +0 short sword
(15, 1, D:1)
  a +0 dagger
(-7, 5, D:1)
  21 bolts
(9, 12, D:1)
  18 stones
(16, 13, D:1)
  22 stones
(26, 19, D:1)
  a +0 leather armour
(43, 23, D:1)
  a +0 whip
(41, 25, D:1)
  a +0 hunting sling
(19, 35, D:1)
  18 arrows
(33, 35, D:1)
  a +0 mace
(25, 36, D:1)
  a +0 leather armour
(-6, 43, D:1)
  a +0 club
(32, 43, D:1)
  a +0 hunting sling of freezing
(22, 45, D:1)
  a +0 dagger

Level 2 of the Dungeon
(0, 0, D:2)
  a cursed -2 club
(-31, 6, D:2)
  21 stones
(6, 8, D:2)
  11 stones
(15, 10, D:2)
  a +0 club
(-20, 13, D:2)
  17 arrows
(-25, 19, D:2)
  a +0 club
(0, 26, D:2)
  a +0 hunting sling
(7, 28, D:2)
  a +0 hammer
(7, 36, D:2)
  a +0 scale mail
(-17, 39, D:2)
  18 sling bullets
(3, 39, D:2)
  a +0 club
(-14, 42, D:2)
  a cursed -2 dagger
  a +0 robe
(-28, 43, D:2)
  a +0 cloak

