Xombaby

Level 1 of the Dungeon
(0, 0, D:1)
  15 bolts
(28, 1, D:1)
  a stone
(28, 2, D:1)
  a stone
(25, 4, D:1)
  a stone
(23, 5, D:1)
  a +0 short sword
(9, 7, D:1)
  14 arrows of flame
(1, 10, D:1)
  a +0 dagger
(9, 12, D:1)
  a +0 mace
(9, 19, D:1)
  3 stones
(10, 20, D:1)
  a stone
(12, 20, D:1)
  a cursed +0 leather armour
(1, 24, D:1)
  a cursed -3 club
(0, 29, D:1)
  a +0 club
(-2, 30, D:1)
  a +0 ring mail
(21, 33, D:1)
  17 stones
(16, 36, D:1)
  19 stones
(17, 38, D:1)
  24 stones
(31, 43, D:1)
  18 stones

Level 2 of the Dungeon
(0, 0, D:2)
  a +0 leather armour
(3, 4, D:2)
  26 arrows
(0, 6, D:2)
  an adder corpse
(21, 6, D:2)
  29 arrows
(-9, 8, D:2)
  a +0 trident
(30, 8, D:2)
  an uncursed ring of flight
(19, 10, D:2)
  a goblin corpse
(26, 12, D:2)
  9 gold pieces
(-14, 14, D:2)
  26 stones
(1, 14, D:2)
  a +0 dagger
  a goblin skeleton
(-8, 16, D:2)
  a bat corpse
(15, 17, D:2)
  a stone
(13, 18, D:2)
  2 stones
(12, 19, D:2)
  a stone
(16, 21, D:2)
  a +0 club
(18, 21, D:2)
  a stone
(19, 21, D:2)
  a +0 dagger
  a kobold corpse (skeletalised by now)
(20, 21, D:2)
  a +0 dagger
  15 stones
(22, 25, D:2)
  a stone
(23, 26, D:2)
  a stone
(31, 30, D:2)
  a +0 leather armour

