Dracula

Level 1 of the Dungeon
(0, 0, D:1)
  a cursed -2,-1 club
(5, 1, D:1)
  a +0,+0 club
(43, 6, D:1)
  a +0,+0 club
  a hobgoblin corpse (skeletalised by now)
(17, 7, D:1)
  26 sling bullets
(25, 8, D:1)
  a +0 ring mail
(23, 24, D:1)
  a rotting bat corpse
(28, 24, D:1)
  a +0 leather armour
(17, 27, D:1)
  a +0,+0 mace
(25, 27, D:1)
  a +0,+0 hand axe
(33, 31, D:1)
  a +0,+0 dagger
  a kobold corpse (skeletalised by now)

Level 2 of the Dungeon
(0, 0, D:2)
  a +0,+0 sling
  20 stones
(9, 12, D:2)
  17 stones
(3, 13, D:2)
  a +0,+0 dagger
(7, 16, D:2)
  a cursed -2,-3 short sword
(-16, 19, D:2)
  a +0,+0 dagger
(0, 19, D:2)
  a +0,+0 short sword
(-4, 26, D:2)
  a +0 leather armour
(-7, 29, D:2)
  a cursed -3,-2 hand axe
(-5, 34, D:2)
  a +2,+0 hand axe of chopping
(-4, 34, D:2)
  20 stones

