Asterion

Level 1 of the Dungeon
(0, 0, D:1)
  a +0 dagger
(-20, 2, D:1)
  a +0 robe
(29, 12, D:1)
  a +0 dagger
(-21, 19, D:1)
  a +0 robe
(25, 25, D:1)
  7 bolts
(-11, 28, D:1)
  a +0 club
  a +0 ring mail
(29, 28, D:1)
  21 stones
(37, 34, D:1)
  9 stones
(-7, 38, D:1)
  11 stones
(28, 38, D:1)
  a +0 club
(24, 40, D:1)
  a stone
(-1, 46, D:1)
  a +0 short sword
(6, 51, D:1)
  a +0 leather armour
(25, 53, D:1)
  a +0 leather armour

Level 2 of the Dungeon
(0, 0, D:2)
  a +0 dagger
(2, 0, D:2)
  a +0 robe
(10, 1, D:2)
  13 sling bullets
(29, 2, D:2)
  12 arrows
(18, 5, D:2)
  a +0 chain mail
(3, 8, D:2)
  a +0 long sword
(3, 9, D:2)
  22 stones
(36, 9, D:2)
  a +0 club
(1, 11, D:2)
  a +0 dagger
(2, 11, D:2)
  a +0 club
(17, 19, D:2)
  11 poisoned arrows
(14, 21, D:2)
  a +0 animal skin
(38, 24, D:2)
  a +0 robe
(14, 26, D:2)
  a +0 ring mail
(-5, 30, D:2)
  a +0 club
(21, 31, D:2)
  9 arrows of frost

Level 3 of the Dungeon
(27, 1, D:3)
  a poisoned needle
(28, 2, D:3)
  a poisoned needle
(26, 6, D:3)
  14 poisoned needles
  a +0 blowgun
  a +0 short sword
(39, 7, D:3)
  a +0 hammer
(2, 9, D:3)
  27 arrows
(38, 10, D:3)
  a +3 quarterstaff of chaos
(-19, 14, D:3)
  a +0 short sword
(-19, 16, D:3)
  a cursed -1 club
(-19, 17, D:3)
  a +0 dagger
  a +0 robe
(-5, 20, D:3)
  21 sling bullets
(38, 23, D:3)
  a +0 giant spiked club
(2, 27, D:3)
  a +0 short sword
(33, 29, D:3)
  26 sling bullets
(29, 30, D:3)
  a +0 flail
(7, 31, D:3)
  a +0 club
  a +0 dagger
  a +0 flail
  a +0 scale mail
  a +0 club
(8, 31, D:3)
  2 javelins of penetration
(9, 31, D:3)
  a +0 dagger
  a +0 club
  a +0 club
(12, 31, D:3)
  a +0 club
(-1, 32, D:3)
  a +0 club
(9, 32, D:3)
  a +0 falchion
  a +0 animal skin
  a +0 helmet
(27, 34, D:3)
  a +0 dagger
(-7, 40, D:3)
  a +0 club

Level 4 of the Dungeon
(0, 0, D:4)
  4 tomahawks
(13, 0, D:4)
  a +0 robe
  a +0 animal skin
(19, 0, D:4)
  a +0 short sword
(13, 1, D:4)
  a +0 mace
(13, 2, D:4)
  a +0 scythe
  a +0 robe
(19, 7, D:4)
  a +0 club
(18, 9, D:4)
  a +0 ring mail
(-16, 10, D:4)
  19 sling bullets
(-27, 11, D:4)
  a +0 dagger
  a +0 robe
(-26, 11, D:4)
  a cursed +0 club
  a +0 flail
(-25, 11, D:4)
  a +0 short sword
(-8, 13, D:4)
  11 poisoned needles
(-3, 15, D:4)
  a +0 animal skin
(16, 20, D:4)
  a +0 club
(6, 22, D:4)
  a +0 dagger
(17, 22, D:4)
  a cursed -1 animal skin
(-11, 23, D:4)
  25 stones
(-23, 27, D:4)
  a +0 club
(-12, 27, D:4)
  a +0 hunting sling
(0, 27, D:4)
  a +0 robe
(-21, 28, D:4)
  a +0 short sword
  a +0 dagger
(-18, 30, D:4)
  a +0 short sword
(-26, 35, D:4)
  a +0 cloak
(17, 36, D:4)
  12 gold pieces
(16, 37, D:4)
  13 gold pieces
(17, 37, D:4)
  13 gold pieces
(18, 37, D:4)
  13 gold pieces
(16, 38, D:4)
  8 gold pieces
(17, 38, D:4)
  7 gold pieces
(18, 38, D:4)
  12 gold pieces
(-23, 41, D:4)
  16 stones

Level 5 of the Dungeon
(0, 0, D:5)
  10 arrows of dispersal
(25, 5, D:5)
  a +0 spear
(-14, 13, D:5)
  a +0 dagger
(-5, 14, D:5)
  17 stones
(29, 16, D:5)
  21 stones
(26, 19, D:5)
  20 stones
(-18, 22, D:5)
  a +0 ring mail
  a +0 dire flail
(-21, 23, D:5)
  a +0 club
(-2, 25, D:5)
  18 stones
(3, 25, D:5)
  a +0 great sword
(18, 27, D:5)
  19 stones
(-3, 30, D:5)
  16 stones
(10, 30, D:5)
  a +0 club
(22, 39, D:5)
  13 sling bullets
(-20, 43, D:5)
  a +0 mace
(-19, 43, D:5)
  a +0 dagger
  a +0 leather armour
(-18, 43, D:5)
  a +0 chain mail
(0, 46, D:5)
  a +0 battleaxe

Level 6 of the Dungeon
(0, 0, D:6)
  a +0 dagger
  a +0 robe
(-3, 3, D:6)
  15 poisoned needles
(4, 4, D:6)
  a +0 dagger
(-9, 5, D:6)
  a +1 leather armour of magic resistance
(3, 5, D:6)
  a +0 mace
(-8, 24, D:6)
  27 arrows
(-11, 25, D:6)
  a +0 giant club
(30, 29, D:6)
  a +0 scale mail
(23, 30, D:6)
  15 arrows
(9, 32, D:6)
  14 stones
(6, 39, D:6)
  12 arrows
(13, 40, D:6)
  17 stones
(-25, 42, D:6)
  3 sling bullets
(4, 57, D:6)
  5 tomahawks
(11, 59, D:6)
  a +0 dagger

Level 7 of the Dungeon
(42, 0, D:7)
  a +0 scale mail
(3, 1, D:7)
  a stone
(2, 3, D:7)
  a +2 flail of crushing
  a +0 robe
(3, 3, D:7)
  a stone
(2, 5, D:7)
  a +0 hand axe
  a +0 leather armour
(3, 5, D:7)
  a +0 whip
  11 stones
(36, 6, D:7)
  a +0 shortbow of flaming
  9 arrows
(36, 7, D:7)
  a +0 club
  a +0 ring mail
(35, 8, D:7)
  a +0 giant spiked club
  an arrow
(19, 9, D:7)
  15 arrows
(34, 9, D:7)
  an arrow
(33, 10, D:7)
  an arrow
(25, 11, D:7)
  a +0 scale mail
(-5, 16, D:7)
  10 poisoned needles
(34, 16, D:7)
  a +0 rapier
(27, 19, D:7)
  12 poisoned needles
(19, 21, D:7)
  a +0 short sword
(18, 22, D:7)
  a +0 dagger
  a cursed +0 robe
(19, 22, D:7)
  a +0 club
  a +0 plate armour
(37, 23, D:7)
  17 stones
(11, 26, D:7)
  a cursed +1 mace of freezing
  a +0 robe
  a +0 mace
  a +0 robe
(2, 28, D:7)
  a +0 leather armour
(31, 28, D:7)
  a +0 whip
(12, 29, D:7)
  a +3 war axe
  a +0 robe
(13, 30, D:7)
  a cursed +1 halberd
  a cursed +0 robe
(2, 42, D:7)
  a +0 robe

Level 8 of the Dungeon
(0, 0, D:8)
  a cursed -1 club
(-45, 5, D:8)
  a +0 falchion
(-48, 6, D:8)
  a tomahawk
(-47, 6, D:8)
  a tomahawk
(-44, 6, D:8)
  a +0 short sword
  a +0 ring mail
(-45, 7, D:8)
  3 tomahawks
(-44, 7, D:8)
  a +0 dagger
  a +0 robe
(-53, 8, D:8)
  a +0 scale mail
(-28, 14, D:8)
  a +0 robe
(-58, 21, D:8)
  26 stones
(-55, 21, D:8)
  a +0 trident
(-26, 23, D:8)
  a +0 dagger
  a cursed +0 robe
(-26, 24, D:8)
  a +0 glaive
  a +0 plate armour
(-39, 29, D:8)
  a +0 leather armour
(-31, 34, D:8)
  21 sling bullets of frost
(-28, 35, D:8)
  a stone
(-29, 36, D:8)
  a stone
(-29, 37, D:8)
  a stone
(-32, 42, D:8)
  a +0 short sword

Level 9 of the Dungeon
(0, 0, D:9)
  3 potions of magic
  2 potions of degeneration
(5, 4, D:9)
  a book of the Dragon
(2, 8, D:9)
  a +0 giant club
(11, 9, D:9)
  2 tomahawks
(-18, 12, D:9)
  a +0 hand axe
(-15, 16, D:9)
  2 large rocks
(-10, 21, D:9)
  a +0 ring mail
(-9, 23, D:9)
  a +1 blowgun of evasion
(-8, 25, D:9)
  7 poisoned javelins
  a +2 arbalest of evasion
(-6, 33, D:9)
  a +0 falchion
(-24, 34, D:9)
  the cursed +2 hunting sling of Insomnia {flame, rF- MP+9 Str+4 SInv}
    It causes projectiles fired from it to burn those they strike, causing extra
    injury to most foes and up to half again as much damage against particularly
    susceptible opponents.
    
    It affects your strength (+4).
    It makes you vulnerable to fire.
    It affects your magic capacity (+9).
    It enhances your eyesight.
    It has a curse placed upon it.
(-23, 38, D:9)
  a +0 dagger
(-11, 38, D:9)
  a +0 flail
(-26, 39, D:9)
  a +0 dagger
  a +0 robe
(-23, 39, D:9)
  a +0 flail
  a +0 chain mail
  a +0 dagger
(-12, 39, D:9)
  a +0 flail
(-11, 39, D:9)
  a cursed +0 plate armour
  a +0 hand axe
(-10, 39, D:9)
  a +0 leather armour
  a +0 dagger
  a +0 mace
  a +0 leather armour
(-6, 40, D:9)
  21 arrows
(-7, 42, D:9)
  a +0 giant club
(15, 49, D:9)
  25 sling bullets

Level 10 of the Dungeon
[Shop] Qaexzi's Book Emporium
  a book of Battle (640 gold)
  a book of Fire (1040 gold)
  a book of Conjurations (480 gold)
  Iskenderun's Catalogue of Confrontation (1264 gold)
    Spells                             Type                      Level
     a - Mephitic Cloud               Conjuration/Poison/Air        3
     b - Iskenderun's Mystic Blast    Conjuration                   4
     c - Force Lance                  Conjuration/Translocation     4
     d - Throw Icicle                 Conjuration/Ice               4
     e - Bolt of Draining             Conjuration/Necromancy        5
    
    
    Trog disapproves of the use of such an item.
  a book of Callings (480 gold)
  a Fen Folio (1200 gold)
  a book of Ice (1040 gold)
  a book of Summonings (1120 gold)
  a book of the Earth (1040 gold)
  a Fen Folio (1200 gold)
  a book of Alchemy (1200 gold)
  a book of Spatial Translocations (1040 gold)
(0, 0, D:10)
  a +0 dagger
(13, 4, D:10)
  a +0 giant spiked club
  a +0 giant club
(-20, 7, D:10)
  a +2 falchion
  a +0 robe
(-20, 8, D:10)
  a +0 morningstar
  a +0 robe
(3, 8, D:10)
  a +0 hand axe
  a cursed +0 leather armour
  a +0 dagger
  a +0 robe
(4, 8, D:10)
  a +0 short sword
  a +0 leather armour
(4, 9, D:10)
  a +0 falchion
(-18, 10, D:10)
  a +0 long sword
  a +0 robe
  a +3 great sword
  a +0 robe
(-18, 11, D:10)
  a +0 dire flail
  a +2 robe of magic resistance
(11, 12, D:10)
  a +0 whip
(16, 13, D:10)
  3 arrows
(-26, 14, D:10)
  a +0 ring mail
  a +0 dagger
  a +0 robe
(-25, 14, D:10)
  a +0 dagger
  a cursed +0 leather armour
  a +0 whip
(17, 14, D:10)
  2 arrows
(-29, 15, D:10)
  12 poisoned needles
(-26, 15, D:10)
  a +0 falchion
(17, 15, D:10)
  an arrow
(18, 17, D:10)
  an arrow
(9, 19, D:10)
  a +0 robe
(-16, 20, D:10)
  a +1 whip of electrocution
  a +4 antimagic halberd
(19, 20, D:10)
  a cursed -2 shortbow
  8 arrows
(-30, 22, D:10)
  a +0 flail
(11, 26, D:10)
  26 bolts
(-21, 37, D:10)
  16 stones
(15, 38, D:10)
  26 sling bullets
(3, 48, D:10)
  a scroll of random uselessness

Level 1 of the Orcish Mines
(0, 0, Orc:1)
  a +0 robe
  a +0 dagger
(2, 0, Orc:1)
  a +0 chain mail
  a +0 flail
(3, 0, Orc:1)
  a +7 antimagic lajatang
(1, 1, Orc:1)
  a +0 plate armour
  a +0 flail
(2, 1, Orc:1)
  a +0 club
  a +0 ring mail
(10, 11, Orc:1)
  a +0 trident
(10, 12, Orc:1)
  a +0 dagger
(11, 12, Orc:1)
  a cursed +0 leather armour
  a +0 scale mail
  a +0 flail
  a +0 whip
(10, 13, Orc:1)
  a +2 mace of holy wrath
(11, 13, Orc:1)
  a tomahawk
  a +0 club
(12, 13, Orc:1)
  a tomahawk
  a +0 club
  a +0 scale mail
(12, 14, Orc:1)
  a +0 scale mail
  a +1 short sword of venom
  a +0 leather armour
  a +2 leather armour of fire resistance
(13, 15, Orc:1)
  a +0 dagger
(17, 16, Orc:1)
  3 tomahawks
(34, 20, Orc:1)
  a +0 leather armour
  a +0 war axe
(2, 21, Orc:1)
  5 tomahawks
(20, 21, Orc:1)
  a +0 hand axe
  a +0 leather armour
  a +0 club
(21, 21, Orc:1)
  a +0 scale mail
  a +0 whip
(20, 22, Orc:1)
  a +0 scale mail
  a +0 dagger
(31, 26, Orc:1)
  a +0 ring mail
  a +2 vampiric hand axe
  a +0 mace
  4 tomahawks
  a +0 leather armour
(32, 26, Orc:1)
  a +0 leather armour
  a +0 hand axe
(41, 26, Orc:1)
  a wand of flame (0)
(31, 28, Orc:1)
  a +0 ring mail
  a +0 short sword
(34, 28, Orc:1)
  a +1 whip of flaming
(38, 28, Orc:1)
  a +0 leather armour
  a +0 mace
(21, 29, Orc:1)
  a +0 club
(34, 29, Orc:1)
  a +0 leather armour
  a +0 flail
(35, 29, Orc:1)
  a +0 short sword
(-2, 30, Orc:1)
  a +0 dagger
  a +0 robe
  a +0 flail of crushing
  a +0 ring mail
(34, 30, Orc:1)
  a +0 dagger
(36, 30, Orc:1)
  2 tomahawks
(44, 30, Orc:1)
  a +0 flail of pain
(-2, 31, Orc:1)
  a +0 dire flail
  a +0 chain mail
(34, 31, Orc:1)
  a +0 leather armour
  3 tomahawks
  a +0 giant spiked club
  a +0 robe
(35, 31, Orc:1)
  a +0 robe
  a +0 dagger of speed
(39, 32, Orc:1)
  a +0 ring mail
  a +2 hand axe of flaming
(18, 40, Orc:1)
  a +0 club
  a +0 ring mail
(16, 47, Orc:1)
  a +3 hand axe of draining
  a cursed +0 leather armour
(17, 47, Orc:1)
  a +0 club
  a +0 leather armour
  a +0 hand axe
(17, 48, Orc:1)
  a cursed -2 hand axe
  a +0 chain mail

Level 2 of the Orcish Mines
(0, 0, Orc:2)
  a +0 animal skin
  a +0 halberd
(1, 0, Orc:2)
  a +0 robe
  a +0 dagger
(2, 0, Orc:2)
  a +0 flail
  a +0 flail
  a +0 mace
  a +0 scale mail
(31, 22, Orc:2)
  a +0 halberd
(30, 23, Orc:2)
  a +0 halberd
(32, 23, Orc:2)
  a +0 halberd
(31, 24, Orc:2)
  a +0 spear
(27, 28, Orc:2)
  a cursed -2 short sword
(26, 29, Orc:2)
  a +2 hand axe of freezing
(-3, 32, Orc:2)
  a cursed +0 scale mail
(-2, 32, Orc:2)
  a +0 halberd
  a +0 chain mail
(7, 32, Orc:2)
  a +0 ring mail
  a +0 leather armour
  a +0 hand axe
(8, 32, Orc:2)
  a +0 chain mail
  a +0 war axe
  a +3 falchion of protection
(13, 32, Orc:2)
  a +0 short sword
(-3, 33, Orc:2)
  a +0 dagger
(7, 33, Orc:2)
  a +0 scale mail
  a cursed -1 falchion
  a cursed -1 flail
(8, 33, Orc:2)
  a +0 dagger
(-2, 34, Orc:2)
  a +0 dagger
(-1, 34, Orc:2)
  a wand of confusion (0)
  a +3 ring mail of cold resistance
(-8, 36, Orc:2)
  a +0 club
(19, 36, Orc:2)
  a +0 club
(19, 37, Orc:2)
  a +0 short sword
(15, 38, Orc:2)
  a +0 war axe
  a +0 ring mail
  a +0 club
(18, 38, Orc:2)
  a +0 ring mail
  a +0 mace
(19, 38, Orc:2)
  a +0 robe
  a +0 dagger
(14, 39, Orc:2)
  a +3 scale mail
  a +0 chain mail
  a +0 falchion of protection
(18, 39, Orc:2)
  a +0 dagger
(19, 39, Orc:2)
  a +0 leather armour
  a +0 robe
  a +0 dagger
  a +0 chain mail
  a +0 halberd
  a +0 dagger

Level 3 of the Orcish Mines
[Shop] Geeneimp's Weapon Shop
  a +3 battleaxe of freezing (401 gold)
  a +0 short sword of venom (78 gold)
  a +1 war axe of flaming (186 gold)
  15 bolts of frost (105 gold)
  a +0 hand axe (42 gold)
  a +0 giant spiked club (26 gold)
  a +0 halberd (56 gold)
  a +0 dagger (28 gold)
  a +0 flail (49 gold)
  a +0 spear (42 gold)
  a +1 short sword of flaming (173 gold)
  a +0 quarterstaff (56 gold)
  a +0 trident (49 gold)
(0, 0, Orc:3)
  a +0 giant spiked club
  a +0 whip
  a +0 leather armour
(1, 0, Orc:3)
  a +0 long sword
  5 tomahawks
  a cursed +0 plate armour
  a +0 whip
(-3, 4, Orc:3)
  a tomahawk
(-8, 11, Orc:3)
  a +0 short sword
  a +0 falchion
(-7, 11, Orc:3)
  a +0 leather armour
  a +1 falchion of distortion
  a +0 ring mail
  a +0 flail
  a +0 dagger
(-6, 11, Orc:3)
  a +0 flail
  a +0 plate armour
  a +3 short sword of electrocution
(-8, 12, Orc:3)
  a +0 club
  a +0 hand axe
  a +0 chain mail of poison resistance
  a +0 hand axe
(53, 17, Orc:3)
  a +0 ring mail
(45, 23, Orc:3)
  a +2 antimagic triple sword
(44, 24, Orc:3)
  a +0 club
  a +1 robe of magic resistance
  a +0 dagger
  a +0 plate armour
  a +0 battleaxe
(45, 24, Orc:3)
  a +0 short sword
  a +0 war axe
  a cursed +0 chain mail
  a +2 whip of electrocution
  a +0 plate armour
  a +0 broad axe
(46, 24, Orc:3)
  a cursed -3 flail
  a +0 robe
  a +0 dagger
  a +0 plate armour
  a +0 long sword
  a +0 ring mail
  a +0 trident
(44, 25, Orc:3)
  a +0 robe
  a +0 dagger
  a +0 ring mail
  a +0 dagger
  a +0 chain mail
  a +0 great mace
  a +0 club
  a +0 dagger
  a +0 war axe
  a cursed -3 hand axe
(46, 25, Orc:3)
  a +0 leather armour
  a +1 hand axe of chopping
  a +0 hand axe
(31, 26, Orc:3)
  a +0 scale mail
(44, 26, Orc:3)
  a +0 plate armour
  a +0 scimitar
  a +0 ring mail
  a +0 plate armour
  a +1 flail of protection
  a +0 chain mail
  a +0 scimitar
(45, 26, Orc:3)
  a +0 robe
  a +0 dagger
  a +4 longbow of velocity
  a +0 chain mail
  a +1 dagger of venom
  3 tomahawks
  a +0 dagger
  a +0 chain mail
  a +2 dagger of venom
  a +1 vampiric hand axe
  a +0 mace
  a +0 plate armour
  a +0 flail
(46, 26, Orc:3)
  a +0 war axe
  a +0 ring mail
  a cursed -1 club
  a +0 scale mail
  a +0 falchion
(47, 26, Orc:3)
  a +0 robe
  a +0 dagger
(30, 27, Orc:3)
  a +0 club
  a +0 hand axe
(31, 27, Orc:3)
  a +0 scale mail
  a +0 mace
(32, 27, Orc:3)
  a +0 leather armour
  a +0 falchion
(47, 37, Orc:3)
  a +0 flail
(47, 38, Orc:3)
  3 tomahawks
  a +0 short sword
(49, 39, Orc:3)
  a +2 dagger of distortion
(50, 40, Orc:3)
  a +0 club

Level 4 of the Orcish Mines
[Shop] Oraveemu's Distillery
  a potion of cure mutation (560 gold)
  a potion of mutation (40 gold)
  a potion of berserk rage (80 gold)
  a potion of haste (160 gold)
  a potion of brilliance (64 gold)
  a potion of agility (64 gold)
  a potion of brilliance (64 gold)
  a potion of decay (16 gold)
  a potion of curing (48 gold)
  a potion of degeneration (16 gold)
[Shop] Preatt's Jewellery Emporium
  a cursed amulet of inaccuracy (32 gold)
  a cursed -2 ring of protection (32 gold)
  an uncursed amulet of resist corrosion (320 gold)
  a +2 ring of intelligence (120 gold)
  an uncursed amulet of guardian spirit (480 gold)
  an uncursed amulet of resist corrosion (320 gold)
  an uncursed ring of protection from fire (400 gold)
  an uncursed ring of protection from cold (400 gold)
  a cursed amulet of inaccuracy (32 gold)
[Shop] Xiyriaq's Antique Armour Emporium
  a +0 leather armour (46 gold)
  a +0 scale mail (92 gold)
  a +0 leather armour (46 gold)
  a +0 buckler (103 gold)
  a +0 ring mail (92 gold)
  a +0 scale mail (92 gold)
  a +0 pair of gloves (103 gold)
[Shop] Icahafet's Antique Weapon Shoppe
  a +2 great mace of draining (143 gold)
  a +5 mace of draining (66 gold)
  a +3 mace (66 gold)
  a +0 hand crossbow (77 gold)
  a +0 great sword (143 gold)
  a +0 halberd (88 gold)
  a +0 falchion (66 gold)
  a +4 battleaxe of holy wrath (143 gold)
  a +0 hand crossbow (77 gold)
  a +0 arbalest (99 gold)
(0, 0, Orc:4)
  a +0 ring mail
  a tomahawk
(1, 0, Orc:4)
  a tomahawk
(2, 0, Orc:4)
  a tomahawk
(3, 0, Orc:4)
  a tomahawk
(-2, 1, Orc:4)
  a +0 dagger
(4, 9, Orc:4)
  a cursed -2 club
(-11, 18, Orc:4)
  a +0 hand axe
  a +0 ring mail
(-15, 19, Orc:4)
  a +0 short sword
(-5, 19, Orc:4)
  a +0 club
(-15, 20, Orc:4)
  2 tomahawks
(-3, 20, Orc:4)
  a +0 dagger
  a +0 ring mail
  a +0 club
  a +0 leather armour
(10, 20, Orc:4)
  a +0 club
(-15, 21, Orc:4)
  a +0 robe
  a +0 dagger
(-14, 23, Orc:4)
  3 tomahawks
(35, 31, Orc:4)
  a +0 plate armour
(44, 32, Orc:4)
  a +0 flail
  a +0 chain mail
(45, 32, Orc:4)
  a +0 dagger
  a +0 robe
(12, 33, Orc:4)
  a +0 club
  a +0 ring mail
  a +0 dagger
  a +0 robe
(43, 33, Orc:4)
  a +0 club
(45, 33, Orc:4)
  a +0 falchion
  a cursed +0 leather armour
  a +0 club
(12, 34, Orc:4)
  a +0 hand axe of flaming
  a +0 plate armour
(53, 37, Orc:4)
  a +0 cloak of poison resistance
  a +0 short sword of draining
(16, 40, Orc:4)
  a +0 dagger
  a +0 leather armour
(17, 40, Orc:4)
  a +0 dagger
(50, 40, Orc:4)
  a +0 short sword
  a +0 leather armour
(51, 40, Orc:4)
  a +1 morningstar of holy wrath
  a +0 leather armour
(16, 41, Orc:4)
  a +0 club
  a +0 ring mail
(17, 41, Orc:4)
  a +0 mace
  a +0 leather armour
(-7, 42, Orc:4)
  a +0 flail
  a +0 leather armour
(-4, 42, Orc:4)
  a +1 dagger of venom
  a +0 robe
(3, 42, Orc:4)
  a +0 hunting sling
  27 stones
(33, 42, Orc:4)
  a +3 chain mail
(51, 42, Orc:4)
  a cursed -3 club
  a +0 ring mail
(33, 43, Orc:4)
  a +0 flail
  a +0 plate armour
(45, 43, Orc:4)
  a +0 dagger
  a +0 robe
(-7, 44, Orc:4)
  a +0 falchion
  a +0 leather armour
(33, 45, Orc:4)
  a +2 long sword of flaming
  a cursed +0 chain mail
(35, 45, Orc:4)
  a +0 short sword
  a +0 trident
  a +0 falchion
  a +0 dire flail
  a +3 plate armour
  a +0 halberd
  a +0 plate armour
(30, 46, Orc:4)
  a +1 mace of crushing
  a +0 plate armour
(31, 46, Orc:4)
  a +0 dagger
  a +0 robe
(35, 46, Orc:4)
  a +0 glaive
  a +0 trident
  a +0 flail
  a +0 ring mail
(36, 46, Orc:4)
  a +0 short sword
  a +0 leather armour
(37, 46, Orc:4)
  a +0 dagger
  a +0 leather armour
  a +0 club
  a +0 leather armour
(36, 47, Orc:4)
  a +0 trident
  a +0 chain mail
(37, 47, Orc:4)
  a +0 halberd
  a +0 chain mail
  a +0 dagger
  a +0 robe
(36, 48, Orc:4)
  a +1 mace of protection
  a +0 plate armour
(15, 50, Orc:4)
  a +0 dagger
  a +0 chain mail
  a +0 dagger
  a +0 robe
(16, 50, Orc:4)
  a +0 flail
(17, 50, Orc:4)
  a +0 mace
  a +0 dagger
  a +0 robe
(49, 50, Orc:4)
  a cursed -1 club
(35, 52, Orc:4)
  a tomahawk
(36, 52, Orc:4)
  a tomahawk
(24, 53, Orc:4)
  a +0 mace
  a +0 ring mail
(35, 53, Orc:4)
  a +0 dagger
(36, 53, Orc:4)
  a tomahawk
(15, 54, Orc:4)
  a +0 hand axe
(25, 54, Orc:4)
  a +0 short sword
  a +0 leather armour
(30, 54, Orc:4)
  a +0 giant club
(31, 54, Orc:4)
  a tomahawk
(35, 54, Orc:4)
  a tomahawk
(42, 54, Orc:4)
  a +0 dagger
  a +0 chain mail
(17, 55, Orc:4)
  a +0 mace
  a +0 plate armour
(31, 55, Orc:4)
  a cursed -3 trident
  4 tomahawks
  a +0 chain mail
(17, 56, Orc:4)
  a +0 dagger
  a +0 robe
(29, 56, Orc:4)
  a +0 short sword
  a +0 chain mail
(10, 57, Orc:4)
  a +0 flail
  a +0 leather armour
(47, 58, Orc:4)
  a +0 dagger
  a +0 leather armour
(21, 59, Orc:4)
  a +0 mace
(46, 59, Orc:4)
  a cursed -3 club
(47, 59, Orc:4)
  a +0 dagger
  a +0 robe
  a +0 hand axe
(48, 59, Orc:4)
  a +0 trident
  a +0 plate armour
(17, 60, Orc:4)
  a +0 short sword
  a +0 ring mail
(18, 60, Orc:4)
  a +0 dagger
  a +0 whip
  a +0 scale mail
(19, 60, Orc:4)
  a tomahawk
  a +0 dagger
  a +0 robe
(20, 60, Orc:4)
  a +0 glaive
  a +0 chain mail
(21, 60, Orc:4)
  a +0 hand axe
  a +0 leather armour
  a +0 halberd
  a +0 plate armour
(22, 60, Orc:4)
  a tomahawk
(46, 60, Orc:4)
  a +0 dagger
  a +0 leather armour
  a +0 club

Level 1 of the Elven Halls
(0, 0, Elf:1)
  a +0 hand crossbow
(-25, 4, Elf:1)
  a +0 short sword
(-24, 4, Elf:1)
  a +0 short sword
(22, 12, Elf:1)
  10 arrows
  a +0 shortbow
  a +0 short sword
(5, 13, Elf:1)
  a +0 dagger
  a +0 leather armour
(21, 14, Elf:1)
  an arrow
(21, 15, Elf:1)
  an arrow
(24, 17, Elf:1)
  a +0 long sword
(26, 17, Elf:1)
  a +0 scale mail
  a +0 rapier
(19, 18, Elf:1)
  an arrow
(7, 20, Elf:1)
  a +0 dagger
  a +0 scale mail
(19, 24, Elf:1)
  a +0 long sword
(32, 24, Elf:1)
  a cursed -3 longbow
  a +0 long sword
  3 poisoned arrows
  a +0 ring mail
(33, 24, Elf:1)
  a +0 long sword
  a +0 scale mail
(32, 25, Elf:1)
  a +2 rapier of protection
(34, 26, Elf:1)
  a poisoned arrow
(-21, 27, Elf:1)
  a +0 scimitar
  a +0 shortbow
  17 arrows
  a +0 long sword
(34, 27, Elf:1)
  a poisoned arrow
(-6, 28, Elf:1)
  a +0 rapier
(35, 28, Elf:1)
  a poisoned arrow
(15, 29, Elf:1)
  a +0 leather armour
(-16, 33, Elf:1)
  a +0 short sword
  a +0 scale mail
(-14, 35, Elf:1)
  a +0 dagger
(29, 36, Elf:1)
  a scroll of amnesia
(-2, 44, Elf:1)
  a +0 shortbow
  13 arrows of dispersal
(-2, 45, Elf:1)
  a +2 vampiric rapier
  a +2 leather armour of cold resistance
  a +0 dagger
  a +0 leather armour
  a cursed -1 shortbow
  16 poisoned arrows
(-2, 46, Elf:1)
  a +0 long sword
  a +0 leather armour
  a +0 rapier
  a +0 short sword
  a +0 shortbow
  22 arrows
  a +0 scimitar
  a +0 leather armour
(-2, 47, Elf:1)
  a +0 long sword
  a cursed -3 longbow
  14 arrows
  a +0 leather armour
(-1, 47, Elf:1)
  a +0 scimitar
  a +0 shortbow
  28 arrows
(17, 47, Elf:1)
  a +0 long sword
  a +0 leather armour
(15, 48, Elf:1)
  a +0 long sword
(42, 50, Elf:1)
  a +4 longbow of freezing
(42, 51, Elf:1)
  a +0 short sword
  a +0 ring mail
  a +0 buckler
  a +3 scimitar
(41, 52, Elf:1)
  a +0 scimitar
  a +0 long sword
(42, 52, Elf:1)
  a +0 short sword
  a +0 long sword
(22, 55, Elf:1)
  a +0 long sword
  a +0 scimitar
  a +0 ring mail
  a +0 buckler
  a +0 shortbow
  20 arrows
(23, 55, Elf:1)
  a +0 short sword

Level 2 of the Elven Halls
[Shop] Kinasuet's General Store
  6 poisoned javelins (144 gold)
  a +3 scale mail (315 gold)
  a potion of heal wounds (75 gold)
  17 stones (25 gold)
  6 exploding sling bullets (90 gold)
  2 potions of might (120 gold)
  16 arrows of dispersal (144 gold)
[Shop] Ivow's Antique Armour Shop
  a +0 plate armour (690 gold)
  a +0 ring mail (120 gold)
  a +2 plate armour of poison resistance (690 gold)
  a +0 helmet (135 gold)
  a +1 robe of magic resistance (21 gold)
  a cursed +0 chain mail (135 gold)
  the +0 cloak of Untruth {rPois MR- Dex+8} (285 gold)
    It affects your dexterity (+8).
    It protects you from poison.
    It affects your resistance to hostile enchantments.
  a +0 scale mail (120 gold)
  a +0 robe (21 gold)
  a +0 robe (21 gold)
  a +1 cloak (135 gold)
  a +0 robe (21 gold)
[Shop] Cuck's Jewellery Boutique
  the ring of the Heavens {EV+2 Int+2} (254 gold)
    [ring of evasion]
    
    It affects your evasion (+2).
    It affects your intelligence (+2).
  the ring "Shiewnub" {rElec rN++ MP+9 Int-3 Slay+3} (609 gold)
    [ring of magical power]
    
    It affects your intelligence (-3).
    It affects your accuracy and damage with ranged weapons and melee attacks
    (+3).
    It insulates you from electricity.
    It greatly protects you from negative energy.
    It affects your magic capacity (+9).
  an uncursed ring of see invisible (180 gold)
  an uncursed ring of protection from fire (300 gold)
  an uncursed ring of protection from fire (300 gold)
  an uncursed ring of poison resistance (240 gold)
  the cursed ring "Yckudin" {MR- Str-3 Dex+6} (142 gold)
    [ring of strength]
    
    It affects your strength (-3).
    It affects your dexterity (+6).
    It affects your resistance to hostile enchantments.
    It has a curse placed upon it.
  a cursed ring of loudness (54 gold)
  a +5 ring of strength (494 gold)
[Shop] Shrauqut's Weapon Shoppe
  10 poisoned needles (64 gold)
  a +0 falchion (48 gold)
  a +3 spear of piercing (344 gold)
  the +1 hunting sling of Valour {freeze, rElec rC+ Int+2} (526 gold)
    It causes projectiles fired from it to freeze those they strike, causing
    extra injury to most foes and up to half again as much damage against
    particularly susceptible opponents. They can also slow down cold-blooded
    creatures.
    
    It affects your intelligence (+2).
    It protects you from cold.
    It insulates you from electricity.
  a +0 hand axe (48 gold)
  a +0 rapier (64 gold)
  a +2 long sword of venom (259 gold)
  a cursed -2 short sword (1 gold)
(35, 0, Elf:2)
  an arrow
(7, 1, Elf:2)
  a Fen Folio
(35, 1, Elf:2)
  8 arrows
  a +0 shortbow
  a +0 short sword
(38, 2, Elf:2)
  a cursed +0 long sword
(16, 4, Elf:2)
  14 bolts
(24, 4, Elf:2)
  a +0 long sword
  a +0 ring mail
  a +0 long sword
(12, 5, Elf:2)
  a +2 cloak
(24, 5, Elf:2)
  a +0 leather armour
  a +0 long sword
(53, 5, Elf:2)
  2 arrows of frost
(2, 9, Elf:2)
  21 stones
(53, 9, Elf:2)
  13 stones
(1, 11, Elf:2)
  3 arrows
  a +0 scimitar
  a +0 shortbow
(2, 11, Elf:2)
  5 arrows of flame
  a +0 long sword
  a +0 shortbow
(9, 11, Elf:2)
  a +0 long sword
(10, 11, Elf:2)
  a cursed +0 short sword
  a +0 ring mail
  a +0 scimitar of slicing
(11, 11, Elf:2)
  a cursed +0 scale mail
  a +0 long sword
  a +0 leather armour
  a cursed -3 long sword
  a +0 long sword
  an arrow
(27, 11, Elf:2)
  a +1 dagger of electrocution
  a +0 scale mail
(2, 12, Elf:2)
  2 potions of brilliance
  a scroll of vulnerability
  a +2 shortbow of flaming
(10, 12, Elf:2)
  a +0 leather armour
  a +0 short sword
(2, 13, Elf:2)
  an arrow
(9, 13, Elf:2)
  a +2 short sword of protection
  13 arrows
  a +0 short sword
  a +2 shortbow of flaming
  a +0 dagger
(53, 13, Elf:2)
  a +0 short sword
  a +0 longbow
  12 arrows of frost
(2, 14, Elf:2)
  an arrow of flame
  2 arrows
(8, 14, Elf:2)
  a +0 leather armour
  a +0 dagger
(3, 15, Elf:2)
  a +0 chain mail
  a +0 dagger
(7, 15, Elf:2)
  a +0 scale mail
  23 arrows
  a +0 shortbow
(2, 16, Elf:2)
  2 arrows
(6, 16, Elf:2)
  a +0 long sword
(2, 17, Elf:2)
  a +0 chain mail
  a +0 rapier
(5, 17, Elf:2)
  6 arrows
  a +0 shortbow
  a +0 scimitar
(6, 17, Elf:2)
  a +2 buckler
  a +0 scimitar
(43, 17, Elf:2)
  a +0 long sword
  a +0 leather armour
(2, 18, Elf:2)
  6 arrows of flame
  8 arrows
(5, 18, Elf:2)
  an arrow
(2, 19, Elf:2)
  3 arrows
(30, 23, Elf:2)
  a +0 falchion
(30, 24, Elf:2)
  a +0 falchion
(29, 30, Elf:2)
  a +0 long sword
  a +0 longbow
(28, 31, Elf:2)
  a +5 short sword of venom
(26, 33, Elf:2)
  a +0 shortbow
  a +0 long sword
  12 arrows
  a +0 leather armour
  a +0 scimitar
  a +2 mace of protection
(25, 34, Elf:2)
  an arrow
(26, 34, Elf:2)
  an arrow of flame
  a +0 scimitar
(31, 34, Elf:2)
  a +0 long sword
  a +0 ring mail
(51, 35, Elf:2)
  a +0 long sword
(16, 36, Elf:2)
  a +5 short sword of speed
(28, 36, Elf:2)
  a +2 trident of protection
(14, 38, Elf:2)
  a +1 long sword of flaming
(15, 38, Elf:2)
  a +0 shortbow
  9 arrows of dispersal
(15, 39, Elf:2)
  a +2 dire flail of protection
(16, 39, Elf:2)
  a +0 battleaxe of chopping
(19, 40, Elf:2)
  a +2 eveningstar of venom
(9, 41, Elf:2)
  a +0 long sword
(11, 41, Elf:2)
  a +1 scimitar of venom
  a +0 leather armour
(19, 41, Elf:2)
  an arrow
(54, 42, Elf:2)
  a +1 battleaxe of flaming
(13, 44, Elf:2)
  a +0 short sword
  a +0 shortbow
  22 arrows
(16, 44, Elf:2)
  an arrow
(17, 44, Elf:2)
  2 arrows
(19, 44, Elf:2)
  an arrow
(22, 44, Elf:2)
  a +0 scimitar
  a +0 scale mail
  a cursed +0 buckler
(24, 45, Elf:2)
  an arrow
(53, 45, Elf:2)
  a +0 scimitar
(50, 48, Elf:2)
  a +2 vampiric short sword
(51, 48, Elf:2)
  a +0 short sword
  a +0 buckler
  a cursed -3 long sword
(52, 48, Elf:2)
  a +3 scimitar of slicing
  a +3 antimagic lajatang
(39, 54, Elf:2)
  a +2 battleaxe of electrocution
(38, 55, Elf:2)
  a +5 antimagic war axe
  a +0 quick blade
  a +4 quick blade
  a +0 leather armour

Level 3 of the Elven Halls
[Shop] Ogen's Armour Shoppe
  (Shop contents are unknown)
(-45, 3, Elf:3)
  a +0 rapier
  (unseen)
(-47, 5, Elf:3)
  a +0 scimitar
(-11, 7, Elf:3)
  24 sling bullets
(-8, 11, Elf:3)
  a +0 long sword
(-4, 12, Elf:3)
  a +0 leather armour
  a +0 short sword
  29 arrows
  a +0 shortbow
(-42, 13, Elf:3)
  a +0 short sword
  a +0 leather armour
(-33, 13, Elf:3)
  an arrow
(-31, 13, Elf:3)
  a +0 short sword
  a +0 ring mail
  a +0 scimitar
  a +0 shortbow
  a +0 shortbow
  33 arrows
(-30, 13, Elf:3)
  a +0 long sword
  a +5 antimagic flail
(-6, 13, Elf:3)
  a +0 short sword
(-4, 13, Elf:3)
  a +0 long sword
  a cursed +0 leather armour
  a +0 shortbow
  a +0 shortbow
  a +1 long sword of holy wrath
  a +0 shortbow
  51 arrows
(-3, 13, Elf:3)
  a +0 dagger
(-2, 13, Elf:3)
  an arrow
  a +0 short sword
  a +0 ring mail
(-2, 15, Elf:3)
  a +0 buckler
  a +0 short sword
  an elf corpse (skeletalised by now)
(1, 17, Elf:3)
  an arrow
(-18, 25, Elf:3)
  a +0 short sword
(-17, 25, Elf:3)
  a +0 chain mail
  a +0 rapier
(-30, 29, Elf:3)
  a +0 ring mail
  an arrow
  a +0 scimitar
  a +0 shortbow
(-32, 32, Elf:3)
  5 arrows
(-33, 33, Elf:3)
  2 arrows
(-32, 33, Elf:3)
  an arrow

Level 1 of the Lair of Beasts
(0, 0, Lair:1)
  a +0 robe
  a +0 dagger of flaming
(-3, 2, Lair:1)
  a +0 leather armour
(0, 4, Lair:1)
  a +0 mace
(39, 14, Lair:1)
  a +2 cloak
(-4, 15, Lair:1)
  19 stones
(5, 20, Lair:1)
  a +0 leather armour
(-13, 23, Lair:1)
  a +0 leather armour
(-20, 27, Lair:1)
  a +0 quarterstaff
(40, 38, Lair:1)
  17 stones
(-20, 39, Lair:1)
  16 sling bullets
(43, 46, Lair:1)
  a potion of degeneration
(28, 49, Lair:1)
  a +0 war axe
(14, 58, Lair:1)
  a wand of magic darts (13)

Level 2 of the Lair of Beasts
(0, 0, Lair:2)
  a +0 rapier
(-27, 13, Lair:2)
  a +0 trident
(-16, 14, Lair:2)
  Sif Muna's Volume of Toxins
    Spells                             Type                      Level
     a - Cure Poison                  Poison                        2
     b - Mephitic Cloud               Conjuration/Poison/Air        3
     c - Spider Form                  Transmutation/Poison          3
     d - Olgreb's Toxic Radiance      Poison                        4
     e - Poisonous Cloud              Conjuration/Poison/Air        6
    
    
    Trog disapproves of the use of such an item.
  a book of Necromancy
(-14, 23, Lair:2)
  a +0 rod of inaccuracy (13/13)
(9, 25, Lair:2)
  a +0 buckler
(4, 27, Lair:2)
  20 stones
(-26, 34, Lair:2)
  a scroll of amnesia
(-36, 38, Lair:2)
  a +0 club
(7, 49, Lair:2)
  21 stones
(14, 52, Lair:2)
  23 stones

Level 3 of the Lair of Beasts
(0, 0, Lair:3)
  a +3 antimagic great mace
(17, 10, Lair:3)
  16 sling bullets
(29, 13, Lair:3)
  a +0 quarterstaff
(28, 28, Lair:3)
  16 poisoned needles
(57, 33, Lair:3)
  a cursed +0 chain mail

Level 4 of the Lair of Beasts
(0, 0, Lair:4)
  13 poisoned needles
(2, 0, Lair:4)
  a +0 buckler
(23, 28, Lair:4)
  a +0 leather armour
(41, 30, Lair:4)
  17 poisoned needles
(50, 37, Lair:4)
  15 stones
(18, 44, Lair:4)
  a +1 whip of electrocution

Level 5 of the Lair of Beasts
(0, 0, Lair:5)
  9 stones
(2, 0, Lair:5)
  a crystal ball of energy
(29, 6, Lair:5)
  a +0 leather armour
(61, 21, Lair:5)
  a +0 chain mail
(18, 24, Lair:5)
  17 arrows
(6, 25, Lair:5)
  a +0 quarterstaff
(28, 33, Lair:5)
  a +0 leather armour
(38, 35, Lair:5)
  15 poisoned arrows
(21, 42, Lair:5)
  a +0 hunting sling
(11, 45, Lair:5)
  a +2 antimagic glaive
(51, 46, Lair:5)
  18 stones
(33, 47, Lair:5)
  a +0 halberd
(43, 48, Lair:5)
  a +0 chain mail
(41, 50, Lair:5)
  a +0 leather armour

Level 6 of the Lair of Beasts
(0, 0, Lair:6)
  a +0 club
(-40, 2, Lair:6)
  a +0 cloak
(4, 2, Lair:6)
  a +0 pair of gloves
(-28, 3, Lair:6)
  22 bolts
(-11, 5, Lair:6)
  25 arrows
(2, 8, Lair:6)
  a +3 antimagic dire flail
(-11, 14, Lair:6)
  the +5 long sword of the Traitor {holy, +Rage rF- Str+4}
    It has been blessed by the Shining One to cause great damage to the undead
    and demons.
    
    It affects your strength (+4).
    It makes you vulnerable to fire.
    It lets you go berserk.
(-23, 20, Lair:6)
  2 potions of lignification
(-48, 22, Lair:6)
  a +3 scimitar of flaming
  a +2 robe of magic resistance
(-45, 26, Lair:6)
  a +0 leather armour
(-16, 36, Lair:6)
  22 stones
(-7, 39, Lair:6)
  5 needles of paralysis
(-19, 43, Lair:6)
  2 scrolls of noise
  a +5 antimagic dire flail
(-37, 45, Lair:6)
  18 stones
(4, 45, Lair:6)
  14 stones
(-8, 50, Lair:6)
  a +0 flail

Level 7 of the Lair of Beasts
(0, 0, Lair:7)
  25 arrows
(19, 6, Lair:7)
  a +0 triple sword
(9, 12, Lair:7)
  a +0 morningstar
(-4, 16, Lair:7)
  a +0 rapier
(23, 29, Lair:7)
  18 stones
(25, 38, Lair:7)
  9 arrows
(8, 43, Lair:7)
  a +0 robe
(13, 43, Lair:7)
  a wand of polymorph (12)
  an uncursed amulet of resist mutation
  a +2 ring of evasion

Level 8 of the Lair of Beasts
(0, 0, Lair:8)
  a +4 quick blade
(47, 0, Lair:8)
  22 stones
(14, 5, Lair:8)
  a +0 dagger
(44, 6, Lair:8)
  20 bolts
(10, 7, Lair:8)
  a wand of slowing (20)
  a cursed -3 ring of evasion
(11, 8, Lair:8)
  the +4 broad axe of the Many Moons {chop, rPois Int+5}
    It inflicts extra damage upon your enemies.
    
    It affects your intelligence (+5).
    It protects you from poison.
(12, 8, Lair:8)
  a +0 great sword
(11, 9, Lair:8)
  3 needles of confusion
(9, 10, Lair:8)
  a +1 chain mail of poison resistance
(13, 16, Lair:8)
  23 stones
(4, 17, Lair:8)
  a +0 cloak
(28, 22, Lair:8)
  a +0 leather armour
(57, 22, Lair:8)
  24 stones
(22, 25, Lair:8)
  an uncursed ring of ice
  a scroll of immolation
  a +3 ring of dexterity
  a +2 dire flail of protection
(32, 30, Lair:8)
  7 tomahawks
(45, 48, Lair:8)
  a +0 falchion
(50, 49, Lair:8)
  25 stones
(68, 49, Lair:8)
  15 stones
(62, 55, Lair:8)
  a +0 hunting sling

Level 1 of the Shoals
(0, 0, Shoals:1)
  a +1 trident of piercing
  a +0 robe
  a +0 rapier
(6, 0, Shoals:1)
  a large rock
(13, 0, Shoals:1)
  a large rock
(4, 2, Shoals:1)
  5 large rocks
(15, 3, Shoals:1)
  a large rock
(18, 3, Shoals:1)
  a large rock
(19, 4, Shoals:1)
  a large rock
(-16, 14, Shoals:1)
  19 sling bullets of frost
(33, 17, Shoals:1)
  an arrow
(34, 17, Shoals:1)
  2 arrows
(18, 18, Shoals:1)
  a +0 robe
(31, 18, Shoals:1)
  a +0 shortbow
  17 arrows
(32, 22, Shoals:1)
  a +0 spear
(31, 23, Shoals:1)
  a +0 triple sword
(25, 24, Shoals:1)
  a +2 demon trident of electrocution
(-1, 25, Shoals:1)
  18 arrows
(1, 27, Shoals:1)
  a +3 spear
(2, 29, Shoals:1)
  a potion of poison
(34, 29, Shoals:1)
  a +0 blowgun
(6, 30, Shoals:1)
  23 arrows
(13, 32, Shoals:1)
  an uncursed ring of poison resistance
(28, 33, Shoals:1)
  10 stones
(8, 35, Shoals:1)
  a +0 longbow
(-18, 37, Shoals:1)
  a +0 mace
(20, 37, Shoals:1)
  a +0 spear
(8, 38, Shoals:1)
  a +0 robe
(18, 38, Shoals:1)
  a +0 trident
(-16, 39, Shoals:1)
  a +4 trident of protection
  a +0 troll leather armour

Level 2 of the Shoals
(0, 0, Shoals:2)
  14 bolts
(2, 7, Shoals:2)
  2 large rocks
(3, 7, Shoals:2)
  2 large rocks
(-34, 13, Shoals:2)
  a +0 trident
(12, 13, Shoals:2)
  a +0 trident
(-34, 17, Shoals:2)
  a +0 trident
(-20, 17, Shoals:2)
  a +0 spear
(-35, 18, Shoals:2)
  a +0 rapier of draining
  a cursed +0 robe
(-19, 18, Shoals:2)
  a +0 trident
(-9, 18, Shoals:2)
  4 large rocks
(-35, 19, Shoals:2)
  a +0 spear
(-22, 20, Shoals:2)
  a +0 trident
(-14, 20, Shoals:2)
  a +0 hat of magic resistance
(-29, 22, Shoals:2)
  a +0 robe
(-22, 22, Shoals:2)
  a throwing net
(-3, 22, Shoals:2)
  17 poisoned sling bullets
(-2, 23, Shoals:2)
  a wand of flame (5)
  a wand of disintegration (12)
  a wand of frost (26)
  a wand of disintegration (10)
  a +1 antimagic morningstar
(6, 28, Shoals:2)
  a +0 war axe
(-6, 37, Shoals:2)
  13 stones
(-2, 37, Shoals:2)
  a cursed -2 halberd
(12, 39, Shoals:2)
  a +0 trident
(5, 40, Shoals:2)
  a +0 spear

Level 1 of the Spider Nest
(0, 0, Spider:1)
  a +0 trident
(3, 10, Spider:1)
  a +0 robe
(0, 29, Spider:1)
  a +0 giant spiked club
(17, 29, Spider:1)
  a +0 ring mail
(34, 41, Spider:1)
  a +0 ring mail
(45, 41, Spider:1)
  22 bolts
(47, 43, Spider:1)
  14 stones
(7, 44, Spider:1)
  24 stones
(12, 44, Spider:1)
  a cursed +0 chain mail
(6, 46, Spider:1)
  2 potions of lignification
(25, 49, Spider:1)
  a +0 chain mail
(24, 53, Spider:1)
  an uncursed ring of magical power
(25, 55, Spider:1)
  a +0 leather armour
(48, 63, Spider:1)
  a scroll of immolation

Level 2 of the Spider Nest
(0, 0, Spider:2)
  23 stones
(1, 3, Spider:2)
  a scroll of amnesia
(9, 3, Spider:2)
  a scroll of noise
(20, 4, Spider:2)
  7 bolts
(5, 5, Spider:2)
  the +8 longbow of Trog's Righteous Anger {flame, Int+2}
    It causes projectiles fired from it to burn those they strike, causing extra
    injury to most foes and up to half again as much damage against particularly
    susceptible opponents.
    
    It affects your intelligence (+2).
(-21, 6, Spider:2)
  a throwing net
(-27, 19, Spider:2)
  a +3 vampiric battleaxe
  a cursed +0 scale mail
(-32, 34, Spider:2)
  a +0 short sword of protection
(0, 35, Spider:2)
  10 sling bullets
(-37, 52, Spider:2)
  a book of the Dragon
(-10, 52, Spider:2)
  22 arrows
(18, 56, Spider:2)
  a +0 leather armour

Level 3 of the Spider Nest
(0, 0, Spider:3)
  a +3 plate armour of fire resistance
(0, 1, Spider:3)
  a +0 large shield
  a +0 short sword
(28, 16, Spider:3)
  a wand of paralysis (2)
  a book of the Earth
  a +1 cloak
  a +3 antimagic dire flail
(-8, 24, Spider:3)
  a potion of degeneration
(0, 24, Spider:3)
  16 stones

Level 4 of the Spider Nest
(0, 0, Spider:4)
  13 sling bullets
(-7, 3, Spider:4)
  a +2 dire flail of protection
(3, 4, Spider:4)
  a +0 robe
(6, 4, Spider:4)
  7 tomahawks
(-13, 7, Spider:4)
  a +0 robe
(-17, 9, Spider:4)
  a Fen Folio
(31, 12, Spider:4)
  a fan of gales
(14, 15, Spider:4)
  22 stones
(8, 18, Spider:4)
  11 stones
(35, 18, Spider:4)
  a +0 helmet
(36, 24, Spider:4)
  a +0 ring mail
(34, 26, Spider:4)
  an uncursed ring of wizardry
(33, 29, Spider:4)
  10 stones
(40, 30, Spider:4)
  a potion of brilliance
(6, 36, Spider:4)
  a +0 hunting sling

Level 5 of the Spider Nest
(0, 0, Spider:5)
  a potion of agility
(6, 0, Spider:5)
  a +0 robe
(21, 0, Spider:5)
  a cursed -2 robe
(13, 6, Spider:5)
  a scroll of teleportation
(-1, 23, Spider:5)
  an uncursed amulet of stasis
(9, 25, Spider:5)
  10 stones

