Asterion

Level 1 of the Dungeon
(0, 0, D:1)
  a +0 mace
(-26, 5, D:1)
  a +0 dagger
(-7, 7, D:1)
  a +0 dagger
(-29, 8, D:1)
  a +0 club
(-21, 8, D:1)
  a +0 club
(-1, 34, D:1)
  23 stones
(12, 42, D:1)
  20 arrows

Level 2 of the Dungeon
(0, 0, D:2)
  a cursed -2 hunting sling
  a stone
(24, 0, D:2)
  a stone
(24, 1, D:2)
  a stone
(1, 3, D:2)
  a stone
(1, 4, D:2)
  a stone
(24, 5, D:2)
  a +0 dagger
(1, 7, D:2)
  a stone
(2, 7, D:2)
  a stone
(29, 16, D:2)
  a +0 robe
(-12, 19, D:2)
  a +0 dagger
(-12, 28, D:2)
  a +0 robe

Level 3 of the Dungeon
(0, 0, D:3)
  a +0 leather armour
  a +0 dagger
(-9, 3, D:3)
  4 poisoned needles
  a +0 blowgun
(-7, 3, D:3)
  a +0 whip
(-1, 3, D:3)
  a poisoned needle
(10, 4, D:3)
  a +0 club
(14, 21, D:3)
  a +0 mace
(16, 22, D:3)
  a +0 club
(14, 23, D:3)
  a stone
(15, 23, D:3)
  a +0 dagger
(14, 24, D:3)
  2 stones
(15, 24, D:3)
  a cursed -3 whip
(15, 25, D:3)
  a +0 flail
(-19, 32, D:3)
  a +0 club
(-19, 34, D:3)
  a +0 whip
(25, 35, D:3)
  a +0 spear
(27, 39, D:3)
  a +0 giant club

Level 4 of the Dungeon
[Shop] Ifro Sapp's Book Shoppe
  a book of Summonings (910 gold)
  a book of Changes (325 gold)
  a book of Beasts (715 gold)
  a book of Death (910 gold)
  a book of the Earth (845 gold)
  a book of Transfigurations (715 gold)
  a book of Conjurations (390 gold)
  a book of Fire (845 gold)
  a book of Enchantments (650 gold)
  a book of Power (585 gold)
  a book of Minor Magic (260 gold)
(0, 0, D:4)
  5 bolts
(-15, 1, D:4)
  9 poisoned needles
(-13, 3, D:4)
  16 sling bullets
(4, 7, D:4)
  a +0 flail
(3, 8, D:4)
  a +0 flail
(39, 10, D:4)
  26 stones
(27, 14, D:4)
  18 stones
(42, 18, D:4)
  7 arrows
(16, 24, D:4)
  7 arrows
(-10, 26, D:4)
  a +0 scale mail
(10, 26, D:4)
  a +0 animal skin
(24, 39, D:4)
  5 curare-tipped needles
(20, 42, D:4)
  a +0 flail
  a +0 chain mail

Level 5 of the Dungeon
[Shop] Kligg's Assorted Antiques
  a wand of paralysis (4) (124 gold)
  a wand of random effects (12) (124 gold)
  the +7 quarterstaff of Pain and Death {flame, rPois rF+ Int+5 Dex-3} (279 gold)
    It has been specially enchanted to burn those struck by it, causing extra
    injury to most foes and up to half again as much damage against particularly
    susceptible opponents.
    
    It affects your intelligence (+5).
    It affects your dexterity (-3).
    It protects you from fire.
    It protects you from poison.
  a +0 ring mail (124 gold)
  the +2 robe of the Earth {-Cast +Inv +Fly rF- Slay+2} (176 gold)
    It affects your accuracy and damage with ranged weapons and melee attacks
    (+2).
    It makes you vulnerable to fire.
    It lets you turn invisible.
    It lets you fly.
    It prevents spellcasting.
  the +7 war axe of the Foot {chop, MP+9 Str+4 Stlth+} (263 gold)
    It inflicts extra damage upon your enemies.
    
    It affects your strength (+4).
    It affects your magic capacity (+9).
    It makes you more stealthy.
  a +0 falchion (93 gold)
  a scroll of remove curse (93 gold)
(0, 0, D:5)
  a +0 war axe
(-4, 5, D:5)
  a +0 robe
  a +0 dagger
(-3, 5, D:5)
  a +0 ring mail
  a +0 whip
(12, 8, D:5)
  3 javelins
(31, 9, D:5)
  4 arrows of flame
(-26, 10, D:5)
  a +0 giant spiked club
(16, 11, D:5)
  a +0 giant club
(33, 25, D:5)
  a +0 giant club
(32, 28, D:5)
  a +0 giant spiked club
(23, 30, D:5)
  17 stones
(-16, 43, D:5)
  a +0 club

Level 6 of the Dungeon
(17, 2, D:6)
  a +0 mace
(0, 13, D:6)
  15 sling bullets
(-6, 26, D:6)
  2 tomahawks
(-22, 36, D:6)
  a +0 giant club
(-1, 39, D:6)
  a +0 robe
(-3, 43, D:6)
  a +0 whip

Level 7 of the Dungeon
[Shop] Naomeij's Distillery
  2 potions of ambrosia (224 gold)
  a potion of brilliance (56 gold)
  a potion of might (56 gold)
  a potion of curing (42 gold)
  a potion of agility (56 gold)
  a potion of restore abilities (70 gold)
  a potion of haste (140 gold)
  a potion of poison (14 gold)
  a potion of degeneration (14 gold)
  a potion of brilliance (56 gold)
  a potion of resistance (140 gold)
  a potion of brilliance (56 gold)
(0, 0, D:7)
  a +0 mace
(-9, 6, D:7)
  a +0 robe
  a +0 dagger
(-7, 14, D:7)
  18 stones
(-30, 15, D:7)
  a +3 battleaxe of electrocution
  4 steel tomahawks
  a +0 plate armour
(-29, 15, D:7)
  a +0 ring mail
(-29, 16, D:7)
  a +0 falchion
  a +0 chain mail
(-30, 17, D:7)
  a +0 hand axe
(-13, 17, D:7)
  a +0 giant spiked club
(-1, 21, D:7)
  a +0 dagger
(-18, 25, D:7)
  a +0 club
(15, 29, D:7)
  a +0 quarterstaff
(-4, 37, D:7)
  a +0 falchion
  a +0 robe
(-2, 37, D:7)
  a cursed +3 trident of freezing
  a +0 robe
(-3, 38, D:7)
  a +0 flail
  a +0 robe
(-35, 43, D:7)
  a +0 shortbow
  12 arrows
(-33, 43, D:7)
  an arrow
(-32, 43, D:7)
  an arrow
(-30, 43, D:7)
  an arrow
(-28, 43, D:7)
  an arrow
(-27, 43, D:7)
  an arrow
(11, 45, D:7)
  a +0 whip
(-17, 47, D:7)
  the +3 leather armour of Potuhi {rN+ Str+3 Dex+2}
    It affects your strength (+3).
    It affects your dexterity (+2).
    It protects you from negative energy.
(5, 48, D:7)
  a +0 flail
  a +0 flail
  a +0 club
(-3, 52, D:7)
  a +2 helmet of intelligence
(4, 55, D:7)
  a +0 scale mail

Level 8 of the Dungeon
(0, 0, D:8)
  an arrow
(0, 1, D:8)
  2 arrows
(-1, 3, D:8)
  an arrow
(-1, 4, D:8)
  an arrow
(-2, 6, D:8)
  a +1 shortbow of flaming
  17 arrows
(-1, 6, D:8)
  a +0 club
(25, 6, D:8)
  10 stones
(-1, 9, D:8)
  a +0 club
(-16, 10, D:8)
  a +0 club
(-3, 19, D:8)
  a silver tomahawk
(10, 19, D:8)
  16 stones
(21, 19, D:8)
  a +0 scimitar
  a +0 robe
  a +0 shortbow
  15 arrows
(14, 20, D:8)
  a +0 dagger
(21, 21, D:8)
  an arrow
(21, 22, D:8)
  an arrow
(-25, 23, D:8)
  a +0 club
  a +0 club
  a +0 dagger
  a +0 robe
(22, 23, D:8)
  an arrow
(0, 24, D:8)
  a +0 dagger
  a +0 ring mail
  a +0 dagger
  a cursed +0 robe
(22, 24, D:8)
  an arrow
(0, 25, D:8)
  a +0 falchion
  3 silver tomahawks
(22, 26, D:8)
  an arrow

Level 9 of the Dungeon
(0, 0, D:9)
  a +0 chain mail
(1, 6, D:9)
  a killer bee corpse
(3, 11, D:9)
  5 tomahawks
(-8, 13, D:9)
  a cursed +0 war axe
  a +0 robe
  a +0 hand axe
  a +0 flail
  a +0 trident
(-7, 15, D:9)
  a +0 dagger
  a +0 war axe
  a +0 dagger
  5 tomahawks
  a +0 scale mail
(-6, 15, D:9)
  a +0 mace of protection
  a +0 mace

the Ecumenical Temple

