Sanguine

Level 1 of the Dungeon
(0, 0, D:1)
  a +0 short sword
(-15, 1, D:1)
  19 stones
(12, 5, D:1)
  19 poisoned needles
(4, 8, D:1)
  a +0 club
(7, 10, D:1)
  a +0 dagger
(29, 10, D:1)
  a +0 leather armour
(0, 20, D:1)
  22 poisoned needles
(28, 23, D:1)
  a +0 club
(30, 23, D:1)
  a +0 dagger
(30, 24, D:1)
  a +0 club
(31, 24, D:1)
  a cursed -2 club
(25, 27, D:1)
  5 stones
(9, 31, D:1)
  22 stones
(33, 40, D:1)
  12 stones

Level 2 of the Dungeon
(0, 0, D:2)
  a poisoned needle
(-27, 2, D:2)
  a +0 short sword
(0, 7, D:2)
  a cursed -3 club
(-30, 8, D:2)
  a +0 spear
(-43, 13, D:2)
  a stone
(-31, 15, D:2)
  a +0 robe
(-42, 16, D:2)
  a +0 whip
  a stone
(-6, 17, D:2)
  a +0 dagger
(4, 19, D:2)
  a +0 ring mail
(-38, 21, D:2)
  a +0 troll leather armour
(-11, 21, D:2)
  a cursed +0 club
(-32, 22, D:2)
  15 stones
(-36, 23, D:2)
  a +0 dagger
(-46, 24, D:2)
  18 stones
(-37, 24, D:2)
  a +0 dagger
  a +0 animal skin
(-28, 24, D:2)
  a cursed -1 club
(-29, 28, D:2)
  a +0 war axe
(-36, 30, D:2)
  13 bolts of frost
(-33, 30, D:2)
  a +0 helmet

Level 3 of the Dungeon
(0, 0, D:3)
  a +0 hammer
(13, 0, D:3)
  25 stones
(4, 14, D:3)
  a cursed -3 flail
(7, 17, D:3)
  a +0 whip
  a +0 dagger
  a +0 robe
(6, 18, D:3)
  a +0 mace
  a +0 leather armour
(7, 18, D:3)
  a +0 club
(-10, 25, D:3)
  a +0 mace

