Sanguine

Level 1 of the Dungeon
(0, 0, D:1)
  21 sling bullets
(-8, 6, D:1)
  a +0 dagger
(-16, 7, D:1)
  a +0 club
(2, 11, D:1)
  a +0 leather armour
(-5, 14, D:1)
  a stone
(-7, 15, D:1)
  a stone
(11, 16, D:1)
  a +0 club
(-10, 17, D:1)
  a +0 robe
(-3, 21, D:1)
  a +0 club
(7, 27, D:1)
  a stone
(8, 28, D:1)
  a stone
(13, 29, D:1)
  a +0 mace
(9, 31, D:1)
  a +0 club
(10, 31, D:1)
  a +0 short sword

Level 2 of the Dungeon
(0, 0, D:2)
  a +0 flail
(20, 0, D:2)
  11 stones
(-30, 4, D:2)
  13 arrows
(-13, 4, D:2)
  26 stones
(-30, 5, D:2)
  17 stones
(-2, 14, D:2)
  a cursed +0 dagger
(-23, 15, D:2)
  17 bolts
(-21, 15, D:2)
  17 stones
(11, 17, D:2)
  a +0 club
(22, 22, D:2)
  a +0 hand axe
(18, 37, D:2)
  a +0 leather armour
(-15, 47, D:2)
  22 stones

Level 3 of the Dungeon
(17, 7, D:3)
  a +2 large shield of protection
(-15, 8, D:3)
  a +0 whip
  a +0 leather armour
(-14, 8, D:3)
  a +0 chain mail
  a +0 trident
(14, 14, D:3)
  5 steel javelins
(-15, 15, D:3)
  an orc skeleton
(28, 21, D:3)
  a +0 pair of boots
(3, 26, D:3)
  a +0 whip
(35, 30, D:3)
  a +0 quarterstaff
(31, 31, D:3)
  11 gold pieces
(32, 31, D:3)
  10 gold pieces
(30, 32, D:3)
  8 gold pieces
(31, 32, D:3)
  5 gold pieces
(32, 32, D:3)
  9 gold pieces
(31, 33, D:3)
  14 gold pieces
(32, 33, D:3)
  10 gold pieces
(19, 34, D:3)
  a +0 club
(10, 36, D:3)
  19 arrows

Level 4 of the Dungeon
(0, 0, D:4)
  a +0 leather armour
(11, 6, D:4)
  a +0 flail
  (unseen)

