Asterion

Level 1 of the Dungeon
(-9, 1, D:1)
  a +0 club
(-15, 15, D:1)
  a +0 dagger
(-3, 17, D:1)
  a +0 whip
(-9, 19, D:1)
  a +0 spear of freezing
(-15, 20, D:1)
  a +0 club
(-39, 21, D:1)
  11 stones
(-14, 24, D:1)
  a +0 short sword
(-24, 37, D:1)
  a +0 dagger of venom
(-20, 37, D:1)
  a +0 robe
(-23, 40, D:1)
  a stone
(-4, 44, D:1)
  23 stones
(-37, 47, D:1)
  a +0 hunting sling
(-36, 47, D:1)
  3 needles of sleeping

Level 2 of the Dungeon
(0, 0, D:2)
  a +0 leather armour
(13, 0, D:2)
  a +0 robe
(19, 0, D:2)
  a +0 whip
(5, 1, D:2)
  a +0 animal skin
(8, 1, D:2)
  24 arrows
(2, 2, D:2)
  a cursed +0 dagger
(-16, 3, D:2)
  a +0 dagger
(-16, 6, D:2)
  a +0 club
(9, 6, D:2)
  a +0 robe
(-2, 11, D:2)
  a +0 whip
(12, 11, D:2)
  a +0 hand axe
(12, 20, D:2)
  22 stones
(38, 31, D:2)
  a +0 dagger
(46, 36, D:2)
  a +2 flail of holy wrath

Level 3 of the Dungeon
(0, 0, D:3)
  a scroll of amnesia
(19, 2, D:3)
  a +0 mace
  a kobold corpse (skeletalised by now)
(17, 3, D:3)
  2 stones
(18, 3, D:3)
  a stone
(18, 4, D:3)
  a stone
(17, 5, D:3)
  a stone
(17, 6, D:3)
  2 stones
(37, 6, D:3)
  23 arrows
(17, 7, D:3)
  a +0 dagger
  2 stones
  a rotting goblin corpse
(16, 8, D:3)
  2 stones
(16, 9, D:3)
  a +0 dagger
  a +0 hunting sling
  7 stones
(17, 9, D:3)
  a +0 whip
  a +0 spear
(31, 9, D:3)
  a +0 robe
(18, 10, D:3)
  a +0 spear
(33, 12, D:3)
  16 sling bullets
(17, 15, D:3)
  a +0 club
(34, 15, D:3)
  17 stones
(54, 22, D:3)
  a +0 club
(60, 22, D:3)
  a +0 robe
(51, 27, D:3)
  a +0 scale mail
(29, 28, D:3)
  a +0 mace
  a +0 ring mail
(37, 33, D:3)
  a +0 dagger
(51, 33, D:3)
  a +0 hammer
(51, 35, D:3)
  a +0 hammer
(51, 36, D:3)
  a +0 hammer
(37, 38, D:3)
  7 arrows
(50, 42, D:3)
  a +0 cloak
  a +3 quarterstaff of chaos
(51, 46, D:3)
  a +0 hammer

Level 4 of the Dungeon
(0, 0, D:4)
  27 stones
(2, 1, D:4)
  a +0 whip
  (unseen)
(-5, 2, D:4)
  14 stones
  (unseen)
(-3, 5, D:4)
  a cursed ring of wizardry
(-1, 7, D:4)
  a +0 cloak

