Dracula

Level 1 of the Dungeon
(0, 0, D:1)
  a +0,+0 hand axe
(-2, 5, D:1)
  a +2,+2 dagger
  3 darts
(-4, 6, D:1)
  a dart
(-4, 8, D:1)
  a dart
(-21, 14, D:1)
  a -1,+0 orcish club
(-2, 14, D:1)
  a +0 orcish robe
(15, 18, D:1)
  a +1,+0 short sword of speed
(-25, 30, D:1)
  a +0,+0 club
(-4, 32, D:1)
  a +1,+1 spear
(8, 33, D:1)
  a -1,+0 orcish club
(26, 33, D:1)
  a +0,+1 dwarven dagger
(-5, 35, D:1)
  a cursed -2,-3 club

Level 2 of the Dungeon
(0, 0, D:2)
  a +0,+1 orcish club
(-22, 2, D:2)
  a +0,+1 dwarven dagger
(-28, 9, D:2)
  a bread ration
(-4, 15, D:2)
  a -1,+0 orcish club
(-10, 24, D:2)
  a +0 animal skin
(-7, 25, D:2)
  18 sling bullets
(2, 25, D:2)
  a bread ration
(10, 26, D:2)
  a +0 dwarven cloak
(-26, 28, D:2)
  a +0,+0 whip
  a -1,+1 orcish club
(-4, 46, D:2)
  15 darts of dispersal

Level 3 of the Dungeon
(0, 0, D:3)
  8 poisoned javelins
(-24, 2, D:3)
  an apple
(-4, 19, D:3)
  a -1,+1 orcish dagger
  a +0,+1 orcish club
(-3, 20, D:3)
  a +0,+1 orcish dagger
(5, 20, D:3)
  a +0,+1 whip
(-26, 35, D:3)
  a cursed -2,-1 scythe

Level 4 of the Dungeon
(0, 0, D:4)
  a -1,+1 orcish trident
(-54, 4, D:4)
  a +0 orcish ring mail
  a cursed +0 orcish leather armour
  a +0,+0 orcish flail
  a +0 orcish leather armour
(-30, 9, D:4)
  a scroll of remove curse
(-23, 16, D:4)
  a +0,+0 whip
(-22, 17, D:4)
  14 stones

Level 5 of the Dungeon
(0, 0, D:5)
  a potion of curing
(-4, 5, D:5)
  12 gold pieces
(4, 12, D:5)
  a +0,+0 sabre
(1, 16, D:5)
  a +0,+0 club
(15, 19, D:5)
  a cursed +0 scale mail
(-7, 20, D:5)
  18 bolts
(0, 35, D:5)
  16 darts

