Sanguine

Level 1 of the Dungeon
(0, 0, D:1)
  27 arrows
(-6, 8, D:1)
  a +2,+0 short sword
(12, 9, D:1)
  a +0,+0 elven short sword
(14, 10, D:1)
  a +2,+0 elven short sword
(-35, 19, D:1)
  14 darts
(-43, 20, D:1)
  18 stones
(-43, 25, D:1)
  a +0,+0 orcish club
(-38, 26, D:1)
  13 arrows
(-20, 33, D:1)
  a +0,+0 dagger
  a dart
(-43, 37, D:1)
  a +0,+0 whip
(-17, 41, D:1)
  4 large rocks
(6, 44, D:1)
  a dart
(11, 44, D:1)
  a dart
(10, 45, D:1)
  a dart
  a -1,+3 orcish hand axe of flaming

Level 2 of the Dungeon
(0, 0, D:2)
  a +2,+0 dagger
(16, 8, D:2)
  a +0,+0 sling
(27, 17, D:2)
  a +0,+0 orcish club
(11, 30, D:2)
  a +0,+0 dagger
(35, 30, D:2)
  26 bolts
(12, 33, D:2)
  a cursed -2,-2 elven dagger
  a +1,+2 sling
  21 stones
(10, 38, D:2)
  a stone
(11, 39, D:2)
  a stone
(12, 39, D:2)
  2 stones
(14, 43, D:2)
  18 stones
(-4, 46, D:2)
  22 stones

