Asterion

Level 1 of the Dungeon
(0, 0, D:1)
  a +0 club
(-21, 3, D:1)
  a cursed +0 leather armour
(-22, 9, D:1)
  a +0 robe
(-20, 13, D:1)
  a +0 leather armour
(-15, 15, D:1)
  a cursed -1 hand axe
(-36, 16, D:1)
  a +0 short sword
(6, 18, D:1)
  a +0 whip
(-3, 21, D:1)
  a +0 club

Level 2 of the Dungeon
(0, 0, D:2)
  27 stones
(-10, 6, D:2)
  a +0 short sword
(-8, 6, D:2)
  a +0 dagger
(-23, 10, D:2)
  a +0 hammer
(-25, 12, D:2)
  a +0 mace
  a +0 cloak
(-12, 14, D:2)
  20 stones
(-15, 17, D:2)
  a +0 mace
(-32, 18, D:2)
  a +0 short sword
(-18, 18, D:2)
  a +0 club
(-21, 23, D:2)
  a +2 helmet
(-36, 28, D:2)
  a +0 club
(13, 28, D:2)
  21 sling bullets
(13, 33, D:2)
  an uncursed ring of loudness
(8, 37, D:2)
  a +0 animal skin
(-13, 39, D:2)
  a +0 dagger

Level 3 of the Dungeon
(0, 0, D:3)
  32 stones
(-29, 2, D:3)
  a +0 short sword
(-19, 2, D:3)
  a potion of lignification
(-14, 5, D:3)
  a +0 club
(-14, 6, D:3)
  a +0 dagger
(7, 6, D:3)
  a stone
(-21, 12, D:3)
  11 poisoned sling bullets
(-8, 13, D:3)
  a +0 mace
(12, 14, D:3)
  a +0 hand axe
  a +0 leather armour
(-24, 21, D:3)
  a +0 club
  a +0 hunting sling
  24 stones
  a +0 leather armour
(-5, 22, D:3)
  a +0 dagger
  a +0 hunting sling
  10 stones
(-25, 23, D:3)
  a stone
(-27, 26, D:3)
  a stone
(-5, 26, D:3)
  a stone
(-5, 28, D:3)
  a stone
(-5, 29, D:3)
  a stone
  a +0 spear
(-5, 30, D:3)
  2 stones
(8, 36, D:3)
  a +0 dagger
  a +0 robe
(9, 38, D:3)
  a +0 club
  a +0 scale mail
(10, 39, D:3)
  a +0 dagger
  a +0 robe
(10, 40, D:3)
  a +0 ring mail
  a +0 dagger
  a +1 short sword of electrocution
(-35, 42, D:3)
  a cursed -1 flail
(-33, 42, D:3)
  a +1 halberd of venom
(-33, 43, D:3)
  a +0 flail

Level 4 of the Dungeon
(0, 0, D:4)
  14 bolts
(0, 10, D:4)
  18 arrows
(36, 12, D:4)
  a cursed -3 club
(19, 13, D:4)
  a +0 dagger
(19, 15, D:4)
  a cursed +0 dagger
(33, 18, D:4)
  6 tomahawks
(2, 24, D:4)
  23 stones
(6, 24, D:4)
  17 stones
(10, 24, D:4)
  a +0 dagger
(40, 24, D:4)
  a +0 whip of flaming
  a +0 robe
  a +0 animal skin
(50, 24, D:4)
  a +0 giant spiked club
(55, 25, D:4)
  13 arrows
(37, 29, D:4)
  a stone
(38, 36, D:4)
  a +0 cloak
(42, 40, D:4)
  a +0 falchion
  a +0 ring mail
(43, 40, D:4)
  a +0 dagger
  a cursed +0 robe
(26, 42, D:4)
  a +0 hand crossbow
(15, 46, D:4)
  a +0 club
  a +0 hunting sling
  20 stones
(18, 46, D:4)
  a +0 club
  a +0 animal skin
  a +1 helmet
  a +0 dagger
(24, 46, D:4)
  a +0 hunting sling
(36, 49, D:4)
  a +0 animal skin
(28, 54, D:4)
  a +0 club

Level 5 of the Dungeon
(0, 0, D:5)
  a +0 quarterstaff
(3, 0, D:5)
  15 arrows
(-11, 8, D:5)
  29 sling bullets
(-20, 9, D:5)
  a +0 flail
  a +0 spear
(-18, 9, D:5)
  a +0 whip
  a +0 robe
(-37, 11, D:5)
  a +0 dagger
(-20, 11, D:5)
  a +0 flail
(-20, 12, D:5)
  a +0 club
  a +0 halberd
(-35, 14, D:5)
  23 arrows
(-21, 14, D:5)
  a cursed -1 club
(11, 23, D:5)
  a cursed +0 club
  a +0 halberd
(9, 24, D:5)
  a +0 spear
(10, 24, D:5)
  a +0 spear
(11, 24, D:5)
  a +0 halberd
(10, 26, D:5)
  a +0 giant spiked club
(-22, 29, D:5)
  a +0 robe
(-36, 34, D:5)
  a +0 dagger
  a +0 scale mail
(-1, 36, D:5)
  a +0 flail
(-24, 39, D:5)
  a +0 dagger
(-38, 40, D:5)
  a cursed -1 club
(7, 42, D:5)
  a +0 short sword
(8, 42, D:5)
  a +0 falchion
  a +0 ring mail
(5, 43, D:5)
  a +0 dagger
  a +0 robe
  a +0 whip
(6, 43, D:5)
  a cursed -2 short sword

Level 6 of the Dungeon
(0, 0, D:6)
  a +0 quarterstaff
(2, 0, D:6)
  a +0 leather armour
(18, 6, D:6)
  a +0 mace
(14, 7, D:6)
  23 arrows
(30, 9, D:6)
  a +0 club
(33, 11, D:6)
  a +0 ring mail
(46, 17, D:6)
  a +0 rapier
(32, 27, D:6)
  a +0 war axe
(22, 34, D:6)
  3 needles of sleeping
(3, 39, D:6)
  a +0 ring mail
(11, 48, D:6)
  a +0 falchion
(6, 50, D:6)
  a +0 leather armour
(-9, 55, D:6)
  a +0 scale mail
(-10, 58, D:6)
  18 bolts of frost

Level 7 of the Dungeon
(0, 0, D:7)
  a +0 leather armour
(-63, 3, D:7)
  a +0 dagger
  2 stones
(-26, 5, D:7)
  a +0 long sword
(-62, 7, D:7)
  a stone
(-61, 7, D:7)
  a stone
(-57, 7, D:7)
  a +1 hand axe
  a +0 robe
(-37, 8, D:7)
  a +0 shortbow
  29 arrows
(-66, 9, D:7)
  a +0 robe
(-18, 11, D:7)
  5 tomahawks of returning
(-27, 13, D:7)
  a +0 robe
(-63, 16, D:7)
  a +0 flail
  a +0 robe
(-62, 16, D:7)
  a cursed +3 scimitar
  a +0 robe
(-61, 16, D:7)
  a +3 dagger
  a +0 robe
(-14, 17, D:7)
  a +0 trident
  a +0 plate armour
(-13, 17, D:7)
  a +0 war axe
  2 tomahawks
(-12, 17, D:7)
  a +0 hand axe
  a +0 leather armour
(-51, 20, D:7)
  a +0 shortbow
  7 arrows
(-12, 20, D:7)
  a tomahawk
(-12, 22, D:7)
  a tomahawk
(-50, 23, D:7)
  an arrow
(-12, 23, D:7)
  a tomahawk
(-49, 24, D:7)
  an arrow
(-49, 25, D:7)
  an arrow
(-48, 27, D:7)
  a +0 whip
  a +1 ring mail of poison resistance
(-48, 29, D:7)
  a +0 dagger
  a +0 robe
  a +0 war axe
  a +0 chain mail
(-47, 30, D:7)
  a +0 dagger
  a +0 robe
(-45, 30, D:7)
  a +0 club
  a +2 leather armour of cold resistance
(-5, 31, D:7)
  the +10 dark maul {crush}
    It inflicts extra damage upon your enemies.
(-64, 34, D:7)
  a +0 chain mail
(-19, 36, D:7)
  4 stones
(-55, 39, D:7)
  a +0 club
(-1, 39, D:7)
  a +0 club
(-46, 41, D:7)
  a +0 falchion
  a +0 leather armour
  a +0 flail
(-45, 41, D:7)
  a +0 flail
(-44, 42, D:7)
  a +0 leather armour
(-58, 43, D:7)
  a +0 arbalest
(-34, 44, D:7)
  a +0 short sword
(-3, 44, D:7)
  a stone
(-23, 47, D:7)
  23 stones
(-47, 48, D:7)
  a +0 large shield
(-56, 49, D:7)
  a +0 club

Level 8 of the Dungeon
(0, 0, D:8)
  a +0 short sword
(16, 4, D:8)
  a +0 quarterstaff
(13, 6, D:8)
  2 tomahawks
(6, 11, D:8)
  a +0 hunting sling
(3, 13, D:8)
  a sling bullet of flame
(21, 13, D:8)
  a scroll of noise
(-2, 14, D:8)
  a +2 quarterstaff of speed
  a +0 hunting sling of velocity
  19 sling bullets of flame
  a +0 leather armour of cold resistance
(1, 14, D:8)
  a sling bullet of flame
(32, 15, D:8)
  a +0 quarterstaff
(-1, 22, D:8)
  a +0 club
(-14, 23, D:8)
  17 silver sling bullets
(9, 23, D:8)
  a +0 giant club
(43, 24, D:8)
  5 needles of frenzy
(-4, 25, D:8)
  a +1 war axe of flaming
(15, 29, D:8)
  a scroll of amnesia
(23, 42, D:8)
  a +0 dagger
  a +0 robe
(23, 43, D:8)
  a +0 short sword

Level 9 of the Dungeon
(0, 0, D:9)
  the +0 flail "Crutat" {drain, Noisy rN+ MR+}
    A truly terrible weapon, it drains the life of those it strikes.
    
    It protects you from negative energy.
    It affects your resistance to hostile enchantments.
    It may make noises in combat.
(17, 6, D:9)
  10 gold pieces
(-2, 13, D:9)
  a cursed -3 club
(10, 13, D:9)
  13 gold pieces
(12, 15, D:9)
  13 gold pieces
(22, 18, D:9)
  a +0 spear
  a +0 spear
(22, 19, D:9)
  a +0 spear

a bailey
(0, 0, Bailey)
  368 gold pieces
(8, 0, Bailey)
  a bolt
(9, 0, Bailey)
  a bolt
(13, 0, Bailey)
  4 bolts
(14, 0, Bailey)
  a bolt
(12, 1, Bailey)
  a bolt
(13, 1, Bailey)
  a bolt
(0, 2, Bailey)
  the +0 robe of the Thunderstorm {Dex+3}
    It affects your dexterity (+3).
(13, 2, Bailey)
  a bolt
(3, 3, Bailey)
  a bolt
(4, 3, Bailey)
  2 bolts
(6, 3, Bailey)
  a +0 ring mail
(8, 3, Bailey)
  a +0 spear (still there?)
  a +0 halberd (still there?)
(18, 3, Bailey)
  a +0 bardiche
  (unseen)
(7, 4, Bailey)
  a +0 ring mail
(13, 5, Bailey)
  2 bolts
(13, 6, Bailey)
  4 bolts
(14, 6, Bailey)
  2 bolts

