Asterion

Level 1 of the Dungeon
(0, 0, D:1)
  a +0 club
(33, 0, D:1)
  a +0 short sword
(17, 1, D:1)
  a +0 ring mail
(36, 4, D:1)
  6 tomahawks
(14, 5, D:1)
  a +0 whip
(7, 7, D:1)
  a +0 club
(-2, 9, D:1)
  a +0 dagger
(33, 14, D:1)
  a +0 helmet
(18, 16, D:1)
  a +0 short sword
  2 stones
(-8, 19, D:1)
  a +0 club
(6, 20, D:1)
  18 stones
(-10, 21, D:1)
  a stone
(-10, 22, D:1)
  a stone
(30, 35, D:1)
  a +0 club
(1, 42, D:1)
  a +0 short sword
(14, 46, D:1)
  a +0 dagger

Level 2 of the Dungeon
(0, 0, D:2)
  a +0 pair of boots
(-44, 5, D:2)
  a +0 animal skin
(-42, 9, D:2)
  a +0 mace
(0, 13, D:2)
  a +0 robe
(-19, 15, D:2)
  a +0 whip
  3 stones
(-19, 17, D:2)
  a stone
(-29, 18, D:2)
  a +0 whip
(-27, 20, D:2)
  a +0 club
(-36, 23, D:2)
  a +0 club
(-26, 24, D:2)
  a +0 club
(-6, 30, D:2)
  an uncursed amulet of stasis
(-31, 34, D:2)
  a +0 dagger
(-13, 34, D:2)
  a +0 hunting sling

Level 3 of the Dungeon
(0, 0, D:3)
  a +0 leather armour
(2, 0, D:3)
  a +0 hand axe
  a +0 club
(2, 2, D:3)
  a +0 dagger
  a +0 robe
(-3, 6, D:3)
  27 stones
(-8, 14, D:3)
  a +0 club
(-12, 21, D:3)
  17 stones
(-8, 34, D:3)
  a cursed -3 club
(-5, 38, D:3)
  a +0 club
(15, 40, D:3)
  a +0 mace
(1, 41, D:3)
  11 stones
(-17, 44, D:3)
  9 poisoned needles

Level 4 of the Dungeon
[Shop] Baplecw's Distillery
  a potion of cancellation (60 gold)
  a potion of poison (11 gold)
  a potion of poison (11 gold)
  a potion of brilliance (27 gold)
  a potion of curing (22 gold)
  2 potions of brilliance (55 gold)
  a potion of might (27 gold)
  a potion of resistance (77 gold)
  a potion of might (27 gold)
  a potion of lignification (22 gold)
(0, 0, D:4)
  17 stones
(-4, 4, D:4)
  a +0 falchion
  3 tomahawks
  a +0 scale mail
  a +0 hand axe
  a +0 scale mail
(-3, 4, D:4)
  a +0 mace
  a +0 dagger
  a +0 robe
(-5, 5, D:4)
  a stone
(-4, 5, D:4)
  a +0 club
(17, 5, D:4)
  14 stones
(-6, 7, D:4)
  a +0 dagger
(-2, 7, D:4)
  a tomahawk
(24, 8, D:4)
  a bolt
(26, 8, D:4)
  a +0 hand crossbow
  18 bolts
(-19, 11, D:4)
  a +0 hand crossbow
  7 bolts of frost
(18, 15, D:4)
  13 stones
(-18, 16, D:4)
  a bolt of frost
(-9, 17, D:4)
  a +0 club
(21, 28, D:4)
  a +0 quarterstaff
(-19, 33, D:4)
  a +0 dagger
  a +0 robe
(-18, 33, D:4)
  a +0 short sword
(21, 35, D:4)
  a cursed +0 dagger
(-4, 36, D:4)
  a cursed -2 dagger
  a +0 robe
(-5, 37, D:4)
  a +0 whip
(6, 42, D:4)
  a +0 long sword

Level 5 of the Dungeon
[Shop] Qodu's General Store
  3 tomahawks (16 gold)
  a +0 mace (33 gold)
  a scroll of identify (22 gold)
  20 sling bullets (110 gold)
  a scroll of enchant weapon (82 gold)
  a scroll of remove curse (33 gold)
  a scroll of identify (22 gold)
  a scroll of fog (22 gold)
  a scroll of immolation (38 gold)
  a +0 hunting sling (16 gold)
  the amulet of Kilannumm {rCorr rC+} (374 gold)
    [amulet of resist corrosion]
    
    It protects you from acid and corrosion.
    It protects you from cold.
  a +0 short sword (33 gold)
[Shop] Azuyma's Assorted Antiques
  a scroll of remove curse (23 gold)
  a scroll of noise (23 gold)
  a wand of confusion (5) (92 gold)
  a wand of enslavement (7) (92 gold)
  a cursed -5 ring of slaying (115 gold)
  a potion of agility (20 gold)
  a scroll of torment (23 gold)
  a potion of curing (46 gold)
  a potion of haste (20 gold)
  a scroll of identify (23 gold)
  a scroll of fear (23 gold)
  a potion of heal wounds (69 gold)
[Shop] Baad Ika's Antique Weapon Shoppe
  a +0 quarterstaff (76 gold)
  a +1 hand crossbow of flaming (66 gold)
  a +0 war axe (66 gold)
  a +0 demon trident of freezing (285 gold)
  a +0 quarterstaff (76 gold)
  a +0 cutlass (76 gold)
  a +0 hunting sling (28 gold)
  a +2 spear of piercing (57 gold)
  a +0 mace (57 gold)
  the cursed -2 glaive of the Onslaught {speed, -Tele rF++ SInv} (218 gold)
    Attacks with this weapon are significantly faster.
    
    It greatly protects you from fire.
    It enhances your eyesight.
    It prevents most forms of teleportation.
    It has a curse placed upon it.
  a +3 greatsling of velocity (285 gold)
  the +10 quarterstaff of the Puffin {freeze, +Fly rF+ Int+4} (171 gold)
    It has been specially enchanted to freeze those struck by it, causing extra
    injury to most foes and up to double damage against particularly susceptible
    opponents. It can also slow down cold-blooded creatures.
    
    It affects your intelligence (+4).
    It protects you from fire.
    It lets you fly.
(0, 0, D:5)
  a +0 dagger
  a stone
(31, 6, D:5)
  a +0 hunting sling
(6, 10, D:5)
  12 stones
(14, 13, D:5)
  a +0 long sword
(12, 21, D:5)
  30 sling bullets
(17, 27, D:5)
  a cursed +0 ring mail
(1, 31, D:5)
  23 stones

Level 6 of the Dungeon
(0, 0, D:6)
  a +0 club
(-28, 2, D:6)
  14 sling bullets of frost
(7, 6, D:6)
  a +0 club
(7, 7, D:6)
  15 poisoned needles
(-12, 12, D:6)
  a +0 robe
(21, 16, D:6)
  a +0 ring mail
(22, 16, D:6)
  a +0 flail
(20, 17, D:6)
  a +0 club
(21, 17, D:6)
  a +0 robe
(30, 19, D:6)
  a +0 ring mail
(13, 24, D:6)
  a +0 club
(-12, 37, D:6)
  a +0 leather armour

Level 7 of the Dungeon
[Shop] Cruodoh's Book Boutique
  a book of the Sky (910 gold)
  a book of Geomancy (490 gold)
  a book of Unlife (910 gold)
  a book of the Dragon (1260 gold)
  a book of Changes (350 gold)
  a book of Debilitation (560 gold)
  a book of Callings (420 gold)
  a book of Power (630 gold)
  a book of Fire (910 gold)
  a book of Annihilations (1545 gold)
  a book of the Tempests (980 gold)
(0, 0, D:7)
  a +0 hunting sling
(33, 32, D:7)
  a cursed -2 leather armour
(10, 35, D:7)
  a +0 robe
  a +0 mace
(19, 49, D:7)
  a +0 chain mail

Level 8 of the Dungeon
(0, 0, D:8)
  a +0 great sword
  a +0 robe
(-3, 2, D:8)
  a +1 short sword
  a +0 robe
(0, 2, D:8)
  a +1 trident
  a +0 robe
(-10, 5, D:8)
  a +0 club
  a stone
(-5, 5, D:8)
  a stone
(30, 10, D:8)
  a +0 shortbow
  7 arrows of dispersal
(30, 11, D:8)
  a +0 giant club
(19, 18, D:8)
  a +0 giant club
(-11, 21, D:8)
  a +0 mace
  a +0 leather armour
(-15, 25, D:8)
  14 stones
(5, 27, D:8)
  a +0 club
(6, 30, D:8)
  a +0 short sword
  3 stones
(7, 31, D:8)
  a +0 mace
  a +0 leather armour
(-5, 32, D:8)
  a +0 falchion
  a cursed +0 robe
(8, 32, D:8)
  a stone
(-5, 35, D:8)
  a +0 falchion
  23 stones
(7, 36, D:8)
  a +0 ring mail
  a +0 trident
(27, 36, D:8)
  a +0 giant spiked club
  a +0 trident
(11, 38, D:8)
  a +0 club
(31, 39, D:8)
  a +0 long sword

Level 9 of the Dungeon
(0, 0, D:9)
  10 arrows of frost
(-12, 6, D:9)
  a cursed -1 club
(-13, 10, D:9)
  a sack of spiders
(-1, 18, D:9)
  a stone
(-1, 19, D:9)
  a stone
(-9, 23, D:9)
  a stone
(-10, 24, D:9)
  a stone
(-1, 24, D:9)
  2 stones

