Asterion

Level 1 of the Dungeon
(0, 0, D:1)
  a stone
(1, 0, D:1)
  a stone
(5, 0, D:1)
  a +3 short sword
(-19, 2, D:1)
  a +0 club
(-18, 4, D:1)
  18 bolts of frost
(-26, 7, D:1)
  21 sling bullets
(-26, 12, D:1)
  24 arrows
(29, 19, D:1)
  a +0 club
(-10, 27, D:1)
  a stone
(5, 27, D:1)
  a +0 hand axe
(-10, 31, D:1)
  a +0 hand axe
(21, 32, D:1)
  a +0 dagger
(6, 37, D:1)
  a +0 whip

Level 2 of the Dungeon
(0, 0, D:2)
  16 stones
(12, 5, D:2)
  a +0 naga barding
(22, 5, D:2)
  a cursed -2 club
(-26, 6, D:2)
  a +0 short sword
(12, 6, D:2)
  a +0 spear
(1, 8, D:2)
  a stone
  a +0 dagger
(-26, 15, D:2)
  15 arrows of frost
(-30, 26, D:2)
  a +0 club
(-4, 26, D:2)
  a +0 dagger
(18, 26, D:2)
  16 stones
(-28, 36, D:2)
  22 stones
(1, 45, D:2)
  a +0 hand axe
(-1, 48, D:2)
  a +0 club
(-1, 50, D:2)
  a +0 spear

Level 3 of the Dungeon
(0, 0, D:3)
  an adder skeleton
(-11, 4, D:3)
  a +0 robe
(-13, 13, D:3)
  a +0 leather armour
(-8, 21, D:3)
  17 bolts

