Sanguine

Level 1 of the Dungeon
(0, 0, D:1)
  a +0 hand axe
(-3, 5, D:1)
  a +2 dagger of speed
(-30, 6, D:1)
  a cursed -2 club
(-17, 10, D:1)
  14 stones
(-28, 14, D:1)
  19 stones
(-15, 14, D:1)
  a +0 whip
(2, 17, D:1)
  a +0 leather armour
(-14, 18, D:1)
  a +0 club
(4, 20, D:1)
  a +0 club
(4, 21, D:1)
  a +0 short sword
(-5, 22, D:1)
  a +0 club
(5, 22, D:1)
  a +0 club
(-9, 25, D:1)
  16 stones
(3, 25, D:1)
  a +0 robe of magic resistance
(-28, 27, D:1)
  a cursed -2 hand axe
(-4, 30, D:1)
  21 arrows
(-34, 31, D:1)
  8 arrows
(-4, 33, D:1)
  a +0 club
(-18, 35, D:1)
  a cursed -3 club
(5, 36, D:1)
  21 stones

Level 2 of the Dungeon
(0, 0, D:2)
  4 stones
(11, 0, D:2)
  a cursed +0 club
(-2, 3, D:2)
  a stone
(15, 10, D:2)
  a +0 short sword
(-31, 11, D:2)
  a +0 club
(-37, 13, D:2)
  22 stones
(-7, 43, D:2)
  a +0 leather armour
(-9, 48, D:2)
  23 sling bullets
(-7, 49, D:2)
  a +0 mace

Level 3 of the Dungeon
(0, 0, D:3)
  a +0 club
(1, 3, D:3)
  a +0 club
(0, 5, D:3)
  5 javelins
(8, 5, D:3)
  15 stones
(-42, 7, D:3)
  9 stones
(-46, 8, D:3)
  a +0 leather armour
(-27, 8, D:3)
  a +0 whip
(3, 10, D:3)
  a +0 club
(-7, 11, D:3)
  17 stones
(-39, 14, D:3)
  12 poisoned needles
(-38, 17, D:3)
  17 sling bullets of frost
(-35, 23, D:3)
  19 stones
(-29, 24, D:3)
  a +2 dagger of protection
  3 stones
(-33, 25, D:3)
  a stone
(-17, 25, D:3)
  a +0 robe
(-7, 25, D:3)
  14 stones
(-29, 26, D:3)
  a +0 flail
(-10, 37, D:3)
  a +0 whip

Level 4 of the Dungeon
(0, 0, D:4)
  12 poisoned needles
(-10, 7, D:4)
  a +0 hunting sling
(-8, 25, D:4)
  15 stones
(-6, 37, D:4)
  a +0 spear
(24, 38, D:4)
  17 arrows
(46, 43, D:4)
  a +0 hand axe
(24, 49, D:4)
  a +3 leather armour
(44, 49, D:4)
  13 poisoned needles

Level 5 of the Dungeon
(0, 0, D:5)
  a +0 dagger
  a +0 robe
(0, 1, D:5)
  a +0 dagger
  a cursed +0 robe
(0, 2, D:5)
  a +0 club
(-5, 16, D:5)
  a +0 ring mail
  a +0 club
  a +0 leather armour
  a cursed -1 hand axe
(-5, 17, D:5)
  a tomahawk
(-5, 18, D:5)
  a tomahawk
(-9, 21, D:5)
  23 stones
(-8, 21, D:5)
  a +0 scale mail
(-13, 22, D:5)
  18 bolts of flame
(-8, 22, D:5)
  a cursed -2 scythe
  a +0 robe
(-10, 23, D:5)
  18 bolts
(-8, 24, D:5)
  28 stones
(15, 31, D:5)
  26 arrows
(19, 40, D:5)
  a +0 hunting sling
(-9, 42, D:5)
  a +0 shortbow
  6 arrows
(-10, 43, D:5)
  a +0 scale mail
  a +2 war axe of freezing
  a +0 leather armour
(-9, 43, D:5)
  2 arrows
(-10, 44, D:5)
  4 arrows
(-9, 44, D:5)
  a +0 flail

Level 6 of the Dungeon
(46, 10, D:6)
  a +0 club
(1, 13, D:6)
  a +0 hand axe
  a +0 scale mail
(6, 13, D:6)
  a +0 dagger
  a +0 robe
(9, 13, D:6)
  a +0 dagger
  a cursed +0 leather armour
(-2, 14, D:6)
  a +0 club
(-1, 14, D:6)
  a +0 plate armour
  a +0 mace
  a +0 war axe
  a +0 robe
(16, 14, D:6)
  a +0 trident
  a cursed +0 robe
(-3, 15, D:6)
  a +0 short sword
  a +0 scale mail
(-7, 20, D:6)
  a +0 flail
(21, 25, D:6)
  13 arrows
(18, 27, D:6)
  9 steel bolts
(-2, 31, D:6)
  3 stones
(-11, 32, D:6)
  a +0 hand axe
(-8, 33, D:6)
  an arrow
(-3, 33, D:6)
  a stone
(23, 33, D:6)
  2 stones
(-8, 34, D:6)
  a +0 falchion
  a +0 leather armour
(-3, 34, D:6)
  a stone
(23, 34, D:6)
  2 stones
(-6, 35, D:6)
  an arrow
(23, 35, D:6)
  2 stones
(24, 35, D:6)
  a +0 dagger
  a +0 robe
(23, 36, D:6)
  a +0 hand axe
(-13, 37, D:6)
  a +0 club
(-7, 37, D:6)
  an arrow
(-6, 38, D:6)
  a scroll of immolation
(-7, 39, D:6)
  3 scrolls of random uselessness
(-6, 39, D:6)
  an arrow
(23, 40, D:6)
  a +2 flail of protection
  8 stones
  a +0 leather armour
(-9, 41, D:6)
  a +0 spear
(-6, 44, D:6)
  5 stones
(-13, 45, D:6)
  a stone
(-12, 45, D:6)
  a stone
(-11, 45, D:6)
  an arrow
(-10, 45, D:6)
  a +0 whip
  a +0 leather armour
  an arrow
  a stone
(-9, 45, D:6)
  an arrow
  a stone
(-8, 45, D:6)
  a +0 club
  a +0 chain mail
  a +0 shortbow
  11 arrows
  a +0 giant club
  2 stones
  a +0 whip
(-7, 45, D:6)
  5 stones
  a +0 trident
  a +0 leather armour
  a +0 club
(-6, 45, D:6)
  3 stones
(-4, 47, D:6)
  a stone
(17, 54, D:6)
  a +0 whip
  a +0 leather armour

Level 7 of the Dungeon
(0, 0, D:7)
  17 stones
(-37, 1, D:7)
  a cursed -3 great sword
  15 stones
(-11, 1, D:7)
  a +0 trident of freezing
(17, 1, D:7)
  22 sling bullets
(-17, 2, D:7)
  a +0 glaive
(-37, 3, D:7)
  9 stones
(10, 3, D:7)
  a cursed -2 dagger
(-38, 4, D:7)
  11 arrows
(-16, 4, D:7)
  a +0 club
(-35, 9, D:7)
  a +0 hand axe
(19, 24, D:7)
  a scroll of holy word
  a potion of degeneration

Level 8 of the Dungeon
(0, 0, D:8)
  14 gold pieces
(41, 4, D:8)
  a +0 quarterstaff
(19, 7, D:8)
  a +0 robe
(33, 8, D:8)
  a +0 ring mail
(11, 10, D:8)
  a +0 chain mail
(2, 11, D:8)
  8 gold pieces
(36, 15, D:8)
  a scroll of identify
(33, 28, D:8)
  a meat ration

the Ecumenical Temple

