Sanguine

Level 1 of the Dungeon
(12, 2, D:1)
  22 stones
(19, 5, D:1)
  a +0 hunting sling
(-9, 18, D:1)
  22 arrows
(11, 20, D:1)
  2 stones
(10, 22, D:1)
  a stone
(-4, 28, D:1)
  26 stones
(19, 29, D:1)
  a cursed +0 short sword
  4 stones
(16, 30, D:1)
  11 arrows
(-17, 43, D:1)
  a +1 spear of flaming
(-13, 45, D:1)
  17 poisoned needles
(0, 47, D:1)
  a +0 dagger
(10, 50, D:1)
  15 bolts
(-10, 52, D:1)
  a +0 club
(10, 56, D:1)
  a +0 spear
(-30, 57, D:1)
  13 poisoned arrows

Level 2 of the Dungeon
(0, 0, D:2)
  a +0 short sword
(14, 1, D:2)
  a +0 club
(-5, 12, D:2)
  a cursed +0 club
(-15, 14, D:2)
  18 sling bullets
(-14, 16, D:2)
  a +0 war axe
(-16, 20, D:2)
  a stone
(-19, 22, D:2)
  a +0 mace

