Sanguine

Level 1 of the Dungeon
(0, 0, D:1)
  11 poisoned needles
(-9, 1, D:1)
  a +0 club
(-32, 3, D:1)
  23 stones
(-35, 6, D:1)
  a +0 whip
(-29, 8, D:1)
  a +0 short sword
(-35, 9, D:1)
  2 stones
(-34, 9, D:1)
  a stone
(-31, 9, D:1)
  16 poisoned arrows
(-17, 9, D:1)
  9 bolts of frost
(-4, 13, D:1)
  a +0 short sword
(-30, 18, D:1)
  2 stones
(-6, 18, D:1)
  a +0 robe
(-2, 20, D:1)
  a +0 club
(-44, 23, D:1)
  a +0 club
(-30, 25, D:1)
  a stone
(-30, 26, D:1)
  2 stones
(-2, 26, D:1)
  a cursed +0 mace
(-19, 28, D:1)
  a +0 dagger
  a stone
(-19, 29, D:1)
  a stone
(-17, 29, D:1)
  a stone
(-16, 29, D:1)
  a stone
(-49, 37, D:1)
  a cursed +0 short sword
(-19, 41, D:1)
  a +0 club
(-34, 43, D:1)
  a +0 dagger
  2 stones
(-37, 46, D:1)
  a stone
(-23, 46, D:1)
  a +0 club

Level 2 of the Dungeon
(25, 3, D:2)
  a +0 short sword
(23, 13, D:2)
  a +0 club
(14, 16, D:2)
  13 stones
(-23, 23, D:2)
  a +0 leather armour
(-16, 26, D:2)
  a stone
(-17, 27, D:2)
  a stone
(-16, 27, D:2)
  a stone
(-18, 28, D:2)
  a stone
  a +0 whip
(11, 28, D:2)
  a +0 club
  a cursed -2 ring mail
(-5, 30, D:2)
  a +4 club
  a +0 robe
(-18, 33, D:2)
  a +0 hand axe
(-16, 33, D:2)
  a +0 leather armour
(-19, 34, D:2)
  a +0 club
(-18, 34, D:2)
  a +0 scale mail
  a +0 hand axe
(0, 34, D:2)
  20 stones

Level 3 of the Dungeon
(-15, 2, D:3)
  a +0 robe
  a +0 dagger
(-15, 3, D:3)
  a +0 scale mail
  an orc skeleton
(-18, 8, D:3)
  a +0 club
(4, 8, D:3)
  a +0 short sword
(5, 8, D:3)
  a quokka corpse
(-3, 10, D:3)
  a +0 hunting sling

