Xombaby

Level 1 of the Dungeon
(0, 0, D:1)
  13 stones
(-12, 2, D:1)
  a +0 club
(-18, 5, D:1)
  a +0 dagger
(-25, 7, D:1)
  a +0 club
(-28, 15, D:1)
  a +0 robe
(-33, 19, D:1)
  9 poisoned arrows

Level 2 of the Dungeon
(0, 0, D:2)
  a hobgoblin corpse
(-4, 2, D:2)
  a bat corpse
(42, 3, D:2)
  a giant newt corpse (skeletalised by now)
(40, 14, D:2)
  7 needles of frenzy
(38, 29, D:2)
  a +0 club
(-4, 38, D:2)
  a +0 ring mail

Level 3 of the Dungeon
(0, 0, D:3)
  a +0 dagger
(-10, 5, D:3)
  a +0 centaur barding
(3, 5, D:3)
  a +0 spear
(1, 12, D:3)
  a poisoned needle
(2, 12, D:3)
  3 poisoned needles
  a +0 club
(-8, 13, D:3)
  16 gold pieces
(-6, 13, D:3)
  a poisoned needle
(-3, 13, D:3)
  a cursed -3 blowgun
  a +4 short sword
  5 poisoned needles
  a kobold corpse
(-1, 13, D:3)
  a poisoned needle
(1, 13, D:3)
  a poisoned needle
(-2, 14, D:3)
  a poisoned needle

