Asterion

Level 1 of the Dungeon
(46, 19, D:1)
  7 tomahawks
(52, 24, D:1)
  12 poisoned needles
(54, 24, D:1)
  a +0 dagger
(49, 26, D:1)
  a stone
(51, 26, D:1)
  11 poisoned needles
(49, 27, D:1)
  2 stones
(12, 37, D:1)
  a +0 club
(0, 46, D:1)
  a stone
(0, 50, D:1)
  a stone
(0, 52, D:1)
  a +0 dagger
(34, 53, D:1)
  24 stones

Level 2 of the Dungeon
(0, 0, D:2)
  a +0 club
(1, 0, D:2)
  3 stones
(5, 2, D:2)
  10 stones
(7, 3, D:2)
  a cursed -2 glaive
(-2, 7, D:2)
  8 stones
(6, 12, D:2)
  a +0 robe

