Sanguine

Level 1 of the Dungeon
(0, 0, D:1)
  a +0 club
  2 stones
(-1, 2, D:1)
  a stone
(-3, 4, D:1)
  a stone
  a +0 dagger
(-5, 6, D:1)
  a stone
(-4, 7, D:1)
  a stone
(-7, 9, D:1)
  a stone
(30, 9, D:1)
  a +0 club
(-8, 10, D:1)
  a stone
(-3, 11, D:1)
  a +0 robe
(-5, 20, D:1)
  a cursed +0 dagger
(1, 21, D:1)
  a +0 club
(-1, 24, D:1)
  a +0 dagger
(36, 28, D:1)
  16 stones
(15, 33, D:1)
  a +0 club
(29, 34, D:1)
  a +0 short sword
(29, 42, D:1)
  14 stones

Level 2 of the Dungeon
(0, 0, D:2)
  a +0 whip
(0, 3, D:2)
  a stone
(0, 4, D:2)
  a stone
(0, 5, D:2)
  a stone
(-27, 6, D:2)
  a +0 scythe
  a +0 robe
(-14, 11, D:2)
  a +0 robe
(-5, 22, D:2)
  a +0 leather armour
(-26, 25, D:2)
  a +0 spear
(-5, 35, D:2)
  a +0 club
(-14, 36, D:2)
  a +0 club
(-26, 40, D:2)
  2 stones
(-4, 41, D:2)
  a +0 spear
(5, 41, D:2)
  5 large rocks
(7, 41, D:2)
  a +0 dagger
(-28, 42, D:2)
  a cursed +0 dagger
(-26, 42, D:2)
  a +0 falchion
(-29, 43, D:2)
  4 stones
(-30, 44, D:2)
  a +0 club
(12, 44, D:2)
  17 stones

Level 3 of the Dungeon
(0, 0, D:3)
  17 stones
(-23, 3, D:3)
  26 stones
(-28, 6, D:3)
  5 javelins of returning
(-26, 9, D:3)
  13 stones
(-24, 13, D:3)
  a +0 shield
(-22, 16, D:3)
  10 arrows
(-13, 17, D:3)
  a +0 club
(-13, 18, D:3)
  a +1 short sword of draining
(-12, 18, D:3)
  a +0 leather armour
(-11, 18, D:3)
  a +0 whip
(-4, 20, D:3)
  a +0 dagger
(-3, 20, D:3)
  29 stones
(-11, 21, D:3)
  a +0 club
(-16, 23, D:3)
  a +0 short sword
(-54, 30, D:3)
  17 stones
(-50, 32, D:3)
  12 poisoned arrows
(-26, 33, D:3)
  5 stones
(-32, 34, D:3)
  a +0 ring mail
(-26, 34, D:3)
  a +0 war axe
(-53, 35, D:3)
  a +0 ring mail
(-28, 40, D:3)
  a +0 club
(-33, 41, D:3)
  a +0 club
(-32, 41, D:3)
  a +0 leather armour
  a +0 short sword
(-25, 41, D:3)
  3 stones

Level 4 of the Dungeon
[Shop] Luaqyl's Antique Armour Boutique
  a +0 leather armour (64 gold)
  a +0 robe (22 gold)
  a +0 ring mail (128 gold)
  a +0 robe (22 gold)
  a cursed +0 leather armour (64 gold)
  a +0 ring mail (128 gold)
(0, 0, D:4)
  a throwing net
(1, 0, D:4)
  a +0 club
(2, 0, D:4)
  a +0 flail
  a +0 hand axe
(3, 1, D:4)
  a +0 club
(5, 1, D:4)
  a +0 robe
  a +0 dagger
(11, 2, D:4)
  a +0 spear
(14, 2, D:4)
  a stone
(12, 3, D:4)
  16 stones
(-16, 5, D:4)
  15 bolts
(18, 5, D:4)
  17 bolts
(24, 6, D:4)
  a +0 leather armour
  a +0 flail
(5, 7, D:4)
  20 arrows
(18, 7, D:4)
  16 bolts
(12, 15, D:4)
  7 tomahawks
(24, 19, D:4)
  a +2 falchion of holy wrath
  a +0 mace
  a +0 leather armour
  5 tomahawks
  a +0 short sword
(19, 23, D:4)
  a +0 flail
(24, 23, D:4)
  18 stones
(3, 39, D:4)
  a +1 dagger of protection
(-16, 47, D:4)
  a +0 robe

Level 5 of the Dungeon
(0, 0, D:5)
  a scroll of immolation
(-3, 6, D:5)
  an uncursed amulet of rage
(5, 7, D:5)
  a +0 short sword
  a +0 chain mail
(6, 7, D:5)
  a +0 dagger
  a +0 robe
(6, 8, D:5)
  a +0 dagger
  a +0 robe
  a +0 whip
(38, 19, D:5)
  a +0 chain mail
(29, 23, D:5)
  a +0 ring mail
(25, 29, D:5)
  a +0 trident
(25, 31, D:5)
  a +0 short sword
  a +0 ring mail
(25, 42, D:5)
  a +0 club
  a +0 chain mail

Level 6 of the Dungeon
(-9, 3, D:6)
  a potion of poison
(15, 11, D:6)
  a +0 hand axe of venom
  a +0 leather armour
  7 tomahawks
  a +0 club
  a +0 mace
(16, 11, D:6)
  a +0 dagger
  a +0 robe
(17, 11, D:6)
  a tomahawk
(30, 17, D:6)
  a +0 mace
  a +0 ring mail
(19, 29, D:6)
  23 arrows
(45, 36, D:6)
  a +0 shortbow
  18 arrows
(44, 38, D:6)
  an arrow
(44, 39, D:6)
  an arrow
(44, 40, D:6)
  an arrow
(44, 41, D:6)
  an arrow
(44, 42, D:6)
  an arrow

Level 7 of the Dungeon
(0, 0, D:7)
  11 stones
(-38, 8, D:7)
  19 exploding sling bullets
(-31, 8, D:7)
  25 stones
(-4, 8, D:7)
  a +0 robe
(-21, 9, D:7)
  a +2 hand axe of freezing
  a +0 robe
(-23, 11, D:7)
  a +0 halberd
  a +0 robe
(-21, 11, D:7)
  a +0 scimitar
  a +0 hunting sling
  a +0 robe
(-11, 14, D:7)
  19 stones
(-37, 15, D:7)
  a +0 hand axe
(-4, 15, D:7)
  a +0 hand axe
  a +0 mace
  a +0 giant club
(-37, 16, D:7)
  a +0 short sword
(-3, 16, D:7)
  a +0 dagger
  a +0 robe
  a +0 mace
(-37, 17, D:7)
  a +0 robe
  a +0 dagger
(-34, 17, D:7)
  a +1 mace
  a -2 whip
  a +0 flail
  a cursed -3 club
  a +0 short sword
(-17, 18, D:7)
  a +0 giant club

Level 8 of the Dungeon
(0, 0, D:8)
  a +0 dagger
  a +0 robe
(2, 4, D:8)
  a cursed -1 mace
  a +0 hand axe
  a +0 leather armour
  a +0 dagger
  a cursed -1 robe
  a +0 flail
  a +0 leather armour
(3, 8, D:8)
  a +0 ring mail
(5, 10, D:8)
  a +0 dagger
  a +0 robe
(6, 12, D:8)
  a +0 morningstar
(-4, 14, D:8)
  a +0 club
(-3, 15, D:8)
  a +0 dagger
  a +0 dagger
  a +0 ring mail
  a +0 mace
  a +0 club
  a +1 leather armour of fire resistance
(6, 15, D:8)
  a +5 ring of intelligence
  a book of Callings
  a book of Geomancy
  a +0 dagger
  a +0 robe
(9, 19, D:8)
  a +5 giant spiked club
  a +0 robe
(10, 20, D:8)
  a +0 leather armour
(23, 20, D:8)
  3 scrolls of noise
  a +0 short sword
(11, 30, D:8)
  a +0 robe
(-4, 32, D:8)
  a book of Unlife
(-6, 33, D:8)
  a +0 dagger
  a +0 dagger
  a +0 leather armour
(-6, 34, D:8)
  a +2 vampiric dagger
  a cursed +0 robe
(-5, 34, D:8)
  a +0 mace
(-8, 43, D:8)
  a +0 morningstar
  5 tomahawks
(-7, 43, D:8)
  a cursed -3 hand axe
  a +0 ring mail
(-7, 44, D:8)
  a +0 leather armour

Level 9 of the Dungeon
[Shop] Plog's General Store
  a +0 robe (10 gold)
  a scroll of identify (30 gold)
  14 sling bullets of flame (252 gold)
  16 bolts of frost (120 gold)
  a +0 rapier (60 gold)
  a +0 whip (37 gold)
  a wand of confusion (25) (303 gold)
  a +0 greatsling (225 gold)
  a book of the Dragon (1350 gold)
(0, 0, D:9)
  18 arrows
(-25, 8, D:9)
  a +0 shortbow
  15 arrows
(-17, 14, D:9)
  a stone
(-18, 17, D:9)
  a +0 ring mail of fire resistance
  a +2 buckler
(-17, 18, D:9)
  a stone
  a +0 hand axe
(-19, 19, D:9)
  a +0 short sword
  a +0 chain mail
  a +0 whip
(-18, 19, D:9)
  a +0 short sword
(-17, 19, D:9)
  19 stones
(10, 37, D:9)
  a +0 long sword
  a +0 flail
(11, 37, D:9)
  a +0 flail
(-34, 39, D:9)
  a +0 ring mail
(17, 41, D:9)
  a +0 leather armour
(9, 44, D:9)
  a scroll of noise
(-34, 46, D:9)
  a +0 giant spiked club
  a +0 giant club
(-33, 51, D:9)
  a +2 vampiric war axe
(-11, 51, D:9)
  a +0 war axe
(-10, 51, D:9)
  a +0 whip
  a +0 leather armour

Level 10 of the Dungeon
(0, 0, D:10)
  5 tomahawks
(4, 10, D:10)
  a +0 giant spiked club
  an ogre corpse (skeletalised by now)
(-10, 11, D:10)
  27 stones
(3, 13, D:10)
  a +0 leather armour
(8, 13, D:10)
  a +0 leather armour
(32, 18, D:10)
  25 sling bullets
(23, 20, D:10)
  a +0 blowgun
(2, 29, D:10)
  a +0 robe
(1, 33, D:10)
  10 poisoned needles
(8, 44, D:10)
  13 stones

the Ecumenical Temple

