Sanguine

Level 1 of the Dungeon
(0, 0, D:1)
  a +0 whip
(14, 0, D:1)
  a +0 whip
(-15, 1, D:1)
  3 stones
(-15, 5, D:1)
  a stone
(-16, 7, D:1)
  a stone
(-6, 19, D:1)
  a throwing net
(-17, 23, D:1)
  a +0 club
(0, 26, D:1)
  28 arrows
(-28, 27, D:1)
  a +0 dagger
(-23, 27, D:1)
  2 stones
(-31, 28, D:1)
  21 bolts

Level 2 of the Dungeon
(0, 0, D:2)
  a +0 leather armour
(4, 11, D:2)
  a +0 dagger of venom
(42, 16, D:2)
  a cursed +0 dagger
(6, 18, D:2)
  a +0 quarterstaff
(-5, 21, D:2)
  33 stones
(22, 21, D:2)
  22 stones
(43, 28, D:2)
  a +0 club
(-7, 32, D:2)
  a +0 whip
(-12, 35, D:2)
  4 stones
(-2, 42, D:2)
  a stone
(-8, 45, D:2)
  a cursed -1 whip
  2 stones

