Sanguine

Level 1 of the Dungeon
(0, 0, D:1)
  a +0 club
(0, 6, D:1)
  a +0 robe
(-37, 14, D:1)
  a +0 club
  a +0 hunting sling
(-35, 14, D:1)
  a +0 club
(-32, 14, D:1)
  12 arrows
(6, 16, D:1)
  17 stones
(-21, 19, D:1)
  a +0 club
(-49, 21, D:1)
  a +0 club
(-50, 22, D:1)
  a +0 club
(-17, 22, D:1)
  a +0 mace
(-35, 23, D:1)
  a +0 ring mail
(3, 24, D:1)
  11 poisoned needles
(-50, 27, D:1)
  a cursed +0 club
(-4, 37, D:1)
  a +0 dagger
(-17, 39, D:1)
  a cursed -2 club
(-3, 39, D:1)
  a stone
(-3, 40, D:1)
  a stone
(-3, 41, D:1)
  a stone
(-36, 42, D:1)
  a +2 vampiric hand axe
(-47, 43, D:1)
  a +0 club
  3 stones
(-24, 44, D:1)
  a +0 club
(-49, 45, D:1)
  a stone
(-49, 46, D:1)
  a stone
(-1, 46, D:1)
  a +0 dagger
(-47, 48, D:1)
  12 arrows

Level 2 of the Dungeon
(0, 0, D:2)
  a kobold corpse
(5, 0, D:2)
  a scroll of identify
(-1, 2, D:2)
  a +0 whip
(6, 8, D:2)
  a jackal skeleton
(8, 8, D:2)
  a rotting chunk of adder flesh
(-2, 18, D:2)
  a +0 club
(-10, 20, D:2)
  13 gold pieces
(18, 25, D:2)
  a +0 spear

