Eric

Level 1 of the Dungeon
(0, 0, D:1)
  a +0 dagger of holy wrath
(-6, 3, D:1)
  a +0 club
(41, 3, D:1)
  a +0 dagger
(42, 6, D:1)
  a +0 dagger
(-1, 10, D:1)
  a +0 dagger
(29, 15, D:1)
  7 tomahawks
(22, 20, D:1)
  a +0 hunting sling
(-9, 21, D:1)
  an arrow
(-9, 22, D:1)
  a hobgoblin corpse
(14, 23, D:1)
  a +0 dagger
(-16, 29, D:1)
  a +0 whip

Level 2 of the Dungeon
(0, 0, D:2)
  10 stones
(-3, 9, D:2)
  13 stones
(-4, 16, D:2)
  a giant gecko corpse (skeletalised by now)
(3, 19, D:2)
  a +0 club
(9, 22, D:2)
  20 stones
(-11, 27, D:2)
  a rat corpse (skeletalised by now)
(13, 28, D:2)
  17 stones
  a +0 dagger
  a +0 hunting sling
  a goblin corpse
(-20, 32, D:2)
  a jackal corpse (rotten by now)
(-19, 32, D:2)
  a bat corpse (skeletalised by now)
(-17, 32, D:2)
  a +0 dagger
  the goblin corpse of Ijyb (rotten by now)
(-20, 33, D:2)
  a jackal corpse (rotten by now)
  a jackal corpse (rotten by now)
(-20, 34, D:2)
  3 stones
(-23, 35, D:2)
  17 stones
(-19, 35, D:2)
  a +0 short sword
(-14, 37, D:2)
  a hobgoblin corpse (skeletalised by now)
(6, 39, D:2)
  a hobgoblin corpse
(-13, 41, D:2)
  10 sling bullets
(10, 47, D:2)
  a giant mite corpse
(-13, 49, D:2)
  a +0 club
  a hobgoblin corpse (rotten by now)
(-14, 51, D:2)
  14 stones
(-16, 54, D:2)
  a giant gecko corpse (rotten by now)
(-5, 60, D:2)
  an adder corpse (rotten by now)

