Asterion

Level 1 of the Dungeon
(0, 0, D:1)
  3 stones
(-2, 2, D:1)
  a +0 animal skin
(14, 2, D:1)
  a +0 club
(-22, 5, D:1)
  a stone
(-22, 8, D:1)
  a stone
(-22, 9, D:1)
  a stone
(-21, 10, D:1)
  a stone
(0, 10, D:1)
  a +0 dagger
(8, 10, D:1)
  a +0 short sword
  a stone
(11, 11, D:1)
  a stone
(13, 12, D:1)
  3 stones
(3, 34, D:1)
  a +0 hand axe
(-50, 35, D:1)
  25 stones
(-37, 44, D:1)
  8 stones
(-46, 53, D:1)
  a +0 dagger
(-18, 53, D:1)
  a +0 whip

Level 2 of the Dungeon
(0, 0, D:2)
  14 gold pieces
(-3, 1, D:2)
  an uncursed amulet of faith
(2, 1, D:2)
  a scroll of remove curse
(3, 3, D:2)
  a +0 short sword
  a kobold corpse
(1, 4, D:2)
  24 stones
(4, 6, D:2)
  a potion of agility
(-4, 14, D:2)
  a +0 dagger
(-24, 22, D:2)
  a +0 dagger
(3, 22, D:2)
  a bat corpse (rotten by now)
(11, 26, D:2)
  a giant newt corpse (rotten by now)
(-26, 32, D:2)
  2 stones
  a cursed -1 club
(-12, 32, D:2)
  a +0 hand axe

