Dracula

Level 1 of the Dungeon
(0, 0, D:1)
  a +2,+2 hand axe
(2, 2, D:1)
  a +1,+1 dwarven dagger
(-15, 12, D:1)
  a +0 ring mail
(-3, 13, D:1)
  a -1,+1 orcish dagger
(-15, 17, D:1)
  a -1,+0 orcish club
(19, 23, D:1)
  20 stones
(-17, 27, D:1)
  a +0,+0 club
(-8, 35, D:1)
  a +2,+1 sling
(-10, 37, D:1)
  a dart
(-10, 38, D:1)
  a dart
(-9, 39, D:1)
  a +0,+0 club
(1, 40, D:1)
  a meat ration

Level 2 of the Dungeon
(0, 0, D:2)
  19 darts
(-19, 3, D:2)
  a -1,+1 orcish club
  a +2,+0 sling
  14 stones
(-4, 4, D:2)
  a +0,+0 whip
(-3, 6, D:2)
  a +0 chain mail
(-32, 17, D:2)
  a +0,+0 whip
  2 darts
(-1, 17, D:2)
  a choko
(-32, 19, D:2)
  a dart
(7, 19, D:2)
  a cursed +0,+0 orcish club
(-38, 26, D:2)
  a +0,+0 orcish club
(-36, 27, D:2)
  15 stones
(-8, 30, D:2)
  13 stones
(3, 32, D:2)
  a -1,+1 orcish club
(-27, 34, D:2)
  7 stones
(-39, 38, D:2)
  17 stones
(-40, 40, D:2)
  a +2,+1 dagger
(-2, 47, D:2)
  16 sling bullets

Level 3 of the Dungeon
(0, 0, D:3)
  a +0,+0 sling
(1, 7, D:3)
  a +0 buckler
(27, 11, D:3)
  a +0,+1 orcish club
(-13, 14, D:3)
  a +0,+0 club
(33, 14, D:3)
  a potion of slowing
(-13, 15, D:3)
  17 stones
(43, 15, D:3)
  a +0 animal skin
(36, 34, D:3)
  a +1,+0 dwarven war axe
(-7, 35, D:3)
  19 stones
(23, 35, D:3)
  an apple
(25, 35, D:3)
  a +0,+0 long sword
(17, 47, D:3)
  20 sling bullets

Level 4 of the Dungeon
(0, 0, D:4)
  a potion of slowing
(10, 8, D:4)
  a scroll of noise
(-16, 20, D:4)
  a potion of might
(-1, 20, D:4)
  a +0 orcish robe
  a +0 orcish robe
  2 darts
  a +3,+0 elven dagger
  a +2,+0 dwarven dagger
(0, 20, D:4)
  a +0,+0 orcish dagger
  a -1,+0 orcish dagger
(-16, 21, D:4)
  a scroll of identify
(-18, 23, D:4)
  2 potions of slowing
(-35, 40, D:4)
  a -1,+1 orcish club
(-16, 42, D:4)
  a +0 ring mail
(-13, 44, D:4)
  21 sling bullets
(-43, 46, D:4)
  a +0,+0 orcish flail
  a +2 orcish robe
(-5, 46, D:4)
  a hound skeleton
(-11, 47, D:4)
  a jackal skeleton
(-30, 51, D:4)
  a +0,+1 orcish hand axe
(-29, 51, D:4)
  a +2,+0 orcish dagger
  a +0 orcish robe
(0, 55, D:4)
  a giant newt skeleton

