Sanguine

Level 1 of the Dungeon
(-28, 5, D:1)
  28 stones
(6, 5, D:1)
  a +0 scale mail
(-16, 16, D:1)
  a +0 ring mail
(-29, 21, D:1)
  a +0 robe
(16, 28, D:1)
  a +0 dagger
(-15, 29, D:1)
  a +0 leather armour
(-11, 29, D:1)
  a stone
(-13, 30, D:1)
  4 stones
(-32, 31, D:1)
  a +0 leather armour
(-29, 36, D:1)
  23 stones
(-25, 42, D:1)
  2 stones
(-24, 42, D:1)
  a stone
(-23, 42, D:1)
  a stone
(-13, 42, D:1)
  3 stones
(-11, 43, D:1)
  a stone
(-9, 43, D:1)
  a stone
(-15, 44, D:1)
  a +0 short sword

Level 2 of the Dungeon
(0, 0, D:2)
  a cursed -3 hunting sling
(-2, 7, D:2)
  a cursed +0 club
(9, 11, D:2)
  a +0 dagger
(41, 16, D:2)
  22 stones
(27, 17, D:2)
  28 arrows
(15, 24, D:2)
  a +0 leather armour
(30, 27, D:2)
  a +0 dagger
(22, 28, D:2)
  a +0 club
(8, 30, D:2)
  a +0 club
(7, 33, D:2)
  a +0 club
  a +0 hunting sling
(23, 33, D:2)
  a +0 short sword
  2 stones
  a +0 dagger
(39, 37, D:2)
  a +0 short sword
  a +0 club
(7, 38, D:2)
  23 arrows
(0, 55, D:2)
  a +0 club
(1, 55, D:2)
  a +0 trident
(2, 55, D:2)
  a +0 club
  a +0 ring mail

Level 3 of the Dungeon
(0, 0, D:3)
  a potion of brilliance

