Sanguine

Level 1 of the Dungeon
(0, 0, D:1)
  16 stones
(21, 1, D:1)
  a +0 club
(29, 1, D:1)
  a +0 dagger
(27, 2, D:1)
  a +0 club
(19, 3, D:1)
  a cursed -1 dagger
  5 stones
(7, 5, D:1)
  14 arrows
(-4, 11, D:1)
  a +0 hunting sling
(6, 14, D:1)
  a +0 short sword
(7, 14, D:1)
  a +1 dagger of venom
(7, 15, D:1)
  4 stones
(-10, 18, D:1)
  15 stones
(-8, 22, D:1)
  a +0 dagger
(24, 24, D:1)
  a +0 hunting sling
(33, 26, D:1)
  a +0 hunting sling
(24, 27, D:1)
  24 stones
(31, 36, D:1)
  a +0 dagger
(44, 49, D:1)
  17 stones

Level 2 of the Dungeon
(0, 0, D:2)
  2 stones
(3, 0, D:2)
  a stone
(6, 0, D:2)
  a +0 club
  a +0 club
(8, 0, D:2)
  a +1 dagger of venom
(31, 0, D:2)
  a +0 short sword
(31, 3, D:2)
  a +0 club
(35, 3, D:2)
  a +0 dagger of holy wrath
(6, 5, D:2)
  a +0 antimagic dagger
(22, 10, D:2)
  a +0 dagger
(30, 11, D:2)
  26 stones
(-7, 12, D:2)
  a +0 dagger
(12, 12, D:2)
  a +0 club
(35, 13, D:2)
  27 stones
(39, 14, D:2)
  a +0 short sword
  a cursed -3 club
  a +0 ring mail
(39, 16, D:2)
  a +0 ring mail
  a +0 club
(20, 22, D:2)
  a +0 mace
(17, 23, D:2)
  a +0 hand axe
(1, 44, D:2)
  a +0 mace
(-16, 46, D:2)
  a +0 leather armour
(23, 47, D:2)
  a +0 club

Level 3 of the Dungeon
(0, 0, D:3)
  a bread ration
(3, 0, D:3)
  12 poisoned needles
(2, 5, D:3)
  13 arrows
(9, 6, D:3)
  a +0 dagger
(1, 12, D:3)
  22 bolts
(22, 20, D:3)
  a +0 club
(23, 20, D:3)
  a tomahawk
(22, 21, D:3)
  4 tomahawks
(23, 21, D:3)
  a tomahawk
(23, 22, D:3)
  a tomahawk
  a +0 hand axe
(14, 24, D:3)
  a tomahawk

