Asterion

Level 1 of the Dungeon
(0, 0, D:1)
  12 bolts of flame
(-28, 6, D:1)
  a +0 animal skin
(-48, 7, D:1)
  a +0 leather armour
(-40, 7, D:1)
  19 stones
(-28, 13, D:1)
  a +0 club
(-37, 16, D:1)
  a +0 short sword
(1, 17, D:1)
  a +0 club
(3, 17, D:1)
  a +0 mace
(-48, 21, D:1)
  an uncursed amulet of rage
(-48, 24, D:1)
  a +0 hand axe
(-38, 29, D:1)
  a +0 robe
(-15, 31, D:1)
  a +0 club
(-11, 35, D:1)
  a cursed -2 club
(-5, 38, D:1)
  a +0 dagger
(-47, 41, D:1)
  a +0 club
(-44, 42, D:1)
  a stone
(-44, 45, D:1)
  a stone
(-44, 48, D:1)
  a +0 dagger

