Sanguine

Level 1 of the Dungeon
(0, 0, D:1)
  18 arrows
(11, 0, D:1)
  24 stones
(8, 4, D:1)
  7 poisoned bolts
(13, 4, D:1)
  12 poisoned needles
(2, 5, D:1)
  9 bolts of flame
(-2, 6, D:1)
  a +0 dagger
  a stone
(4, 11, D:1)
  a +0 spear
(6, 14, D:1)
  a +0 dagger
(24, 17, D:1)
  a +0 club
(40, 19, D:1)
  a +0 dagger
(10, 21, D:1)
  7 poisoned needles
(33, 31, D:1)
  25 arrows
(27, 33, D:1)
  a +0 dagger
(26, 36, D:1)
  23 arrows
(34, 42, D:1)
  a +0 hunting sling

Level 2 of the Dungeon
(-4, 9, D:2)
  a stone
(-3, 9, D:2)
  a +0 club
(-39, 10, D:2)
  a +0 hand axe
  a +0 scale mail
(2, 15, D:2)
  a +0 leather armour
(-48, 18, D:2)
  a +0 robe
(-41, 21, D:2)
  a +0 club
(10, 29, D:2)
  a +0 club

Level 3 of the Dungeon
(0, 0, D:3)
  26 stones
(24, 11, D:3)
  17 stones
(35, 13, D:3)
  a +0 club
(12, 16, D:3)
  a +0 club
(20, 22, D:3)
  a +0 robe
(35, 22, D:3)
  a +0 club
(-3, 24, D:3)
  a stone
(-9, 25, D:3)
  a +0 short sword
(-6, 25, D:3)
  a stone
(-5, 25, D:3)
  a stone
(-8, 26, D:3)
  a +0 short sword
  2 stones
(11, 28, D:3)
  a +0 club
(-6, 29, D:3)
  13 poisoned needles
(5, 30, D:3)
  12 bolts

a sewer

