Iskenderun

Level 1 of the Dungeon
(14, 0, D:1)
  26 stones
(2, 1, D:1)
  a +0 dagger
  4 stones
(16, 7, D:1)
  a throwing net
(13, 22, D:1)
  a +0 short sword
(-2, 51, D:1)
  a +0 dagger
(30, 53, D:1)
  a +0 hunting sling

Level 2 of the Dungeon
(0, 0, D:2)
  31 stones
(27, 6, D:2)
  a +0 cutlass
(22, 7, D:2)
  a +0 club
(23, 9, D:2)
  a cursed +0 dagger
(10, 11, D:2)
  a +0 dagger
(8, 13, D:2)
  a +0 spear
(34, 22, D:2)
  a cursed +0 club
(56, 23, D:2)
  a +0 cloak
(49, 24, D:2)
  a +0 short sword
(56, 26, D:2)
  14 sling bullets
(45, 27, D:2)
  a +0 club
(2, 31, D:2)
  a +0 hand crossbow
(11, 35, D:2)
  a +0 scale mail
(40, 38, D:2)
  25 stones
(11, 39, D:2)
  a +0 dagger
  a +0 animal skin
(50, 47, D:2)
  28 sling bullets

Level 3 of the Dungeon
(0, 0, D:3)
  a +0 dagger
(11, 3, D:3)
  a +0 ring mail
(-11, 7, D:3)
  a +0 halberd
(9, 19, D:3)
  a curare-tipped needle
(9, 20, D:3)
  a +0 club
(-25, 24, D:3)
  13 arrows
(11, 24, D:3)
  a +0 blowgun
  3 curare-tipped needles
(-10, 25, D:3)
  a stone
(-11, 26, D:3)
  a stone
(-24, 27, D:3)
  a +0 spear
  a gnoll corpse (skeletalised by now)
(-10, 27, D:3)
  a +0 cloak
  a stone
(-12, 30, D:3)
  a +0 club
(-29, 32, D:3)
  a +0 club
  a gnoll corpse (skeletalised by now)
(10, 34, D:3)
  a giant newt corpse (skeletalised by now)
(10, 35, D:3)
  4 poisoned needles
(14, 40, D:3)
  18 silver bolts
(22, 46, D:3)
  a +0 hunting sling

Level 4 of the Dungeon
(0, 0, D:4)
  a +0 dagger
  a kobold corpse (rotten by now)
(3, 8, D:4)
  a +0 scale mail
(3, 10, D:4)
  a +0 mace
(-16, 11, D:4)
  a +0 dagger
  (unseen)
(0, 14, D:4)
  a +0 flail
  3 tomahawks of returning
  a +0 leather armour
(-1, 16, D:4)
  a cursed +0 dagger
  a cursed +0 leather armour
(-2, 17, D:4)
  a +0 falchion
(-16, 38, D:4)
  a +0 falchion
(-9, 42, D:4)
  a kobold corpse
(-27, 46, D:4)
  a bat corpse
(-31, 48, D:4)
  18 stones

