Asterion

Level 1 of the Dungeon
(0, 0, D:1)
  a +0 scale mail j
(24, 38, D:1)
  a +0 animal skin j
(44, 50, D:1)
  a +0 ring mail j

Level 2 of the Dungeon
[Shop] Zin's Purification Station
  a potion of curing (60 gold)
(4, 6, D:2)
  a stone j
(7, 6, D:2)
  a stone j
(9, 6, D:2)
  a stone j
(11, 6, D:2)
  2 stones j
  a +0 ring mail j
(33, 10, D:2)
  a +0 buckler j
(-8, 15, D:2)
  a +0 whip j
(26, 18, D:2)
  10 poisoned arrows j
(40, 18, D:2)
  a +0 dagger j
(27, 25, D:2)
  a +0 dagger j
(2, 31, D:2)
  a +0 dagger j
(42, 31, D:2)
  a +0 spear j
(11, 32, D:2)
  a +0 club j
(11, 33, D:2)
  a cursed +0 club j
  a +0 club j
(13, 36, D:2)
  a +0 scale mail j
(29, 42, D:2)
  a +0 leather armour j

Level 3 of the Dungeon
(0, 0, D:3)
  20 sling bullets j
(9, 1, D:3)
  23 stones j
(9, 3, D:3)
  a cursed -1 club j
(-36, 5, D:3)
  a +0 hunting sling j
(-3, 5, D:3)
  7 arrows j
(-27, 10, D:3)
  a cursed +0 club j
(2, 12, D:3)
  a +0 hand axe j
  a +0 leather armour j
(2, 13, D:3)
  a +0 short sword j
(-38, 14, D:3)
  a +0 spear j
(2, 14, D:3)
  a poisoned tomahawk j
  a +0 mace j
  a +0 chain mail j
(2, 16, D:3)
  a poisoned tomahawk j
(3, 16, D:3)
  a poisoned tomahawk j
(5, 16, D:3)
  a +0 leather armour j
(-19, 19, D:3)
  a cursed +0 short sword j
(-33, 22, D:3)
  a +0 club j
(-19, 22, D:3)
  a stone j
(0, 23, D:3)
  a +0 robe j
(-33, 24, D:3)
  a +0 club j
(-32, 24, D:3)
  a +0 dagger j
(-40, 26, D:3)
  22 stones j
(-42, 30, D:3)
  a +0 leather armour j

Level 4 of the Dungeon
(36, 10, D:4)
  a cursed -3 hand crossbow j
(5, 15, D:4)
  a +0 dagger j
(6, 15, D:4)
  a +0 war axe j
  a +0 ring mail j
(5, 16, D:4)
  a +0 flail j
  a +0 leather armour j
(6, 16, D:4)
  a +0 dagger j
  a +0 robe j
(-6, 17, D:4)
  a +0 short sword j
(-7, 18, D:4)
  a +0 mace j
  a +0 chain mail j
(6, 18, D:4)
  a +0 leather armour j
  a +0 club j
(-4, 21, D:4)
  16 gold pieces j
(15, 21, D:4)
  a scroll of fear j
(2, 25, D:4)
  25 arrows j
(16, 25, D:4)
  a cursed -1 dagger j
(10, 27, D:4)
  a +2 buckler j
(48, 32, D:4)
  10 gold pieces j
(42, 38, D:4)
  a +0 dagger j
  a +0 robe j
(40, 40, D:4)
  a +0 club j
  a +0 scale mail j
(41, 40, D:4)
  a +0 hand axe j
  a +0 leather armour j

