Iskenderun

Level 1 of the Dungeon
(0, 0, D:1)
  a scroll of noise
(5, 3, D:1)
  a +0 leather armour
(37, 5, D:1)
  a +0 dagger
(0, 6, D:1)
  a +0 club
(1, 6, D:1)
  a +0 club
(6, 6, D:1)
  a cursed -1 club
(8, 7, D:1)
  a +0 dagger
(39, 9, D:1)
  a +0 ring mail
(42, 9, D:1)
  2 stones
(30, 12, D:1)
  a +0 robe
(37, 20, D:1)
  a +0 robe
(9, 21, D:1)
  a +0 dagger
(15, 24, D:1)
  a +0 club
(37, 33, D:1)
  a +0 club
(17, 36, D:1)
  a +0 buckler
(30, 37, D:1)
  a +0 club
(48, 38, D:1)
  a +0 ring mail
(27, 44, D:1)
  20 stones

Level 2 of the Dungeon
(0, 0, D:2)
  a quokka corpse (skeletalised by now)
(-30, 1, D:2)
  13 arrows
(-36, 3, D:2)
  20 stones
(-31, 4, D:2)
  a scroll of random uselessness
(6, 6, D:2)
  a hobgoblin corpse (skeletalised by now)
(-28, 11, D:2)
  a goblin corpse (skeletalised by now)
(-27, 12, D:2)
  a hobgoblin corpse (skeletalised by now)
(-8, 13, D:2)
  a stone
(-16, 14, D:2)
  a rotting bat corpse
(-14, 14, D:2)
  a rotting quokka corpse
(-25, 17, D:2)
  a scroll of random uselessness
(-9, 17, D:2)
  a cursed -1 club
(-3, 17, D:2)
  22 stones
(-9, 19, D:2)
  a +0 club
(-7, 21, D:2)
  a +3 dagger of draining
  2 stones
(2, 21, D:2)
  a +0 scale mail
(1, 27, D:2)
  19 sling bullets
(-39, 34, D:2)
  a +0 club
(-2, 34, D:2)
  a +0 hat
(-30, 36, D:2)
  a +0 club
  a hobgoblin corpse (skeletalised by now)
(-30, 37, D:2)
  13 arrows

Level 3 of the Dungeon
(0, 0, D:3)
  a +0 robe
(5, 4, D:3)
  a scroll of blinking
(-8, 6, D:3)
  a potion of heal wounds
(6, 6, D:3)
  a giant newt corpse (rotten by now)
(-11, 7, D:3)
  a potion of haste
(4, 7, D:3)
  a goblin corpse (rotten by now)
(-9, 9, D:3)
  12 gold pieces
(-9, 13, D:3)
  a potion of cancellation

Level 4 of the Dungeon
(0, 0, D:4)
  a wand of paralysis (19)
(-1, 5, D:4)
  a scroll of identify
(0, 6, D:4)
  2 scrolls of recharging

