Sanguine

Level 1 of the Dungeon
(0, 0, D:1)
  a +0 club
(9, 1, D:1)
  a +0 leather armour
(1, 5, D:1)
  21 bolts
(21, 6, D:1)
  5 stones
(11, 13, D:1)
  a +0 scale mail
(-1, 30, D:1)
  a +0 club
(50, 32, D:1)
  a +0 club
(22, 33, D:1)
  a +0 club
(8, 34, D:1)
  16 stones
(16, 35, D:1)
  a scroll of torment
  a plain deck of wonders
(1, 36, D:1)
  8 stones
(28, 36, D:1)
  a +0 short sword

Level 2 of the Dungeon
(0, 0, D:2)
  23 stones
(11, 1, D:2)
  a +0 mace
  a +0 chain mail
(12, 1, D:2)
  19 stones
(41, 1, D:2)
  a +0 short sword
(33, 5, D:2)
  a +0 short sword
(10, 8, D:2)
  3 needles of confusion
(54, 8, D:2)
  a +0 dagger
(54, 11, D:2)
  a +0 dagger
(54, 12, D:2)
  a +0 club
(10, 13, D:2)
  a +0 leather armour
(56, 15, D:2)
  a +0 club
(22, 16, D:2)
  14 stones
(43, 24, D:2)
  a +0 club
(20, 26, D:2)
  14 stones
(51, 26, D:2)
  a +0 spear
  (unseen)
(19, 37, D:2)
  a +0 club
  a +0 plate armour
(36, 37, D:2)
  a +0 dagger

