Asterion

Level 1 of the Dungeon
(0, 0, D:1)
  a +0 club
(18, 4, D:1)
  a +0 leather armour
(-3, 11, D:1)
  a +0 hunting sling of freezing
(34, 17, D:1)
  10 poisoned needles
(24, 21, D:1)
  19 stones
(-20, 22, D:1)
  12 arrows
(40, 24, D:1)
  a +0 club
(-12, 26, D:1)
  a +0 leather armour
(-12, 37, D:1)
  20 arrows
(40, 40, D:1)
  17 arrows
(24, 44, D:1)
  a +0 club
(1, 46, D:1)
  a +0 whip
(18, 48, D:1)
  a +0 club

Level 2 of the Dungeon
(0, 0, D:2)
  23 sling bullets
(10, 0, D:2)
  a +0 club
(-21, 5, D:2)
  22 arrows
(11, 12, D:2)
  a +0 hunting sling
(35, 12, D:2)
  a +0 hand axe
(-14, 15, D:2)
  a +0 short sword
(-12, 30, D:2)
  3 curare-tipped needles
(19, 31, D:2)
  a +0 club
(5, 32, D:2)
  a +0 rapier
(33, 36, D:2)
  a +0 dagger
(-15, 37, D:2)
  a +0 club

Level 3 of the Dungeon
(0, 0, D:3)
  18 stones
(-5, 5, D:3)
  a +0 hand axe
(-34, 14, D:3)
  a +2 dagger of venom
(-23, 15, D:3)
  17 poisoned needles
(-30, 18, D:3)
  a stone
(-5, 18, D:3)
  a cursed +0 club
(-40, 19, D:3)
  22 stones
(-27, 19, D:3)
  a +0 whip
(-38, 28, D:3)
  a +0 hunting sling
(-25, 37, D:3)
  11 stones
(-16, 37, D:3)
  13 stones
(3, 39, D:3)
  a +0 leather armour

Level 4 of the Dungeon
(0, 0, D:4)
  a +0 club
(-12, 1, D:4)
  a +0 whip
(0, 1, D:4)
  2 stones
(-32, 2, D:4)
  a +0 hand axe
(-1, 2, D:4)
  a stone
(-36, 8, D:4)
  a +0 war axe
(-36, 9, D:4)
  18 stones
(-11, 11, D:4)
  a +0 dagger
(-20, 14, D:4)
  a +0 club
(-44, 16, D:4)
  a +0 leather armour
(-13, 19, D:4)
  a +0 hunting sling
(-10, 21, D:4)
  6 tomahawks
(-30, 22, D:4)
  a +0 ring mail
(-5, 23, D:4)
  a stone
(-5, 24, D:4)
  2 stones
(-4, 24, D:4)
  a +0 short sword
(-11, 27, D:4)
  a +0 club
(-2, 27, D:4)
  a +0 dagger
(0, 27, D:4)
  20 stones
(-12, 28, D:4)
  a +0 rapier
(-20, 32, D:4)
  a +0 animal skin
(1, 32, D:4)
  a +0 quarterstaff
(7, 32, D:4)
  the -4 pair of gloves of Ziocogaa {rElec MR+ Str-5 Stlth+}
    It affects your strength (-5).
    It insulates you from electricity.
    It affects your resistance to hostile enchantments.
    It makes you more stealthy.
(-30, 33, D:4)
  a +0 hammer of protection
(-29, 35, D:4)
  a +4 quarterstaff of chaos
(-29, 44, D:4)
  a +0 hammer
(-30, 45, D:4)
  a +0 hammer

Level 5 of the Dungeon
[Shop] Shacweasm's Weapon Shop
  a +0 club (11 gold)
  the +3 Elemental Staff {rElec rF++ rC++ MR++ AC+5} (1043 gold)
    It affects your AC (+5).
    It greatly protects you from fire.
    It greatly protects you from cold.
    It insulates you from electricity.
    It affects your resistance to hostile enchantments.
  a +2 flail of protection (178 gold)
  a +0 flail (38 gold)
  a +0 whip (27 gold)
  a +0 hand axe (33 gold)
  a +5 whip of venom (330 gold)
  a +0 scimitar (44 gold)
  a +0 mace (33 gold)
  a +0 long sword (38 gold)
  a +0 hunting sling (16 gold)
(0, 0, D:5)
  27 stones
(-2, 9, D:5)
  a +0 morningstar
(-12, 13, D:5)
  a cursed +0 short sword
  a +0 chain mail
(13, 13, D:5)
  a +0 dagger
(15, 13, D:5)
  a +0 mace
(-14, 15, D:5)
  a +0 war axe
(-27, 28, D:5)
  a scroll of identify
(-28, 29, D:5)
  a scroll of remove curse
(10, 42, D:5)
  24 stones

Level 6 of the Dungeon
(0, 0, D:6)
  a +0 dagger
(8, 6, D:6)
  15 arrows
(16, 6, D:6)
  a +0 whip
(-1, 9, D:6)
  a +0 hunting sling
(10, 10, D:6)
  a +0 robe
(5, 12, D:6)
  16 stones
(29, 14, D:6)
  a +0 pair of gloves
(0, 24, D:6)
  a +0 rapier
(-10, 25, D:6)
  a stone
(7, 26, D:6)
  a +0 club
(-11, 27, D:6)
  4 stones
(6, 32, D:6)
  a +0 chain mail
  a +0 trident

Level 7 of the Dungeon
(0, 0, D:7)
  12 gold pieces
(4, 2, D:7)
  a sling bullet
(7, 4, D:7)
  a sling bullet
(8, 5, D:7)
  a sling bullet
(8, 19, D:7)
  a +0 ring mail
(7, 22, D:7)
  a book of Envenomations
(-18, 33, D:7)
  23 stones
(1, 38, D:7)
  a +0 shortbow
  5 arrows
(1, 39, D:7)
  an arrow
(3, 39, D:7)
  an arrow
(4, 39, D:7)
  2 arrows
(6, 40, D:7)
  an arrow
  a +0 rapier
  a +0 leather armour
(-12, 42, D:7)
  a +0 war axe
(-5, 44, D:7)
  a +0 flail
  a +0 chain mail
(-28, 54, D:7)
  a +0 dagger of venom
  a +0 robe
(-27, 54, D:7)
  a +6 short sword of electrocution

