Xombaby

Level 1 of the Dungeon
(12, 7, D:1)
  25 stones
(14, 8, D:1)
  a +0 club
(4, 11, D:1)
  16 stones
(2, 25, D:1)
  a +0 ring mail
(-9, 34, D:1)
  a +0 ring mail
(-23, 35, D:1)
  5 tomahawks
(26, 35, D:1)
  a +0 club
(3, 36, D:1)
  a +0 club
(12, 36, D:1)
  24 arrows
(18, 37, D:1)
  a +0 hunting sling
(10, 40, D:1)
  22 sling bullets
(10, 43, D:1)
  a +0 club
(12, 44, D:1)
  a +0 club
(3, 46, D:1)
  a stone
(3, 48, D:1)
  a stone
(3, 49, D:1)
  a stone
(3, 52, D:1)
  a +0 robe
(3, 54, D:1)
  a +0 short sword
  2 stones

Level 2 of the Dungeon
(0, 0, D:2)
  a wand of slowing (30)
(26, 2, D:2)
  a giant mite corpse
(-3, 25, D:2)
  a +0 short sword
(1, 29, D:2)
  14 bolts
(10, 33, D:2)
  a bat corpse (skeletalised by now)
(5, 34, D:2)
  an adder corpse (skeletalised by now)
(10, 36, D:2)
  an adder corpse (skeletalised by now)
(-13, 37, D:2)
  a hobgoblin corpse (skeletalised by now)
(16, 39, D:2)
  a +0 club
  a goblin corpse (skeletalised by now)

