Iskenderun

Level 1 of the Dungeon
(0, 0, D:1)
  a +0 short sword
  2 stones
(-7, 1, D:1)
  a stone
(1, 8, D:1)
  a +0 leather armour
(-28, 9, D:1)
  a +0 club
(-3, 9, D:1)
  a +0 club
(13, 20, D:1)
  a +0 club
(-17, 25, D:1)
  a +0 dagger
(-38, 39, D:1)
  a +0 club
(-13, 41, D:1)
  a +0 whip
(-29, 42, D:1)
  a +0 club
(-35, 55, D:1)
  an uncursed ring of loudness

Level 2 of the Dungeon
(0, 0, D:2)
  a -2 ring of strength
(13, 0, D:2)
  a +0 club
(-15, 4, D:2)
  a +0 ring mail
(-5, 10, D:2)
  a giant newt corpse
(-10, 20, D:2)
  2 stones
(-9, 21, D:2)
  a kobold corpse
(-5, 23, D:2)
  a +0 dagger
  2 stones
(-20, 26, D:2)
  a +0 dagger
  a kobold corpse (rotten by now)
(4, 26, D:2)
  a giant mite corpse
(-24, 30, D:2)
  an adder corpse (rotten by now)
(2, 30, D:2)
  a rat corpse
(-31, 32, D:2)
  20 sling bullets
(-31, 34, D:2)
  a hobgoblin corpse (rotten by now)
(10, 34, D:2)
  a giant newt corpse
(-31, 35, D:2)
  21 arrows
(6, 36, D:2)
  a bat corpse (rotten by now)
(-20, 37, D:2)
  a giant newt corpse
(0, 39, D:2)
  a +0 dagger

Level 3 of the Dungeon
(0, 0, D:3)
  a +0 dagger
  a +1 falchion of holy wrath
  an orc corpse
(3, 4, D:3)
  10 gold pieces
(-4, 8, D:3)
  an uncursed ring of protection from cold

