Sanguine

Level 1 of the Dungeon
(0, 0, D:1)
  a stone
(0, 1, D:1)
  a stone
(0, 5, D:1)
  a +0 dagger
(-8, 18, D:1)
  a +0 dagger
(8, 20, D:1)
  19 stones
(-31, 25, D:1)
  25 stones
(19, 25, D:1)
  a +0 whip
(9, 26, D:1)
  a +0 leather armour
(-4, 27, D:1)
  a +0 whip
(19, 27, D:1)
  a +0 ring mail
(-6, 28, D:1)
  a +0 robe
(-33, 30, D:1)
  a +0 dagger
(5, 31, D:1)
  a +0 club
(-1, 34, D:1)
  a +0 club
(-15, 36, D:1)
  a +0 club
(-1, 37, D:1)
  a +0 short sword
  3 stones
(4, 38, D:1)
  11 stones
(0, 47, D:1)
  a +0 ring mail
(6, 48, D:1)
  26 bolts
(-14, 49, D:1)
  a +0 hunting sling
(-10, 49, D:1)
  a +0 ring mail

Level 2 of the Dungeon
(0, 0, D:2)
  a +0 ring mail
(37, 6, D:2)
  a +0 hand axe
(13, 10, D:2)
  a +0 scale mail
(38, 13, D:2)
  a +0 hunting sling
(1, 15, D:2)
  a bat corpse
(8, 15, D:2)
  a +1 mace
(35, 19, D:2)
  a +0 leather armour
(23, 20, D:2)
  a +0 hunting sling
(4, 22, D:2)
  14 stones
(13, 23, D:2)
  a rat corpse
(29, 24, D:2)
  a +0 helmet
(22, 33, D:2)
  a +0 dagger

Level 3 of the Dungeon
(0, 0, D:3)
  a scroll of identify
(-1, 2, D:3)
  20 stones
(-3, 3, D:3)
  8 gold pieces
(-1, 5, D:3)
  a potion of heal wounds
(-2, 6, D:3)
  2 potions of curing
(-4, 8, D:3)
  13 stones
(0, 10, D:3)
  a +0 club
  a hobgoblin corpse
(-8, 15, D:3)
  a scroll of enchant armour

