Xombaby

Level 1 of the Dungeon
(5, 0, D:1)
  a stone
(6, 0, D:1)
  2 stones
(4, 2, D:1)
  a stone
(1, 3, D:1)
  a stone
(21, 5, D:1)
  a +0 club
(4, 6, D:1)
  a +0 dagger
(-2, 9, D:1)
  a +0 club
(18, 11, D:1)
  a +0 club
(-8, 13, D:1)
  a +0 dagger
(7, 17, D:1)
  a +0 club
(8, 18, D:1)
  11 stones
(9, 18, D:1)
  a +0 mace
(17, 18, D:1)
  21 bolts
(31, 21, D:1)
  a +0 robe
(21, 24, D:1)
  a +0 robe
(37, 24, D:1)
  6 poisoned needles
(10, 30, D:1)
  a +0 dagger
(4, 31, D:1)
  a stone
(7, 31, D:1)
  a stone
(4, 33, D:1)
  a stone

Level 2 of the Dungeon
(0, 0, D:2)
  a cursed -2 dagger
(-24, 1, D:2)
  a +0 war axe
(-36, 5, D:2)
  a +0 whip
(-4, 5, D:2)
  16 stones
(-46, 8, D:2)
  a +0 club
  a +0 dagger
  27 stones
  a +0 club
(-45, 8, D:2)
  a +0 whip
(-44, 8, D:2)
  a +0 short sword
(-33, 11, D:2)
  12 steel sling bullets
(-8, 13, D:2)
  a +0 leather armour
(-3, 14, D:2)
  a +0 short sword
(-2, 16, D:2)
  a stone
(-1, 17, D:2)
  a stone
(-39, 18, D:2)
  a +0 helmet
(-21, 37, D:2)
  a +3 mace

Level 3 of the Dungeon
(0, 0, D:3)
  a +0 club
(8, 1, D:3)
  a +0 dagger
(19, 3, D:3)
  a +0 club
(-11, 5, D:3)
  16 sling bullets
(29, 10, D:3)
  a +0 falchion
(28, 11, D:3)
  a cursed -2 mace
  4 tomahawks
  a +0 scale mail
(29, 11, D:3)
  a +0 dagger
  a +0 robe
(-18, 12, D:3)
  a +0 short sword
(-17, 12, D:3)
  a +0 dagger
  a +0 robe
(-28, 13, D:3)
  17 stones
(30, 14, D:3)
  a cursed -2 quarterstaff
(-12, 16, D:3)
  a +0 club
(-7, 16, D:3)
  a Fen Folio
  a book of Power
(8, 20, D:3)
  a stone
(-6, 21, D:3)
  a +0 club
(6, 22, D:3)
  a stone
(7, 22, D:3)
  a stone
(6, 23, D:3)
  a stone
(5, 24, D:3)
  a +0 dagger
(8, 25, D:3)
  a +2 whip of freezing
(2, 31, D:3)
  a +0 club
(0, 33, D:3)
  an uncursed ring of wizardry

Level 4 of the Dungeon
(0, 0, D:4)
  a +0 scale mail
(-33, 9, D:4)
  a scroll of teleportation
(-28, 9, D:4)
  a scroll of recharging
(-20, 14, D:4)
  a +3 flail of protection
(-32, 27, D:4)
  a +0 ring mail
  a +0 flail
  a +0 dagger
  a +0 robe
  a +0 dagger
(-31, 34, D:4)
  9 gold pieces
(-18, 36, D:4)
  a +0 leather armour
(-36, 41, D:4)
  a +0 arbalest
(-20, 41, D:4)
  a +0 spear
(-25, 50, D:4)
  a shapeshifter corpse
(-24, 50, D:4)
  a cursed +0 whip
  a +0 spear
  a gnoll skeleton

