Sanguine

Level 1 of the Dungeon
(0, 0, D:1)
  a stone
(0, 1, D:1)
  a stone
(3, 2, D:1)
  a +0 club
(32, 10, D:1)
  a +0 club
(32, 11, D:1)
  a +0 dagger
(16, 12, D:1)
  16 arrows
(22, 13, D:1)
  a +0 robe
(29, 15, D:1)
  12 arrows
(-3, 20, D:1)
  a +1 dagger of draining
(-9, 31, D:1)
  a +0 club
(12, 32, D:1)
  a +1 dagger of speed
(46, 33, D:1)
  a +0 leather armour

Level 2 of the Dungeon
(0, 0, D:2)
  13 stones
(-7, 4, D:2)
  a +0 club
  a +0 dagger
  a +0 robe
(-5, 4, D:2)
  a +0 spear
  a +0 halberd
(19, 5, D:2)
  a +0 flail
  a +0 short sword
  a +0 club
(-23, 6, D:2)
  a scroll of random uselessness
(-8, 9, D:2)
  5 curare-tipped needles
(-20, 11, D:2)
  a +0 club
(-10, 13, D:2)
  28 stones
(-1, 13, D:2)
  a +0 short sword
(-20, 14, D:2)
  a +0 club
(25, 15, D:2)
  a +0 club
(7, 22, D:2)
  13 poisoned sling bullets
(10, 29, D:2)
  a +0 cloak
(21, 29, D:2)
  a +2 dagger of pain
(27, 29, D:2)
  a scroll of random uselessness
(5, 40, D:2)
  a +0 mace
(14, 40, D:2)
  26 bolts
(4, 43, D:2)
  a +4 quarterstaff of chaos

Level 3 of the Dungeon
(0, 0, D:3)
  a +0 club
(15, 3, D:3)
  21 arrows
(33, 7, D:3)
  a stone
(-11, 8, D:3)
  a scroll of noise
  a +0 scale mail
(31, 9, D:3)
  a +0 flail
  a +0 club
(15, 10, D:3)
  a +0 whip
(-17, 12, D:3)
  a +0 halberd
(33, 12, D:3)
  a +0 leather armour
(-2, 13, D:3)
  3 tomahawks
  a +0 hand axe
(-2, 14, D:3)
  a +0 short sword
  a +0 leather armour
  a +0 hand axe
  a +0 short sword
(-2, 15, D:3)
  a tomahawk
(24, 15, D:3)
  a cursed +0 leather armour
(-6, 18, D:3)
  a +0 dagger
(-5, 18, D:3)
  a +0 cloak
  a +0 leather armour
(15, 18, D:3)
  a +0 robe
  a +0 dagger
  a +0 dagger
(-6, 19, D:3)
  a +0 club
  a +0 falchion
(1, 20, D:3)
  a tomahawk
(-9, 21, D:3)
  a +0 whip
  a +0 whip
  a +0 leather armour
  a +0 club
  a +0 chain mail
  a +0 club
  a cursed +0 whip
(-9, 22, D:3)
  a +2 flail of holy wrath
(-5, 22, D:3)
  a +0 dagger
(9, 23, D:3)
  a +0 leather armour
  2 tomahawks
  a +0 club
(-4, 24, D:3)
  a +0 dagger
  a +0 ring mail
(8, 27, D:3)
  a stone
(9, 27, D:3)
  a stone
(11, 27, D:3)
  a +0 dagger
  a +0 hunting sling
  25 stones
(21, 27, D:3)
  a +0 dagger
(-16, 28, D:3)
  a +0 robe
  a +0 dagger
(-16, 29, D:3)
  a +0 robe
  a +0 dagger
(-18, 33, D:3)
  a +0 dagger
  a +0 ring mail
(-18, 34, D:3)
  a +0 flail

Level 4 of the Dungeon
(13, 9, D:4)
  a book of Fire
(7, 11, D:4)
  14 stones
(-11, 20, D:4)
  a +0 flail
(-10, 20, D:4)
  a cursed -1 club
(-10, 21, D:4)
  a +0 spear
(-6, 29, D:4)
  a +0 halberd
(22, 38, D:4)
  a +0 ring mail
(15, 51, D:4)
  a +0 leather armour
(0, 55, D:4)
  a +0 falchion

Level 5 of the Dungeon
(15, 6, D:5)
  12 stones
(37, 8, D:5)
  Sif Muna's Reference Book on Creation
    Spells                             Type                      Level
     a - Summon Small Mammal          Summoning                     1
  a +1 mace
(-14, 9, D:5)
  a scroll of random uselessness
(39, 10, D:5)
  18 bolts
(-5, 11, D:5)
  25 stones
(5, 11, D:5)
  an arrow
(7, 11, D:5)
  19 stones
(18, 11, D:5)
  a +0 flail
(19, 11, D:5)
  a +0 robe
  a +0 dagger
(6, 12, D:5)
  an arrow
(18, 12, D:5)
  a cursed -2 leather armour
  a +0 flail
  a cursed +0 scale mail
  a +0 flail
(6, 13, D:5)
  an arrow
(6, 16, D:5)
  a +0 shortbow
  17 arrows
(8, 18, D:5)
  9 sling bullets
(0, 30, D:5)
  a +0 club
(22, 32, D:5)
  15 stones
(10, 33, D:5)
  27 stones
(18, 34, D:5)
  a +0 morningstar
(-4, 37, D:5)
  a +0 club

Level 6 of the Dungeon
(0, 0, D:6)
  a scroll of noise
(-16, 1, D:6)
  19 sling bullets
(-13, 3, D:6)
  a +0 dagger
  a +0 robe
(-13, 4, D:6)
  a +0 leather armour
(-15, 8, D:6)
  a tomahawk
(-14, 9, D:6)
  a +0 mace
  a +0 dagger
  a +0 robe
(-13, 9, D:6)
  a +0 club
  a tomahawk
(-4, 16, D:6)
  26 stones
(-15, 24, D:6)
  a +0 long sword
(-13, 25, D:6)
  a +0 scythe
  a +0 robe
(16, 31, D:6)
  a +0 dire flail
  a +0 ring mail

Level 7 of the Dungeon
(0, 0, D:7)
  7 tomahawks
(-20, 5, D:7)
  a +0 dagger
  a +0 robe
(13, 6, D:7)
  24 sling bullets
(-21, 7, D:7)
  10 stones
(-33, 9, D:7)
  a +0 mace
(-16, 9, D:7)
  a +0 robe
(-11, 9, D:7)
  a +0 club
(-23, 22, D:7)
  a +0 dagger
  a +0 robe
  a +0 dagger
  a +0 robe
(-31, 28, D:7)
  a +0 quarterstaff
(-16, 32, D:7)
  an arrow
(-16, 33, D:7)
  an arrow
(-15, 34, D:7)
  2 arrows
(9, 36, D:7)
  20 arrows
(-23, 37, D:7)
  a +0 ring mail
  a +0 club
(-14, 37, D:7)
  a +0 shortbow
  18 arrows
(-23, 38, D:7)
  a +0 ring mail
  a +0 short sword
  a +0 dagger
  a +0 robe
(-24, 39, D:7)
  a +0 leather armour
(7, 41, D:7)
  a +0 rapier
(5, 42, D:7)
  an arrow
(-31, 43, D:7)
  a +0 robe
(5, 43, D:7)
  an arrow
(-22, 44, D:7)
  a +0 ring mail
(5, 44, D:7)
  an arrow
(11, 44, D:7)
  a cursed +0 falchion
(5, 45, D:7)
  an arrow
(5, 46, D:7)
  an arrow
(5, 48, D:7)
  a +0 shortbow
  14 arrows
(12, 48, D:7)
  a +0 giant spiked club
(5, 49, D:7)
  32 stones
(-21, 51, D:7)
  18 arrows

Level 8 of the Dungeon
(0, 0, D:8)
  a +0 robe
(-5, 1, D:8)
  a +0 glaive
(-3, 3, D:8)
  a +0 giant club
(-13, 11, D:8)
  19 poisoned bolts
(-7, 12, D:8)
  19 stones
(-3, 17, D:8)
  an arrow
(-26, 19, D:8)
  a +0 leather armour
(-2, 19, D:8)
  a +0 shortbow
  19 arrows
(-16, 20, D:8)
  a +0 leather armour
  a +0 trident
(-32, 21, D:8)
  14 arrows
  a +0 shortbow
(-15, 21, D:8)
  24 stones
(-3, 22, D:8)
  25 sling bullets
(-32, 24, D:8)
  3 arrows
(-33, 25, D:8)
  an arrow
(-33, 28, D:8)
  3 arrows
(-13, 30, D:8)
  17 poisoned needles
(-11, 41, D:8)
  a +2 double sword of venom
(-19, 43, D:8)
  a +0 dagger
(-21, 47, D:8)
  18 stones

Level 9 of the Dungeon
(0, 0, D:9)
  2 tomahawks
(-2, 2, D:9)
  a tomahawk
(-4, 4, D:9)
  a tomahawk
(-6, 5, D:9)
  a +0 battleaxe
  a +0 chain mail
(-6, 6, D:9)
  a +0 club
(-5, 6, D:9)
  a +0 dagger
  a +0 leather armour
(8, 13, D:9)
  a +0 giant club
(-7, 14, D:9)
  an uncursed ring of protection from cold
(-2, 16, D:9)
  24 stones
(-28, 26, D:9)
  a +0 ring mail
(-29, 30, D:9)
  a +0 chain mail
  a +0 hand axe
  a +0 leather armour
(-28, 30, D:9)
  a +0 leather armour
(-29, 31, D:9)
  a +0 chain mail
  a +0 hand axe
(-29, 32, D:9)
  a +0 giant club
  a +0 giant club
(-28, 32, D:9)
  a +0 flail
(-20, 32, D:9)
  a +0 chain mail
(-46, 37, D:9)
  a +0 short sword
(-2, 38, D:9)
  a +0 ring mail
(-56, 41, D:9)
  a +0 animal skin
(-45, 41, D:9)
  a +0 scimitar of flaming
  a +0 robe
(-28, 42, D:9)
  a +0 animal skin
(-27, 42, D:9)
  a +0 whip of flaming
  a +0 robe
(-45, 47, D:9)
  3 poisoned needles
(-48, 48, D:9)
  24 stones
(-45, 48, D:9)
  3 poisoned needles
(-28, 51, D:9)
  a +0 cloak
(-7, 52, D:9)
  the +11 morningstar of Absolution {drain, rC+}
    A truly terrible weapon, it drains the life of those it strikes.
    
    It protects you from cold.
(-39, 53, D:9)
  a +0 blowgun
(-50, 54, D:9)
  a +0 whip
(-60, 56, D:9)
  a +0 falchion
(-30, 58, D:9)
  a +0 robe
(-57, 59, D:9)
  19 stones

Level 10 of the Dungeon
[Shop] Plog's Food Emporium
  a bread ration (60 gold)
  a bread ration (60 gold)
  a beef jerky (18 gold)
  a bread ration (60 gold)
  a bread ration (60 gold)
  a bread ration (60 gold)
  a bread ration (60 gold)
  a bread ration (60 gold)
  a beef jerky (18 gold)
  a meat ration (60 gold)
  a meat ration (60 gold)
  a bread ration (60 gold)
(0, 0, D:10)
  a +0 giant club
(25, 8, D:10)
  a +0 longbow
  23 arrows
(41, 10, D:10)
  4 needles of slowing
(2, 13, D:10)
  2 steel tomahawks
(8, 22, D:10)
  a bolt
  a +0 club
(9, 22, D:10)
  a bolt
(10, 22, D:10)
  3 tomahawks
  3 bolts
(11, 22, D:10)
  a tomahawk
(9, 23, D:10)
  a bolt
(10, 23, D:10)
  a stone
  a +0 short sword
(8, 24, D:10)
  a bolt
(11, 24, D:10)
  2 stones
(49, 24, D:10)
  23 stones
(10, 25, D:10)
  a stone
(10, 26, D:10)
  a bolt
(7, 27, D:10)
  a stone
(7, 28, D:10)
  a stone
(6, 29, D:10)
  a +0 short sword
  a +0 hand crossbow
(6, 30, D:10)
  16 stones
  a +0 club
(17, 35, D:10)
  a steam dragon hide
(0, 38, D:10)
  a +3 scale mail
(38, 40, D:10)
  a +0 long sword
(-1, 41, D:10)
  a +0 dagger
(0, 41, D:10)
  a +0 club
  a +0 mace
  a +0 flail
(25, 45, D:10)
  a +0 club
(25, 46, D:10)
  2 stones
(26, 46, D:10)
  2 stones
(26, 47, D:10)
  a +0 hand crossbow
  25 bolts
(-2, 50, D:10)
  27 stones
(-11, 52, D:10)
  a +0 giant spiked club

Level 11 of the Dungeon
(0, 0, D:11)
  a +0 dagger
(-1, 3, D:11)
  a +0 dagger
  a stone
(0, 3, D:11)
  a +0 short sword
  a stone
(0, 4, D:11)
  a cursed +0 dagger
  a +0 whip
  a stone
(-24, 5, D:11)
  a +0 halberd
  a +0 plate armour
(-1, 5, D:11)
  a +0 club
  a +0 whip
  3 stones
  a +2 dagger of holy wrath
  a cursed -2 short sword
  a +0 club
(0, 5, D:11)
  5 stones
(-1, 6, D:11)
  a stone
  a +0 short sword
(-26, 8, D:11)
  a +0 trident
(-25, 8, D:11)
  a +0 trident
  a +0 leather armour
(-2, 9, D:11)
  a stone
(-28, 10, D:11)
  a +0 robe
  a +0 dagger
(-28, 12, D:11)
  a +0 giant club
  a +0 flail
(-28, 13, D:11)
  a +0 leather armour
  a +0 hand axe
  a +0 hand axe
  a +0 flail
(2, 13, D:11)
  a +0 dagger
(2, 14, D:11)
  a +0 hand axe
(3, 14, D:11)
  a +0 robe
  a +0 dagger
(-28, 15, D:11)
  a +2 whip of pain
(-5, 17, D:11)
  a +0 leather armour
  a +0 short sword
(-3, 18, D:11)
  a +0 robe
  a +0 dagger
(-1, 18, D:11)
  a +0 longbow
  a +0 flail
  a cursed +0 leather armour
(-15, 22, D:11)
  a +0 war axe
(-6, 24, D:11)
  a +0 dagger
(-28, 26, D:11)
  a +0 hand axe
  a cursed -3 blowgun
(-14, 27, D:11)
  a cursed -2 dagger
(-27, 28, D:11)
  a +0 scimitar
  a +0 chain mail
(-9, 33, D:11)
  a book of Necromancy

Level 1 of the Orcish Mines
[Shop] Idghinoeg's Weapon Shoppe
  a +0 glaive (91 gold)
  a +0 hand axe (42 gold)
  a +0 rapier (56 gold)
  20 stones (28 gold)
  a +0 broad axe (56 gold)
  33 stones (46 gold)
  a +0 war axe (49 gold)
  a +3 short sword of holy wrath (313 gold)
  22 stones (30 gold)
  a +1 long sword of holy wrath (186 gold)
  a +0 morningstar (56 gold)
  a +0 club (14 gold)
  a +7 antimagic trident (665 gold)
(0, 0, Orc:1)
  a cursed +0 plate armour (still there?)
  a +0 long sword (still there?)
  a +0 leather armour (still there?)
(2, 0, Orc:1)
  a +0 plate armour
  a +0 glaive
  a +0 falchion
(8, 0, Orc:1)
  a +0 ring mail
(2, 1, Orc:1)
  a +0 leather armour (still there?)
  a cursed +0 ring mail (still there?)
  a +0 trident of piercing (still there?)
  a +0 trident (still there?)
  a +0 giant club (still there?)
(3, 1, Orc:1)
  a +0 short sword
(0, 2, Orc:1)
  a +0 hand axe
  (unseen)
(1, 2, Orc:1)
  a +0 dagger
(2, 2, Orc:1)
  a +0 chain mail
  a +3 short sword
  a +0 ring mail
(-14, 5, Orc:1)
  a +0 ring mail
  a +0 morningstar
(-2, 5, Orc:1)
  a +0 scale mail
(-1, 5, Orc:1)
  a +0 chain mail
  a +0 hand axe
(-14, 6, Orc:1)
  a +0 dagger
  a +0 leather armour
  a +0 short sword
  a +1 ring mail of poison resistance
  a +0 dagger
  a +0 dagger
(-13, 6, Orc:1)
  a +0 leather armour
(-2, 6, Orc:1)
  a +0 leather armour
  a +0 hand axe
  a +0 club
  a +0 leather armour
  a +0 hand axe
  a +0 ring mail
(-19, 7, Orc:1)
  a +0 robe
  a +0 dagger
(-2, 7, Orc:1)
  a +0 leather armour
  a +0 club
(-1, 7, Orc:1)
  a +0 leather armour
  a cursed -3 mace
(-19, 8, Orc:1)
  a +0 chain mail
  a +0 war axe
(-18, 8, Orc:1)
  a +0 leather armour
  a cursed -3 club
(8, 10, Orc:1)
  a +0 flail
  a +0 scale mail
  a +0 mace
  a +1 dagger of holy wrath
(8, 11, Orc:1)
  a +0 chain mail
  a +0 hand axe
(-27, 12, Orc:1)
  a +0 flail
(7, 12, Orc:1)
  a +0 scale mail
  a +0 hand axe
  a cursed +0 scale mail
(8, 12, Orc:1)
  a +0 leather armour
  a +0 club
  a +0 leather armour
  a +0 club
(-26, 13, Orc:1)
  a +0 chain mail
(25, 13, Orc:1)
  a +0 mace
(26, 13, Orc:1)
  a +3 dagger
  a +0 robe
  a +0 mace
(27, 13, Orc:1)
  a +0 dagger
(-26, 15, Orc:1)
  a +0 ring mail
  a +0 dagger
(-22, 30, Orc:1)
  a +0 falchion
(-24, 31, Orc:1)
  a +0 club
(-24, 32, Orc:1)
  a +0 club
(-23, 32, Orc:1)
  a +0 short sword
(-25, 33, Orc:1)
  a +0 ring mail
(-33, 38, Orc:1)
  a +0 bardiche
  a +0 chain mail
(-31, 38, Orc:1)
  a troll hide {Snorg}
(-30, 38, Orc:1)
  a +0 plate armour
(-33, 39, Orc:1)
  a +0 mace
(-32, 40, Orc:1)
  a +0 dagger
  a +0 robe
  a +0 leather armour
  a +0 whip
  a +0 leather armour
  a +0 mace
  a +0 plate armour
  a +0 battleaxe
  a +0 chain mail
  a +0 dagger
  a +0 robe
(-31, 40, Orc:1)
  a +0 hand axe
(-32, 41, Orc:1)
  a +0 whip
  a +0 leather armour
(-31, 41, Orc:1)
  a +0 whip
  a +0 trident
  3 tomahawks

Level 2 of the Orcish Mines
(0, 0, Orc:2)
  a tomahawk
(1, 0, Orc:2)
  a tomahawk
(-1, 4, Orc:2)
  a tomahawk
(-4, 5, Orc:2)
  a +0 hand axe
(-2, 5, Orc:2)
  a tomahawk
(-5, 6, Orc:2)
  a +0 chain mail
  a +0 club
  a +0 flail
(-36, 7, Orc:2)
  a +0 ring mail
(-6, 7, Orc:2)
  a +0 chain mail
  a +0 leather armour
  a +0 club
(0, 8, Orc:2)
  a +0 dagger
(-8, 9, Orc:2)
  a +0 dagger
(-45, 12, Orc:2)
  a +0 club
(-6, 14, Orc:2)
  a tomahawk
(-45, 15, Orc:2)
  a +0 dagger
(-4, 16, Orc:2)
  a tomahawk
(-38, 17, Orc:2)
  a +0 dagger
(-36, 17, Orc:2)
  a +0 robe
  a +0 dagger
(-35, 17, Orc:2)
  a +0 robe
  a +0 dagger
(-3, 17, Orc:2)
  a +0 leather armour
  a +0 dagger
(-37, 18, Orc:2)
  3 tomahawks of dispersal
  a tomahawk
  a +0 flail
(-36, 18, Orc:2)
  a +0 scale mail
  a +0 dagger
  a +0 flail
  a +0 hand axe
(-33, 18, Orc:2)
  a cursed -2 trident
(-32, 18, Orc:2)
  a +0 leather armour
  a +0 dagger
(-29, 18, Orc:2)
  a +0 ring mail
  a +0 mace
(-39, 19, Orc:2)
  a +0 leather armour
  a +2 falchion of holy wrath
  a cursed -1 whip
  3 tomahawks
  a +0 leather armour
(-38, 19, Orc:2)
  a +0 flail
(-34, 19, Orc:2)
  a +0 robe
  a cursed +0 leather armour
  a +0 mace
  a cursed -2 dagger
(-29, 19, Orc:2)
  a +0 scimitar
(-27, 19, Orc:2)
  a +0 falchion
(-26, 19, Orc:2)
  a +0 dagger
(-1, 19, Orc:2)
  a +2 leather armour of magic resistance
  2 tomahawks
  a +0 trident
(-39, 20, Orc:2)
  a +0 hand axe
(-36, 20, Orc:2)
  a +0 chain mail
  a +0 battleaxe
(1, 43, Orc:2)
  a +0 dagger
(0, 45, Orc:2)
  a +0 robe
  a cursed -3 dagger
(1, 45, Orc:2)
  a +0 robe
  a +0 dagger

Level 3 of the Orcish Mines
[Shop] Ymemefer's Food Shop
  a beef jerky (15 gold)
  a beef jerky (15 gold)
  a royal jelly (20 gold)
  a fruit (15 gold)
  a bread ration (50 gold)
  a bread ration (50 gold)
  a beef jerky (15 gold)
  a meat ration (50 gold)
(0, 0, Orc:3)
  a +0 robe
  a +0 chain mail
  a +0 dagger
  a +2 war axe of electrocution
(1, 0, Orc:3)
  a +0 ring mail
(1, 1, Orc:3)
  a +0 dagger
(-12, 4, Orc:3)
  a +0 robe
  a +0 dagger
(-11, 4, Orc:3)
  a +0 flail
(-12, 5, Orc:3)
  a +0 plate armour
  a +0 mace
(-11, 6, Orc:3)
  a +0 chain mail
  a +0 hand axe
(30, 7, Orc:3)
  a poisoned arrow
(31, 7, Orc:3)
  a poisoned arrow
(29, 8, Orc:3)
  a poisoned arrow
(33, 8, Orc:3)
  a +2 longbow of flaming
  12 poisoned arrows
  a +0 centaur barding
  a potion of poison
(28, 9, Orc:3)
  a +0 club
(29, 9, Orc:3)
  a poisoned arrow
(27, 10, Orc:3)
  2 poisoned arrows
(5, 21, Orc:3)
  a +0 leather armour

Level 4 of the Orcish Mines
(0, 0, Orc:4)
  a +0 hand axe
(-29, 1, Orc:4)
  a +0 flail
(-29, 2, Orc:4)
  a +0 glaive
  a +0 plate armour
(-28, 3, Orc:4)
  a +0 flail
  a +0 leather armour
(-51, 8, Orc:4)
  a troll hide
  a +0 club
  a +0 leather armour
(-49, 8, Orc:4)
  a +0 mace
(-39, 8, Orc:4)
  a +0 dagger
  a +0 leather armour
(-39, 9, Orc:4)
  a +0 club
(-38, 9, Orc:4)
  a +0 dagger
  a +0 robe
(-57, 10, Orc:4)
  a +0 hand axe
  a +0 leather armour
(-12, 10, Orc:4)
  a +0 hand axe
(-55, 11, Orc:4)
  a +0 dire flail
  a +0 chain mail
  an orc skeleton
(-12, 11, Orc:4)
  a +0 dagger
(-11, 11, Orc:4)
  a cursed -2 dagger
  an orc corpse (skeletalised by now)
(-57, 12, Orc:4)
  a +0 dagger
  a +0 robe
(-11, 12, Orc:4)
  a +0 flail
  a +0 leather armour
(-58, 13, Orc:4)
  a cursed -3 dagger
  a cursed +0 robe
  an orc corpse
(-57, 13, Orc:4)
  a +0 hand axe
(-58, 14, Orc:4)
  a +0 war axe
(-57, 14, Orc:4)
  a +0 scale mail
  a +0 whip
  a +0 scale mail
  a +1 chain mail of cold resistance
  an orc skeleton
  an orc skeleton
(-58, 15, Orc:4)
  a +0 trident
(-43, 17, Orc:4)
  a +0 club
(7, 17, Orc:4)
  a +0 club
(-41, 19, Orc:4)
  a +0 falchion
  a +0 hand axe
(-21, 19, Orc:4)
  a +1 vampiric trident
  (unseen)
(-41, 20, Orc:4)
  a +0 short sword
(-22, 20, Orc:4)
  a +0 dagger
  a +0 leather armour
  a +0 flail
  a +0 plate armour
  a +0 war axe
  an orc corpse
  an orc corpse
(-21, 20, Orc:4)
  a +0 dagger
  a +2 robe of magic resistance
  a +0 mace of protection
  a +0 scale mail
  an orc corpse
(-20, 20, Orc:4)
  a +0 club
(-19, 20, Orc:4)
  a +0 flail
  (unseen)
(-23, 21, Orc:4)
  a +0 whip
  (unseen)
(-22, 21, Orc:4)
  a +0 war axe
  (unseen)
(-21, 21, Orc:4)
  a +0 giant club
(-19, 21, Orc:4)
  a +0 falchion
  (unseen)
(4, 25, Orc:4)
  a +0 dagger
(5, 25, Orc:4)
  a +0 whip
  a +0 leather armour
(1, 26, Orc:4)
  a +0 falchion
  a +0 ring mail
(-27, 27, Orc:4)
  a large rock
(-41, 30, Orc:4)
  7 gold pieces
(-35, 30, Orc:4)
  a +0 flail
  a +0 leather armour
  an orc corpse
(-34, 30, Orc:4)
  a +0 dagger
  an orc skeleton
(-20, 30, Orc:4)
  a +0 hand axe
  a +0 leather armour
(-60, 35, Orc:4)
  a +0 dagger
(-59, 35, Orc:4)
  a +0 dagger
  a +0 robe
  an orc skeleton
(-59, 36, Orc:4)
  a +0 club
  a +0 chain mail
(-14, 38, Orc:4)
  a +0 club
  a +0 dagger
  a +0 leather armour
(-14, 39, Orc:4)
  a +0 dagger
  a +0 robe

Level 1 of the Lair of Beasts
(0, 0, Lair:1)
  a +0 scale mail
(3, 5, Lair:1)
  a +0 robe
(0, 7, Lair:1)
  a +0 shield
(11, 9, Lair:1)
  a +0 rapier
(2, 24, Lair:1)
  a throwing net
  3 throwing nets
(-20, 25, Lair:1)
  a +0 blowgun
(-2, 27, Lair:1)
  a +0 short sword
  a +0 ring mail
  a wand of draining (0)
(-1, 28, Lair:1)
  a potion of poison
  3 potions of degeneration
(18, 29, Lair:1)
  a throwing net
(-6, 31, Lair:1)
  a scroll of noise
(11, 32, Lair:1)
  a +0 longbow
(19, 39, Lair:1)
  a +0 dagger
(14, 41, Lair:1)
  a +0 short sword
(10, 44, Lair:1)
  a scroll of random uselessness

Level 2 of the Lair of Beasts
(0, 0, Lair:2)
  10 arrows
(45, 16, Lair:2)
  a Necronomicon
  a book of Alchemy
  a book of Ice
  a wand of random effects (33)
  a wand of confusion (32)
  a wand of random effects (18)
  a wand of slowing (32)
  a wand of fireball (0)
(12, 17, Lair:2)
  2 javelins
(41, 29, Lair:2)
  22 stones
(25, 43, Lair:2)
  29 arrows
(14, 49, Lair:2)
  a +2 robe of cold resistance
  a +0 quarterstaff of freezing
(20, 50, Lair:2)
  an uncursed ring of fire
  an uncursed ring of ice
(22, 50, Lair:2)
  a scroll of noise
(12, 51, Lair:2)
  a +0 quarterstaff

Level 3 of the Lair of Beasts
(0, 0, Lair:3)
  a +0 plate armour
(-8, 9, Lair:3)
  a +0 chain mail
(-4, 24, Lair:3)
  a +0 short sword of protection
(28, 29, Lair:3)
  a +0 scale mail
(-24, 30, Lair:3)
  a +0 scale mail
(-10, 40, Lair:3)
  a +0 mace
  a +0 robe
(36, 40, Lair:3)
  16 arrows
(-11, 41, Lair:3)
  a +0 long sword
  a +0 robe
(-10, 41, Lair:3)
  a +0 dire flail
  a +0 robe
(-9, 41, Lair:3)
  a +0 war axe
(-24, 43, Lair:3)
  12 poisoned needles
(2, 43, Lair:3)
  a +0 ring mail
(18, 43, Lair:3)
  an uncursed ring of flight
(27, 51, Lair:3)
  a +1 hand axe of flaming
(9, 53, Lair:3)
  25 stones

