Dracula

Level 1 of the Dungeon
(0, 0, D:1)
  a +0,+0 sling
(-15, 2, D:1)
  a +0,+0 club
(-22, 8, D:1)
  a lemon
(28, 10, D:1)
  a +0,+0 dagger
(8, 13, D:1)
  a +0,+0 dagger
(9, 19, D:1)
  a +2,+2 short sword
(-1, 23, D:1)
  a +0,+0 sling
(-16, 27, D:1)
  a +0,+0 short sword
(2, 30, D:1)
  14 darts
(20, 33, D:1)
  a +0,+0 dagger
(-12, 35, D:1)
  a dart
(-12, 38, D:1)
  a +1,+1 dagger
(28, 40, D:1)
  a +0 robe
(28, 41, D:1)
  a +0,+0 dagger

Level 2 of the Dungeon
(0, 0, D:2)
  a +0,+0 club
(8, 2, D:2)
  21 darts
(12, 14, D:2)
  15 arrows
(-39, 20, D:2)
  a goblin skeleton
(0, 20, D:2)
  8 sultanas
(-9, 21, D:2)
  a cursed +0,-1 club
(-30, 22, D:2)
  a bread ration
(-15, 25, D:2)
  a +0 leather armour
(1, 29, D:2)
  a +0,+0 spear
(-24, 30, D:2)
  18 sling bullets
(-26, 31, D:2)
  27 sling bullets

Level 3 of the Dungeon
(7, 1, D:3)
  13 arrows
(13, 3, D:3)
  a bat corpse
(10, 6, D:3)
  a goblin corpse
(27, 8, D:3)
  a throwing net
(18, 14, D:3)
  23 arrows
(29, 17, D:3)
  a +0,+0 dagger
  a goblin corpse
(28, 23, D:3)
  a potion of poison
(29, 23, D:3)
  a rat corpse
(25, 25, D:3)
  an apple
(24, 26, D:3)
  a +0,+0 club
(26, 26, D:3)
  a +0 ring mail

