Asterion

Level 1 of the Dungeon
(0, 0, D:1)
  a +3 dagger
(16, 0, D:1)
  a +0 club
(53, 3, D:1)
  a stone
(27, 4, D:1)
  13 stones
(54, 4, D:1)
  a stone
(58, 4, D:1)
  a +0 club
(33, 11, D:1)
  a +0 dagger
(28, 14, D:1)
  a +0 club
(45, 18, D:1)
  a +0 club
(44, 23, D:1)
  12 bolts
(50, 24, D:1)
  a +2 leather armour of cold resistance
(37, 28, D:1)
  a +0 spear
(13, 30, D:1)
  20 stones
(20, 36, D:1)
  a +0 dagger

Level 2 of the Dungeon
(0, 0, D:2)
  a +0 hand axe
(43, 3, D:2)
  3 tomahawks
(47, 3, D:2)
  a cursed -1 club
(34, 6, D:2)
  a +0 short sword
(38, 11, D:2)
  7 poisoned bolts
(3, 13, D:2)
  a +0 whip
(37, 16, D:2)
  a +0 leather armour
(34, 17, D:2)
  a stone
(36, 17, D:2)
  a +0 hunting sling
  13 stones
(37, 17, D:2)
  a +0 club
  a +0 club
  a +0 dagger
(38, 17, D:2)
  a +0 hunting sling
  a +0 club
  13 stones
  a +0 dagger
(37, 18, D:2)
  2 stones
(37, 20, D:2)
  a stone
(38, 22, D:2)
  a stone
(25, 32, D:2)
  a +0 leather armour
(28, 34, D:2)
  a +0 whip
(49, 40, D:2)
  a +0 club
(48, 41, D:2)
  6 poisoned javelins
(18, 45, D:2)
  18 arrows
(19, 45, D:2)
  a +0 quarterstaff

Level 3 of the Dungeon
(0, 0, D:3)
  19 arrows
(-8, 2, D:3)
  a +0 leather armour
(-11, 3, D:3)
  18 bolts
(4, 3, D:3)
  a +0 hand axe
(-12, 5, D:3)
  a +0 whip
(-12, 10, D:3)
  a +0 club
(-22, 22, D:3)
  26 stones
(-12, 27, D:3)
  a +0 leather armour
(2, 41, D:3)
  a +0 robe
(-9, 42, D:3)
  15 sling bullets of flame

Level 4 of the Dungeon
(0, 0, D:4)
  13 gold pieces
(-4, 3, D:4)
  an uncursed staff of wizardry

