Asterion

Level 1 of the Dungeon
(0, 0, D:1)
  a +0 short sword
(-9, 4, D:1)
  17 stones
(-28, 5, D:1)
  29 stones
(-2, 6, D:1)
  a +0 dagger
(-19, 15, D:1)
  a +1 dagger of venom
(-44, 22, D:1)
  a +0 dagger

Level 2 of the Dungeon
(0, 0, D:2)
  a +1 whip of electrocution
(-23, 5, D:2)
  a +0 short sword
(-25, 12, D:2)
  a +0 leather armour
(-29, 33, D:2)
  2 stones
(-23, 33, D:2)
  2 stones

Level 3 of the Dungeon
(0, 0, D:3)
  17 stones
(45, 2, D:3)
  a +0 dagger
(54, 6, D:3)
  a +0 cutlass
(7, 13, D:3)
  28 stones
(8, 17, D:3)
  a +0 club
  a +0 hunting sling
  7 stones
(8, 18, D:3)
  a stone
(53, 31, D:3)
  a +0 short sword
(34, 43, D:3)
  a +0 club
  2 stones
(37, 43, D:3)
  a stone
(42, 43, D:3)
  a stone
(46, 49, D:3)
  a +0 animal skin
(43, 52, D:3)
  a +0 ring mail
(3, 54, D:3)
  a +0 ring mail
(52, 59, D:3)
  22 stones
(31, 60, D:3)
  12 stones
(10, 64, D:3)
  a +0 hand axe
  a +0 trident
(11, 64, D:3)
  a +0 club
  a +0 ring mail

Level 4 of the Dungeon
(0, 0, D:4)
  a +0 spear
(19, 21, D:4)
  a stone
(19, 22, D:4)
  a +0 giant club
  (unseen)
(14, 24, D:4)
  10 gold pieces
  (unseen)
(16, 24, D:4)
  a +1 short sword of venom
  2 stones
  a kobold corpse
(40, 28, D:4)
  6 javelins
(36, 39, D:4)
  22 stones

an ossuary

