Asterion

Level 1 of the Dungeon
(0, 0, D:1)
  a +0 whip
(2, 0, D:1)
  17 bolts
(1, 1, D:1)
  a +0 mace
(36, 5, D:1)
  a +0 club
(43, 8, D:1)
  22 stones
(15, 15, D:1)
  a +0 animal skin
(20, 17, D:1)
  a +0 spear
(51, 18, D:1)
  a +0 dagger
(41, 19, D:1)
  18 stones
(46, 19, D:1)
  a +0 robe
(43, 21, D:1)
  a +0 robe
(2, 24, D:1)
  a +0 dagger
(36, 24, D:1)
  a +0 club
(24, 25, D:1)
  20 bolts
(9, 32, D:1)
  a +0 dagger
(7, 33, D:1)
  a +0 dagger
(27, 33, D:1)
  a +0 club
(29, 33, D:1)
  a +0 ring mail
(19, 38, D:1)
  a +0 club
(45, 38, D:1)
  18 bolts
(31, 44, D:1)
  21 stones
(47, 46, D:1)
  a +0 club
(2, 47, D:1)
  5 large rocks
(29, 48, D:1)
  a +0 robe
(36, 57, D:1)
  a +0 hand axe

Level 2 of the Dungeon
(0, 0, D:2)
  a +0 short sword
(0, 1, D:2)
  a +0 club
  a +0 robe
(13, 3, D:2)
  a +0 club
(21, 10, D:2)
  11 stones
(-8, 15, D:2)
  a stone
(-8, 16, D:2)
  a stone
(-11, 17, D:2)
  15 bolts
(-12, 18, D:2)
  a +0 club
(-12, 19, D:2)
  a +0 dagger
(15, 22, D:2)
  a +0 club
(-4, 25, D:2)
  a +0 robe
(9, 25, D:2)
  15 stones
(16, 25, D:2)
  6 javelins
(17, 27, D:2)
  a +0 ring mail
(12, 36, D:2)
  a +0 quarterstaff

Level 3 of the Dungeon
(3, 0, D:3)
  a +0 club
(21, 11, D:3)
  a +0 glaive
(-7, 12, D:3)
  a +0 club
(-4, 12, D:3)
  a +0 club
(6, 14, D:3)
  10 poisoned needles
(11, 15, D:3)
  25 stones
(28, 16, D:3)
  2 poisoned tomahawks
  a +0 dagger
  a +0 robe
  a +0 trident
(29, 16, D:3)
  a +0 short sword
  a +0 leather armour
(11, 17, D:3)
  a +0 dagger
(31, 20, D:3)
  a +0 mace
  a +0 chain mail
(32, 20, D:3)
  a +0 mace
(-1, 21, D:3)
  20 sling bullets
(-7, 23, D:3)
  a +0 robe
(-2, 23, D:3)
  an uncursed ring of wizardry
(23, 25, D:3)
  a +0 whip
(-8, 26, D:3)
  a +0 naga barding
(34, 27, D:3)
  a +0 ring mail
(-10, 31, D:3)
  a +0 robe
(4, 34, D:3)
  15 poisoned needles
(-10, 35, D:3)
  a +0 robe

Level 4 of the Dungeon
(0, 0, D:4)
  a +0 club
(-36, 5, D:4)
  a cursed +0 war axe
(-35, 6, D:4)
  a +0 falchion
(-29, 12, D:4)
  a +0 club
(-35, 13, D:4)
  a +0 club
(-20, 17, D:4)
  a +0 short sword
(-47, 19, D:4)
  21 stones
(-46, 24, D:4)
  a +0 club
(-14, 27, D:4)
  a +0 club
(-34, 32, D:4)
  a +0 dire flail
  a +0 leather armour
(-20, 32, D:4)
  a +1 quarterstaff of draining
(-35, 38, D:4)
  a +0 club
(-27, 43, D:4)
  3 gold pieces
(-28, 44, D:4)
  18 gold pieces
(-29, 45, D:4)
  a scroll of identify
(-48, 46, D:4)
  a +0 chain mail

Level 5 of the Dungeon
(0, 0, D:5)
  a cursed +0 dagger
(-25, 7, D:5)
  a +0 leather armour
(-18, 11, D:5)
  a +0 club
(21, 14, D:5)
  4 tomahawks
(-3, 33, D:5)
  15 arrows
(-23, 34, D:5)
  25 arrows
(15, 38, D:5)
  a +0 chain mail
(-4, 39, D:5)
  9 poisoned needles
(-9, 49, D:5)
  a +0 shortbow
  12 poisoned arrows
(-8, 49, D:5)
  3 stones
(15, 50, D:5)
  a +0 whip
(-9, 51, D:5)
  a poisoned arrow
(-8, 51, D:5)
  a +0 club
(-11, 53, D:5)
  a +0 mace
  a +0 ring mail
(-10, 53, D:5)
  a stone
(-9, 53, D:5)
  a +0 flail
(-20, 55, D:5)
  a +0 leather armour

Level 6 of the Dungeon
(0, 0, D:6)
  a stone
(4, 0, D:6)
  a +0 robe
  a cursed +0 mace
  a +0 robe
(5, 0, D:6)
  a +0 spear
  a +0 robe
(4, 1, D:6)
  a +0 scimitar
  a +0 robe
(5, 1, D:6)
  a cursed +2 spear
  a +0 robe
(-8, 2, D:6)
  a -2 ring of evasion
(3, 2, D:6)
  a +0 whip
(8, 4, D:6)
  a +0 dagger
(-7, 5, D:6)
  a +0 shortbow
  17 arrows
(-7, 7, D:6)
  an arrow
(-7, 8, D:6)
  an arrow
(-7, 9, D:6)
  an arrow
(-7, 10, D:6)
  an arrow
(-7, 11, D:6)
  an uncursed ring of flight
(-7, 12, D:6)
  an arrow
(30, 24, D:6)
  2 potions of poison
  an uncursed ring of loudness
(-11, 32, D:6)
  a +0 dagger
(-1, 43, D:6)
  a +0 dagger

Level 7 of the Dungeon
(0, 0, D:7)
  a +0 giant club
(16, 9, D:7)
  20 arrows
(50, 25, D:7)
  17 bolts
(10, 30, D:7)
  a +0 spear
(15, 32, D:7)
  a +0 long sword
  a +0 plate armour
(18, 32, D:7)
  a +0 dagger
  a +0 robe
  a cursed -1 dagger
  a +0 robe
(11, 34, D:7)
  a +0 leather armour
(27, 35, D:7)
  13 arrows
(43, 39, D:7)
  a potion of poison
(4, 40, D:7)
  14 stones
(22, 45, D:7)
  a scroll of immolation

Level 8 of the Dungeon
(0, 0, D:8)
  2 stones
(-1, 1, D:8)
  a stone
(-2, 3, D:8)
  a poisoned needle
(-2, 4, D:8)
  a poisoned needle
(-3, 5, D:8)
  a +0 short sword
(-2, 5, D:8)
  2 stones
(-2, 6, D:8)
  a +0 dagger
  2 stones
(-1, 6, D:8)
  a +0 blowgun
  13 poisoned needles
(11, 6, D:8)
  a +0 dagger
  a +0 robe
(14, 6, D:8)
  a +0 club
(-9, 13, D:8)
  a +0 giant spiked club
  a +0 giant club
(-7, 17, D:8)
  a poisoned needle
(-6, 17, D:8)
  a +0 short sword
(-5, 17, D:8)
  a stone
  a +0 dagger
(-4, 17, D:8)
  a poisoned needle
  a +0 dagger
  a +0 robe
(-3, 17, D:8)
  a stone
(-4, 18, D:8)
  a +1 whip of venom
  4 stones
(-5, 19, D:8)
  a +0 blowgun
  a +0 dagger
  14 poisoned needles
(26, 20, D:8)
  a +0 chain mail
(11, 22, D:8)
  a +0 flail
  a +0 ring mail
  a +0 dagger
  a +0 chain mail
  a +0 dagger
  a +0 robe
(10, 23, D:8)
  a +0 dagger
  a +0 robe
(11, 23, D:8)
  a +0 hand axe
  a +0 leather armour
(21, 24, D:8)
  a scroll of random uselessness
(-19, 28, D:8)
  a +0 club
(-8, 29, D:8)
  a +0 robe
(20, 33, D:8)
  a +4 falchion of slicing
  a +0 leather armour
(-10, 36, D:8)
  a +1 scale mail of cold resistance
(27, 38, D:8)
  a +0 robe

Level 9 of the Dungeon
(0, 0, D:9)
  8 sling bullets
(-31, 1, D:9)
  a hippogriff skeleton
(-9, 2, D:9)
  an ogre skeleton
(-10, 4, D:9)
  an ogre skeleton
(-5, 4, D:9)
  a +0 robe
(-10, 5, D:9)
  an ogre skeleton
(-4, 7, D:9)
  a +0 quarterstaff
(-8, 15, D:9)
  a +0 short sword
(-25, 17, D:9)
  a +3 antimagic great sword
(-8, 18, D:9)
  a +0 war axe
  (unseen)
(-11, 19, D:9)
  a +0 club
  (unseen)
(-10, 19, D:9)
  a +0 falchion (still there?)
  a +0 short sword (still there?)
(-9, 19, D:9)
  a +0 trident
  a +0 ring mail
  a +0 short sword
  an orc corpse
(-10, 20, D:9)
  a +0 club
  a +0 short sword
  a +0 whip
  a book of Cantrips
  an orc corpse
  an orc corpse
  an orc corpse
(-13, 21, D:9)
  a +0 club
  (unseen)
(-11, 21, D:9)
  a +0 flail
  a +0 plate armour
  an orc corpse
(-10, 21, D:9)
  a +0 war axe
  (unseen)
(-25, 30, D:9)
  10 arrows
(-5, 31, D:9)
  a +0 flail
(-31, 33, D:9)
  a +0 dagger
  (unseen)
(-6, 39, D:9)
  a +0 short sword
  2 stones
(4, 39, D:9)
  a +0 cloak
(-6, 40, D:9)
  a +0 short sword
  a +0 blowgun
  5 poisoned needles
(-6, 41, D:9)
  a stone
  a cursed -1 short sword
(-6, 42, D:9)
  a stone
  a rat corpse
(-5, 42, D:9)
  a +2 dagger of distortion
  a +0 robe
(-6, 44, D:9)
  a stone

