Sanguine

Level 1 of the Dungeon
(0, 0, D:1)
  a +0 dagger
(-24, 1, D:1)
  a +0 club
(10, 3, D:1)
  21 arrows
  a +0 robe
(2, 5, D:1)
  a +0 whip
(10, 10, D:1)
  24 bolts
(-10, 19, D:1)
  a +0 mace
(-8, 19, D:1)
  a +0 spear
(-9, 21, D:1)
  a +0 dagger
(-8, 22, D:1)
  2 stones
(-7, 23, D:1)
  a stone
(-7, 24, D:1)
  a stone
(-7, 25, D:1)
  a stone
(3, 25, D:1)
  8 steel javelins
(22, 33, D:1)
  23 arrows
(4, 37, D:1)
  a +0 club
(10, 37, D:1)
  a +0 ring mail
(-6, 40, D:1)
  a cursed -2 short sword

Level 2 of the Dungeon
(0, 0, D:2)
  9 stones
(6, 3, D:2)
  17 poisoned needles
(-29, 7, D:2)
  a +0 leather armour
(-33, 9, D:2)
  a +0 hand axe
(3, 10, D:2)
  a +0 robe
(-43, 16, D:2)
  20 stones
(-29, 18, D:2)
  8 stones
(-22, 18, D:2)
  a +0 club
(-22, 19, D:2)
  a +0 mace
(-15, 20, D:2)
  a +0 ring mail
(-14, 22, D:2)
  18 sling bullets
(-6, 22, D:2)
  a +0 club
(-16, 23, D:2)
  a +0 dagger
(9, 25, D:2)
  a +0 club
(-24, 26, D:2)
  a +0 leather armour
(-25, 27, D:2)
  a +0 club
(1, 28, D:2)
  a +0 club
(8, 36, D:2)
  22 sling bullets
(1, 37, D:2)
  a +0 dagger
(-26, 41, D:2)
  22 arrows
(-28, 53, D:2)
  a +0 club

Level 3 of the Dungeon
(0, 0, D:3)
  a potion of ambrosia
(-28, 6, D:3)
  2 tomahawks
  a +0 dagger
  a +0 flail
(-29, 7, D:3)
  a +0 trident
(-18, 7, D:3)
  8 javelins
(-29, 9, D:3)
  12 stones
(-5, 20, D:3)
  a +0 robe
(2, 20, D:3)
  a +0 dagger
(-30, 26, D:3)
  a +0 dagger
(2, 31, D:3)
  an adder corpse
(10, 36, D:3)
  5 bolts

