Sanguine

Level 1 of the Dungeon
(0, 0, D:1)
  2 stones
(-2, 2, D:1)
  a stone
(-9, 4, D:1)
  a +0 club
(-6, 4, D:1)
  2 stones
(-47, 8, D:1)
  9 bolts
(-45, 18, D:1)
  a +0 dagger
(-24, 18, D:1)
  a +0 club
  a +0 club
(-23, 19, D:1)
  a +0 dagger
(-24, 20, D:1)
  a +0 dagger
(-52, 21, D:1)
  a +0 club
  a +0 robe
(-36, 21, D:1)
  a +0 leather armour
(-51, 23, D:1)
  a +0 dagger
(-25, 25, D:1)
  a +0 leather armour
(-11, 25, D:1)
  a +0 club
(-50, 28, D:1)
  a +0 short sword
(5, 43, D:1)
  a +0 mace

Level 2 of the Dungeon
(0, 0, D:2)
  a stone
(1, 0, D:2)
  a +0 club
(3, 0, D:2)
  a stone
(4, 0, D:2)
  a +0 club
  a cursed +0 dagger
(0, 2, D:2)
  a +0 dagger
  a +0 hunting sling
  23 stones
  a cursed +0 animal skin
  a +0 spear
(38, 5, D:2)
  a +0 club
(-1, 7, D:2)
  15 stones
(15, 7, D:2)
  a scroll of enchant armour
(17, 7, D:2)
  a +0 ring mail
(35, 14, D:2)
  a +0 dagger
(7, 16, D:2)
  a +0 quarterstaff
(36, 16, D:2)
  a +0 flail
(37, 16, D:2)
  a +0 spear
(18, 28, D:2)
  12 stones
(38, 29, D:2)
  a +0 club
(41, 31, D:2)
  a +0 leather armour
(42, 31, D:2)
  a bat skeleton

