Xombaby

Level 1 of the Dungeon
(0, 0, D:1)
  21 stones
(-9, 7, D:1)
  a +0 short sword
(-7, 7, D:1)
  a stone
(-22, 8, D:1)
  a stone
(-21, 8, D:1)
  a stone
(-2, 8, D:1)
  a +0 chain mail
(-48, 10, D:1)
  4 stones
(-47, 10, D:1)
  a +0 dagger
(6, 10, D:1)
  a +0 ring mail
(-14, 14, D:1)
  a stone
(-36, 17, D:1)
  a +0 whip
(-2, 18, D:1)
  a +0 dagger
(-17, 30, D:1)
  a +0 dagger
(-41, 37, D:1)
  a +0 hand axe

Level 2 of the Dungeon
(0, 0, D:2)
  19 stones
(-5, 3, D:2)
  30 stones
(-4, 9, D:2)
  3 stones
  a +0 club
(14, 9, D:2)
  14 arrows
(2, 11, D:2)
  7 needles of slowing
(8, 11, D:2)
  16 arrows of frost
(-2, 13, D:2)
  a +0 leather armour
(3, 14, D:2)
  a +0 ring mail
(0, 17, D:2)
  a giant newt skeleton
(17, 24, D:2)
  a bread ration
(17, 26, D:2)
  a cursed ring of loudness

Level 3 of the Dungeon
(0, 0, D:3)
  a scroll of immolation
(-2, 2, D:3)
  a +0 whip
  a gnoll corpse
(-3, 3, D:3)
  a +0 whip

