Xombaby

Level 1 of the Dungeon
(0, 0, D:1)
  24 bolts
(8, 4, D:1)
  12 stones
(15, 13, D:1)
  a +0 whip
(24, 14, D:1)
  a +0 club
(-3, 16, D:1)
  a +0 club
(10, 16, D:1)
  20 stones
(14, 18, D:1)
  a cursed +0 club
(7, 28, D:1)
  a +0 leather armour
(-1, 30, D:1)
  a +2 leather armour
(9, 31, D:1)
  a +0 club
(28, 38, D:1)
  26 bolts
(33, 45, D:1)
  18 stones
(1, 46, D:1)
  20 stones
(-4, 47, D:1)
  18 sling bullets
(5, 50, D:1)
  16 stones

Level 2 of the Dungeon
(0, 0, D:2)
  a worm corpse
(-44, 2, D:2)
  a +0 club
(-42, 3, D:2)
  an adder skeleton
(-41, 3, D:2)
  a goblin skeleton
(-45, 4, D:2)
  a +0 dagger
  a goblin skeleton
(-2, 5, D:2)
  a +0 ring mail
(14, 5, D:2)
  a +0 hunting sling
  20 stones
(17, 6, D:2)
  a stone
(-44, 12, D:2)
  a bat skeleton
(-28, 13, D:2)
  a +0 mace
(-38, 14, D:2)
  an adder corpse (skeletalised by now)
(-47, 15, D:2)
  a +0 robe
(-25, 18, D:2)
  a +0 club
(-4, 23, D:2)
  a +0 club
(3, 26, D:2)
  18 sling bullets
(-8, 28, D:2)
  a +0 club
(-42, 35, D:2)
  a +0 short sword
(10, 39, D:2)
  a +0 dagger
(-33, 41, D:2)
  a +0 club
(0, 46, D:2)
  a +0 hunting sling
(-11, 51, D:2)
  15 arrows

