Asterion

Level 1 of the Dungeon
(0, 0, D:1)
  a +0 leather armour
  a +0 animal skin
(22, 7, D:1)
  a +0 club
(11, 9, D:1)
  a +0 club
(11, 16, D:1)
  a +0 dagger
(31, 17, D:1)
  a +0 short sword
(44, 18, D:1)
  a +0 club
(43, 22, D:1)
  4 large rocks
(38, 23, D:1)
  17 arrows
(6, 28, D:1)
  16 stones
(3, 29, D:1)
  24 stones
(14, 29, D:1)
  a stone
(13, 30, D:1)
  a stone
(39, 31, D:1)
  13 poisoned arrows
(11, 32, D:1)
  a stone
(9, 33, D:1)
  a +2 dagger of distortion
  a stone
(37, 35, D:1)
  a +0 dagger
(34, 39, D:1)
  16 arrows

Level 2 of the Dungeon
(0, 0, D:2)
  a +0 leather armour
(7, 7, D:2)
  a +0 short sword
(-27, 16, D:2)
  a +0 club
(0, 19, D:2)
  a stone
(-2, 21, D:2)
  a stone
(-1, 21, D:2)
  a stone
(-3, 23, D:2)
  a +0 club
(-5, 24, D:2)
  a +0 halberd
(-4, 24, D:2)
  a +0 flail of holy wrath
(-3, 24, D:2)
  a +0 short sword
(-3, 28, D:2)
  15 bolts

