Dracula

Level 1 of the Dungeon
(0, 0, D:1)
  5 stones
(-23, 3, D:1)
  a +0 short sword
(-23, 5, D:1)
  a +0 club
(-41, 10, D:1)
  26 stones
(-42, 14, D:1)
  a +0 ring mail
(-21, 17, D:1)
  a meat ration
(4, 19, D:1)
  a meat ration
(-10, 21, D:1)
  a +0 dagger
(-2, 23, D:1)
  a +0 club
(-1, 23, D:1)
  a +0 club
(4, 23, D:1)
  a +0 spear
(-23, 25, D:1)
  a +0 short sword
(-3, 27, D:1)
  a +0 ring mail
(-1, 31, D:1)
  27 arrows
(-9, 34, D:1)
  a +0 club
(-8, 34, D:1)
  a +0 dagger
(-8, 35, D:1)
  a +0 club
(-44, 36, D:1)
  a +0 dagger
(-33, 36, D:1)
  28 stones
(-4, 36, D:1)
  a +0 mace

Level 2 of the Dungeon
(0, 0, D:2)
  a scroll of identify
(-4, 2, D:2)
  a beef jerky
(11, 2, D:2)
  a scroll of amnesia
(28, 2, D:2)
  a +2 dagger
(-31, 5, D:2)
  a +0 robe
(-14, 5, D:2)
  a +0 leather armour
(2, 5, D:2)
  a +0 pair of boots
(6, 7, D:2)
  a +0 ring mail
(-24, 12, D:2)
  11 arrows of frost
(-23, 12, D:2)
  a +0 club
(-15, 12, D:2)
  a +0 chain mail
(10, 12, D:2)
  a +0 club
(10, 13, D:2)
  a +0 hunting sling
(-12, 17, D:2)
  a meat ration
(-8, 19, D:2)
  11 arrows
(-17, 20, D:2)
  a scroll of random uselessness
(1, 22, D:2)
  a +0 plate armour
(-4, 25, D:2)
  a cursed +0 robe
(-21, 29, D:2)
  a +0 dagger

Level 1 of the Abyss
(0, 0, Abyss:1)
  a +0 quarterstaff

