Sanguine

Level 1 of the Dungeon
(0, 0, D:1)
  a +0 helmet
(22, 7, D:1)
  a stone
(1, 10, D:1)
  a +0 robe
(-12, 11, D:1)
  a +0 dagger
(41, 11, D:1)
  a +0 ring mail
(2, 23, D:1)
  a stone
(6, 25, D:1)
  a stone
(21, 25, D:1)
  a +0 hunting sling
(31, 34, D:1)
  a +0 leather armour
(39, 35, D:1)
  a +0 club
(5, 39, D:1)
  2 scrolls of immolation
  a +0 leather armour
(-8, 41, D:1)
  a +0 dagger
(-8, 42, D:1)
  a +0 club
(15, 42, D:1)
  a +0 mace
(15, 44, D:1)
  22 bolts
(49, 44, D:1)
  a +0 club

Level 2 of the Dungeon
(0, 0, D:2)
  a +0 short sword
(38, 5, D:2)
  a +0 dagger
(26, 8, D:2)
  a +0 ring mail
  a +0 dagger
(12, 11, D:2)
  19 silver sling bullets
(7, 15, D:2)
  a +0 scale mail
(16, 15, D:2)
  a +0 robe
(18, 17, D:2)
  a +0 mace
(32, 17, D:2)
  a +0 spear
(27, 18, D:2)
  23 stones
(7, 24, D:2)
  a +0 whip
(40, 24, D:2)
  a +0 robe
(7, 26, D:2)
  20 stones

Level 3 of the Dungeon
(-9, 2, D:3)
  a +0 chain mail
(10, 2, D:3)
  a scroll of random uselessness
  a scroll of amnesia
(-4, 12, D:3)
  a +0 dagger
(-27, 18, D:3)
  14 stones
(-16, 21, D:3)
  15 poisoned needles
(14, 21, D:3)
  18 stones
(-9, 23, D:3)
  a stone
(-8, 23, D:3)
  a stone
(-7, 23, D:3)
  a stone
(-5, 23, D:3)
  2 stones
(3, 24, D:3)
  a +0 dagger
(-3, 25, D:3)
  a +0 giant club
(31, 25, D:3)
  a stone
(21, 26, D:3)
  22 stones
(31, 26, D:3)
  a stone
(-8, 27, D:3)
  a +0 halberd
  a +0 spear
(31, 27, D:3)
  a stone
(0, 33, D:3)
  a +0 war axe
(17, 33, D:3)
  a +0 leather armour
(-1, 34, D:3)
  a cursed -3 spear
(0, 39, D:3)
  a poisoned needle
(-2, 40, D:3)
  18 poisoned needles
  a +0 blowgun
(1, 42, D:3)
  a +0 chain mail
(10, 52, D:3)
  a +0 hand axe

Level 4 of the Dungeon
(0, 0, D:4)
  a cursed -1 club
(-7, 4, D:4)
  20 sling bullets
(-6, 8, D:4)
  13 arrows of dispersal
(-2, 9, D:4)
  a +0 club
  a +0 ring mail
(-12, 13, D:4)
  a +0 hand axe
  a +0 leather armour
(-11, 13, D:4)
  a +0 dagger
(-3, 13, D:4)
  a +0 club
  a +0 scale mail
(-10, 14, D:4)
  a +0 club
(-13, 16, D:4)
  a +0 club
  a +0 leather armour
(-12, 16, D:4)
  a +0 dagger
(-4, 17, D:4)
  a +0 robe
  a +0 dagger
(-10, 20, D:4)
  21 arrows
(34, 20, D:4)
  a +0 rapier
(19, 24, D:4)
  13 silver sling bullets
(28, 26, D:4)
  a +0 club
(12, 31, D:4)
  a +0 hand axe
(23, 32, D:4)
  a +0 ring mail
(41, 37, D:4)
  a +0 hand axe
(34, 53, D:4)
  a +0 spear
(-4, 54, D:4)
  a +0 trident
  a +0 ring mail

