Sanguine

Level 1 of the Dungeon
(0, 0, D:1)
  15 sling bullets of frost
(22, 1, D:1)
  a +0 dagger
(-18, 9, D:1)
  a +0 robe
(-18, 12, D:1)
  a +0 dagger
(-6, 13, D:1)
  9 poisoned needles
(19, 15, D:1)
  a +0 short sword of protection
(4, 19, D:1)
  19 stones
(5, 20, D:1)
  23 stones
(-23, 31, D:1)
  29 stones
(5, 31, D:1)
  a +0 short sword
  a stone
(12, 31, D:1)
  a stone

Level 2 of the Dungeon
(0, 0, D:2)
  a bread ration
(0, 5, D:2)
  17 stones
(33, 13, D:2)
  a +0 robe
(-11, 14, D:2)
  a +0 robe
(11, 16, D:2)
  a cursed +0 club
  (unseen)
(19, 17, D:2)
  a +0 dagger
(21, 29, D:2)
  a +0 short sword
(-6, 33, D:2)
  a -3 whip
(0, 36, D:2)
  a +1 pair of gloves of strength

