Sanguine

Level 1 of the Dungeon
(0, 0, D:1)
  a +0 club
(6, 4, D:1)
  27 stones
(-12, 16, D:1)
  a +0 club
(17, 17, D:1)
  a +0 robe
(-1, 22, D:1)
  a +0 club
(0, 22, D:1)
  a +0 dagger
(26, 25, D:1)
  a +0 dagger
(3, 32, D:1)
  34 bolts
(-4, 33, D:1)
  a +0 club
  29 stones
(-6, 36, D:1)
  a +0 mace
(-9, 45, D:1)
  a +0 spear
(-2, 51, D:1)
  a +0 leather armour

Level 2 of the Dungeon
(0, 0, D:2)
  6 stones
(-30, 7, D:2)
  16 stones
(-30, 15, D:2)
  6 poisoned tomahawks
(-47, 23, D:2)
  10 gold pieces
(-25, 23, D:2)
  a +0 short sword
(-19, 23, D:2)
  a cursed -1 club
(-61, 24, D:2)
  a +0 club
(-54, 26, D:2)
  a bread ration
  11 gold pieces
(-60, 28, D:2)
  a bread ration
(-57, 28, D:2)
  18 stones
(-42, 28, D:2)
  a jackal corpse
(-59, 29, D:2)
  a +0 leather armour
(-25, 31, D:2)
  a +0 club
(-56, 33, D:2)
  a +0 leather armour
(-39, 38, D:2)
  a +0 mace

