Dracula

Level 1 of the Dungeon
(0, 0, D:1)
  a +0,+1 orcish club
(-23, 8, D:1)
  a -1,+0 orcish club
(-31, 14, D:1)
  a +0,+0 club
(19, 17, D:1)
  a pear
(5, 18, D:1)
  a +0,+0 dwarven hand axe
(-32, 28, D:1)
  a +1 dwarven ring mail
(-23, 28, D:1)
  15 arrows
(-13, 35, D:1)
  a +0,+0 club
(-33, 36, D:1)
  a -1,+1 orcish club
(-35, 38, D:1)
  a +1,+2 hand axe

Level 2 of the Dungeon
(0, 0, D:2)
  a +0,+0 flail
(-17, 3, D:2)
  a +1 dwarven buckler
(23, 3, D:2)
  a meat ration
(-18, 5, D:2)
  a +1,+1 spear
(-11, 5, D:2)
  8 sling bullets
(4, 7, D:2)
  a +0,+0 flail
(-17, 10, D:2)
  a +0,+0 dagger
(22, 18, D:2)
  a +2,+1 sling
(-3, 23, D:2)
  a +0 leather armour
(-24, 29, D:2)
  a +0,+1 orcish club
(-19, 29, D:2)
  a bread ration
(21, 30, D:2)
  a +0,+0 short sword
(-16, 31, D:2)
  26 sling bullets
(28, 38, D:2)
  a +0 ring mail
(-15, 42, D:2)
  a +0,+0 short sword
(-29, 45, D:2)
  a +0,+0 dagger

Level 3 of the Dungeon
(0, 0, D:3)
  9 stones
(21, 2, D:3)
  a -1,+1 orcish club
(2, 8, D:3)
  a +0,+0 club
(23, 11, D:3)
  a +0,+0 club
(24, 13, D:3)
  a +0,+0 short sword
(1, 14, D:3)
  a +2,+1 short sword
(24, 19, D:3)
  a +0 leather armour
(-15, 21, D:3)
  a +0 orcish scale mail
(-13, 27, D:3)
  11 darts
(-16, 29, D:3)
  a +0,+0 short sword
(12, 31, D:3)
  a +0,+0 hammer
(19, 34, D:3)
  a dart
(20, 37, D:3)
  a dart
(21, 38, D:3)
  a +0,+0 short sword
(24, 42, D:3)
  24 sling bullets
(-14, 45, D:3)
  18 darts

Level 4 of the Dungeon
(0, 0, D:4)
  a choko
(-19, 2, D:4)
  an iguana corpse (rotten by now)
(-3, 3, D:4)
  a +0,+0 long sword
(-12, 10, D:4)
  a +0,+1 orcish spear
(-11, 10, D:4)
  a +2,+2 orcish trident
  a +0,+1 orcish spear
  a +0,+1 orcish spear
(26, 10, D:4)
  20 darts
(-14, 11, D:4)
  a +0,+1 orcish spear
(-28, 14, D:4)
  a scroll of curse weapon
(24, 14, D:4)
  a +0,+1 orcish dagger
(-7, 15, D:4)
  a bread ration
(19, 15, D:4)
  15 darts
(21, 16, D:4)
  a +0 orcish leather armour
(-13, 22, D:4)
  25 arrows
(-21, 25, D:4)
  a +0,+0 orcish club
(-16, 25, D:4)
  the -1,+10 long sword of Hospitality {slice, rC+}
    It inflicts extra damage upon your enemies.
    
    It protects you from cold.
(-27, 26, D:4)
  a +0,+0 club
  a +1,+2 sling
  25 stones
  a +0,+0 orcish whip
  an orc skeleton
(-22, 26, D:4)
  a kobold corpse (rotten by now)
(-15, 26, D:4)
  a goblin corpse (rotten by now)
(-26, 27, D:4)
  14 darts of frost
(-25, 27, D:4)
  a meat ration
(8, 27, D:4)
  a -1,+1 orcish flail
(21, 28, D:4)
  a -1,+0 orcish hand axe
  a +0,+0 orcish mace
  a cursed +0 orcish chain mail
  a cursed -2,-1 orcish club
(-17, 30, D:4)
  a goblin corpse (skeletalised by now)
  a +0,+1 orcish dagger
(-17, 31, D:4)
  a -1,+2 orcish dagger
  a +0 orcish leather armour
(-27, 32, D:4)
  a +0,+0 whip
  5 darts
(28, 32, D:4)
  a -1,+1 orcish club
(-28, 33, D:4)
  a cursed -4,-1 orcish club
(-17, 33, D:4)
  a +0,+0 falchion
(-14, 33, D:4)
  8 darts of frost
(24, 36, D:4)
  a +1,+1 dwarven short sword
(-29, 39, D:4)
  a +0,+0 whip
(-21, 43, D:4)
  a +0,+0 spear
(14, 46, D:4)
  a +0,+1 orcish flail
  a +1 orcish leather armour

Level 5 of the Dungeon
(0, 0, D:5)
  an arrow
(7, 4, D:5)
  an arrow
(8, 4, D:5)
  a giant cockroach corpse
(7, 5, D:5)
  an arrow
(9, 5, D:5)
  an arrow
(10, 5, D:5)
  2 arrows
(12, 5, D:5)
  an arrow (still there?)
  a -1,+1 orcish club (still there?)
(-13, 6, D:5)
  a +0 leather armour
(-5, 10, D:5)
  a worker ant corpse
(9, 11, D:5)
  17 stones

