Asterion

Level 1 of the Dungeon
(0, 0, D:1)
  a +0 short sword of protection
(13, 8, D:1)
  a +0 whip
  2 stones
(33, 9, D:1)
  a +0 club
(11, 12, D:1)
  a stone
(13, 12, D:1)
  a +0 whip
(-13, 15, D:1)
  a +0 dagger
(24, 15, D:1)
  a stone
(5, 16, D:1)
  19 sling bullets
(23, 17, D:1)
  4 stones
(19, 18, D:1)
  a cursed +0 ring mail
(-15, 26, D:1)
  a +0 ring mail

Level 2 of the Dungeon
(0, 0, D:2)
  a +0 club
(8, 6, D:2)
  a +0 hand axe
(0, 9, D:2)
  a +0 falchion
(-5, 17, D:2)
  a +0 spear
(7, 17, D:2)
  a +0 short sword
(-1, 21, D:2)
  19 stones
(24, 26, D:2)
  a +0 flail
(22, 30, D:2)
  a +0 club
  a stone
(5, 31, D:2)
  a +0 centaur barding
(-17, 32, D:2)
  a +0 club
(5, 33, D:2)
  a +0 dagger
(21, 33, D:2)
  14 stones
(3, 38, D:2)
  a +0 animal skin
  an uncursed ring of teleportation
(22, 41, D:2)
  a +0 club
(1, 45, D:2)
  a cursed +0 club
(2, 48, D:2)
  a +0 short sword
  a stone
(1, 52, D:2)
  a stone
(1, 53, D:2)
  a stone
(2, 53, D:2)
  a +3 whip

Level 3 of the Dungeon
(0, 0, D:3)
  a +0 whip
(-19, 2, D:3)
  a +0 halberd
(-7, 3, D:3)
  a +0 whip
(-27, 5, D:3)
  a +0 whip
(-27, 6, D:3)
  a +0 club
(-26, 6, D:3)
  a +0 chain mail
  a cursed +0 buckler
  a +0 ring mail
  a +0 spear
  a +0 whip
(-36, 9, D:3)
  a +0 spear
(-5, 9, D:3)
  a +0 spear
(-36, 10, D:3)
  a +0 spear
(-5, 10, D:3)
  a +0 flail
(-41, 11, D:3)
  a +1 mace
(-40, 11, D:3)
  a +0 halberd of venom
(-39, 11, D:3)
  a +0 flail
(-16, 11, D:3)
  a +0 spear
(-23, 12, D:3)
  a cursed -2 spear
(-21, 12, D:3)
  a +0 club
  a +0 spear
(-8, 12, D:3)
  a +0 club
  a +0 flail
  an uncursed amulet of rage
(-21, 14, D:3)
  a +0 spear
(-42, 17, D:3)
  a +0 dagger
(-22, 18, D:3)
  a +0 halberd
(-21, 20, D:3)
  a +0 spear
(-45, 21, D:3)
  a scroll of amnesia
(-27, 21, D:3)
  a +0 short sword
(-21, 21, D:3)
  a poisoned needle
  a +0 spear
(-18, 21, D:3)
  a +0 club
  a +0 leather armour
(-54, 22, D:3)
  a +0 short sword
(-47, 23, D:3)
  a +0 scale mail
(-21, 23, D:3)
  16 poisoned needles
  a +0 blowgun
(-20, 23, D:3)
  a poisoned needle
  a +0 whip
(-35, 24, D:3)
  a +0 chain mail
  a +0 club
(-20, 24, D:3)
  a +0 whip
(-20, 25, D:3)
  a +0 halberd
(-20, 26, D:3)
  a cursed -2 spear
(-31, 28, D:3)
  a +0 trident
(-55, 31, D:3)
  a +0 hand axe
(-33, 31, D:3)
  a +0 flail
(-32, 31, D:3)
  a +0 club
(-22, 32, D:3)
  a +0 spear
(-32, 33, D:3)
  a +2 falchion of slicing
(-13, 34, D:3)
  13 stones
(-42, 36, D:3)
  a +0 ring mail
  (unseen)
(-1, 36, D:3)
  a +0 halberd
(-63, 37, D:3)
  15 arrows
(-42, 38, D:3)
  a +0 chain mail
  (unseen)
(-13, 38, D:3)
  a +0 club
(-12, 38, D:3)
  a +0 chain mail
(-17, 41, D:3)
  a +0 whip
(-61, 58, D:3)
  21 stones
(-55, 60, D:3)
  a +0 club

Level 4 of the Dungeon
(0, 0, D:4)
  a +0 dagger
(23, 6, D:4)
  a +0 bardiche
(-2, 11, D:4)
  13 arrows of frost
(4, 16, D:4)
  20 stones
(-18, 20, D:4)
  a +0 scythe
  a +0 robe
(3, 23, D:4)
  a +0 helmet
(-19, 29, D:4)
  a +0 whip
(31, 33, D:4)
  23 bolts
(41, 39, D:4)
  a +0 dagger
(23, 54, D:4)
  21 stones
(-4, 58, D:4)
  21 stones
(24, 59, D:4)
  a +0 dagger
  a +0 robe

Level 5 of the Dungeon
[Shop] Alur's Armour Emporium
  a +2 ring mail of poison resistance (216 gold)
  a +0 ring mail (48 gold)
  a +0 robe (8 gold)
  a +1 robe of positive energy (116 gold)
  a +0 scale mail (48 gold)
  a cursed +0 ring mail (36 gold)
  a +0 scale mail (48 gold)
  the -6 ring mail of Kestoegy {rC++ rN++ Int-3} (32 gold)
    It affects your intelligence (-3).
    It greatly protects you from cold.
    It greatly protects you from negative energy.
  a +3 ring mail of poison resistance (276 gold)
  the +6 scale mail of a sewer {+Blink rPois rN+ MR- Regen+} (626 gold)
    It protects you from poison.
    It protects you from negative energy.
    It affects your resistance to hostile enchantments.
    It lets you blink.
    It increases your rate of regeneration.
  a +0 leather armour (24 gold)
(0, 0, D:5)
  a +0 giant spiked club
(1, 15, D:5)
  a +0 falchion
(1, 16, D:5)
  a +0 mace
(2, 16, D:5)
  a +0 club
  a +0 ring mail
  a +0 flail
  a +0 ring mail
(-29, 19, D:5)
  a +0 dagger
(-22, 25, D:5)
  a +0 club
(0, 36, D:5)
  a +2 hunting sling of freezing
  a +0 chain mail
  a +0 hand axe
  a +0 dagger
  a +0 dagger
  a +0 robe
  a +0 dagger of venom
  a +0 robe
(-27, 42, D:5)
  29 stones
(-47, 43, D:5)
  a +0 robe
(-33, 43, D:5)
  a +0 spear
(-33, 44, D:5)
  a +0 spear
(-16, 44, D:5)
  a +1 dagger of holy wrath
  a +0 leather armour
(-28, 46, D:5)
  a +0 dagger
  a +0 ring mail
  a +0 dagger
  a +0 robe
(-28, 47, D:5)
  a +0 dagger
  a +0 robe
(-24, 48, D:5)
  a +0 robe
  a +0 halberd

Level 6 of the Dungeon
(0, 0, D:6)
  20 bolts
(15, 6, D:6)
  a +0 club
(0, 8, D:6)
  a stone
(1, 8, D:6)
  a cursed -2 dagger
(35, 13, D:6)
  a +0 dagger
(37, 16, D:6)
  a +0 hunting sling
(36, 17, D:6)
  a +0 blowgun
(37, 17, D:6)
  a +0 club
(35, 25, D:6)
  a +0 ring mail
(32, 26, D:6)
  a +0 dagger
  a +0 robe
(33, 26, D:6)
  a +0 dagger
  a +0 robe
(34, 26, D:6)
  a +0 dagger
  a +0 robe
(-10, 30, D:6)
  a +0 dagger
(24, 38, D:6)
  3 needles of confusion
(30, 38, D:6)
  a scroll of amnesia
(40, 38, D:6)
  20 bolts
(14, 45, D:6)
  26 stones

Level 7 of the Dungeon
(0, 0, D:7)
  17 stones
(49, 1, D:7)
  4 poisoned needles
(52, 1, D:7)
  6 stones
(38, 4, D:7)
  a +0 giant club
(18, 5, D:7)
  a +0 flail
(16, 6, D:7)
  a +0 flail
(17, 6, D:7)
  a +0 spear
(51, 12, D:7)
  a stone
(52, 13, D:7)
  a stone
(53, 14, D:7)
  a stone
(59, 18, D:7)
  a +0 large shield
(29, 30, D:7)
  a cursed +0 short sword
(15, 32, D:7)
  a +0 robe
(1, 37, D:7)
  a +0 quarterstaff
(6, 41, D:7)
  14 stones
(35, 41, D:7)
  an arrow
(7, 42, D:7)
  a -4 ring of dexterity
(37, 44, D:7)
  an arrow
(51, 44, D:7)
  a +0 short sword
(37, 47, D:7)
  a +0 shortbow
  12 arrows
(10, 50, D:7)
  a +3 flail
  a +0 robe
(11, 50, D:7)
  a +2 flail of pain
  a cursed +0 robe
(12, 50, D:7)
  a +3 long sword
  a +0 robe
(-1, 51, D:7)
  a +0 ring mail
(10, 51, D:7)
  a +0 whip of flaming
  a +0 robe
(12, 51, D:7)
  a cursed +6 scimitar
  a +0 robe
(49, 52, D:7)
  an uncursed ring of stealth

Level 8 of the Dungeon
(-36, 8, D:8)
  a +0 short sword
  a +0 short sword
(-37, 9, D:8)
  a stone
(-36, 9, D:8)
  a +0 short sword
(-53, 10, D:8)
  a +0 short sword
(-52, 13, D:8)
  a +0 short sword
  a +0 blowgun
  11 poisoned needles
(-51, 13, D:8)
  a +0 club
(-40, 13, D:8)
  a +0 short sword
(-57, 14, D:8)
  14 stones
(-52, 14, D:8)
  a +0 whip
(-51, 14, D:8)
  a stone
(-10, 18, D:8)
  a scroll of amnesia
(-46, 25, D:8)
  13 stones
(-18, 28, D:8)
  a +0 quarterstaff
(-14, 28, D:8)
  15 arrows
(-1, 33, D:8)
  an arrow
(0, 33, D:8)
  an arrow
(-1, 34, D:8)
  an arrow
(-1, 35, D:8)
  an arrow
(-44, 36, D:8)
  a +2 morningstar of freezing
(-2, 36, D:8)
  an arrow
(-3, 37, D:8)
  an arrow
(-6, 38, D:8)
  a +0 mace
(-4, 38, D:8)
  a +0 giant club
(-3, 38, D:8)
  an arrow
(-4, 40, D:8)
  a +0 shortbow
  9 arrows
(-14, 44, D:8)
  a +0 robe
(0, 49, D:8)
  a +0 dire flail
  a +0 giant club
(-28, 52, D:8)
  a +0 hand axe
(-28, 53, D:8)
  a +0 war axe
  a cursed -1 plate armour

Level 9 of the Dungeon
[Shop] Thium's General Store
  a scroll of enchant armour (97 gold)
  a phantom mirror (390 gold)
  11 stones (14 gold)
  a +2 pair of gloves (214 gold)
  a scroll of identify (26 gold)
  a legendary deck of summoning (338 gold)
  a potion of invisibility (104 gold)
  a fan of gales (520 gold)
  a scroll of identify (26 gold)
  a scroll of amnesia (45 gold)
(0, 0, D:9)
  a +1 spear of piercing
(1, 1, D:9)
  a cursed -3 whip
(2, 4, D:9)
  a +0 whip
(3, 7, D:9)
  16 poisoned needles
(16, 16, D:9)
  a -2 spear
  a +0 animal skin
(28, 23, D:9)
  a +0 ring mail
(30, 26, D:9)
  a +0 dagger
  a +0 dagger
  a cursed +0 robe
(-25, 27, D:9)
  a +0 club
  a stone
(-17, 27, D:9)
  a +2 spear of venom
  a +0 scale mail
(-1, 27, D:9)
  a +0 mace
  a +0 chain mail
(7, 27, D:9)
  a +0 giant club
(-23, 28, D:9)
  a stone
(-22, 28, D:9)
  a stone
(32, 28, D:9)
  a +0 whip
(-19, 29, D:9)
  a stone
(-10, 29, D:9)
  a +0 mace
(-4, 29, D:9)
  a +0 spear
(-3, 29, D:9)
  a +0 halberd
(-4, 30, D:9)
  a +3 trident of freezing
  a +0 ring mail
  a +0 buckler
(-3, 30, D:9)
  a +0 whip
  a +0 club
(-10, 31, D:9)
  a +0 club
  a +0 ring mail
  a +4 dagger of venom
  a +0 robe
  a +0 spear
(-10, 32, D:9)
  a +0 spear
(-8, 33, D:9)
  a +0 club
(1, 33, D:9)
  a +0 plate armour
(26, 33, D:9)
  a +0 whip
(-10, 34, D:9)
  a +0 shortbow
  13 arrows
  a +0 halberd
(-9, 34, D:9)
  a +0 vampiric spear
  a +0 scale mail
  a +0 buckler
(-8, 34, D:9)
  a +6 dagger of venom
(-1, 34, D:9)
  a +0 shortbow
  13 arrows
(2, 34, D:9)
  an arrow
(-8, 35, D:9)
  17 arrows
(-3, 35, D:9)
  an uncursed amulet of stasis
(3, 35, D:9)
  an arrow
(5, 36, D:9)
  a +0 spear
  a +0 ring mail
  a +0 buckler
(15, 36, D:9)
  an arrow
(16, 36, D:9)
  an arrow
(20, 36, D:9)
  a +1 spear of piercing
  a +0 ring mail
(22, 37, D:9)
  2 stones
  a +0 spear
  2 throwing nets
(23, 37, D:9)
  a +0 spear
(13, 38, D:9)
  an arrow
(21, 38, D:9)
  a cursed -2 halberd
(22, 38, D:9)
  3 stones
(-1, 39, D:9)
  a +0 whip
(5, 39, D:9)
  a +0 leather armour
(13, 39, D:9)
  2 arrows
(17, 39, D:9)
  a stone
(-3, 40, D:9)
  a +0 shortbow
  15 arrows of dispersal
(14, 41, D:9)
  an arrow
(16, 41, D:9)
  a +0 whip
  9 stones
  a +0 scale mail
(17, 41, D:9)
  a +0 whip
  a cursed +0 leather armour
(21, 41, D:9)
  4 stones
(12, 43, D:9)
  a +0 leather armour
(17, 43, D:9)
  a throwing net
  a +0 spear
(16, 44, D:9)
  a +0 dagger
  a throwing net
(16, 45, D:9)
  a +0 halberd
(24, 47, D:9)
  a +0 spear of pain
(21, 48, D:9)
  a +0 spear

Level 10 of the Dungeon
(0, 0, D:10)
  a +2 antimagic great mace
(28, 6, D:10)
  a +0 dagger
(-23, 8, D:10)
  8 steel javelins
(18, 13, D:10)
  2 potions of mutation
(-22, 16, D:10)
  13 stones
(1, 16, D:10)
  a +0 giant spiked club
(26, 16, D:10)
  a +0 spear
(17, 20, D:10)
  a +0 blowgun
  9 poisoned needles
  a cursed -1 short sword
(19, 20, D:10)
  a +0 club
  3 stones
(17, 21, D:10)
  a +0 dagger
  a +0 club
(18, 21, D:10)
  2 stones
  2 poisoned needles
(19, 21, D:10)
  a +0 short sword
(20, 21, D:10)
  a stone
(19, 22, D:10)
  a stone
(19, 23, D:10)
  a poisoned needle
  a stone
(19, 28, D:10)
  a +0 short sword
(19, 29, D:10)
  a +0 whip
(20, 29, D:10)
  a stone
(21, 29, D:10)
  a +0 club
  a +0 blowgun
  5 poisoned needles
(20, 30, D:10)
  a +0 whip
(22, 30, D:10)
  a stone
(-10, 32, D:10)
  a +0 ring mail
(-9, 32, D:10)
  a +0 giant club
  a +2 robe of fire resistance
(22, 32, D:10)
  a poisoned needle
(22, 33, D:10)
  a poisoned needle
(22, 35, D:10)
  2 poisoned needles
(-11, 38, D:10)
  18 stones
(24, 38, D:10)
  23 stones
(-20, 39, D:10)
  a +0 club
(-21, 41, D:10)
  a +0 giant club
(27, 42, D:10)
  a +0 quarterstaff
  a +0 hunting sling
  13 sling bullets
  a +0 leather armour
(20, 43, D:10)
  a sling bullet
(23, 43, D:10)
  a sling bullet
(24, 43, D:10)
  2 sling bullets
(25, 43, D:10)
  2 sling bullets
  a +0 giant club

Level 11 of the Dungeon
(0, 0, D:11)
  a +0 giant spiked club
(4, 5, D:11)
  2 throwing nets
(-8, 7, D:11)
  a +0 arbalest
(21, 7, D:11)
  a +0 leather armour
(-22, 8, D:11)
  a potion of degeneration
(-23, 9, D:11)
  a potion of degeneration
(3, 9, D:11)
  14 bolts of frost
(23, 13, D:11)
  a poisoned needle
  a +0 dagger
  a +0 robe
(22, 14, D:11)
  2 poisoned needles
  a +0 short sword
(24, 14, D:11)
  a +0 whip
(21, 15, D:11)
  a +0 dagger
(24, 15, D:11)
  a +0 short sword
  a +0 blowgun
  4 poisoned needles
(26, 18, D:11)
  a +0 halberd
(-26, 28, D:11)
  a scroll of vulnerability
  2 scrolls of immolation
  a scroll of random uselessness
  3 scrolls of noise
  a wand of random effects (29)
(2, 38, D:11)
  a +0 trident
(1, 40, D:11)
  17 stones
(9, 47, D:11)
  16 poisoned needles
(12, 50, D:11)
  a +0 mace
(13, 50, D:11)
  a +0 short sword
(17, 54, D:11)
  a +0 mace
(18, 54, D:11)
  a +0 halberd
(20, 54, D:11)
  a +0 giant club

Level 12 of the Dungeon
(0, 0, D:12)
  a +0 robe
  a cursed +1 mace
(21, 0, D:12)
  a +0 club
(0, 2, D:12)
  a +0 robe
  a cursed +0 falchion of flaming
(1, 2, D:12)
  a +0 robe
  a +0 short sword
(-17, 5, D:12)
  a +0 whip
(-16, 5, D:12)
  a +0 robe
  a +0 dagger
  a +0 dagger
  a +0 robe
(-15, 5, D:12)
  a +0 falchion
  a +0 dagger
  a +0 robe
  a +0 flail
  a +0 leather armour
(-18, 6, D:12)
  a +0 trident
(-17, 6, D:12)
  a +0 whip
  a +0 club
(-16, 6, D:12)
  a cursed +0 robe
  a +0 dagger of pain
  a +0 robe
  a +0 dagger
  a +0 short sword
(-15, 6, D:12)
  a cursed -2 trident
  a +0 glaive
  a +0 plate armour
(-17, 7, D:12)
  a +0 leather armour
  a +0 trident
(-15, 7, D:12)
  a +0 plate armour
  a +0 trident
(-14, 16, D:12)
  a +0 dagger
(-2, 17, D:12)
  a +0 shortbow
  23 arrows
(-5, 18, D:12)
  a +0 ring mail
(-4, 19, D:12)
  an arrow
(-5, 20, D:12)
  an arrow
(-38, 23, D:12)
  a +0 short sword
(-31, 23, D:12)
  a +0 war axe
(17, 29, D:12)
  23 bolts
(-2, 31, D:12)
  18 stones
(-20, 32, D:12)
  a +0 ring mail
(-35, 33, D:12)
  a +0 flail of protection
(20, 33, D:12)
  a +0 shield

Level 13 of the Dungeon
(0, 0, D:13)
  the +0 rapier of Loemahabb {pierce, rC+ MP+9 Stlth-}
    It inflicts extra damage upon your enemies.
    
    It protects you from cold.
    It affects your magic capacity (+9).
    It makes you less stealthy.
(-9, 8, D:13)
  an uncursed staff of death
(-4, 15, D:13)
  a scroll of amnesia
(1, 26, D:13)
  18 stones
(-2, 29, D:13)
  a +4 long sword
(-3, 31, D:13)
  a +5 long sword
(-1, 39, D:13)
  a scroll of amnesia

Level 1 of the Orcish Mines
(0, 0, Orc:1)
  a +0 mace
  a +0 leather armour
(1, 0, Orc:1)
  a +0 dagger
  a +0 short sword
  a +0 mace
(2, 0, Orc:1)
  a +0 dagger of flaming
  a +0 robe
  a +0 club
  a +0 flail
  a +0 leather armour
(0, 1, Orc:1)
  a +0 giant spiked club
(-13, 2, Orc:1)
  a +0 scale mail

Level 2 of the Orcish Mines
(0, 0, Orc:2)
  a +0 dagger
  a +0 robe
(0, 1, Orc:2)
  a +0 hand axe
  a +0 leather armour
  a +0 flail
(2, 1, Orc:2)
  a cursed -1 hand axe
(-10, 4, Orc:2)
  a +0 trident
  a +0 leather armour
(-9, 5, Orc:2)
  a +0 hand axe
(-9, 6, Orc:2)
  a cursed -1 hand axe
(-7, 8, Orc:2)
  a +0 club
(-19, 9, Orc:2)
  a +0 falchion
  a +0 dagger
  a +0 robe
  a +2 long sword of slicing
  a +0 plate armour
  a +0 dagger
  a +0 robe of magic resistance
(-18, 9, Orc:2)
  a +0 scimitar
  a +0 plate armour
(-20, 10, Orc:2)
  a +0 glaive
  a +0 plate armour
(-19, 10, Orc:2)
  a +0 war axe
  a +0 dagger
  a +0 robe
  a +0 battleaxe
  a +0 chain mail
  a +0 arbalest
  5 bolts
(-18, 10, Orc:2)
  a +0 giant club
  a +0 dagger
(-17, 10, Orc:2)
  a +0 chain mail
(-19, 11, Orc:2)
  a +0 great mace
  a cursed +0 plate armour
(-18, 11, Orc:2)
  a +0 dagger
(-4, 14, Orc:2)
  a +0 war axe
(-2, 26, Orc:2)
  a +0 dagger
  a +0 chain mail
  a +0 hand axe
(-3, 27, Orc:2)
  a +0 whip
  a +0 dagger
  a +0 ring mail
(-2, 27, Orc:2)
  a +0 club
  a +0 ring mail
  a +0 mace
  a +0 ring mail
(-1, 27, Orc:2)
  a +2 hat of magic resistance
(0, 27, Orc:2)
  a +0 short sword
  a cursed +0 plate armour
(-5, 28, Orc:2)
  a +0 trident
(-3, 28, Orc:2)
  a +0 leather armour
(-2, 28, Orc:2)
  a +0 mace
  a +0 leather armour
  a +0 dagger
(-1, 28, Orc:2)
  a +0 club
(-3, 29, Orc:2)
  a +0 giant spiked club
(-2, 29, Orc:2)
  a +0 dire flail
  8 tomahawks
  a +0 plate armour
(-10, 36, Orc:2)
  a cursed -3 dagger
  a +0 leather armour
(-9, 36, Orc:2)
  a +0 short sword
(-9, 37, Orc:2)
  a +0 short sword
  a +0 mace
(10, 37, Orc:2)
  a +0 hand axe
  a +0 chain mail
(11, 37, Orc:2)
  a +0 flail
  a +0 club
  2 tomahawks
(11, 38, Orc:2)
  a +0 falchion
  a +0 leather armour
  a +0 dagger
  a +0 robe
(11, 39, Orc:2)
  a +0 scale mail
(-1, 42, Orc:2)
  a +0 ring mail
(3, 48, Orc:2)
  a +0 ring mail
(7, 48, Orc:2)
  a +0 dire flail
  a +0 plate armour
  a +0 hand axe
  5 tomahawks
(8, 48, Orc:2)
  a +4 dire flail of protection
  a +0 club
  a +0 leather armour
(7, 49, Orc:2)
  a +0 short sword
  a tomahawk
(8, 49, Orc:2)
  2 tomahawks
(20, 52, Orc:2)
  a +0 dagger
(-18, 53, Orc:2)
  a +0 dagger
(-11, 54, Orc:2)
  a +0 whip

Level 3 of the Orcish Mines
(0, 0, Orc:3)
  a +0 giant spiked club
(-5, 5, Orc:3)
  a +0 giant club
  a +0 hand axe
(-5, 6, Orc:3)
  a +2 dagger of speed
  a +0 dagger
  a +0 giant club
(-6, 7, Orc:3)
  a +0 short sword
  a +0 leather armour
(-5, 7, Orc:3)
  a +0 leather armour
  a cursed -2 flail
(4, 11, Orc:3)
  a +0 hand axe
  a +0 chain mail
(4, 12, Orc:3)
  a +0 short sword
  a +1 plate armour of fire resistance
(5, 12, Orc:3)
  a +0 short sword
  a +0 ring mail
(4, 18, Orc:3)
  a +0 trident
(5, 18, Orc:3)
  a +0 leather armour
(31, 21, Orc:3)
  a +0 mace
(-21, 22, Orc:3)
  a +0 mace
  3 tomahawks
(-20, 22, Orc:3)
  a +0 flail of crushing
  a +0 chain mail
(31, 22, Orc:3)
  a +0 club
(32, 22, Orc:3)
  a potion of poison
(31, 23, Orc:3)
  a +0 hand axe
(33, 23, Orc:3)
  a +0 war axe
  a +0 plate armour
(-18, 33, Orc:3)
  a +0 hand axe
  a +0 hand axe
(-17, 33, Orc:3)
  a cursed -3 mace
(-16, 33, Orc:3)
  a +0 ring mail
  a +0 dagger
(-18, 35, Orc:3)
  a cursed -2 giant spiked club
(-17, 35, Orc:3)
  a +0 mace
  a +0 scale mail
  a +0 short sword
(-25, 40, Orc:3)
  a +0 dagger
(11, 40, Orc:3)
  a +0 leather armour
  a +0 mace
(5, 42, Orc:3)
  a +0 giant club
(15, 45, Orc:3)
  a +0 giant club
(-14, 47, Orc:3)
  a +0 club
(-13, 48, Orc:3)
  a +0 leather armour
  a +0 hand axe
(-14, 49, Orc:3)
  a +0 giant club
(-13, 49, Orc:3)
  a +0 morningstar
(-1, 49, Orc:3)
  a +0 ring mail
  a +0 short sword
(1, 49, Orc:3)
  a +0 robe
  a +0 dagger
(3, 50, Orc:3)
  a +0 falchion

Level 4 of the Orcish Mines
(0, 0, Orc:4)
  a +0 club
(18, 7, Orc:4)
  a +0 hand axe
(-10, 11, Orc:4)
  a +0 scale mail
(-6, 14, Orc:4)
  a +0 club
  a +0 ring mail
  a +0 short sword
  a +0 ring mail
(-6, 15, Orc:4)
  a +0 club
(-5, 15, Orc:4)
  a +0 club
(7, 15, Orc:4)
  a +3 flail
(-6, 16, Orc:4)
  a +0 club
  a +0 short sword
  a +0 scale mail
(-4, 16, Orc:4)
  a cursed -2 hand axe
  a +0 hand axe
(8, 16, Orc:4)
  a +0 falchion
(-4, 17, Orc:4)
  a +0 hand axe
  a +0 trident
  a +0 chain mail
(-3, 18, Orc:4)
  a +0 trident
(-12, 20, Orc:4)
  a +0 short sword
(19, 22, Orc:4)
  a +0 mace
  3 tomahawks
(20, 22, Orc:4)
  a +0 hand axe
  a +0 chain mail
(18, 23, Orc:4)
  a +0 falchion
  a +0 dagger
  a +0 leather armour
(20, 23, Orc:4)
  a +0 flail
  a +0 leather armour
(18, 24, Orc:4)
  a +2 antimagic great mace
  a tomahawk
(2, 35, Orc:4)
  a +0 war axe
  (unseen)
(3, 35, Orc:4)
  a +0 battleaxe (still there?)
  a cursed -2 mace (still there?)
(4, 35, Orc:4)
  a +3 long sword
  (unseen)
(2, 36, Orc:4)
  the +8 morningstar of Khelomim {drain, +Inv rElec rF+ Stlth-} (still there?)
    A truly terrible weapon, it drains the life of those it strikes.
    
    It protects you from fire.
    It insulates you from electricity.
    It lets you turn invisible.
    It makes you less stealthy.
  the +8 morningstar of Khelomim {drain, +Inv rElec rF+ Stlth-} (still there?)
    A truly terrible weapon, it drains the life of those it strikes.
    
    It protects you from fire.
    It insulates you from electricity.
    It lets you turn invisible.
    It makes you less stealthy.
  a tomahawk of returning (still there?)
(3, 36, Orc:4)
  a +0 hand axe
  (unseen)
(17, 37, Orc:4)
  a +0 club
(3, 38, Orc:4)
  a tomahawk
(17, 39, Orc:4)
  a throwing net
(0, 40, Orc:4)
  a +0 club
  2 tomahawks
(17, 40, Orc:4)
  a +0 dire flail
  a +0 ring mail
(18, 40, Orc:4)
  a +0 short sword
  a cursed +0 leather armour
(-19, 42, Orc:4)
  a +0 leather armour
(17, 45, Orc:4)
  13 gold pieces
(-7, 46, Orc:4)
  a +0 dagger
  a +0 robe
(-6, 46, Orc:4)
  a +0 short sword
(-8, 47, Orc:4)
  a +0 hand axe
  a +0 plate armour
  a +0 club
  a +0 ring mail
  a +0 battleaxe
  a +0 plate armour
  a +0 scimitar
  a +0 plate armour
(-8, 48, Orc:4)
  a cursed +0 short sword
  a +0 dagger
  a cursed +0 dagger
  a +0 robe
(16, 48, Orc:4)
  15 gold pieces
(-15, 51, Orc:4)
  a +0 dagger

