Dracula

Level 1 of the Dungeon
(8, 0, D:1)
  a +0 plate armour
(0, 1, D:1)
  a +2,+0 dagger
(-28, 2, D:1)
  a cursed -2,+0 club
(-20, 3, D:1)
  a +0,+0 spear
(9, 7, D:1)
  a cursed -3,-3 dagger
(12, 7, D:1)
  a +0,+0 hand axe
(11, 11, D:1)
  6 tomahawks
(11, 19, D:1)
  a +0,+0 club
(-30, 26, D:1)
  a +0,+0 club
(21, 29, D:1)
  a dart
(21, 30, D:1)
  a dart
(21, 33, D:1)
  a +0,+0 club
(-36, 37, D:1)
  a +0,+0 sling
(-15, 40, D:1)
  5 stones
(-15, 47, D:1)
  a meat ration

Level 2 of the Dungeon
(0, 0, D:2)
  a dart
(-1, 2, D:2)
  a dart
(-1, 3, D:2)
  a dart
(-2, 5, D:2)
  21 darts
  a +0,+0 club
(3, 5, D:2)
  a +0,+0 dagger
(-11, 21, D:2)
  a +0,+0 flail
(-2, 26, D:2)
  a choko
(2, 26, D:2)
  a +0 robe
(0, 28, D:2)
  29 bolts
(-6, 35, D:2)
  23 stones
(-4, 44, D:2)
  a +0,+0 club

Level 3 of the Dungeon
(0, 0, D:3)
  a +0,+0 club
(0, 1, D:3)
  a +0,+0 club
(-24, 2, D:3)
  6 gold pieces
(-27, 3, D:3)
  2 scrolls of enchant armour
(-11, 16, D:3)
  a jackal corpse (rotten by now)

