Asterion

Level 1 of the Dungeon
(0, 0, D:1)
  a +0 club
(-8, 2, D:1)
  a +0 hunting sling
(-1, 2, D:1)
  a +0 club
  a cursed +0 club
(0, 2, D:1)
  a +0 club
(16, 3, D:1)
  17 stones
(-22, 8, D:1)
  a +0 club
(-23, 10, D:1)
  a stone
(-15, 11, D:1)
  11 stones
(-23, 12, D:1)
  a stone
(-25, 15, D:1)
  a stone
(-3, 19, D:1)
  a +1 dagger of speed
(31, 35, D:1)
  a stone
(0, 36, D:1)
  a +0 dagger
(30, 36, D:1)
  a stone
(31, 36, D:1)
  a stone
(47, 37, D:1)
  17 stones
(4, 42, D:1)
  a +0 spear
(5, 42, D:1)
  a +1 dagger of electrocution
(30, 42, D:1)
  a +0 club
(15, 52, D:1)
  a +0 club

Level 2 of the Dungeon
(-27, 1, D:2)
  a +0 dagger
(-37, 8, D:2)
  a +0 leather armour
(-36, 9, D:2)
  a cursed -1 club
  6 javelins
(-22, 12, D:2)
  a +0 animal skin
(-1, 12, D:2)
  a +0 club
(-24, 16, D:2)
  a cursed -3 club
(-28, 25, D:2)
  a +0 club
(-13, 25, D:2)
  a +0 robe
(-2, 28, D:2)
  a +0 robe
(-23, 33, D:2)
  a +0 robe
(-16, 39, D:2)
  a +1 short sword of protection

Level 3 of the Dungeon
(0, 0, D:3)
  a +0 club
(0, 9, D:3)
  a +0 scale mail
(-28, 10, D:3)
  13 bolts
(-40, 12, D:3)
  a +0 war axe
(-28, 13, D:3)
  a +0 club
(-27, 15, D:3)
  23 stones
(4, 15, D:3)
  an uncursed ring of wizardry
(7, 25, D:3)
  a +0 whip
(10, 25, D:3)
  25 stones
(-19, 31, D:3)
  16 bolts
(7, 32, D:3)
  a cursed +0 naga barding
(-33, 34, D:3)
  a +0 quarterstaff
(-43, 35, D:3)
  a +0 leather armour
(-33, 37, D:3)
  a +2 quarterstaff of chaos
  a +0 cloak
(-10, 39, D:3)
  a +0 club
(-2, 39, D:3)
  a +0 leather armour
(-47, 40, D:3)
  a +0 hammer
(-42, 42, D:3)
  a +0 club
(-13, 42, D:3)
  21 stones

Level 4 of the Dungeon
(0, 0, D:4)
  a +0 club
(29, 1, D:4)
  a +0 dagger
(57, 10, D:4)
  12 stones
(21, 13, D:4)
  26 stones
(44, 15, D:4)
  a stone
(21, 16, D:4)
  a +0 dagger
(39, 16, D:4)
  22 sling bullets
(42, 16, D:4)
  a stone
(20, 17, D:4)
  a +0 hand axe
(40, 17, D:4)
  a +0 robe
(56, 18, D:4)
  21 sling bullets
(-8, 22, D:4)
  16 stones
(49, 25, D:4)
  a +0 mace
(52, 25, D:4)
  a +0 short sword
(52, 37, D:4)
  a +0 giant club
(-6, 46, D:4)
  a cursed -2 giant club
(44, 55, D:4)
  a +0 mace
  a +0 hand axe
  a +0 dagger
  a cursed +0 robe
(45, 55, D:4)
  a +0 mace
  a +0 scale mail
  a +0 leather armour
(-15, 58, D:4)
  a +0 pair of gloves

Level 5 of the Dungeon
(0, 0, D:5)
  3 scrolls of amnesia
  5 scrolls of noise
(1, 0, D:5)
  a +0 giant club
(0, 1, D:5)
  a +0 mace
  a +0 club
(16, 3, D:5)
  a +0 giant club
(17, 7, D:5)
  a +0 club
(33, 7, D:5)
  a +0 club
(34, 7, D:5)
  a +0 scimitar
  a +0 robe
(35, 7, D:5)
  a +0 short sword
(18, 8, D:5)
  a +0 long sword
(34, 8, D:5)
  a +0 dagger
  a +0 robe
(35, 8, D:5)
  a +0 dagger
  a +0 robe
(26, 10, D:5)
  a +0 short sword
(48, 10, D:5)
  a +0 falchion
(49, 10, D:5)
  a +0 dagger
  a +0 robe
(11, 11, D:5)
  24 stones
(49, 12, D:5)
  a +0 dagger
  a +2 robe of magic resistance
(50, 12, D:5)
  a +0 hand axe
(6, 15, D:5)
  a +0 giant club
(32, 18, D:5)
  a +0 quarterstaff
(5, 21, D:5)
  21 arrows
(19, 24, D:5)
  a stone
(18, 25, D:5)
  a stone

Level 6 of the Dungeon
(0, 0, D:6)
  a +0 ring mail
  a +0 battleaxe
(1, 1, D:6)
  a poisoned tomahawk
(-2, 2, D:6)
  a +0 flail
  a +0 short sword
  a +0 hand axe
(1, 2, D:6)
  a poisoned tomahawk
(-1, 3, D:6)
  7 exploding sling bullets
(3, 5, D:6)
  2 poisoned tomahawks
(4, 5, D:6)
  a poisoned tomahawk
(-37, 6, D:6)
  a +0 dagger of venom
(-33, 7, D:6)
  a +0 leather armour
(-5, 7, D:6)
  a +0 falchion
(-2, 7, D:6)
  18 stones
(7, 7, D:6)
  an uncursed staff of summoning
(-7, 8, D:6)
  an uncursed ring of loudness
(-4, 8, D:6)
  a +0 dagger
(-19, 9, D:6)
  a +0 shortbow
(-39, 10, D:6)
  a +0 chain mail
(-16, 11, D:6)
  an arrow
(-15, 12, D:6)
  an arrow
(-34, 16, D:6)
  a +0 club
  a +0 scale mail
(-34, 17, D:6)
  a +2 dagger of distortion
  a cursed +0 robe
(-33, 17, D:6)
  a +0 chain mail
(-38, 18, D:6)
  a scroll of random uselessness
  a +0 ring mail
(-14, 18, D:6)
  a cursed -3 mace
(1, 22, D:6)
  a +2 helmet
(-5, 26, D:6)
  a +0 hunting sling
(-38, 27, D:6)
  13 stones

Level 7 of the Dungeon
[Shop] Toirax's Magic Scroll Shop
  a scroll of fear (45 gold)
  a scroll of remove curse (39 gold)
  a scroll of torment (97 gold)
  a scroll of identify (26 gold)
  a scroll of remove curse (39 gold)
  a scroll of enchant armour (97 gold)
  a scroll of identify (26 gold)
  a scroll of identify (26 gold)
  a scroll of amnesia (45 gold)
(0, 0, D:7)
  17 stones
(-10, 3, D:7)
  a throwing net
(3, 5, D:7)
  a cursed -1 giant club
(3, 6, D:7)
  8 javelins of penetration
(-11, 7, D:7)
  a +0 helmet
(-14, 10, D:7)
  a +0 club
(-21, 12, D:7)
  a +0 leather armour
(-20, 12, D:7)
  a +0 falchion
(-21, 13, D:7)
  a +3 scale mail
(-21, 14, D:7)
  a +0 short sword
  a +0 club
(-22, 24, D:7)
  a +0 club
(2, 35, D:7)
  a +0 ring mail
(9, 38, D:7)
  a +0 flail
(20, 39, D:7)
  a +0 scale mail
(10, 41, D:7)
  a +0 falchion
(-1, 42, D:7)
  23 stones
(11, 42, D:7)
  22 bolts
(12, 43, D:7)
  12 stones
(-8, 45, D:7)
  a +0 plate armour
(-9, 46, D:7)
  a +0 dagger
  a +0 ring mail

Level 8 of the Dungeon
(0, 0, D:8)
  22 bolts
(-7, 7, D:8)
  a +0 short sword
(9, 9, D:8)
  a +0 giant club
(10, 10, D:8)
  20 stones
(1, 11, D:8)
  a +0 club
(-29, 12, D:8)
  a +0 club
(-23, 12, D:8)
  a +0 club
(-22, 12, D:8)
  a +0 morningstar
  a +0 chain mail
(-3, 12, D:8)
  a stone
(-27, 13, D:8)
  a +0 shortbow
  an arrow
(-9, 13, D:8)
  a +0 chain mail
(12, 13, D:8)
  18 bolts
(-26, 14, D:8)
  an arrow
(-25, 14, D:8)
  3 arrows
(-25, 15, D:8)
  an arrow
(-24, 15, D:8)
  an arrow
(-24, 16, D:8)
  2 arrows
(-36, 19, D:8)
  a +0 leather armour
(-9, 24, D:8)
  2 arrows of flame
(-8, 24, D:8)
  an arrow of flame
(-12, 25, D:8)
  a +0 shortbow
  11 arrows of flame
(-11, 25, D:8)
  an arrow of flame
(-5, 27, D:8)
  19 arrows
(-4, 31, D:8)
  a +0 club
(1, 31, D:8)
  a scroll of amnesia
(12, 33, D:8)
  a +0 scale mail
(-5, 41, D:8)
  16 stones

Level 9 of the Dungeon
(0, 0, D:9)
  a +0 hand axe
(49, 3, D:9)
  a cursed +0 giant club
(3, 13, D:9)
  a +0 blowgun
  11 poisoned needles
(4, 13, D:9)
  a +0 dagger
  a +0 robe
(55, 13, D:9)
  a +0 dagger
(2, 14, D:9)
  a +0 flail
(3, 14, D:9)
  a +0 mace
  4 tomahawks
  a +0 ring mail
(35, 14, D:9)
  a +0 robe
(9, 20, D:9)
  a +0 short sword
(8, 21, D:9)
  a +0 dagger
  a +0 scale mail
(10, 21, D:9)
  a +0 robe
  a +0 dagger
(14, 23, D:9)
  19 bolts
(-1, 26, D:9)
  a scroll of amnesia
(18, 29, D:9)
  a +0 spear
(43, 38, D:9)
  a +0 scale mail
(56, 40, D:9)
  26 stones
(59, 41, D:9)
  a scroll of noise
(45, 51, D:9)
  an uncursed ring of see invisible
(30, 53, D:9)
  7 stones

Level 10 of the Dungeon
[Shop] Amochaso's Antique Weapon Shoppe
  a +0 quarterstaff (68 gold)
  a +0 long sword (59 gold)
  a +0 quarterstaff (68 gold)
  a +0 dire flail (68 gold)
  the +10 dagger of Xoapot Oram {venom, Dex+2} (119 gold)
    It poisons the flesh of those it strikes.
    
    It affects your dexterity (+2).
  a +0 scythe (51 gold)
  a +0 hand crossbow (59 gold)
  a +0 trident (59 gold)
  a +0 war axe of chopping (59 gold)
  a +0 arbalest (76 gold)
(0, 0, D:10)
  21 bolts
(-15, 2, D:10)
  a +0 war axe of chopping
  4 poisoned javelins
  a +0 chain mail
(-12, 5, D:10)
  a poisoned javelin
(3, 9, D:10)
  a +0 flail
  a +0 ring mail
(-47, 11, D:10)
  a cursed +0 giant club
(0, 16, D:10)
  a +0 shield
(-44, 34, D:10)
  a +0 robe
(-42, 35, D:10)
  a +1 spear
  a +0 animal skin
(-15, 35, D:10)
  a tomahawk
(-14, 35, D:10)
  a +0 hand axe
  a +0 dire flail
  a +0 plate armour
(6, 35, D:10)
  a +0 ring mail
(-16, 36, D:10)
  a +4 dagger of chaos
  a +2 robe of fire resistance
  a +0 trident
  a +0 plate armour
(-14, 36, D:10)
  a +0 flail
(4, 37, D:10)
  a +0 dagger
  a +0 robe
  a +2 dagger of holy wrath
  a +0 robe
(-27, 38, D:10)
  a plain deck of changes
(2, 39, D:10)
  a tomahawk
(1, 40, D:10)
  a tomahawk
(2, 40, D:10)
  3 tomahawks
(-28, 44, D:10)
  a scroll of amnesia
(-5, 44, D:10)
  an uncursed ring of protection from fire
(-2, 44, D:10)
  17 bolts
(1, 44, D:10)
  a +0 halberd
  a +0 plate armour
(0, 45, D:10)
  a +2 lajatang of pain
(1, 45, D:10)
  a +0 whip
  a +0 chain mail
  a scroll of amnesia

Level 1 of the Orcish Mines
(0, 0, Orc:1)
  a +1 hand axe of electrocution
  a +0 short sword
  a +0 ring mail
(0, 1, Orc:1)
  a +0 ring mail
  a +0 flail
(3, 2, Orc:1)
  a +0 leather armour
  a cursed -2 hand axe
(-1, 5, Orc:1)
  a +0 bardiche
  a +0 chain mail
(0, 7, Orc:1)
  a cursed -3 long sword
  a +0 chain mail
(1, 7, Orc:1)
  a +0 club
(-2, 10, Orc:1)
  a tomahawk
(-2, 11, Orc:1)
  a +0 chain mail
  a +0 scimitar
(0, 12, Orc:1)
  a +0 plate armour
  a +0 long sword
  a +0 dagger
  a +0 mace
(1, 12, Orc:1)
  a +0 chain mail
  4 tomahawks
  a +0 glaive
(-18, 23, Orc:1)
  a +0 leather armour
  a +0 flail
(-18, 27, Orc:1)
  a +0 robe
  a +0 dagger
(-11, 27, Orc:1)
  a +0 dagger
(-22, 28, Orc:1)
  a +0 dagger
(-20, 28, Orc:1)
  a +0 ring mail
  a +0 mace
(-19, 28, Orc:1)
  a +0 chain mail
(-10, 28, Orc:1)
  a +0 ring mail
  a +0 club
  a +0 halberd
  a +0 plate armour
(-26, 29, Orc:1)
  a +0 leather armour
  a +0 hand axe
  a cursed -2 flail
(-11, 29, Orc:1)
  a +0 giant spiked club
(-10, 29, Orc:1)
  a +0 dagger
(-26, 30, Orc:1)
  a +0 robe
  a +0 dagger
(-24, 30, Orc:1)
  a +0 flail
(-22, 38, Orc:1)
  a +0 leather armour
  a +0 short sword
(-14, 38, Orc:1)
  a +0 robe
  a +0 dagger
(-20, 39, Orc:1)
  a +0 club
(-20, 40, Orc:1)
  a cursed +0 hand axe
  a +2 mace of holy wrath
(-30, 45, Orc:1)
  a +0 mace
  a +0 leather armour

Level 2 of the Orcish Mines
(0, 0, Orc:2)
  a +0 flail
(-2, 5, Orc:2)
  a +0 giant spiked club
(-1, 5, Orc:2)
  a +0 leather armour
  a +0 trident
  a +0 club
  a +0 hand axe
(1, 5, Orc:2)
  a +0 flail
  a cursed +0 chain mail
  a tomahawk
  a +0 dagger
(-9, 6, Orc:2)
  a +0 giant club
(-8, 6, Orc:2)
  a +0 dagger
  a cursed -2 club
  a +0 leather armour
  a cursed +0 chain mail
(-1, 6, Orc:2)
  a +0 scale mail
  a +0 mace
  a +0 leather armour
  a +0 short sword
  a +0 leather armour
  a +0 hand axe
(1, 6, Orc:2)
  a +0 leather armour
  a +0 chain mail
  a +0 hand axe
(-8, 7, Orc:2)
  a +0 robe
  a +0 dagger
(-7, 7, Orc:2)
  a +0 chain mail
  a +0 glaive
(-1, 7, Orc:2)
  a +0 ring mail
  a +0 flail
  a +0 flail
  a +3 dagger of flaming
(-9, 8, Orc:2)
  5 tomahawks
  a +1 war axe of freezing
(-8, 8, Orc:2)
  a +0 ring mail
  a +0 whip
(-7, 8, Orc:2)
  a +0 robe
  a +1 dagger of pain
(-17, 9, Orc:2)
  a +0 leather armour
  a +0 short sword
  a +0 dagger
  a +0 robe
(-15, 9, Orc:2)
  a +0 short sword
(-11, 9, Orc:2)
  a +0 dagger
(-16, 10, Orc:2)
  a +0 dagger
(-13, 10, Orc:2)
  a +0 dagger
  a +0 robe
  a +0 ring mail
  a +0 hand axe
  a +0 hand axe
  a +0 ring mail
(-12, 10, Orc:2)
  a cursed -1 short sword
(-11, 10, Orc:2)
  a +0 dagger
  a +0 ring mail
(-16, 11, Orc:2)
  a +0 hand axe
  a +0 ring mail
(-13, 11, Orc:2)
  5 tomahawks
(-12, 11, Orc:2)
  a +0 whip
  a +0 ring mail
  a +0 battleaxe
  a +0 plate armour
  a +0 dagger
  a +0 robe
(-17, 12, Orc:2)
  a cursed -3 dagger
  a +0 scale mail
(-1, 34, Orc:2)
  a +2 chain mail of fire resistance
  a +0 flail
(15, 36, Orc:2)
  a +0 robe
  a +4 scimitar of flaming
(-14, 47, Orc:2)
  a cursed -3 mace
(-13, 47, Orc:2)
  a +0 robe
  a +2 dagger of pain
(-14, 48, Orc:2)
  a +0 dagger
(-13, 48, Orc:2)
  a +0 scale mail
(-18, 49, Orc:2)
  a +0 war axe
(-18, 50, Orc:2)
  a +0 flail of draining
(-17, 51, Orc:2)
  a +0 chain mail
  a +0 falchion
(-24, 52, Orc:2)
  a cursed -1 ring mail
  a +0 club
(-19, 52, Orc:2)
  a +0 flail
(-17, 52, Orc:2)
  a +0 hand axe
(-16, 52, Orc:2)
  a +0 plate armour
  a +0 flail
(-25, 53, Orc:2)
  a +0 short sword
(-24, 53, Orc:2)
  a +0 hand axe
(-20, 53, Orc:2)
  a +0 robe
  a +0 dagger
(-18, 53, Orc:2)
  a cursed +0 club
(-14, 53, Orc:2)
  2 tomahawks
(-25, 54, Orc:2)
  a +0 chain mail of cold resistance
  a +0 battleaxe
(-18, 55, Orc:2)
  a +0 robe
  a +0 dagger
(-17, 55, Orc:2)
  a +0 leather armour
  a +0 dagger
  a tomahawk
(-18, 56, Orc:2)
  a +0 hand axe
  a cursed -1 flail
  a +0 chain mail
(-17, 56, Orc:2)
  3 tomahawks
(-16, 56, Orc:2)
  a potion of brilliance
(-18, 57, Orc:2)
  a +0 flail
(-17, 57, Orc:2)
  a +0 leather armour
  a +0 dagger
  a +0 giant club
(-19, 58, Orc:2)
  a +0 plate armour
  4 tomahawks
  a +0 short sword

Level 3 of the Orcish Mines
(0, 0, Orc:3)
  a +0 falchion
(1, 0, Orc:3)
  a +0 leather armour
  a +0 flail
  a +0 ring mail
(-1, 1, Orc:3)
  a +0 war axe
  a +0 plate armour
  a +0 flail
(1, 1, Orc:3)
  a +0 chain mail
  a +0 whip
  a +0 club
(12, 1, Orc:3)
  a tomahawk of returning
(-1, 2, Orc:3)
  a +0 club
  a +0 chain mail
  a cursed -1 club
(0, 2, Orc:3)
  a +0 club
(1, 2, Orc:3)
  a +0 leather armour
(9, 3, Orc:3)
  2 tomahawks of returning
  a +0 club
(8, 4, Orc:3)
  a +5 quarterstaff of holy wrath
  a +0 flail
  a +0 leather armour
(9, 4, Orc:3)
  a +0 ring mail
  a cursed -1 club
  a +0 dagger
  a +0 robe
(29, 4, Orc:3)
  a +0 giant club
(28, 9, Orc:3)
  a bolt
(25, 13, Orc:3)
  a +0 chain mail
  a cursed -1 short sword
(24, 14, Orc:3)
  a +0 short sword
(25, 14, Orc:3)
  a bolt
  a +0 flail
(26, 14, Orc:3)
  a +0 giant club
  a +0 chain mail
  a +0 war axe
  a +0 giant club
(24, 15, Orc:3)
  a +0 hand axe
  a +2 dagger of venom
  a +0 robe
(24, 16, Orc:3)
  a +0 leather armour
  a +0 mace
  a +0 dire flail
  a +0 arbalest
  5 bolts
  a +0 chain mail
(39, 16, Orc:3)
  a +0 flail
  a +0 ring mail
(39, 17, Orc:3)
  a +0 flail
  a +0 leather armour
(40, 19, Orc:3)
  a +0 mace
(41, 19, Orc:3)
  a +0 flail
  a cursed +0 plate armour
  a +0 club
(20, 23, Orc:3)
  a +0 dagger
  a +2 robe of magic resistance
(20, 31, Orc:3)
  a +0 giant club
(21, 33, Orc:3)
  a +0 club
(21, 34, Orc:3)
  a +0 dagger
  a +0 robe
  a +0 club
(22, 34, Orc:3)
  a +0 flail
  a +0 leather armour
(21, 35, Orc:3)
  a +0 dagger
(41, 35, Orc:3)
  a +0 club
(46, 35, Orc:3)
  a +0 leather armour
(23, 40, Orc:3)
  a +0 whip
(22, 41, Orc:3)
  a +0 mace
(13, 42, Orc:3)
  a +0 club
(23, 42, Orc:3)
  a +0 flail of protection
  a +0 chain mail
(23, 43, Orc:3)
  a +0 dagger
(63, 43, Orc:3)
  a +0 short sword
(54, 44, Orc:3)
  a +0 hand axe
  a +3 antimagic dagger
  a +0 glaive
  a +0 chain mail
(21, 45, Orc:3)
  a +0 dagger
  a +0 robe
(53, 45, Orc:3)
  a +0 ring mail
  a +0 trident
(54, 45, Orc:3)
  a +0 morningstar
(55, 45, Orc:3)
  a +0 chain mail
  a +0 flail
(55, 46, Orc:3)
  a +0 robe
  a cursed -2 dagger
  a +0 dagger
  a +0 robe
(59, 48, Orc:3)
  a tomahawk
(58, 49, Orc:3)
  a tomahawk

Level 4 of the Orcish Mines
[Shop] Voaziank's Armour Emporium
  a +1 chain mail of fire resistance (231 gold)
  a +3 leather armour of positive energy (294 gold)
  a +0 robe (9 gold)
  a +0 plate armour (322 gold)
  a +2 helmet (231 gold)
  a +0 chain mail (63 gold)
  a +0 leather armour (28 gold)
  a +0 scale mail (56 gold)
  a +0 scale mail (56 gold)
[Shop] Zekh's Antique Armour Shoppe
  (Shop contents are unknown)
(5, 3, Orc:4)
  a +0 dagger
  a +0 ring mail
(-2, 4, Orc:4)
  a +0 short sword
  a +0 hand axe
  an orc skeleton
(0, 4, Orc:4)
  a +0 trident
  a +0 chain mail
(1, 4, Orc:4)
  a +0 club
(1, 6, Orc:4)
  a +0 club
  a +0 leather armour
  a +0 flail
  a +0 leather armour
(1, 7, Orc:4)
  a +0 falchion of electrocution
  a +0 hand axe
  a +0 dagger
  a cursed +0 leather armour
(2, 7, Orc:4)
  a +0 hand axe
  a +0 dagger
(1, 8, Orc:4)
  a +0 club
(2, 8, Orc:4)
  a +0 dagger
  a +0 mace
  a +0 leather armour
  a +0 short sword
(3, 8, Orc:4)
  a +0 club
  a +2 leather armour of cold resistance
  a +0 flail
  a +0 scale mail
  a +0 dagger
(4, 8, Orc:4)
  a cursed +0 club
  a +0 ring mail
(2, 9, Orc:4)
  a +0 hand axe
  a +0 long sword
(15, 14, Orc:4)
  a +0 chain mail
(14, 18, Orc:4)
  a +0 leather armour
(-2, 19, Orc:4)
  a +0 long sword
  a +0 plate armour
(15, 20, Orc:4)
  a +0 dagger
  a +0 robe
(15, 21, Orc:4)
  a +0 hand axe
  a +0 ring mail
  an orc corpse (skeletalised by now)
(16, 21, Orc:4)
  a +0 hand axe
(-8, 22, Orc:4)
  a +0 giant club
(0, 22, Orc:4)
  a +0 dagger
  a +0 long sword
  a +0 plate armour
  a +0 hand axe
  an orc corpse (skeletalised by now)
(1, 22, Orc:4)
  a +0 hand axe
  a +0 club
(16, 22, Orc:4)
  a cursed -3 hand axe
  a +0 mace
(-3, 24, Orc:4)
  a +0 giant spiked club
(0, 24, Orc:4)
  a poisoned tomahawk
  a +0 flail
  a +0 club
  a +0 trident
(1, 24, Orc:4)
  a +0 hand axe
  a +0 scale mail
(26, 24, Orc:4)
  a +2 triple crossbow of flaming
(-5, 25, Orc:4)
  a +0 giant spiked club
(-2, 25, Orc:4)
  a +0 flail
(0, 25, Orc:4)
  a poisoned tomahawk
  a +0 hand axe
  a cursed -2 flail
  a +0 club
(1, 25, Orc:4)
  a +0 flail
  a +0 ring mail
(26, 25, Orc:4)
  a +0 whip
  a +0 mace
  a +0 mace
  a +0 short sword
  a +0 chain mail
(-1, 26, Orc:4)
  a +0 short sword
(25, 26, Orc:4)
  a +0 club
  a +0 scale mail
  a +0 short sword
  a cursed +0 leather armour
(26, 26, Orc:4)
  a +0 flail
  a +0 leather armour
(0, 27, Orc:4)
  a +0 dagger
  a +0 leather armour
(23, 27, Orc:4)
  a +0 war axe
(22, 28, Orc:4)
  a +0 flail
(20, 29, Orc:4)
  a +0 scimitar of holy wrath
  a +0 chain mail
(20, 30, Orc:4)
  a +0 flail
(18, 31, Orc:4)
  a +0 dagger
  a +0 robe
(22, 31, Orc:4)
  a +0 flail
  a +0 ring mail
(-16, 32, Orc:4)
  a +0 giant club
(-3, 32, Orc:4)
  a +0 falchion
(23, 32, Orc:4)
  a poisoned tomahawk
  a +0 club
  a +0 leather armour
  a +0 mace
  a +0 ring mail
  a +0 hand axe
  a +0 ring mail
  a +0 hand axe of flaming
(-15, 33, Orc:4)
  a +0 giant spiked club
(-12, 33, Orc:4)
  a +0 dire flail
  a +0 giant spiked club
(-11, 33, Orc:4)
  a +0 hand axe of chopping
(-7, 33, Orc:4)
  a +0 flail of protection
  a +0 scale mail
(-2, 33, Orc:4)
  a +0 hand axe
  a +0 chain mail
(-1, 33, Orc:4)
  a cursed -3 club
  a +0 mace
(0, 33, Orc:4)
  a +0 hand axe
(2, 33, Orc:4)
  a +0 short sword
  a +0 mace
(5, 33, Orc:4)
  a +0 giant club
(6, 33, Orc:4)
  a +0 dire flail
  a +0 plate armour
  a +0 glaive
  a +0 chain mail
(9, 33, Orc:4)
  a +0 dagger
  a +1 robe of positive energy
(23, 33, Orc:4)
  a +0 flail
  a +0 leather armour
(24, 33, Orc:4)
  a +2 whip of venom
  a +0 flail
(27, 33, Orc:4)
  a +0 scale mail
(28, 33, Orc:4)
  a +0 war axe
(-5, 34, Orc:4)
  a cursed +0 club
(-2, 34, Orc:4)
  a +2 dagger of venom
(0, 34, Orc:4)
  a +0 mace
(2, 34, Orc:4)
  a +0 club
(9, 34, Orc:4)
  a +0 whip
(22, 34, Orc:4)
  a +0 club
  a poisoned tomahawk
(10, 35, Orc:4)
  a +0 short sword
  a +2 leather armour of cold resistance
(12, 37, Orc:4)
  a +0 club
  a +0 leather armour
(-2, 38, Orc:4)
  a +2 hunting sling of freezing
(-3, 39, Orc:4)
  a +0 giant spiked club
(-2, 39, Orc:4)
  a +0 giant club
(15, 39, Orc:4)
  a +1 short sword of electrocution
  a cursed +0 ring mail
(14, 40, Orc:4)
  a +0 hand axe
(15, 40, Orc:4)
  a +0 club
(17, 40, Orc:4)
  a +0 hand axe
  a +0 ring mail
  a +0 dagger
  21 stones
(-10, 42, Orc:4)
  a +0 short sword
(-12, 43, Orc:4)
  a +0 club
(-11, 43, Orc:4)
  a +0 giant club
(-4, 43, Orc:4)
  a +0 hand axe
  a +0 plate armour
(0, 49, Orc:4)
  a +3 leather armour
(-17, 50, Orc:4)
  a +0 giant spiked club
(-16, 51, Orc:4)
  a cursed -2 giant spiked club
(-2, 51, Orc:4)
  a +3 trident of protection
(-1, 51, Orc:4)
  a +0 club

