Iskenderun

Level 1 of the Dungeon
(0, 0, D:1)
  26 sling bullets
(15, 2, D:1)
  a +0 club
(30, 6, D:1)
  8 bolts of penetration
(45, 6, D:1)
  a +0 robe
(19, 13, D:1)
  a +0 club
(28, 14, D:1)
  29 stones
(16, 19, D:1)
  5 stones
(48, 19, D:1)
  a +0 club
  a +0 club
(31, 24, D:1)
  11 stones
(7, 28, D:1)
  24 bolts
(13, 29, D:1)
  a +0 club
(1, 32, D:1)
  12 poisoned sling bullets
(1, 33, D:1)
  a +0 halberd
(33, 34, D:1)
  a +0 short sword
(23, 36, D:1)
  a +0 dagger
(41, 36, D:1)
  25 arrows
(1, 41, D:1)
  a +0 buckler
(22, 41, D:1)
  14 stones

Level 2 of the Dungeon
(0, 0, D:2)
  a goblin corpse (skeletalised by now)
(-8, 5, D:2)
  23 sling bullets
(16, 5, D:2)
  a +0 robe
(36, 6, D:2)
  a +0 short sword
(-1, 7, D:2)
  a +0 short sword
(10, 7, D:2)
  15 arrows of frost
(-9, 10, D:2)
  16 stones
(4, 11, D:2)
  a +0 leather armour
(31, 14, D:2)
  a +0 scale mail
(14, 16, D:2)
  a +0 hand axe
(0, 22, D:2)
  7 stones
(-6, 23, D:2)
  a stone
(-5, 23, D:2)
  a +0 short sword
  2 stones
(23, 23, D:2)
  a +0 short sword

Level 3 of the Dungeon
(0, 0, D:3)
  a worker ant corpse
(-11, 11, D:3)
  a +0 club
  an orc corpse (rotten by now)
(-28, 15, D:3)
  a +0 club
  a hobgoblin corpse (rotten by now)
  an adder corpse (rotten by now)
(-14, 22, D:3)
  4 silver tomahawks
(-8, 26, D:3)
  an orc skeleton

