Sanguine

Level 1 of the Dungeon
(0, 0, D:1)
  a +0 leather armour
  a +0 whip
(-45, 2, D:1)
  a +0 club
(-45, 5, D:1)
  a +0 whip
(-43, 5, D:1)
  16 bolts
(-52, 8, D:1)
  a +0 dagger
(-31, 9, D:1)
  a +0 club
(-30, 14, D:1)
  a +0 robe
(-6, 14, D:1)
  a stone
(-21, 15, D:1)
  4 arrows
(-7, 16, D:1)
  a +0 club
(-6, 16, D:1)
  a stone
(-6, 20, D:1)
  a +1 dagger of freezing
(-34, 29, D:1)
  19 stones
(-25, 31, D:1)
  a +0 dagger
  a stone
(-34, 44, D:1)
  2 tomahawks

Level 2 of the Dungeon
(0, 0, D:2)
  a +0 club
  a +0 hunting sling
  2 stones
(2, 0, D:2)
  a stone
(-21, 2, D:2)
  a +0 club
(-11, 6, D:2)
  16 sling bullets of frost
(0, 13, D:2)
  a +0 short sword
(9, 16, D:2)
  a +0 dagger
  a stone
(-19, 17, D:2)
  a +0 whip
(-39, 19, D:2)
  a stone
(-35, 19, D:2)
  a +0 club
(-41, 20, D:2)
  4 stones
(12, 24, D:2)
  26 stones
(10, 25, D:2)
  12 stones
(-23, 32, D:2)
  11 bolts

Level 3 of the Dungeon
(0, 0, D:3)
  a +0 robe
(0, 8, D:3)
  a +0 mace
(-10, 12, D:3)
  a +0 robe

