Sanguine

Level 1 of the Dungeon
(0, 0, D:1)
  a +3 dagger of venom
(-7, 7, D:1)
  a +0 robe
(-2, 10, D:1)
  a +0 short sword
(1, 10, D:1)
  a +0 club
(-26, 12, D:1)
  a +0 hand axe
(-1, 18, D:1)
  15 bolts
(-21, 24, D:1)
  11 stones
(-37, 25, D:1)
  a +0 club
(-31, 31, D:1)
  a +0 robe
(-13, 31, D:1)
  3 stones
(-3, 33, D:1)
  a +0 spear
(-20, 35, D:1)
  24 stones
(-8, 35, D:1)
  a +0 robe of magic resistance
(-8, 40, D:1)
  a +0 mace
(19, 41, D:1)
  a +0 club

Level 2 of the Dungeon
(0, 0, D:2)
  a +0 mace
(-16, 1, D:2)
  a stone
(-15, 1, D:2)
  a stone
(-12, 1, D:2)
  5 gold pieces
(-11, 1, D:2)
  a +0 short sword
  (unseen)
(-21, 4, D:2)
  22 stones
(0, 9, D:2)
  a stone
(0, 12, D:2)
  a scroll of identify

