Sanguine

Level 1 of the Dungeon
(0, 0, D:1)
  a +0 club
(18, 1, D:1)
  25 sling bullets
(-9, 2, D:1)
  a +0 club
(-12, 5, D:1)
  17 stones
(-28, 13, D:1)
  a +0 ring mail
(28, 18, D:1)
  a +0 club
(-6, 20, D:1)
  a +0 chain mail
(-28, 23, D:1)
  a +0 club
(-33, 35, D:1)
  9 sling bullets of frost
(-27, 37, D:1)
  a +0 dagger
(-22, 37, D:1)
  a +0 scale mail
(-1, 48, D:1)
  a +0 short sword
(31, 55, D:1)
  a cursed -1 club
(32, 55, D:1)
  a stone

Level 2 of the Dungeon
(0, 0, D:2)
  18 stones
(18, 0, D:2)
  a +0 club
(23, 2, D:2)
  a +0 whip
(14, 4, D:2)
  20 bolts
(0, 5, D:2)
  25 stones
(35, 5, D:2)
  a +0 club
(11, 11, D:2)
  22 stones
(0, 14, D:2)
  a +0 club
  a +0 hunting sling
  18 stones
(4, 14, D:2)
  a stone
(5, 14, D:2)
  a stone
(6, 22, D:2)
  19 poisoned bolts
(-6, 27, D:2)
  a +0 ring mail
(40, 31, D:2)
  19 stones
(14, 36, D:2)
  a +0 hand axe
(14, 37, D:2)
  9 poisoned needles
(18, 38, D:2)
  a +0 club
(23, 42, D:2)
  a +0 scale mail

Level 3 of the Dungeon
(32, 5, D:3)
  2 tomahawks
(33, 5, D:3)
  a tomahawk
  a +0 hand axe
  a +0 ring mail
  an orc corpse
(37, 5, D:3)
  a tomahawk
(4, 8, D:3)
  a +0 short sword
  a cursed -1 leather armour
(3, 10, D:3)
  a +0 mace
  a cursed +0 hand axe
  a +0 ring mail
  a +0 falchion
  a +0 leather armour
(30, 10, D:3)
  a giant gecko skeleton
(18, 15, D:3)
  a +0 short sword
(15, 16, D:3)
  a +0 robe
  a +0 dagger
(18, 16, D:3)
  a +0 flail
  a +0 mace
(22, 19, D:3)
  a +0 ring mail
  a +0 hand axe
(22, 20, D:3)
  a +0 flail
(22, 21, D:3)
  a +1 dagger of venom

