Asterion

Level 1 of the Dungeon
(0, 0, D:1)
  a +0 club
(-5, 10, D:1)
  4 poisoned needles
(42, 10, D:1)
  a +0 club
(-10, 12, D:1)
  19 poisoned needles
(-2, 12, D:1)
  21 stones
(42, 12, D:1)
  a +0 club
(36, 14, D:1)
  8 poisoned needles
(10, 18, D:1)
  25 sling bullets
(11, 21, D:1)
  a +0 club
(11, 22, D:1)
  a +0 dagger
(38, 22, D:1)
  a +0 leather armour of cold resistance
(37, 24, D:1)
  a +0 ring mail
  a +0 robe

Level 2 of the Dungeon
(0, 0, D:2)
  7 stones
(0, 3, D:2)
  a +0 club
(0, 4, D:2)
  a +0 club
(-9, 12, D:2)
  a +0 animal skin
(36, 14, D:2)
  14 stones
(36, 16, D:2)
  a stone
(36, 18, D:2)
  a stone
(-9, 20, D:2)
  a +0 quarterstaff
(21, 21, D:2)
  20 sling bullets of flame
(24, 23, D:2)
  a scroll of noise
  a +0 club
(-20, 31, D:2)
  14 poisoned needles
(-1, 34, D:2)
  16 stones

Level 3 of the Dungeon
(0, 0, D:3)
  13 silver bolts
(-9, 1, D:3)
  a +0 club
(43, 9, D:3)
  26 sling bullets
(-25, 38, D:3)
  a +0 robe
(-3, 40, D:3)
  a +0 ring mail
(30, 40, D:3)
  a +0 mace
(13, 45, D:3)
  a +0 antimagic spear
(13, 48, D:3)
  a +0 trident

Level 4 of the Dungeon
(0, 0, D:4)
  a +0 whip
(-4, 8, D:4)
  a +0 flail
(-6, 9, D:4)
  23 stones
(25, 10, D:4)
  a +0 club
(-10, 15, D:4)
  22 stones
(19, 27, D:4)
  a +0 ring mail
(-32, 30, D:4)
  a +0 club
(-36, 33, D:4)
  a stone
(-36, 34, D:4)
  a stone
(-37, 36, D:4)
  a stone
(-38, 39, D:4)
  a +0 club
(3, 39, D:4)
  a -3 ring of slaying
(15, 42, D:4)
  a +0 mace
(-8, 44, D:4)
  a +0 dagger
(6, 46, D:4)
  a +0 giant club
(17, 49, D:4)
  a +1 vampiric whip
  a +0 ring mail
(-6, 53, D:4)
  19 bolts
(32, 53, D:4)
  a +2 naga barding

Level 5 of the Dungeon
(-6, 4, D:5)
  a giant cockroach corpse
(2, 4, D:5)
  a +0 long sword
(-6, 5, D:5)
  a +0 short sword
(-16, 13, D:5)
  a +0 giant club

