Xombaby

Level 1 of the Dungeon
(0, 0, D:1)
  26 stones
(-12, 1, D:1)
  a cursed -2 dagger
(9, 1, D:1)
  5 javelins
(11, 1, D:1)
  a +0 robe
(23, 12, D:1)
  a +0 club
(-8, 16, D:1)
  a +0 dagger
(-26, 21, D:1)
  a +0 ring mail
(5, 22, D:1)
  a +0 club
(25, 36, D:1)
  a +0 club
(0, 38, D:1)
  a cursed -1 club
(-33, 48, D:1)
  a +0 dagger
(-16, 49, D:1)
  a +0 leather armour
(-36, 55, D:1)
  a +0 club
(-25, 56, D:1)
  a +0 whip
(-17, 56, D:1)
  a +0 short sword

Level 2 of the Dungeon
(0, 5, D:2)
  a +0 dagger
(-18, 8, D:2)
  a +0 ring mail
(-1, 13, D:2)
  a +0 dagger
  3 stones
(7, 14, D:2)
  17 arrows
(17, 21, D:2)
  a +1 dagger of protection
(19, 23, D:2)
  26 stones
(-22, 24, D:2)
  21 sling bullets
(-3, 26, D:2)
  a cursed +0 club
(7, 31, D:2)
  16 poisoned needles
(-14, 32, D:2)
  29 stones
(-6, 36, D:2)
  20 stones
(18, 36, D:2)
  a +0 club
(22, 38, D:2)
  a +0 dagger
(-13, 47, D:2)
  a stone
(-11, 47, D:2)
  a +0 dagger
(-10, 47, D:2)
  a +0 short sword

Level 3 of the Dungeon
(0, 0, D:3)
  a +0 leather armour
(9, 1, D:3)
  a cursed +0 dagger
(-29, 3, D:3)
  a +0 club
(14, 5, D:3)
  24 stones
(16, 18, D:3)
  a +0 flail
(2, 22, D:3)
  a +0 spear
(11, 33, D:3)
  a +0 club
(-15, 35, D:3)
  a +0 hunting sling
  13 sling bullets
(15, 35, D:3)
  9 stones
(-14, 37, D:3)
  a sling bullet
(-1, 37, D:3)
  a +1 rapier of electrocution
(-2, 41, D:3)
  a +0 dagger
  a +0 robe
(-1, 42, D:3)
  a +0 flail
  a +0 leather armour
(-1, 43, D:3)
  a +0 whip
  a +0 chain mail
(-22, 46, D:3)
  a +0 short sword
(-22, 48, D:3)
  a +0 greatsling

Level 4 of the Dungeon
[Shop] Mivaiqed's General Store
  a scroll of identify (22 gold)
  a +0 hand axe (33 gold)
  a +0 leather armour (22 gold)
  a scroll of amnesia (38 gold)
  3 fruits (49 gold)
  3 tomahawks (16 gold)
  an uncursed amulet of faith (440 gold)
  a meat ration (55 gold)
  a scroll of recharging (104 gold)
  4 large rocks (30 gold)
  a beef jerky (16 gold)
  a +0 robe (7 gold)
  a plain deck of summoning (154 gold)
  2 scrolls of recharging (209 gold)
(0, 0, D:4)
  a +0 scale mail
(53, 0, D:4)
  a +0 club
(33, 15, D:4)
  27 stones
(12, 16, D:4)
  2 scrolls of fear
(13, 16, D:4)
  a scroll of immolation
(47, 18, D:4)
  a scroll of noise
(21, 19, D:4)
  a +0 dagger
(0, 22, D:4)
  22 arrows
(24, 36, D:4)
  a +0 club
(5, 39, D:4)
  a +2 shield
(31, 42, D:4)
  a +0 mace
(13, 51, D:4)
  a +0 mace

