Sanguine

Level 1 of the Dungeon
(0, 0, D:1)
  a +0 hunting sling
(7, 0, D:1)
  a +0 dagger
(31, 1, D:1)
  a +1 hunting sling of evasion
(21, 3, D:1)
  a cursed +0 dagger
(29, 4, D:1)
  a +0 hand axe
(-3, 16, D:1)
  a +0 club
(-5, 19, D:1)
  18 stones
(36, 24, D:1)
  a stone
(33, 27, D:1)
  a stone
(2, 43, D:1)
  a +0 hunting sling

Level 2 of the Dungeon
(1, 4, D:2)
  15 poisoned needles
(0, 5, D:2)
  a +0 dagger
(-9, 9, D:2)
  a rat skeleton
(-23, 15, D:2)
  a +0 dagger
(-21, 15, D:2)
  a +0 leather armour
(-26, 17, D:2)
  a potion of might
(-26, 18, D:2)
  18 gold pieces
(-26, 19, D:2)
  a +0 dagger
  (unseen)
(-21, 22, D:2)
  5 gold pieces
(2, 29, D:2)
  a +0 club
(2, 30, D:2)
  a +0 club
(6, 35, D:2)
  3 javelins
(-12, 41, D:2)
  a +0 mace

