Asterion

Level 1 of the Dungeon
(0, 0, D:1)
  3 stones
(1, 0, D:1)
  a stone
(-13, 1, D:1)
  a +0 dagger
(-29, 2, D:1)
  a +0 leather armour
(0, 3, D:1)
  a stone
(3, 3, D:1)
  2 stones
(3, 5, D:1)
  a stone
(3, 6, D:1)
  a +0 short sword
  2 stones
(29, 6, D:1)
  a +0 leather armour
(-32, 7, D:1)
  a +0 dagger
(26, 14, D:1)
  a +0 robe
(21, 16, D:1)
  a +0 spear
(8, 22, D:1)
  a +0 spear
(25, 31, D:1)
  a +0 club
(3, 32, D:1)
  15 sling bullets of frost
(-24, 36, D:1)
  a +0 dagger
(-11, 40, D:1)
  a +0 club
(19, 40, D:1)
  a +0 club

Level 2 of the Dungeon
(0, 0, D:2)
  a +0 animal skin
(-13, 4, D:2)
  a +0 hunting sling
(-12, 5, D:2)
  a +0 ring mail
(-11, 10, D:2)
  3 javelins
(22, 10, D:2)
  a +0 dagger
(-33, 14, D:2)
  8 poisoned needles
(-31, 14, D:2)
  a +0 club
(16, 14, D:2)
  a +0 club
(-23, 16, D:2)
  17 stones
(-8, 19, D:2)
  a stone
(11, 19, D:2)
  a stone
  a +0 dagger
(11, 21, D:2)
  a +0 short sword
  a stone
(15, 21, D:2)
  2 stones
(-13, 22, D:2)
  a +0 short sword
  2 stones
(16, 23, D:2)
  a stone
(-33, 24, D:2)
  16 stones
(17, 26, D:2)
  a stone
  a +0 dagger
  a +0 whip
(-24, 28, D:2)
  a +0 club
(17, 28, D:2)
  a stone
(-31, 30, D:2)
  a stone
(-30, 30, D:2)
  a stone
(-29, 30, D:2)
  a stone
(-20, 38, D:2)
  a +0 hammer
(-17, 39, D:2)
  a +0 cloak

Level 3 of the Dungeon
(0, 0, D:3)
  13 stones
(-21, 2, D:3)
  a +0 whip
(-7, 3, D:3)
  9 arrows of flame
(28, 8, D:3)
  a +0 mace
  3 tomahawks
(10, 9, D:3)
  a stone
(13, 9, D:3)
  a stone
(15, 9, D:3)
  a stone
(17, 9, D:3)
  a +0 short sword
(25, 9, D:3)
  a +0 falchion
  a +0 dagger
  a +0 robe
(28, 9, D:3)
  a +1 hand axe of electrocution
(33, 9, D:3)
  a tomahawk
(28, 10, D:3)
  a +0 hand axe
(9, 15, D:3)
  a +0 club
(5, 17, D:3)
  a +0 blowgun
  4 poisoned needles
(3, 18, D:3)
  a poisoned needle
(-2, 19, D:3)
  a poisoned needle
(-1, 19, D:3)
  a poisoned needle
(0, 19, D:3)
  2 poisoned needles
(1, 19, D:3)
  a poisoned needle
(-22, 27, D:3)
  a +0 ring mail
(7, 43, D:3)
  a +0 leather armour
(6, 48, D:3)
  14 bolts of frost

Level 4 of the Dungeon
(0, 0, D:4)
  11 stones
(23, 5, D:4)
  a cursed -3 whip
(45, 5, D:4)
  a +0 club
(34, 7, D:4)
  a +0 club
  a +0 chain mail
  a +2 dagger of electrocution
  a +0 robe
  a cursed -1 club
  a +0 blowgun
  18 poisoned needles
(-7, 11, D:4)
  a +0 hand axe
(-5, 11, D:4)
  a +0 leather armour
(-4, 11, D:4)
  a +0 club
  a +0 leather armour
(-4, 12, D:4)
  a +0 club
(-5, 13, D:4)
  a +0 dagger
  a +0 robe
(28, 16, D:4)
  a +0 club
(48, 17, D:4)
  a +0 dagger
  a +0 robe
(2, 18, D:4)
  a cursed -2 mace
(-7, 19, D:4)
  a +0 ring mail
(6, 19, D:4)
  a +0 blowgun
  a +0 dagger
  8 poisoned needles
(9, 19, D:4)
  a poisoned needle
(46, 19, D:4)
  a +0 short sword
  5 stones
(11, 20, D:4)
  a poisoned needle
  a +0 dagger
  a +0 robe
  a +0 club
  a +0 leather armour
  a +0 mace
(12, 20, D:4)
  2 poisoned needles
(11, 21, D:4)
  a +0 mace
(12, 21, D:4)
  a +0 hand axe
  a +0 leather armour
(34, 21, D:4)
  a +0 short sword
(50, 22, D:4)
  a cursed -1 dagger
  a +0 robe
(44, 27, D:4)
  a cursed -3 hand axe
(44, 28, D:4)
  a +0 leather armour
  a +0 dagger
  a +0 robe
(44, 29, D:4)
  a +0 short sword
  a +0 mace
(25, 31, D:4)
  13 stones
(27, 31, D:4)
  a +0 giant spiked club
(14, 36, D:4)
  a +0 club
  a +0 chain mail
(44, 41, D:4)
  a +0 robe

Level 5 of the Dungeon
(0, 0, D:5)
  a +0 hand axe
  a +1 short sword of venom
(1, 0, D:5)
  a cursed -1 hand axe
(2, 0, D:5)
  a +0 hand axe
(-2, 3, D:5)
  a +0 hand axe
(-22, 4, D:5)
  a +0 giant club
(-11, 4, D:5)
  a +0 ring mail
(-12, 11, D:5)
  a +0 hunting sling
(15, 11, D:5)
  a +0 short sword
(20, 11, D:5)
  7 stones
(-14, 19, D:5)
  a +0 centaur barding
(16, 24, D:5)
  a +0 hand axe
(17, 24, D:5)
  a +0 dagger
  a +0 dagger
  a +0 robe
  a +0 flail
  a +0 ring mail
(17, 25, D:5)
  a +0 dagger
  a +0 robe
(8, 33, D:5)
  21 sling bullets of flame

Level 6 of the Dungeon
(0, 0, D:6)
  a +0 club
(1, 0, D:6)
  a +0 vampiric short sword
  (unseen)
(0, 1, D:6)
  a +0 hunting sling
(4, 3, D:6)
  a +2 mace of protection
(5, 3, D:6)
  a +0 hand axe
  an orc corpse
(-1, 4, D:6)
  a +3 ring of protection
(5, 4, D:6)
  a +0 dagger
  (unseen)
(10, 4, D:6)
  a potion of invisibility
(13, 4, D:6)
  8 gold pieces
(9, 22, D:6)
  a +0 robe
(22, 22, D:6)
  a +0 giant club
(6, 27, D:6)
  15 sling bullets
(8, 28, D:6)
  a +0 ring mail
(-4, 29, D:6)
  a plain deck of war
(-28, 30, D:6)
  an uncursed ring of teleport control

