Eric

Level 1 of the Dungeon
(0, 0, D:1)
  a +0 plate armour
(-9, 2, D:1)
  a +0 dagger
  a goblin corpse (skeletalised by now)
(3, 4, D:1)
  a +0 dagger
(0, 16, D:1)
  12 stones
(20, 16, D:1)
  a +0 dagger
  a kobold corpse (skeletalised by now)
(-8, 24, D:1)
  a +0 dagger
(-3, 31, D:1)
  a +0 dagger
(-5, 33, D:1)
  a rat corpse (rotten by now)
(28, 34, D:1)
  a giant newt corpse (skeletalised by now)
(-8, 38, D:1)
  a +0 short sword
  a +0 club
  a +0 dagger
  a goblin corpse (skeletalised by now)

Level 2 of the Dungeon
(0, 0, D:2)
  a scroll of remove curse
(-28, 1, D:2)
  25 stones
(-28, 3, D:2)
  a +0 scale mail
(-9, 3, D:2)
  a worm corpse (rotten by now)
(3, 3, D:2)
  a +0 club
(-6, 6, D:2)
  an arrow
(-3, 6, D:2)
  3 arrows
(-2, 6, D:2)
  7 tomahawks
(-4, 9, D:2)
  an arrow
(-3, 9, D:2)
  an arrow
(-2, 9, D:2)
  an arrow
(-1, 9, D:2)
  an arrow
(0, 9, D:2)
  2 arrows
(1, 9, D:2)
  an arrow
(13, 9, D:2)
  an arrow
(-10, 10, D:2)
  an arrow
(12, 10, D:2)
  an arrow
(10, 13, D:2)
  a +0 dagger
  a kobold corpse
(8, 15, D:2)
  an arrow
(7, 16, D:2)
  an arrow
(4, 17, D:2)
  2 arrows
(4, 22, D:2)
  a +0 club
  a hobgoblin corpse
(0, 23, D:2)
  a +0 robe
(11, 23, D:2)
  a +0 ring mail
(-29, 29, D:2)
  a +0 dagger

