Dracula

Level 1 of the Dungeon
(0, 0, D:1)
  a +0,+0 dagger
(-22, 1, D:1)
  a +1 ring mail
(5, 3, D:1)
  10 sling bullets
(-18, 8, D:1)
  a +0,+0 club
(-16, 12, D:1)
  a +0,+0 club
(-9, 23, D:1)
  a +0,+0 dagger
(8, 30, D:1)
  20 arrows
(-6, 36, D:1)
  a +0 chain mail
(12, 43, D:1)
  a +2,+4 dagger

Level 2 of the Dungeon
(0, 0, D:2)
  a +0,+0 club
(-46, 5, D:2)
  a cursed +0,-2 club
(-43, 5, D:2)
  a +0,+0 sling
  16 stones
(-36, 5, D:2)
  a +0,+0 club
  16 darts
  a +0 leather armour
(-44, 6, D:2)
  a stone
(-43, 6, D:2)
  2 stones
(-36, 8, D:2)
  a stone
(8, 10, D:2)
  a cursed -1,+0 club
(-15, 11, D:2)
  a +0 leather armour
(-51, 14, D:2)
  a cursed +0 leather armour
(-3, 15, D:2)
  16 darts of frost
(15, 22, D:2)
  a scroll of noise
(10, 30, D:2)
  a +0 scale mail
(14, 41, D:2)
  a +0,+0 mace

Level 3 of the Dungeon
(0, 0, D:3)
  a rotting jackal corpse
(21, 5, D:3)
  15 gold pieces
(39, 8, D:3)
  a poisoned needle
(38, 9, D:3)
  a poisoned needle
(38, 10, D:3)
  a curare-tipped needle
(38, 11, D:3)
  3 poisoned needles (still there?)
  2 poisoned needles (still there?)
(5, 17, D:3)
  a +0 robe
(29, 18, D:3)
  10 gold pieces
(49, 21, D:3)
  18 arrows
(59, 23, D:3)
  a potion of heal wounds
(30, 26, D:3)
  a +0,+0 dagger
(7, 27, D:3)
  a bread ration
(10, 27, D:3)
  a scroll of noise
(29, 32, D:3)
  a scroll of identify
(47, 33, D:3)
  6 needles of sleeping
(36, 34, D:3)
  a scroll of remove curse
(52, 37, D:3)
  a beef jerky
(55, 41, D:3)
  a potion of curing

