Dracula

Level 1 of the Dungeon
(0, 0, D:1)
  22 arrows
(26, 0, D:1)
  a +0,+0 club
(-18, 5, D:1)
  a +0 chain mail
(2, 5, D:1)
  a +2,+0 sling of velocity
(21, 7, D:1)
  a +0,+0 whip
(-2, 8, D:1)
  a +0 chain mail
(-2, 11, D:1)
  a +0,+0 dagger
(2, 14, D:1)
  a +0,+0 dagger
(21, 17, D:1)
  19 darts
(11, 18, D:1)
  a +0,+0 whip
(29, 18, D:1)
  a +1,+2 dagger of pain
(13, 31, D:1)
  a bread ration
(17, 36, D:1)
  a +0,+0 club
(-24, 40, D:1)
  a +0 chain mail
(-18, 41, D:1)
  a +0,+0 sling
(-26, 42, D:1)
  a +0,+0 hand axe
(13, 44, D:1)
  a +0,+0 short sword
(-21, 47, D:1)
  a +1,+1 mace

Level 2 of the Dungeon
(0, 0, D:2)
  a dart
(3, 0, D:2)
  a +0,+0 dagger
(-1, 1, D:2)
  a dart
(-1, 2, D:2)
  a +0,+0 short sword
(-29, 6, D:2)
  30 darts
(-36, 17, D:2)
  a +0,+0 whip
(-35, 20, D:2)
  a +0,+0 club
(-53, 23, D:2)
  a bread ration
(-41, 25, D:2)
  6 javelins
(-13, 25, D:2)
  a +0,+0 club
  27 darts
(-11, 25, D:2)
  a dart
(-10, 25, D:2)
  a dart
(-8, 25, D:2)
  a dart
(-2, 30, D:2)
  a +0 cloak
(5, 44, D:2)
  a +0,+0 whip
(11, 46, D:2)
  a +0,+0 club
(11, 47, D:2)
  a +0,+0 club

Level 3 of the Dungeon
(0, 0, D:3)
  a dart
(10, 1, D:3)
  a +0,+0 flail
(-13, 2, D:3)
  24 sling bullets
(34, 6, D:3)
  a +0,+0 short sword
(24, 9, D:3)
  a cursed +0 ring mail
(2, 11, D:3)
  a +0,+0 sling
(8, 17, D:3)
  28 stones
(33, 18, D:3)
  a +0,+0 hand axe
(-14, 19, D:3)
  a +0,+0 hammer
(36, 20, D:3)
  24 stones
(34, 24, D:3)
  a +0 blowgun
(29, 25, D:3)
  a +0 chain mail
(15, 27, D:3)
  a +0,+0 short sword
(-2, 32, D:3)
  24 stones

Level 4 of the Dungeon
(0, 0, D:4)
  a hobgoblin skeleton
(1, 5, D:4)
  2 darts
(-18, 6, D:4)
  a worker ant corpse
(-20, 7, D:4)
  an adder corpse
(-11, 9, D:4)
  a +0,+0 dagger
(-7, 10, D:4)
  a +0 leather armour
(-9, 11, D:4)
  a +0 cloak
  a +0 cloak
(25, 15, D:4)
  a cursed -1,-1 dagger
(-18, 18, D:4)
  a +0,+0 giant club
(-5, 31, D:4)
  a rotting adder corpse
(23, 39, D:4)
  a +0 leather armour
(-14, 41, D:4)
  a dart
(-13, 41, D:4)
  a dart
(-9, 41, D:4)
  a dart
(-18, 42, D:4)
  a dart
(23, 42, D:4)
  a +0,+0 whip
(15, 43, D:4)
  a +0,+0 club

