Sanguine

Level 1 of the Dungeon
(0, 0, D:1)
  a stone
(5, 0, D:1)
  a stone
(1, 1, D:1)
  a stone
(3, 1, D:1)
  a stone
(-41, 3, D:1)
  a +0 dagger
(13, 4, D:1)
  a +0 club
(-35, 7, D:1)
  a stone
(-34, 7, D:1)
  a +0 club
(-11, 12, D:1)
  a +0 hunting sling
(-23, 13, D:1)
  a +0 club
(-16, 17, D:1)
  a +0 short sword
(11, 24, D:1)
  12 arrows
(-1, 25, D:1)
  a +0 leather armour
(-11, 30, D:1)
  a cursed -2 club
(-2, 34, D:1)
  2 stones
(-1, 34, D:1)
  8 poisoned arrows
(-8, 39, D:1)
  10 stones
(14, 42, D:1)
  26 sling bullets

Level 2 of the Dungeon
(0, 0, D:2)
  a +0 scythe
  a +0 robe
(26, 15, D:2)
  a +0 leather armour
(28, 20, D:2)
  a +0 club
(0, 21, D:2)
  a +0 leather armour
(32, 22, D:2)
  13 stones
(6, 25, D:2)
  a +0 spear
(20, 25, D:2)
  a +0 mace
(0, 26, D:2)
  a +0 club
(1, 26, D:2)
  a +0 dagger
  a +0 club
  a +0 animal skin
  a +0 club
(12, 26, D:2)
  23 stones
(0, 27, D:2)
  a +0 club
  a +0 club
  a +0 club
  a +0 dagger
  a +0 club
(0, 28, D:2)
  a +0 dagger
(2, 28, D:2)
  a +0 leather armour
(15, 33, D:2)
  a +0 short sword
(4, 34, D:2)
  a +0 hunting sling
(18, 34, D:2)
  2 stones
(9, 42, D:2)
  a +0 hunting sling
(4, 50, D:2)
  a +0 spear
(4, 51, D:2)
  a +0 club
(8, 52, D:2)
  a +0 dagger

Level 3 of the Dungeon
(0, 0, D:3)
  a +0 robe
(-14, 5, D:3)
  a stone
(-14, 6, D:3)
  a stone
(-14, 7, D:3)
  a +0 short sword
  3 stones
(-37, 9, D:3)
  17 stones
(-14, 9, D:3)
  a +0 whip
  2 stones
(-22, 10, D:3)
  14 stones
(4, 10, D:3)
  6 tomahawks
(9, 18, D:3)
  a +0 club
(21, 19, D:3)
  a +0 rapier
(-12, 25, D:3)
  13 stones
(-6, 25, D:3)
  a +0 club
  a +0 leather armour
(-5, 25, D:3)
  a +0 club
(-5, 26, D:3)
  a +0 flail
  a +0 club
(-15, 27, D:3)
  a +0 robe
(-20, 55, D:3)
  a +0 hunting sling

