Sanguine

Level 1 of the Dungeon
(0, 0, D:1)
  16 bolts
(-32, 2, D:1)
  a cursed -1 club
(4, 3, D:1)
  a +0 short sword
(-33, 4, D:1)
  a cursed -3 club
(-34, 13, D:1)
  a +0 dagger
(-9, 13, D:1)
  a +0 dagger
  4 stones
  a +0 dagger
(17, 13, D:1)
  a +0 spear
(-9, 14, D:1)
  a stone
(-20, 26, D:1)
  a cursed +0 club
(-24, 27, D:1)
  a +0 leather armour
(11, 30, D:1)
  a +0 dagger
(0, 40, D:1)
  a +0 dagger

Level 2 of the Dungeon
(0, 0, D:2)
  19 stones
(12, 5, D:2)
  a +0 club
(26, 12, D:2)
  a +0 robe
(43, 19, D:2)
  7 poisoned bolts
(17, 23, D:2)
  4 bolts
(-7, 25, D:2)
  2 javelins
(-4, 25, D:2)
  a +0 ring mail
  a +0 dagger
(1, 25, D:2)
  a book of Alchemy
(23, 29, D:2)
  a +0 club
(30, 43, D:2)
  31 arrows

Level 3 of the Dungeon
(7, 6, D:3)
  a poisoned needle
(8, 8, D:3)
  a poisoned needle
(8, 10, D:3)
  a +0 dagger
  a +0 blowgun
  9 poisoned needles
(4, 13, D:3)
  a +0 short sword
(8, 16, D:3)
  a +0 mace
(-5, 36, D:3)
  a +2 long sword of electrocution

