Asterion

Level 1 of the Dungeon
(0, 0, D:1)
  a cursed -3 whip
(4, 0, D:1)
  a stone
(5, 0, D:1)
  a stone
(6, 0, D:1)
  a stone
(16, 0, D:1)
  a +1 leather armour of cold resistance
(8, 3, D:1)
  a +0 animal skin
(-13, 4, D:1)
  a +0 club
  a +0 club
(5, 17, D:1)
  6 sling bullets
(30, 18, D:1)
  a +0 dagger
(28, 29, D:1)
  a +0 dagger
(16, 32, D:1)
  21 arrows
(35, 32, D:1)
  a +0 club
  a +0 club
(-10, 36, D:1)
  a +0 dagger
(20, 36, D:1)
  a +0 spear
(27, 40, D:1)
  a +0 short sword
(-15, 45, D:1)
  a +0 club
(6, 45, D:1)
  15 stones
(-7, 49, D:1)
  a stone
(24, 50, D:1)
  6 needles of confusion
(-8, 52, D:1)
  a +0 short sword

Level 2 of the Dungeon
(0, 0, D:2)
  18 sling bullets
(44, 12, D:2)
  a +0 club
(32, 14, D:2)
  a +0 club
(-1, 15, D:2)
  a +0 club
(33, 16, D:2)
  a +0 hand axe
(4, 20, D:2)
  a +0 club
  a +0 hunting sling
  18 stones
(4, 22, D:2)
  2 stones
(3, 23, D:2)
  a stone
(35, 24, D:2)
  a +0 club
(4, 25, D:2)
  2 stones
(-6, 34, D:2)
  a +0 dagger
(45, 35, D:2)
  a +0 hammer
(44, 38, D:2)
  a +4 quarterstaff of chaos
(20, 47, D:2)
  a +0 mace
(-11, 48, D:2)
  a +0 robe
(-11, 52, D:2)
  a stone
(-11, 53, D:2)
  a stone
(-11, 55, D:2)
  a stone
(-11, 56, D:2)
  a stone
(-7, 58, D:2)
  a +0 leather armour
(3, 58, D:2)
  16 stones
(-6, 59, D:2)
  11 stones

Level 3 of the Dungeon
(0, 0, D:3)
  a cursed -3 halberd
(-27, 3, D:3)
  a +0 robe
(-41, 5, D:3)
  a +0 blowgun
  6 poisoned needles
(-33, 6, D:3)
  a +0 club
(-12, 7, D:3)
  a +0 cutlass
(-16, 8, D:3)
  a +0 hand axe
(4, 9, D:3)
  a +0 whip of pain
(-17, 10, D:3)
  a +0 club
(-16, 10, D:3)
  a +0 mace
  a +0 ring mail
  a +0 mace
  a +0 leather armour
(-23, 18, D:3)
  a +0 ring mail
(-7, 23, D:3)
  a +0 club
(-15, 25, D:3)
  16 stones
(7, 27, D:3)
  a +0 club
  a +0 ring mail
  a +0 club
(-34, 31, D:3)
  a +0 club
(-23, 33, D:3)
  a +0 leather armour
(2, 38, D:3)
  15 silver bolts
(-39, 40, D:3)
  a +0 dagger
  a +0 hunting sling
  18 stones
(-12, 41, D:3)
  a stone
(-33, 46, D:3)
  a +0 dagger

Level 4 of the Dungeon
(0, 0, D:4)
  8 needles of confusion
(23, 1, D:4)
  a cursed -3 giant club
(-16, 5, D:4)
  a +0 short sword
(31, 5, D:4)
  a cursed +0 whip
(25, 7, D:4)
  a cursed +0 club
(34, 12, D:4)
  a +0 dagger
(35, 13, D:4)
  a +0 scale mail
(-5, 27, D:4)
  a +0 ring mail
  a +0 dagger
  a +0 robe
(-6, 28, D:4)
  a +0 whip
  a +0 dagger
  a +0 leather armour
(-6, 29, D:4)
  a +0 giant club
(-7, 36, D:4)
  a +0 short sword
  a +0 chain mail
  a +0 club
  a +0 dagger
  a +0 robe
  a +0 dagger
  a +0 robe
  a +0 club
  a cursed +0 leather armour
  a +0 whip
(26, 38, D:4)
  a +0 dagger
(-11, 41, D:4)
  a +0 leather armour
(-11, 44, D:4)
  a +0 robe

Level 5 of the Dungeon
(0, 0, D:5)
  a potion of restore abilities

