Sanguine

Level 1 of the Dungeon
(0, 0, D:1)
  a +0 club
(-5, 1, D:1)
  a +0 leather armour
(15, 12, D:1)
  a +0 leather armour
(-9, 14, D:1)
  a +0 club
(0, 14, D:1)
  a +0 club
(12, 14, D:1)
  a +0 whip
(0, 15, D:1)
  a +0 club
(6, 16, D:1)
  a +0 club
(4, 18, D:1)
  a stone
(30, 22, D:1)
  a +0 dagger
(22, 25, D:1)
  20 stones
(-1, 32, D:1)
  a stone
(-1, 33, D:1)
  a +0 whip

Level 2 of the Dungeon
(0, 0, D:2)
  18 stones
(29, 7, D:2)
  a cursed -1 club
(40, 9, D:2)
  a cursed -1 dagger
(15, 28, D:2)
  a +0 spear
(26, 47, D:2)
  a +0 short sword
(21, 57, D:2)
  a +0 ring mail
(25, 61, D:2)
  a +0 ring mail

Level 3 of the Dungeon
(22, 9, D:3)
  a +0 war axe
(15, 11, D:3)
  a +0 quarterstaff
(39, 18, D:3)
  19 arrows
(35, 19, D:3)
  a +1 scythe of slicing
  a +0 robe
(39, 20, D:3)
  a +0 flail
(7, 22, D:3)
  a +1 helmet
(11, 25, D:3)
  a +0 leather armour
(13, 25, D:3)
  16 stones
(9, 31, D:3)
  4 javelins
(25, 36, D:3)
  a +0 club
(13, 40, D:3)
  an adder skeleton

Level 4 of the Dungeon
(0, 0, D:4)
  a +0 short sword

