Asterion

Level 1 of the Dungeon
(0, 0, D:1)
  a +0 dagger
(7, 8, D:1)
  a +0 club
(-37, 16, D:1)
  a +0 centaur barding
(-40, 25, D:1)
  a +0 flail
(-19, 25, D:1)
  a +0 club
(0, 38, D:1)
  a +0 ring mail
(-34, 47, D:1)
  a +0 animal skin
(-42, 50, D:1)
  a +0 club

Level 2 of the Dungeon
(0, 0, D:2)
  2 stones
  a +0 club
(2, 0, D:2)
  a stone
  a chunk of flesh
  a giant newt skeleton
(-2, 1, D:2)
  a +2 dagger of electrocution
  (unseen)
(-1, 1, D:2)
  a +0 dagger (still there?)
  a goblin corpse (still there?)
(1, 1, D:2)
  a goblin corpse
(-5, 2, D:2)
  4 gold pieces
(-1, 2, D:2)
  a +0 club
  (unseen)
(0, 2, D:2)
  a +0 dagger
(1, 2, D:2)
  a +0 dagger
  (unseen)
(-5, 3, D:2)
  a bread ration
(-7, 4, D:2)
  a +0 war axe
(2, 4, D:2)
  a potion of might
(7, 11, D:2)
  17 stones
(7, 12, D:2)
  16 arrows
(4, 14, D:2)
  a +0 dagger
(9, 16, D:2)
  9 bolts of flame

