Asterion

Level 1 of the Dungeon
(0, 0, D:1)
  a +0 leather armour
(37, 7, D:1)
  a +0 dagger
(49, 9, D:1)
  14 stones
(35, 12, D:1)
  a cursed +0 leather armour
(43, 16, D:1)
  a +0 short sword of draining
  a stone
(44, 16, D:1)
  a +0 club
(37, 24, D:1)
  a +0 club
(-7, 28, D:1)
  a +0 club
(32, 29, D:1)
  a cursed +0 robe
(2, 31, D:1)
  12 sling bullets
(38, 33, D:1)
  a stone
(57, 33, D:1)
  19 steel bolts
(8, 34, D:1)
  9 stones
(47, 39, D:1)
  a +0 robe
(58, 46, D:1)
  a +0 short sword
(8, 50, D:1)
  a +0 animal skin

Level 2 of the Dungeon
(0, 0, D:2)
  a +0 hunting sling
(26, 2, D:2)
  a +0 scale mail
(22, 5, D:2)
  a +0 short sword
(24, 7, D:2)
  29 bolts
(22, 9, D:2)
  a +0 dagger
  a +0 robe
(35, 25, D:2)
  a +0 club
(31, 28, D:2)
  a +0 leather armour
(5, 33, D:2)
  22 stones
(11, 40, D:2)
  a +0 dagger
(32, 42, D:2)
  a +0 dagger

Level 3 of the Dungeon
(-42, 1, D:3)
  a +0 club
(6, 4, D:3)
  a tomahawk
(7, 4, D:3)
  a tomahawk
(9, 5, D:3)
  a +0 falchion
  a tomahawk
  a +0 leather armour
(9, 6, D:3)
  a +1 dagger of freezing
  a +0 robe
(-46, 7, D:3)
  a +0 chain mail
(9, 7, D:3)
  a +0 flail
  a +0 falchion
  9 stones
  a +0 flail
  a tomahawk
(-36, 16, D:3)
  a +0 chain mail
(-24, 16, D:3)
  a +0 club
(-27, 17, D:3)
  a poisoned needle
(-25, 17, D:3)
  a +0 blowgun
  a +0 whip
(-24, 17, D:3)
  a +0 club
(2, 17, D:3)
  a poisoned needle
(-36, 18, D:3)
  a +0 falchion
(-25, 18, D:3)
  2 poisoned needles
(-24, 18, D:3)
  a +0 hand axe
  a +0 ring mail
(-1, 18, D:3)
  a stone
(-26, 19, D:3)
  a +0 whip
(-25, 19, D:3)
  a cursed +0 club
  a +0 ring mail
(-24, 19, D:3)
  a +0 short sword
  a +0 ring mail
(2, 19, D:3)
  a poisoned needle
(-26, 20, D:3)
  a poisoned needle
(1, 20, D:3)
  a stone
(-16, 21, D:3)
  a +0 robe
(2, 21, D:3)
  a +0 blowgun
  8 poisoned needles
(-6, 25, D:3)
  a +0 ring mail
(3, 27, D:3)
  a +0 hand axe
(-17, 30, D:3)
  a +0 club
  a +0 leather armour
(-34, 31, D:3)
  a stone
(-18, 31, D:3)
  a +0 hand axe
  a +0 chain mail
(-17, 31, D:3)
  a +0 hand axe
(-16, 31, D:3)
  a +0 dagger
  a cursed +0 robe
(-32, 33, D:3)
  a stone
(-30, 35, D:3)
  a stone
(11, 35, D:3)
  a +0 club
(-41, 44, D:3)
  4 stones
(-41, 46, D:3)
  a stone
(11, 48, D:3)
  a cursed -2 flail
(-31, 51, D:3)
  a +0 spear
(-25, 53, D:3)
  16 stones
(-39, 54, D:3)
  18 arrows
(-27, 54, D:3)
  a +0 robe

Level 4 of the Dungeon
[Shop] Ghi Mala's Weapon Shop
  a +0 hunting sling (21 gold)
  12 poisoned arrows (67 gold)
  8 sling bullets (56 gold)
  a +0 falchion (42 gold)
  a +0 quarterstaff (56 gold)
  a +1 dagger of venom (131 gold)
  a +0 club (14 gold)
  14 sling bullets (98 gold)
  17 bolts (47 gold)
  a +2 short sword of venom (218 gold)
  a +0 quarterstaff (56 gold)
  a +0 hand axe (42 gold)
(0, 0, D:4)
  a +0 hand axe of chopping
(9, 2, D:4)
  a cursed -3 war axe
(-29, 5, D:4)
  a +0 quarterstaff
(-17, 6, D:4)
  a +0 long sword
(-10, 6, D:4)
  a +0 club
(2, 7, D:4)
  a +0 club
(-33, 12, D:4)
  a +0 whip
(-32, 12, D:4)
  a +0 dagger
  a +0 chain mail
(-31, 12, D:4)
  a +0 dagger
  a +0 robe
(-30, 12, D:4)
  a +0 mace
  a +0 dagger
  a +0 robe
(-33, 13, D:4)
  a +0 flail
(-20, 22, D:4)
  a +0 club
(-44, 34, D:4)
  15 stones
(-24, 45, D:4)
  a +0 helmet
(-31, 46, D:4)
  a +0 giant spiked club
(-27, 48, D:4)
  a stone
(-26, 49, D:4)
  a stone
(-24, 50, D:4)
  a +0 club
  a stone

Level 5 of the Dungeon
[Shop] Qafof's Gadget Shoppe
  a wand of paralysis (13) (210 gold)
  a phantom mirror (420 gold)
  a wand of lightning (8) (168 gold)
  a phantom mirror (420 gold)
  a crystal ball of energy (280 gold)
  a wand of random effects (23) (175 gold)
  a cursed +6 rod of destruction (13/13) (1591 gold)
  a wand of magic darts (32) (142 gold)
  a crystal ball of energy (280 gold)
(0, 0, D:5)
  a +0 hunting sling
(37, 2, D:5)
  a +0 whip
(40, 3, D:5)
  an arrow
(-6, 4, D:5)
  a +0 great sword
(41, 4, D:5)
  2 arrows
(42, 4, D:5)
  an arrow
(44, 4, D:5)
  2 arrows
(46, 4, D:5)
  a +0 shortbow
  27 arrows
(2, 5, D:5)
  a +0 club
(-6, 12, D:5)
  20 arrows
(13, 16, D:5)
  a +0 club
(14, 16, D:5)
  a cursed -2 hand axe
  a +0 leather armour
(13, 17, D:5)
  a +0 flail
  a +0 dagger
  a +0 scale mail
(14, 17, D:5)
  a cursed -2 long sword
  a +0 plate armour
(16, 22, D:5)
  18 arrows
(32, 24, D:5)
  a +0 club
(0, 30, D:5)
  2 scrolls of random uselessness
  a +0 dagger
(40, 30, D:5)
  16 stones
(6, 34, D:5)
  a +0 flail
(51, 44, D:5)
  a +0 short sword
(1, 45, D:5)
  13 bolts of frost
(43, 46, D:5)
  an uncursed amulet of rage
(46, 46, D:5)
  25 stones

Level 6 of the Dungeon
[Shop] Poegor's Gadget Shop
  a wand of fireball (5) (216 gold)
  a wand of frost (32) (204 gold)
  a fan of gales (480 gold)
  a plain deck of changes (168 gold)
  a lantern of shadows (240 gold)
  a stone of tremors (480 gold)
  a disc of storms (240 gold)
  a phantom mirror (360 gold)
  a plain deck of wonders (168 gold)
  a crystal ball of energy (240 gold)
  a +0 rod of ignition (10/10) (900 gold)
  a wand of lightning (7) (132 gold)
  a crystal ball of energy (240 gold)
  a sack of spiders (240 gold)
(0, 1, D:6)
  15 stones
(11, 11, D:6)
  a +0 leather armour
(17, 11, D:6)
  a +0 club
(15, 12, D:6)
  a +0 mace
(17, 12, D:6)
  12 stones
(18, 12, D:6)
  a +2 robe
(-19, 16, D:6)
  a +0 hunting sling
(18, 17, D:6)
  a +0 hand crossbow
(18, 18, D:6)
  a +0 robe
(21, 21, D:6)
  19 stones
(7, 23, D:6)
  a stone
(5, 24, D:6)
  a stone
(3, 25, D:6)
  a +0 hunting sling of velocity
  30 stones
(13, 25, D:6)
  8 tomahawks
(-10, 26, D:6)
  a cursed -1 whip
(-8, 28, D:6)
  a cursed +0 ring mail
(-31, 29, D:6)
  a cursed -2 robe
(3, 29, D:6)
  a +0 mace
(3, 30, D:6)
  a cursed -2 dagger
  a +0 robe
  a +0 club
(-27, 33, D:6)
  20 poisoned sling bullets
(-6, 33, D:6)
  a +0 hand axe
  a +2 chain mail of magic resistance
(5, 35, D:6)
  a +0 shortbow
  5 arrows of flame
(6, 35, D:6)
  an arrow of flame
(-21, 36, D:6)
  25 arrows
(12, 38, D:6)
  a +4 war axe
(23, 40, D:6)
  13 stones
(24, 41, D:6)
  a +0 whip

Level 7 of the Dungeon
[Shop] Xolepoek's Food Shoppe
  a bread ration (60 gold)
  a meat ration (60 gold)
  a meat ration (60 gold)
  a meat ration (60 gold)
  a slice of pizza (18 gold)
  a bread ration (60 gold)
  a meat ration (60 gold)
  a royal jelly (24 gold)
  a bread ration (60 gold)
  5 fruits (90 gold)
  a meat ration (60 gold)
  a royal jelly (24 gold)
(0, 0, D:7)
  a scroll of noise
  3 scrolls of amnesia
(14, 4, D:7)
  a +0 quarterstaff
(-19, 7, D:7)
  a +0 shortbow
  9 arrows of flame
(-19, 9, D:7)
  an arrow of flame
(-19, 10, D:7)
  an arrow of flame
(-19, 12, D:7)
  an arrow of flame
(-19, 13, D:7)
  an arrow of flame
(-2, 13, D:7)
  a +2 scythe of protection
  a +0 robe
(-27, 14, D:7)
  a cursed -3 trident
  a +0 robe
(-19, 14, D:7)
  an arrow of flame
(-11, 15, D:7)
  a +0 hand axe
  a +0 leather armour
(-11, 16, D:7)
  a +0 hand axe
(-10, 16, D:7)
  a +0 dagger
  a +0 robe
(-9, 16, D:7)
  a +0 leather armour
(-10, 17, D:7)
  a +0 dagger
  a +0 robe
(8, 18, D:7)
  a +0 club
(12, 18, D:7)
  22 stones
(-7, 23, D:7)
  a cursed -2 dagger
  a +0 hunting sling
  21 stones
(7, 25, D:7)
  a +0 spear
(-1, 26, D:7)
  a +0 club
(32, 28, D:7)
  an uncursed ring of magical power
  an uncursed ring of wizardry
(-12, 30, D:7)
  a +0 flail
  a +0 scale mail
(26, 30, D:7)
  a cursed -3 giant club
(27, 30, D:7)
  a +0 shortbow
  6 arrows
(29, 30, D:7)
  an arrow
(-13, 31, D:7)
  a +0 dagger
  a +0 leather armour
  a +0 short sword
(30, 31, D:7)
  an arrow
(31, 31, D:7)
  2 arrows
(-17, 35, D:7)
  a +0 trident
(-4, 35, D:7)
  a cursed -1 dagger
(-5, 36, D:7)
  a +0 club
  a +0 dagger
  a +0 dagger
(-4, 36, D:7)
  a cursed -2 hand axe
  a +0 leather armour
(-5, 38, D:7)
  a +0 dagger
  a +0 robe
(30, 40, D:7)
  a +3 scimitar
  a +0 robe
(29, 41, D:7)
  a +0 dire flail
  a +0 robe
  a cursed +3 short sword
  a +0 robe
(31, 41, D:7)
  a cursed +2 halberd of freezing
  a +0 robe
(0, 45, D:7)
  a stone
(1, 46, D:7)
  a +0 whip
  a +0 whip
  a cursed -1 whip
  a +0 blowgun
  a +0 dagger
  a +0 dagger
  a +0 dagger
  a +0 club
  a +0 club
  a cursed -1 dagger
  a +0 whip
  a +0 blowgun
  a +1 whip of electrocution
  a +0 blowgun
  37 poisoned needles
  a +0 club
  13 stones
  a +0 short sword
  a +0 short sword
  a +0 dagger
  a +0 dagger

Level 8 of the Dungeon
[Shop] Cyem's Assorted Antiques
  a +0 ring mail (116 gold)
  a scroll of teleportation (87 gold)
  a wand of lightning (8) (116 gold)
  a scroll of blinking (29 gold)
  a scroll of remove curse (87 gold)
  a scroll of fear (101 gold)
  an uncursed ring of protection from cold (145 gold)
  a scroll of silence (217 gold)
  a scroll of identify (58 gold)
(0, 0, D:8)
  a +0 dagger
  a +0 robe
(1, 0, D:8)
  a +0 mace
(2, 0, D:8)
  a +0 ring mail
(41, 0, D:8)
  a poisoned needle
(42, 0, D:8)
  a poisoned needle
(43, 0, D:8)
  a poisoned needle
(46, 0, D:8)
  a poisoned needle
(48, 0, D:8)
  a +0 blowgun
  3 poisoned needles
(-15, 5, D:8)
  20 stones
(1, 6, D:8)
  a +0 chain mail
(0, 8, D:8)
  a +0 club
(54, 15, D:8)
  a +0 hand axe
  a +0 animal skin
(41, 16, D:8)
  a +0 giant club
(53, 16, D:8)
  25 stones
(5, 28, D:8)
  a +0 morningstar
(31, 34, D:8)
  19 arrows
(57, 38, D:8)
  16 stones
(2, 43, D:8)
  18 arrows
(25, 43, D:8)
  a +0 ring mail
(48, 46, D:8)
  23 stones

Level 9 of the Dungeon
(0, 0, D:9)
  a meat ration

