Sanguine

Level 1 of the Dungeon
(0, 0, D:1)
  18 sling bullets
(22, 1, D:1)
  a +0 short sword
  20 stones
  a +0 hand axe
(11, 5, D:1)
  a +0 dagger
(1, 6, D:1)
  a +0 club
(49, 6, D:1)
  a +0 mace
(-6, 9, D:1)
  a +0 spear
(23, 11, D:1)
  a +0 spear
(23, 15, D:1)
  a +0 club
(-2, 17, D:1)
  a +0 short sword
(14, 18, D:1)
  24 arrows
(30, 28, D:1)
  a +0 spear
(14, 31, D:1)
  a +0 club
  a +0 spear
  a +0 animal skin
  a +0 helmet
(25, 41, D:1)
  a cursed -2 club

Level 2 of the Dungeon
(0, 0, D:2)
  13 gold pieces
(-20, 6, D:2)
  a +0 plate armour
(-10, 10, D:2)
  a goblin corpse
  a goblin corpse
(7, 10, D:2)
  a +0 club
(-6, 23, D:2)
  a +0 mace
(7, 28, D:2)
  a +0 club

