Xombaby

Level 1 of the Dungeon
(0, 0, D:1)
  a +0 leather armour
(1, 0, D:1)
  10 arrows
(-9, 2, D:1)
  a +0 leather armour
(9, 5, D:1)
  a scroll of teleportation
(21, 6, D:1)
  24 stones
(-9, 7, D:1)
  7 javelins
(21, 7, D:1)
  16 stones
(2, 14, D:1)
  a +0 dagger
(23, 29, D:1)
  a +0 spear
(-19, 33, D:1)
  a +0 short sword
(-13, 33, D:1)
  a +0 short sword
(-26, 34, D:1)
  a +0 short sword
(-16, 35, D:1)
  a +0 ring mail
(-39, 37, D:1)
  2 stones
(-38, 37, D:1)
  a +0 club
(-38, 39, D:1)
  a +0 club
  a +0 leather armour

Level 2 of the Dungeon
(0, 0, D:2)
  a +0 robe
(7, 5, D:2)
  an adder corpse
(-21, 21, D:2)
  17 gold pieces

