Sanguine

Level 1 of the Dungeon
(0, 0, D:1)
  a +0 club
(-9, 1, D:1)
  a +0 dagger
(-4, 3, D:1)
  a +0 leather armour
(21, 3, D:1)
  a +0 hunting sling
(-3, 8, D:1)
  a +0 club
(21, 10, D:1)
  19 stones
(25, 17, D:1)
  a +0 leather armour
(12, 29, D:1)
  a +0 short sword
(19, 33, D:1)
  a +0 robe
(25, 33, D:1)
  a +0 robe
(18, 34, D:1)
  17 stones
(22, 36, D:1)
  a +0 dagger

Level 2 of the Dungeon
(0, 0, D:2)
  a +0 rapier
(-11, 2, D:2)
  a +0 quarterstaff
(-6, 3, D:2)
  a +4 whip
  a +0 ring mail
(-4, 3, D:2)
  a stone
(6, 4, D:2)
  12 bolts
(-29, 7, D:2)
  a +0 hunting sling of flaming
(-23, 14, D:2)
  a +0 short sword
(3, 26, D:2)
  a +0 leather armour
(13, 26, D:2)
  3 silver sling bullets
(-23, 33, D:2)
  a +0 club
(-15, 40, D:2)
  a +0 flail (still there?)
  a +0 whip (still there?)

