Sanguine

Level 1 of the Dungeon
(0, 0, D:1)
  a +0 ring mail
(0, 4, D:1)
  a +0 club
(-56, 5, D:1)
  a +2 dagger of venom
(-17, 5, D:1)
  a +0 dagger
(-19, 9, D:1)
  a +0 leather armour
(-26, 10, D:1)
  a +0 club
(-16, 23, D:1)
  a +0 dagger
(-32, 29, D:1)
  15 stones
(-9, 30, D:1)
  a +0 short sword
(-28, 33, D:1)
  a +0 mace
(-17, 36, D:1)
  a +0 club
(-60, 38, D:1)
  a +0 robe

Level 2 of the Dungeon
(0, 0, D:2)
  3 stones
(30, 1, D:2)
  a +0 club
(-1, 2, D:2)
  a stone
(0, 3, D:2)
  a stone
(34, 4, D:2)
  a +2 scimitar of holy wrath
(5, 6, D:2)
  a +0 hunting sling
  14 stones
(11, 7, D:2)
  a +0 club
(7, 13, D:2)
  a +0 club
(43, 16, D:2)
  22 bolts
(-10, 23, D:2)
  a +0 trident

Level 3 of the Dungeon
(0, 0, D:3)
  13 sling bullets
(-9, 1, D:3)
  a +0 chain mail
(-18, 6, D:3)
  14 stones
(-24, 11, D:3)
  a +0 hat
(16, 14, D:3)
  a +0 ring mail
(13, 17, D:3)
  a +0 club
(25, 18, D:3)
  11 stones
(-28, 23, D:3)
  a +0 mace
(-25, 23, D:3)
  15 arrows of flame
(-35, 25, D:3)
  a +0 short sword
  a +0 leather armour
  a +0 dagger
  a +0 leather armour
(-35, 26, D:3)
  a +0 flail
  a +0 leather armour
  a +0 dagger
  a +1 robe of positive energy
(6, 26, D:3)
  a +0 club
(-24, 27, D:3)
  17 sling bullets
(5, 28, D:3)
  a +0 robe
(-9, 31, D:3)
  a +0 dagger
(6, 36, D:3)
  a +0 blowgun
  19 poisoned needles
(15, 37, D:3)
  16 stones
(24, 37, D:3)
  a +0 leather armour
(-10, 38, D:3)
  a +0 club
(-2, 38, D:3)
  a +0 quarterstaff
(6, 49, D:3)
  13 arrows

Level 4 of the Dungeon
[Shop] Cuc Tumo's Distillery
  (Shop contents are unknown)
(1, 4, D:4)
  a +0 club
(6, 9, D:4)
  19 stones

