Sanguine

Level 1 of the Dungeon
(0, 0, D:1)
  a club
(-1, 9, D:1)
  a club
(3, 11, D:1)
  a robe
(29, 13, D:1)
  a club
(4, 14, D:1)
  a ring mail
(10, 15, D:1)
  10 arrows
(14, 15, D:1)
  3 needles of sleeping
(2, 16, D:1)
  a +3 leather armour
(4, 19, D:1)
  a dagger
(47, 20, D:1)
  a dagger of venom
(20, 24, D:1)
  a dagger
(45, 28, D:1)
  a club
(31, 39, D:1)
  29 stones
(19, 42, D:1)
  14 stones
(24, 42, D:1)
  an uncursed ring of magical power
(42, 48, D:1)
  a leather armour
(27, 56, D:1)
  a leather armour

Level 2 of the Dungeon
(0, 0, D:2)
  an uncursed club
  an uncursed hunting sling
  20 stones
  a goblin skeleton
(4, 0, D:2)
  a stone
(5, 0, D:2)
  a stone
(6, 0, D:2)
  a stone
(12, 0, D:2)
  a dagger
(-11, 1, D:2)
  11 sling bullets
(5, 15, D:2)
  a hand axe
(-6, 22, D:2)
  a stone
(-3, 27, D:2)
  a dagger
(-2, 28, D:2)
  a stone
(-1, 28, D:2)
  a stone

