Xor

Level 1 of the Dungeon
(0, 0, D:1)
  22 stones
(-12, 3, D:1)
  a dagger
(-3, 5, D:1)
  a club
(-7, 6, D:1)
  24 stones
(-25, 8, D:1)
  a dagger
(-13, 13, D:1)
  7 bolts
(-17, 16, D:1)
  a rat corpse (skeletalised by now)
(-32, 19, D:1)
  a bat corpse (skeletalised by now)
(-8, 21, D:1)
  24 arrows
(-5, 21, D:1)
  a spear
(2, 21, D:1)
  a hobgoblin corpse (skeletalised by now)
(-41, 23, D:1)
  a hobgoblin corpse (skeletalised by now)
(-16, 23, D:1)
  5 javelins
(-12, 24, D:1)
  20 stones
(-13, 26, D:1)
  a club
  a hobgoblin corpse (skeletalised by now)
(-36, 27, D:1)
  a club
  a goblin corpse (skeletalised by now)
(7, 27, D:1)
  20 bolts
(-41, 31, D:1)
  a dagger
(-2, 34, D:1)
  a dagger
  a goblin corpse (skeletalised by now)
(-1, 34, D:1)
  a short sword
(5, 36, D:1)
  2 stones
(6, 36, D:1)
  a stone
(6, 37, D:1)
  a club
  a hobgoblin corpse (skeletalised by now)
(7, 37, D:1)
  a short sword
  a kobold corpse (skeletalised by now)

Level 2 of the Dungeon
(0, 0, D:2)
  a dagger
(13, 0, D:2)
  20 stones
(-7, 1, D:2)
  a hobgoblin corpse
(16, 7, D:2)
  a club
(7, 17, D:2)
  a club
(-1, 27, D:2)
  a club
  a hobgoblin corpse
(12, 34, D:2)
  an emulsified orange potion
(10, 36, D:2)
  an adder corpse
(9, 39, D:2)
  14 stones

